main start at this time 1656052926.8678336
-----------------------------------------before load data 
 Nvidia-smi: 0.1717529296875 GB
    Memory Allocated: 0.0  GigaBytes
Max Memory Allocated: 0.0  GigaBytes

#nodes: 2449029
#edges: 123718024
#classes: 47
success----------------------------------------
196571
39255
2164782
# Nodes: 2400608
# Edges: 123718024
# Train: 196571
# Val: 39255
# Test: 2164782
# Classes: 47

----------------------------------------start of run function 
 Nvidia-smi: 0.1717529296875 GB
    Memory Allocated: 0.0  GigaBytes
Max Memory Allocated: 0.0  GigaBytes

in feats:  100
----------------------------------------before model to device 
 Nvidia-smi: 0.1717529296875 GB
    Memory Allocated: 0.0  GigaBytes
Max Memory Allocated: 0.0  GigaBytes

----------------------------------------after model to device
 Nvidia-smi: 1.0174560546875 GB
    Memory Allocated: 0.0012569427490234375  GigaBytes
Max Memory Allocated: 0.0012569427490234375  GigaBytes

----------------------------------------before generate dataloader block 
 Nvidia-smi: 1.0174560546875 GB
    Memory Allocated: 0.0012569427490234375  GigaBytes
Max Memory Allocated: 0.0012569427490234375  GigaBytes

The real block id is  3
get_global_graph_edges_ids_block function  spend 0.3574066162109375
global_2_local spend time (sec) 0.4265024662017822
----------------------------  graph partition start---------------------
g = dgl.graph((u,v))  spent  0.07575178146362305
the counter of in-degree current block !!!!!!!!!!!!!!_______________!!!!!!!!!!
Counter({0: 1181171, 40: 172537, 39: 816, 33: 793, 37: 791, 38: 775, 28: 768, 35: 754, 36: 741, 32: 727, 14: 695, 31: 691, 30: 689, 34: 677, 15: 673, 25: 671, 26: 659, 7: 655, 23: 648, 27: 646, 24: 645, 29: 643, 10: 640, 11: 624, 13: 615, 16: 614, 18: 604, 22: 592, 21: 586, 19: 584, 12: 583, 9: 576, 20: 572, 17: 556, 6: 550, 8: 512, 4: 456, 5: 445, 3: 374, 2: 221, 1: 173})

A = g.adjacency_matrix() spent  0.12389588356018066
auxiliary_graph
Graph(num_nodes=1377742, num_edges=101873543,
      ndata_schemes={}
      edata_schemes={'w': Scheme(shape=(), dtype=torch.float32)})
get remove nodes spent  0.7270488739013672
remove nodes length  1181171

auxiliary_graph.remove_nodes spent  5.4415130615234375
after remove non output nodes the auxiliary_graph
Graph(num_nodes=196571, num_edges=101873543,
      ndata_schemes={}
      edata_schemes={'w': Scheme(shape=(), dtype=torch.float32)})
auxiliary_graph_no_diag generation spent  4.259466648101807

the counter of shared neighbor distribution
Counter({1.0: 76625834, 2.0: 14048222, 3.0: 5011620, 4.0: 2308328, 5.0: 1244288, 6.0: 737614, 7.0: 469104, 8.0: 320932, 9.0: 223716, 10.0: 162494, 11.0: 118854, 12.0: 89870, 13.0: 69466, 14.0: 53028, 15.0: 41764, 16.0: 31248, 17.0: 22002, 18.0: 19492, 19.0: 13018, 20.0: 10882, 21.0: 7144, 22.0: 5740, 23.0: 4796, 24.0: 3814, 25.0: 3584, 33.0: 3046, 28.0: 2926, 26.0: 2688, 30.0: 2312, 27.0: 2286, 31.0: 2154, 39.0: 2098, 32.0: 2040, 35.0: 1750, 29.0: 1680, 37.0: 1650, 36.0: 1526, 38.0: 1460, 34.0: 1422, 40.0: 1080})
101676972
Convert a graph into a bidirected graph: 6.358 seconds
Metis partitioning: 22.409 seconds
Split the graph: 3.768 seconds
Construct subgraphs: 0.059 seconds
auxiliary_graph_no_diag dgl.metis_partition spent  32.635716915130615
23857
25250
25277
25308
24500
23872
24653
23854
total k batches seeds list generation spend  63.80235815048218
after graph partition
graph partition algorithm spend time 64.76145815849304
23857
25250
25277
25308
24500
23872
24653
23854
partition_len_list
[233450, 229572, 189013, 246402, 267789, 253484, 254224, 250885]
REG selection method  spend 65.45414304733276
time for parepare:  0.2800602912902832
local_output_nid generation:  0.005773067474365234
local_in_edges_tensor generation:  0.01922440528869629
mini_batch_src_global generation:  0.03008270263671875
r_  generation:  0.31749773025512695
local_output_nid generation:  0.006884574890136719
local_in_edges_tensor generation:  0.02171158790588379
mini_batch_src_global generation:  0.049120426177978516
r_  generation:  0.35648274421691895
local_output_nid generation:  0.006814002990722656
local_in_edges_tensor generation:  0.02249002456665039
mini_batch_src_global generation:  0.03517603874206543
r_  generation:  0.3559145927429199
local_output_nid generation:  0.006838321685791016
local_in_edges_tensor generation:  0.016604900360107422
mini_batch_src_global generation:  0.040663957595825195
r_  generation:  0.4160122871398926
local_output_nid generation:  0.007954835891723633
local_in_edges_tensor generation:  0.011841535568237305
mini_batch_src_global generation:  0.03699898719787598
r_  generation:  0.3838827610015869
local_output_nid generation:  0.007850170135498047
local_in_edges_tensor generation:  0.008827447891235352
mini_batch_src_global generation:  0.03443479537963867
r_  generation:  0.3520493507385254
local_output_nid generation:  0.006807565689086914
local_in_edges_tensor generation:  0.00945138931274414
mini_batch_src_global generation:  0.03914642333984375
r_  generation:  0.42301034927368164
local_output_nid generation:  0.006754159927368164
local_in_edges_tensor generation:  0.014542341232299805
mini_batch_src_global generation:  0.04180622100830078
r_  generation:  0.40743541717529297
----------------------check_connections_block total spend ----------------------------- 4.365004301071167
generate_one_block  1.8467087745666504
generate_one_block  0.4529764652252197
generate_one_block  0.44030213356018066
generate_one_block  0.49279141426086426
generate_one_block  0.47260093688964844
generate_one_block  0.41272950172424316
generate_one_block  0.5005991458892822
generate_one_block  0.47509121894836426
The real block id is  2
get_global_graph_edges_ids_block function  spend 1.8593804836273193
gen group dst list time:  0.06755518913269043
time for parepare:  0.44640374183654785
local_output_nid generation:  0.061910390853881836
local_in_edges_tensor generation:  0.2372140884399414
mini_batch_src_global generation:  0.1907956600189209
r_  generation:  2.4738731384277344
local_output_nid generation:  0.08547735214233398
local_in_edges_tensor generation:  0.17954230308532715
mini_batch_src_global generation:  0.22372674942016602
r_  generation:  2.4048409461975098
local_output_nid generation:  0.07381010055541992
local_in_edges_tensor generation:  0.19232964515686035
mini_batch_src_global generation:  0.1947765350341797
r_  generation:  1.8508896827697754
local_output_nid generation:  0.07533097267150879
local_in_edges_tensor generation:  0.19389843940734863
mini_batch_src_global generation:  0.2698941230773926
r_  generation:  2.8049097061157227
local_output_nid generation:  0.07562470436096191
local_in_edges_tensor generation:  0.28499317169189453
mini_batch_src_global generation:  0.3209679126739502
r_  generation:  2.875211715698242
local_output_nid generation:  0.07903933525085449
local_in_edges_tensor generation:  0.20434856414794922
mini_batch_src_global generation:  0.283754825592041
r_  generation:  2.922591209411621
local_output_nid generation:  0.06803321838378906
local_in_edges_tensor generation:  0.21863698959350586
mini_batch_src_global generation:  0.29206347465515137
r_  generation:  2.9785654544830322
local_output_nid generation:  0.06720614433288574
local_in_edges_tensor generation:  0.21196722984313965
mini_batch_src_global generation:  0.2912313938140869
r_  generation:  2.916193962097168
----------------------check_connections_block total spend ----------------------------- 29.868308782577515
generate_one_block  3.5151565074920654
generate_one_block  2.813768148422241
generate_one_block  2.3716328144073486
generate_one_block  3.6079254150390625
generate_one_block  3.878908395767212
generate_one_block  3.903085231781006
generate_one_block  3.6050047874450684
generate_one_block  3.512488603591919
The real block id is  1
get_global_graph_edges_ids_block function  spend 2.132742404937744
gen group dst list time:  0.22086215019226074
time for parepare:  0.4761500358581543
local_output_nid generation:  0.3764331340789795
local_in_edges_tensor generation:  0.7230186462402344
mini_batch_src_global generation:  0.5482199192047119
r_  generation:  7.871358633041382
local_output_nid generation:  0.3603549003601074
local_in_edges_tensor generation:  0.5955290794372559
mini_batch_src_global generation:  0.5932462215423584
r_  generation:  6.2390828132629395
local_output_nid generation:  0.32753515243530273
local_in_edges_tensor generation:  0.5541770458221436
mini_batch_src_global generation:  0.47081923484802246
r_  generation:  5.06896448135376
local_output_nid generation:  0.29662513732910156
local_in_edges_tensor generation:  0.49788498878479004
mini_batch_src_global generation:  0.6332437992095947
r_  generation:  7.6733009815216064
local_output_nid generation:  0.2933051586151123
local_in_edges_tensor generation:  0.7077548503875732
mini_batch_src_global generation:  0.8104531764984131
r_  generation:  9.286512613296509
local_output_nid generation:  0.36980414390563965
local_in_edges_tensor generation:  0.6387417316436768
mini_batch_src_global generation:  0.8669729232788086
r_  generation:  9.987074136734009
local_output_nid generation:  0.2588083744049072
local_in_edges_tensor generation:  0.6189010143280029
mini_batch_src_global generation:  0.788705587387085
r_  generation:  8.400949716567993
local_output_nid generation:  0.3067646026611328
local_in_edges_tensor generation:  0.5290822982788086
mini_batch_src_global generation:  0.7378411293029785
r_  generation:  8.161212682723999
----------------------check_connections_block total spend ----------------------------- 87.12897682189941
generate_one_block  10.162017822265625
generate_one_block  8.287562131881714
generate_one_block  6.816080093383789
generate_one_block  9.314839363098145
generate_one_block  11.958302974700928
generate_one_block  12.09797739982605
generate_one_block  10.25606656074524
generate_one_block  9.978519201278687
The real block id is  0
get_global_graph_edges_ids_block function  spend 1.1521589756011963
gen group dst list time:  0.5160853862762451
time for parepare:  0.502798318862915
local_output_nid generation:  0.597304105758667
local_in_edges_tensor generation:  0.9987804889678955
mini_batch_src_global generation:  0.4912276268005371
r_  generation:  7.962833881378174
local_output_nid generation:  0.5608844757080078
local_in_edges_tensor generation:  0.829493522644043
mini_batch_src_global generation:  0.6007046699523926
r_  generation:  7.909514904022217
local_output_nid generation:  0.5132005214691162
local_in_edges_tensor generation:  0.7979395389556885
mini_batch_src_global generation:  0.5761370658874512
r_  generation:  7.311947822570801
local_output_nid generation:  0.6415684223175049
local_in_edges_tensor generation:  0.8603153228759766
mini_batch_src_global generation:  0.6474144458770752
r_  generation:  8.319916486740112
local_output_nid generation:  0.5708563327789307
local_in_edges_tensor generation:  0.8853440284729004
mini_batch_src_global generation:  0.7194457054138184
r_  generation:  8.823996305465698
local_output_nid generation:  0.6274950504302979
local_in_edges_tensor generation:  0.8471791744232178
mini_batch_src_global generation:  0.7181229591369629
r_  generation:  8.82443380355835
local_output_nid generation:  0.5582177639007568
local_in_edges_tensor generation:  0.8129062652587891
mini_batch_src_global generation:  0.6302876472473145
r_  generation:  7.917525053024292
local_output_nid generation:  0.5643727779388428
local_in_edges_tensor generation:  0.8050768375396729
mini_batch_src_global generation:  0.6598498821258545
r_  generation:  8.314845085144043
----------------------check_connections_block total spend ----------------------------- 95.93805623054504
generate_one_block  10.349389791488647
generate_one_block  9.739348411560059
generate_one_block  8.708200693130493
generate_one_block  9.865222454071045
generate_one_block  10.758680582046509
generate_one_block  10.63260269165039
generate_one_block  9.272369623184204
generate_one_block  10.20482850074768
----------===============-------------===============-------------the number of batches *****---- 8

original number of batches:  8
re graph partition time:  0

-----------------------------------------after block dataloader generation 
 Nvidia-smi: 1.0174560546875 GB
    Memory Allocated: 0.0012569427490234375  GigaBytes
Max Memory Allocated: 0.0012569427490234375  GigaBytes

connection checking time:  217.30034613609314
block generation total time  190.70377779006958
average batch blocks generation time:  5.959493055939674
block dataloader generation time/epoch 490.9608027935028
pseudo mini batch 0 input nodes size: 2031315
----------------------------------------before load block subtensor 
 Nvidia-smi: 1.0174560546875 GB
    Memory Allocated: 0.0012569427490234375  GigaBytes
Max Memory Allocated: 0.0012569427490234375  GigaBytes

----------------------------------------before batch input features to device
 Nvidia-smi: 1.0174560546875 GB
    Memory Allocated: 0.0012569427490234375  GigaBytes
Max Memory Allocated: 0.0012569427490234375  GigaBytes

----------------------------------------after batch input features to device
 Nvidia-smi: 1.7752685546875 GB
    Memory Allocated: 0.7579808235168457  GigaBytes
Max Memory Allocated: 0.7579808235168457  GigaBytes

----------------------------------------after  batch labels to device
 Nvidia-smi: 1.7752685546875 GB
    Memory Allocated: 0.7581586837768555  GigaBytes
Max Memory Allocated: 0.7581586837768555  GigaBytes

----------------------------------------after load block subtensor  
 Nvidia-smi: 1.7752685546875 GB
    Memory Allocated: 0.7581586837768555  GigaBytes
Max Memory Allocated: 0.7581586837768555  GigaBytes

----------------------------------------after blocks to device 
 Nvidia-smi: 2.1561279296875 GB
    Memory Allocated: 1.0593042373657227  GigaBytes
Max Memory Allocated: 1.0593042373657227  GigaBytes

----------------------------------------before batch_pred = model(blocks, batch_inputs) 
 Nvidia-smi: 2.1561279296875 GB
    Memory Allocated: 1.0593042373657227  GigaBytes
Max Memory Allocated: 1.0593042373657227  GigaBytes

first layer input nodes number: 2031315
first layer output nodes number: 1702572
edges number: 15659114
torch.Size([2031315, 100])
torch.Size([1702572, 256])
input nodes number: 1702572
output nodes number: 844641
edges number: 17565100
torch.Size([1702572, 256])
torch.Size([844641, 256])
input nodes number: 844641
output nodes number: 233450
edges number: 5963147
torch.Size([844641, 256])
torch.Size([233450, 256])
torch.Size([23857, 47])
-----------------------------------------batch_pred = model(blocks, batch_inputs) 
 Nvidia-smi: 11.9119873046875 GB
    Memory Allocated: 9.08982801437378  GigaBytes
Max Memory Allocated: 9.273852348327637  GigaBytes

-----------------------------------------after loss calculation
 Nvidia-smi: 11.9119873046875 GB
    Memory Allocated: 9.094006061553955  GigaBytes
Max Memory Allocated: 9.273852348327637  GigaBytes

-----------------------------------------after loss backward
 Nvidia-smi: 18.0389404296875 GB
    Memory Allocated: 1.6236562728881836  GigaBytes
Max Memory Allocated: 10.005939483642578  GigaBytes

pseudo mini batch 1 input nodes size: 1995964
----------------------------------------before load block subtensor 
 Nvidia-smi: 18.0389404296875 GB
    Memory Allocated: 0.7635936737060547  GigaBytes
Max Memory Allocated: 10.005939483642578  GigaBytes

----------------------------------------before batch input features to device
 Nvidia-smi: 18.0389404296875 GB
    Memory Allocated: 0.7635936737060547  GigaBytes
Max Memory Allocated: 10.005939483642578  GigaBytes

----------------------------------------after batch input features to device
 Nvidia-smi: 18.0389404296875 GB
    Memory Allocated: 1.507148265838623  GigaBytes
Max Memory Allocated: 10.005939483642578  GigaBytes

----------------------------------------after  batch labels to device
 Nvidia-smi: 18.0389404296875 GB
    Memory Allocated: 1.5073366165161133  GigaBytes
Max Memory Allocated: 10.005939483642578  GigaBytes

----------------------------------------after load block subtensor  
 Nvidia-smi: 18.0389404296875 GB
    Memory Allocated: 0.7504348754882812  GigaBytes
Max Memory Allocated: 10.005939483642578  GigaBytes

----------------------------------------after blocks to device 
 Nvidia-smi: 18.0389404296875 GB
    Memory Allocated: 1.011129379272461  GigaBytes
Max Memory Allocated: 10.005939483642578  GigaBytes

----------------------------------------before batch_pred = model(blocks, batch_inputs) 
 Nvidia-smi: 18.0389404296875 GB
    Memory Allocated: 1.011129379272461  GigaBytes
Max Memory Allocated: 10.005939483642578  GigaBytes

first layer input nodes number: 1995964
first layer output nodes number: 1584649
edges number: 14532843
torch.Size([1995964, 100])
torch.Size([1584649, 256])
input nodes number: 1584649
output nodes number: 707082
edges number: 13790240
torch.Size([1584649, 256])
torch.Size([707082, 256])
input nodes number: 707082
output nodes number: 229572
edges number: 5470780
torch.Size([707082, 256])
torch.Size([229572, 256])
torch.Size([25250, 47])
-----------------------------------------batch_pred = model(blocks, batch_inputs) 
 Nvidia-smi: 18.0408935546875 GB
    Memory Allocated: 8.259738445281982  GigaBytes
Max Memory Allocated: 10.005939483642578  GigaBytes

-----------------------------------------after loss calculation
 Nvidia-smi: 18.0408935546875 GB
    Memory Allocated: 8.264325141906738  GigaBytes
Max Memory Allocated: 10.005939483642578  GigaBytes

-----------------------------------------after loss backward
 Nvidia-smi: 18.0408935546875 GB
    Memory Allocated: 1.4943866729736328  GigaBytes
Max Memory Allocated: 10.005939483642578  GigaBytes

pseudo mini batch 2 input nodes size: 1928665
----------------------------------------before load block subtensor 
 Nvidia-smi: 18.0408935546875 GB
    Memory Allocated: 0.7506790161132812  GigaBytes
Max Memory Allocated: 10.005939483642578  GigaBytes

----------------------------------------before batch input features to device
 Nvidia-smi: 18.0408935546875 GB
    Memory Allocated: 0.7506790161132812  GigaBytes
Max Memory Allocated: 10.005939483642578  GigaBytes

----------------------------------------after batch input features to device
 Nvidia-smi: 18.0408935546875 GB
    Memory Allocated: 1.469162940979004  GigaBytes
Max Memory Allocated: 10.005939483642578  GigaBytes

----------------------------------------after  batch labels to device
 Nvidia-smi: 18.0408935546875 GB
    Memory Allocated: 1.4693512916564941  GigaBytes
Max Memory Allocated: 10.005939483642578  GigaBytes

----------------------------------------after load block subtensor  
 Nvidia-smi: 18.0408935546875 GB
    Memory Allocated: 0.7256083488464355  GigaBytes
Max Memory Allocated: 10.005939483642578  GigaBytes

----------------------------------------after blocks to device 
 Nvidia-smi: 18.0408935546875 GB
    Memory Allocated: 0.952847957611084  GigaBytes
Max Memory Allocated: 10.005939483642578  GigaBytes

----------------------------------------before batch_pred = model(blocks, batch_inputs) 
 Nvidia-smi: 18.0408935546875 GB
    Memory Allocated: 0.952847957611084  GigaBytes
Max Memory Allocated: 10.005939483642578  GigaBytes

first layer input nodes number: 1928665
first layer output nodes number: 1427393
edges number: 13237481
torch.Size([1928665, 100])
torch.Size([1427393, 256])
input nodes number: 1427393
output nodes number: 570274
edges number: 11594857
torch.Size([1427393, 256])
torch.Size([570274, 256])
input nodes number: 570274
output nodes number: 189013
edges number: 4730081
torch.Size([570274, 256])
torch.Size([189013, 256])
torch.Size([25277, 47])
-----------------------------------------batch_pred = model(blocks, batch_inputs) 
 Nvidia-smi: 18.0408935546875 GB
    Memory Allocated: 7.2156147956848145  GigaBytes
Max Memory Allocated: 10.005939483642578  GigaBytes

-----------------------------------------after loss calculation
 Nvidia-smi: 18.0408935546875 GB
    Memory Allocated: 7.220041275024414  GigaBytes
Max Memory Allocated: 10.005939483642578  GigaBytes

-----------------------------------------after loss backward
 Nvidia-smi: 18.0408935546875 GB
    Memory Allocated: 1.3731980323791504  GigaBytes
Max Memory Allocated: 10.005939483642578  GigaBytes

pseudo mini batch 3 input nodes size: 2027113
----------------------------------------before load block subtensor 
 Nvidia-smi: 18.0408935546875 GB
    Memory Allocated: 0.7256131172180176  GigaBytes
Max Memory Allocated: 10.005939483642578  GigaBytes

----------------------------------------before batch input features to device
 Nvidia-smi: 18.0408935546875 GB
    Memory Allocated: 0.7256131172180176  GigaBytes
Max Memory Allocated: 10.005939483642578  GigaBytes

----------------------------------------after batch input features to device
 Nvidia-smi: 18.0408935546875 GB
    Memory Allocated: 1.4807720184326172  GigaBytes
Max Memory Allocated: 10.005939483642578  GigaBytes

----------------------------------------after  batch labels to device
 Nvidia-smi: 18.0408935546875 GB
    Memory Allocated: 1.4809608459472656  GigaBytes
Max Memory Allocated: 10.005939483642578  GigaBytes

----------------------------------------after load block subtensor  
 Nvidia-smi: 18.0408935546875 GB
    Memory Allocated: 0.7622885704040527  GigaBytes
Max Memory Allocated: 10.005939483642578  GigaBytes

----------------------------------------after blocks to device 
 Nvidia-smi: 18.0408935546875 GB
    Memory Allocated: 1.0630135536193848  GigaBytes
Max Memory Allocated: 10.005939483642578  GigaBytes

----------------------------------------before batch_pred = model(blocks, batch_inputs) 
 Nvidia-smi: 18.0408935546875 GB
    Memory Allocated: 1.0630135536193848  GigaBytes
Max Memory Allocated: 10.005939483642578  GigaBytes

first layer input nodes number: 2027113
first layer output nodes number: 1661016
edges number: 15632329
torch.Size([2027113, 100])
torch.Size([1661016, 256])
input nodes number: 1661016
output nodes number: 762290
edges number: 16877547
torch.Size([1661016, 256])
torch.Size([762290, 256])
input nodes number: 762290
output nodes number: 246402
edges number: 6764936
torch.Size([762290, 256])
torch.Size([246402, 256])
torch.Size([25308, 47])
-----------------------------------------batch_pred = model(blocks, batch_inputs) 
 Nvidia-smi: 18.0428466796875 GB
    Memory Allocated: 8.77026653289795  GigaBytes
Max Memory Allocated: 10.005939483642578  GigaBytes

-----------------------------------------after loss calculation
 Nvidia-smi: 18.0428466796875 GB
    Memory Allocated: 8.775140762329102  GigaBytes
Max Memory Allocated: 10.005939483642578  GigaBytes

-----------------------------------------after loss backward
 Nvidia-smi: 18.0428466796875 GB
    Memory Allocated: 1.6235003471374512  GigaBytes
Max Memory Allocated: 10.005939483642578  GigaBytes

pseudo mini batch 4 input nodes size: 2092396
----------------------------------------before load block subtensor 
 Nvidia-smi: 18.0428466796875 GB
    Memory Allocated: 0.762293815612793  GigaBytes
Max Memory Allocated: 10.005939483642578  GigaBytes

----------------------------------------before batch input features to device
 Nvidia-smi: 18.0428466796875 GB
    Memory Allocated: 0.762293815612793  GigaBytes
Max Memory Allocated: 10.005939483642578  GigaBytes

----------------------------------------after batch input features to device
 Nvidia-smi: 18.0428466796875 GB
    Memory Allocated: 1.5417723655700684  GigaBytes
Max Memory Allocated: 10.005939483642578  GigaBytes

----------------------------------------after  batch labels to device
 Nvidia-smi: 18.0428466796875 GB
    Memory Allocated: 1.5419549942016602  GigaBytes
Max Memory Allocated: 10.005939483642578  GigaBytes

----------------------------------------after load block subtensor  
 Nvidia-smi: 18.0428466796875 GB
    Memory Allocated: 0.7866072654724121  GigaBytes
Max Memory Allocated: 10.005939483642578  GigaBytes

----------------------------------------after blocks to device 
 Nvidia-smi: 18.0428466796875 GB
    Memory Allocated: 1.1273560523986816  GigaBytes
Max Memory Allocated: 10.005939483642578  GigaBytes

----------------------------------------before batch_pred = model(blocks, batch_inputs) 
 Nvidia-smi: 18.0428466796875 GB
    Memory Allocated: 1.1273560523986816  GigaBytes
Max Memory Allocated: 10.005939483642578  GigaBytes

first layer input nodes number: 2092396
first layer output nodes number: 1797473
edges number: 16758874
torch.Size([2092396, 100])
torch.Size([1797473, 256])
input nodes number: 1797473
output nodes number: 971756
edges number: 20959820
torch.Size([1797473, 256])
torch.Size([971756, 256])
input nodes number: 971756
output nodes number: 267789
edges number: 6948790
torch.Size([971756, 256])
torch.Size([267789, 256])
torch.Size([24500, 47])
-----------------------------------------batch_pred = model(blocks, batch_inputs) 
 Nvidia-smi: 23.3084716796875 GB
    Memory Allocated: 9.939557552337646  GigaBytes
Max Memory Allocated: 10.160435676574707  GigaBytes

-----------------------------------------after loss calculation
 Nvidia-smi: 23.3084716796875 GB
    Memory Allocated: 9.944197177886963  GigaBytes
Max Memory Allocated: 10.160435676574707  GigaBytes

-----------------------------------------after loss backward
 Nvidia-smi: 16.5467529296875 GB
    Memory Allocated: 1.76475191116333  GigaBytes
Max Memory Allocated: 10.998616695404053  GigaBytes

pseudo mini batch 5 input nodes size: 2074988
----------------------------------------before load block subtensor 
 Nvidia-smi: 16.5467529296875 GB
    Memory Allocated: 0.786466121673584  GigaBytes
Max Memory Allocated: 10.998616695404053  GigaBytes

----------------------------------------before batch input features to device
 Nvidia-smi: 16.5467529296875 GB
    Memory Allocated: 0.786466121673584  GigaBytes
Max Memory Allocated: 10.998616695404053  GigaBytes

----------------------------------------after batch input features to device
 Nvidia-smi: 16.5467529296875 GB
    Memory Allocated: 1.5594596862792969  GigaBytes
Max Memory Allocated: 10.998616695404053  GigaBytes

----------------------------------------after  batch labels to device
 Nvidia-smi: 16.5467529296875 GB
    Memory Allocated: 1.5596375465393066  GigaBytes
Max Memory Allocated: 10.998616695404053  GigaBytes

----------------------------------------after load block subtensor  
 Nvidia-smi: 16.5467529296875 GB
    Memory Allocated: 0.7799763679504395  GigaBytes
Max Memory Allocated: 10.998616695404053  GigaBytes

----------------------------------------after blocks to device 
 Nvidia-smi: 16.5467529296875 GB
    Memory Allocated: 1.127525806427002  GigaBytes
Max Memory Allocated: 10.998616695404053  GigaBytes

----------------------------------------before batch_pred = model(blocks, batch_inputs) 
 Nvidia-smi: 16.5467529296875 GB
    Memory Allocated: 1.127525806427002  GigaBytes
Max Memory Allocated: 10.998616695404053  GigaBytes

first layer input nodes number: 2074988
first layer output nodes number: 1796019
edges number: 16696480
torch.Size([2074988, 100])
torch.Size([1796019, 256])
input nodes number: 1796019
output nodes number: 1000576
edges number: 22204203
torch.Size([1796019, 256])
torch.Size([1000576, 256])
input nodes number: 1000576
output nodes number: 253484
edges number: 6913356
torch.Size([1000576, 256])
torch.Size([253484, 256])
torch.Size([23872, 47])
-----------------------------------------batch_pred = model(blocks, batch_inputs) 
 Nvidia-smi: 17.5330810546875 GB
    Memory Allocated: 9.990422248840332  GigaBytes
Max Memory Allocated: 10.998616695404053  GigaBytes

-----------------------------------------after loss calculation
 Nvidia-smi: 17.5330810546875 GB
    Memory Allocated: 9.994602680206299  GigaBytes
Max Memory Allocated: 10.998616695404053  GigaBytes

-----------------------------------------after loss backward
 Nvidia-smi: 18.4881591796875 GB
    Memory Allocated: 1.7830557823181152  GigaBytes
Max Memory Allocated: 11.148949146270752  GigaBytes

pseudo mini batch 6 input nodes size: 1953930
----------------------------------------before load block subtensor 
 Nvidia-smi: 18.4881591796875 GB
    Memory Allocated: 0.7798662185668945  GigaBytes
Max Memory Allocated: 11.148949146270752  GigaBytes

----------------------------------------before batch input features to device
 Nvidia-smi: 18.4881591796875 GB
    Memory Allocated: 0.7798662185668945  GigaBytes
Max Memory Allocated: 11.148949146270752  GigaBytes

----------------------------------------after batch input features to device
 Nvidia-smi: 18.4881591796875 GB
    Memory Allocated: 1.5077619552612305  GigaBytes
Max Memory Allocated: 11.148949146270752  GigaBytes

----------------------------------------after  batch labels to device
 Nvidia-smi: 18.4881591796875 GB
    Memory Allocated: 1.5079460144042969  GigaBytes
Max Memory Allocated: 11.148949146270752  GigaBytes

----------------------------------------after load block subtensor  
 Nvidia-smi: 18.4881591796875 GB
    Memory Allocated: 0.7347745895385742  GigaBytes
Max Memory Allocated: 11.148949146270752  GigaBytes

----------------------------------------after blocks to device 
 Nvidia-smi: 18.4881591796875 GB
    Memory Allocated: 1.0396137237548828  GigaBytes
Max Memory Allocated: 11.148949146270752  GigaBytes

----------------------------------------before batch_pred = model(blocks, batch_inputs) 
 Nvidia-smi: 18.4881591796875 GB
    Memory Allocated: 1.0396137237548828  GigaBytes
Max Memory Allocated: 11.148949146270752  GigaBytes

first layer input nodes number: 1953930
first layer output nodes number: 1569339
edges number: 14787354
torch.Size([1953930, 100])
torch.Size([1569339, 256])
input nodes number: 1569339
output nodes number: 806459
edges number: 18061979
torch.Size([1569339, 256])
torch.Size([806459, 256])
input nodes number: 806459
output nodes number: 254224
edges number: 7064582
torch.Size([806459, 256])
torch.Size([254224, 256])
torch.Size([24653, 47])
-----------------------------------------batch_pred = model(blocks, batch_inputs) 
 Nvidia-smi: 18.4881591796875 GB
    Memory Allocated: 8.678869247436523  GigaBytes
Max Memory Allocated: 11.148949146270752  GigaBytes

-----------------------------------------after loss calculation
 Nvidia-smi: 18.4881591796875 GB
    Memory Allocated: 8.683186531066895  GigaBytes
Max Memory Allocated: 11.148949146270752  GigaBytes

-----------------------------------------after loss backward
 Nvidia-smi: 18.4881591796875 GB
    Memory Allocated: 1.613339900970459  GigaBytes
Max Memory Allocated: 11.148949146270752  GigaBytes

pseudo mini batch 7 input nodes size: 2029102
----------------------------------------before load block subtensor 
 Nvidia-smi: 18.4881591796875 GB
    Memory Allocated: 0.7349114418029785  GigaBytes
Max Memory Allocated: 11.148949146270752  GigaBytes

----------------------------------------before batch input features to device
 Nvidia-smi: 18.4881591796875 GB
    Memory Allocated: 0.7349114418029785  GigaBytes
Max Memory Allocated: 11.148949146270752  GigaBytes

----------------------------------------after batch input features to device
 Nvidia-smi: 18.4881591796875 GB
    Memory Allocated: 1.4908108711242676  GigaBytes
Max Memory Allocated: 11.148949146270752  GigaBytes

----------------------------------------after  batch labels to device
 Nvidia-smi: 18.4881591796875 GB
    Memory Allocated: 1.4909887313842773  GigaBytes
Max Memory Allocated: 11.148949146270752  GigaBytes

----------------------------------------after load block subtensor  
 Nvidia-smi: 18.4881591796875 GB
    Memory Allocated: 0.762908935546875  GigaBytes
Max Memory Allocated: 11.148949146270752  GigaBytes

----------------------------------------after blocks to device 
 Nvidia-smi: 18.4881591796875 GB
    Memory Allocated: 1.0736989974975586  GigaBytes
Max Memory Allocated: 11.148949146270752  GigaBytes

----------------------------------------before batch_pred = model(blocks, batch_inputs) 
 Nvidia-smi: 18.4881591796875 GB
    Memory Allocated: 1.0736989974975586  GigaBytes
Max Memory Allocated: 11.148949146270752  GigaBytes

first layer input nodes number: 2029102
first layer output nodes number: 1670065
edges number: 15659269
torch.Size([2029102, 100])
torch.Size([1670065, 256])
input nodes number: 1670065
output nodes number: 816433
edges number: 18161524
torch.Size([1670065, 256])
torch.Size([816433, 256])
input nodes number: 816433
output nodes number: 250885
edges number: 6887044
torch.Size([816433, 256])
torch.Size([250885, 256])
torch.Size([23854, 47])
-----------------------------------------batch_pred = model(blocks, batch_inputs) 
 Nvidia-smi: 18.4881591796875 GB
    Memory Allocated: 8.995157718658447  GigaBytes
Max Memory Allocated: 11.148949146270752  GigaBytes

-----------------------------------------after loss calculation
 Nvidia-smi: 18.4881591796875 GB
    Memory Allocated: 8.999334812164307  GigaBytes
Max Memory Allocated: 11.148949146270752  GigaBytes

-----------------------------------------after loss backward
 Nvidia-smi: 18.4881591796875 GB
    Memory Allocated: 1.6542510986328125  GigaBytes
Max Memory Allocated: 11.148949146270752  GigaBytes

-----------------------------------------after optimizer step
 Nvidia-smi: 18.4881591796875 GB
    Memory Allocated: 1.6567649841308594  GigaBytes
Max Memory Allocated: 11.148949146270752  GigaBytes

-----------------------------------------after optimizer zero grad
 Nvidia-smi: 18.4881591796875 GB
    Memory Allocated: 1.6567649841308594  GigaBytes
Max Memory Allocated: 11.148949146270752  GigaBytes

times | data loading | block to device | model prediction | loss calculation | loss backward |  optimizer step |
      |0.3911905288696289 |0.4266132414340973 |0.24749910831451416 |0.00033414363861083984 |0.07521525025367737 |0.004069089889526367 |
----------------------------------------------------------pseudo_mini_loss sum 10.98885726928711
Total (block generation + training)time/epoch 500.35771799087524
Training time/epoch 9.396649360656738
Training time without block to device /epoch 5.98374342918396
Training time without total dataloading part /epoch 2.5884571075439453
load block tensor time/epoch 3.1295242309570312
block to device time/epoch 3.4129059314727783
input features size transfer per epoch 1.0728836059570312e-06
blocks size to device per epoch 7.152557373046875e-07
 Run 0| Epoch 0 |
Number of nodes for computation during this epoch:  37746329
Number of first layer input nodes during this epoch:  16133473
Number of first layer output nodes during this epoch:  13208526
GraphSAGE(
  (layers): ModuleList(
    (0): SAGEConv(
      (fc_self): Linear(in_features=100, out_features=256, bias=False)
      (fc_neigh): Linear(in_features=100, out_features=256, bias=False)
    )
    (1): SAGEConv(
      (fc_self): Linear(in_features=256, out_features=256, bias=False)
      (fc_neigh): Linear(in_features=256, out_features=256, bias=False)
    )
    (2): SAGEConv(
      (fc_self): Linear(in_features=256, out_features=256, bias=False)
      (fc_neigh): Linear(in_features=256, out_features=256, bias=False)
    )
    (3): SAGEConv(
      (fc_self): Linear(in_features=256, out_features=47, bias=False)
      (fc_neigh): Linear(in_features=256, out_features=47, bias=False)
    )
  )
  (dropout): Dropout(p=0.5, inplace=False)
)
total model parameters size  337408
trainable parameters
layers.0.fc_self.weight, torch.Size([256, 100])
layers.0.fc_neigh.weight, torch.Size([256, 100])
layers.1.fc_self.weight, torch.Size([256, 256])
layers.1.fc_neigh.weight, torch.Size([256, 256])
layers.2.fc_self.weight, torch.Size([256, 256])
layers.2.fc_neigh.weight, torch.Size([256, 256])
layers.3.fc_self.weight, torch.Size([47, 256])
layers.3.fc_neigh.weight, torch.Size([47, 256])
----------------------------------------
un-trainable parameters
