main start at this time 1658366544.9574087
-----------------------------------------before load data 
 Nvidia-smi: 0.1717529296875 GB
    Memory Allocated: 0.0  GigaBytes
Max Memory Allocated: 0.0  GigaBytes

ogbn-arxiv
# Nodes: 169343
# Edges: 2315598
# Train: 90941
# Val: 29799
# Test: 48603
# Classes: 40

----------------------------------------start of run function 
 Nvidia-smi: 0.1717529296875 GB
    Memory Allocated: 0.0  GigaBytes
Max Memory Allocated: 0.0  GigaBytes

in feats:  128
----------------------------------------before model to device 
 Nvidia-smi: 0.1717529296875 GB
    Memory Allocated: 0.0  GigaBytes
Max Memory Allocated: 0.0  GigaBytes

----------------------------------------after model to device
 Nvidia-smi: 1.0174560546875 GB
    Memory Allocated: 3.814697265625e-05  GigaBytes
Max Memory Allocated: 3.814697265625e-05  GigaBytes

----------------------------------------before generate dataloader block 
 Nvidia-smi: 1.0174560546875 GB
    Memory Allocated: 3.814697265625e-05  GigaBytes
Max Memory Allocated: 3.814697265625e-05  GigaBytes

-----------------------------------------after block dataloader generation 
 Nvidia-smi: 1.0174560546875 GB
    Memory Allocated: 3.814697265625e-05  GigaBytes
Max Memory Allocated: 3.814697265625e-05  GigaBytes

connection checking time:  0
block generation total time  0
average batch blocks generation time:  0
block dataloader generation time/epoch 0.013621330261230469
pseudo mini batch 0 input nodes size: 129560
----------------------------------------before load block subtensor 
 Nvidia-smi: 1.0174560546875 GB
    Memory Allocated: 3.814697265625e-05  GigaBytes
Max Memory Allocated: 3.814697265625e-05  GigaBytes

----------------------------------------before batch input features to device
 Nvidia-smi: 1.0174560546875 GB
    Memory Allocated: 3.814697265625e-05  GigaBytes
Max Memory Allocated: 3.814697265625e-05  GigaBytes

----------------------------------------after batch input features to device
 Nvidia-smi: 1.0799560546875 GB
    Memory Allocated: 0.06253814697265625  GigaBytes
Max Memory Allocated: 0.06253814697265625  GigaBytes

----------------------------------------after  batch labels to device
 Nvidia-smi: 1.0799560546875 GB
    Memory Allocated: 0.06321573257446289  GigaBytes
Max Memory Allocated: 0.06321573257446289  GigaBytes

----------------------------------------after load block subtensor  
 Nvidia-smi: 1.0799560546875 GB
    Memory Allocated: 0.06321573257446289  GigaBytes
Max Memory Allocated: 0.06321573257446289  GigaBytes

----------------------------------------after blocks to device 
 Nvidia-smi: 1.1639404296875 GB
    Memory Allocated: 0.06538248062133789  GigaBytes
Max Memory Allocated: 0.06538248062133789  GigaBytes

----------------------------------------before batch_pred = model(blocks, batch_inputs) 
 Nvidia-smi: 1.1639404296875 GB
    Memory Allocated: 0.06538248062133789  GigaBytes
Max Memory Allocated: 0.06538248062133789  GigaBytes

----------------input nodes number: 129560
----------------output nodes number: 90941
----------------edges number: 290791
----------------------------------------before mean aggregator
 Nvidia-smi: 1.1658935546875 GB
    Memory Allocated: 0.06702566146850586  GigaBytes
Max Memory Allocated: 0.06810903549194336  GigaBytes

----------------------------------------graph.srcdata['h'] =  feat_src-------
 Nvidia-smi: 1.1658935546875 GB
    Memory Allocated: 0.06702566146850586  GigaBytes
Max Memory Allocated: 0.06810903549194336  GigaBytes

----------------------------------------graph.update_all(msg_fn, fn.mean('m', 'neigh'))-------
 Nvidia-smi: 1.4666748046875 GB
    Memory Allocated: 0.11336994171142578  GigaBytes
Max Memory Allocated: 0.1570730209350586  GigaBytes

----------------------------------------h_neigh = graph.dstdata['neigh']-------
 Nvidia-smi: 1.4666748046875 GB
    Memory Allocated: 0.11336994171142578  GigaBytes
Max Memory Allocated: 0.1570730209350586  GigaBytes

----------------------------------------after mean aggregator-------h_neigh = self.fc_neigh(h_neigh)-
 Nvidia-smi: 1.4666748046875 GB
    Memory Allocated: 0.1269216537475586  GigaBytes
Max Memory Allocated: 0.1570730209350586  GigaBytes

h_neigh size torch.Size([90941, 40])
h_self size  torch.Size([90941, 128])
----------------------------------------before rst
 Nvidia-smi: 1.4666748046875 GB
    Memory Allocated: 0.1269216537475586  GigaBytes
Max Memory Allocated: 0.1570730209350586  GigaBytes

torch.Size([90941, 40])
----------------------------------------after rst (rst = self.fc_self(h_self) + h_neigh)
 Nvidia-smi: 1.4666748046875 GB
    Memory Allocated: 0.1404733657836914  GigaBytes
Max Memory Allocated: 0.1570730209350586  GigaBytes

----------------------------------------end of model layers  after x = self.layers[-1](blocks[-1], x)
 Nvidia-smi: 1.4666748046875 GB
    Memory Allocated: 0.1269216537475586  GigaBytes
Max Memory Allocated: 0.1570730209350586  GigaBytes

torch.Size([90941, 40])
----------------------------------------- after batch_pred = model(blocks, batch_inputs) 
 Nvidia-smi: 1.4666748046875 GB
    Memory Allocated: 0.1404733657836914  GigaBytes
Max Memory Allocated: 0.1570730209350586  GigaBytes

-----------------------------------------after loss calculation
 Nvidia-smi: 1.4666748046875 GB
    Memory Allocated: 0.15402603149414062  GigaBytes
Max Memory Allocated: 0.1570730209350586  GigaBytes

-----------------------------------------after loss backward
 Nvidia-smi: 1.4803466796875 GB
    Memory Allocated: 0.08359670639038086  GigaBytes
Max Memory Allocated: 0.18124961853027344  GigaBytes

-----------------------------------------after optimizer step
 Nvidia-smi: 1.4803466796875 GB
    Memory Allocated: 0.08367300033569336  GigaBytes
Max Memory Allocated: 0.18124961853027344  GigaBytes

-----------------------------------------after optimizer zero grad
 Nvidia-smi: 1.4803466796875 GB
    Memory Allocated: 0.08367300033569336  GigaBytes
Max Memory Allocated: 0.18124961853027344  GigaBytes

times | data loading | block to device | model prediction | loss calculation | loss backward |  optimizer step |
      |0.026497602462768555 |0.3466062545776367 |0.7610492706298828 |0.0003082752227783203 |0.004628896713256836 |0.0021431446075439453 |
----------------------------------------------------------pseudo_mini_loss sum 3.8577160835266113
Total (block generation + training)time/epoch 1.1595714092254639
Training time/epoch 1.145571231842041
Training time without block to device /epoch 0.7989649772644043
Training time without total dataloading part /epoch 0.7681295871734619
load block tensor time/epoch 0.026497602462768555
block to device time/epoch 0.3466062545776367
input features size transfer per epoch 1.341104507446289e-07
blocks size to device per epoch 8.940696716308594e-08
 Run 0| Epoch 0 |
Number of nodes for computation during this epoch:  129560
Number of first layer input nodes during this epoch:  129560
Number of first layer output nodes during this epoch:  90941
GraphSAGE(
  (layers): ModuleList(
    (0): SAGEConv(
      (fc_self): Linear(in_features=128, out_features=40, bias=False)
      (fc_neigh): Linear(in_features=128, out_features=40, bias=False)
    )
  )
  (dropout): Dropout(p=0.5, inplace=False)
)
total model parameters size  10240
trainable parameters
layers.0.fc_self.weight, torch.Size([40, 128])
layers.0.fc_neigh.weight, torch.Size([40, 128])
----------------------------------------
un-trainable parameters
