main start at this time 1658805563.435751
-----------------------------------------before load data 
 Nvidia-smi: 0.1717529296875 GB
    Memory Allocated: 0.0  GigaBytes
Max Memory Allocated: 0.0  GigaBytes

success----------------------------------------
153431
23831
55703
# Nodes: 232965
# Edges: 114615892
# Train: 153431
# Val: 23831
# Test: 55703
# Classes: 41

#nodes: 232965
#edges: 114615892
#classes: 41
----------------------------------------start of run function 
 Nvidia-smi: 0.1717529296875 GB
    Memory Allocated: 0.0  GigaBytes
Max Memory Allocated: 0.0  GigaBytes

in feats:  602
----------------------------------------before model to device 
 Nvidia-smi: 0.1717529296875 GB
    Memory Allocated: 0.0  GigaBytes
Max Memory Allocated: 0.0  GigaBytes

----------------------------------------after model to device
 Nvidia-smi: 1.0174560546875 GB
    Memory Allocated: 0.00018405914306640625  GigaBytes
Max Memory Allocated: 0.00018405914306640625  GigaBytes

----------------------------------------before generate dataloader block 
 Nvidia-smi: 1.0174560546875 GB
    Memory Allocated: 0.00018405914306640625  GigaBytes
Max Memory Allocated: 0.00018405914306640625  GigaBytes

-----------------------------------------after block dataloader generation 
 Nvidia-smi: 1.0174560546875 GB
    Memory Allocated: 0.00018405914306640625  GigaBytes
Max Memory Allocated: 0.00018405914306640625  GigaBytes

connection checking time:  0
block generation total time  0
average batch blocks generation time:  0
block dataloader generation time/epoch 1.727977991104126
pseudo mini batch 0 input nodes size: 229780
----------------------------------------before load block subtensor 
 Nvidia-smi: 1.0174560546875 GB
    Memory Allocated: 0.00018405914306640625  GigaBytes
Max Memory Allocated: 0.00018405914306640625  GigaBytes

----------------------------------------before batch input features to device
 Nvidia-smi: 1.0174560546875 GB
    Memory Allocated: 0.00018405914306640625  GigaBytes
Max Memory Allocated: 0.00018405914306640625  GigaBytes

----------------------------------------after batch input features to device
 Nvidia-smi: 1.5330810546875 GB
    Memory Allocated: 0.5158090591430664  GigaBytes
Max Memory Allocated: 0.5158090591430664  GigaBytes

----------------------------------------after  batch labels to device
 Nvidia-smi: 1.5526123046875 GB
    Memory Allocated: 0.5169525146484375  GigaBytes
Max Memory Allocated: 0.5169525146484375  GigaBytes

----------------------------------------after load block subtensor  
 Nvidia-smi: 1.5526123046875 GB
    Memory Allocated: 0.5169525146484375  GigaBytes
Max Memory Allocated: 0.5169525146484375  GigaBytes

----------------------------------------after blocks to device 
 Nvidia-smi: 1.9178466796875 GB
    Memory Allocated: 0.8151693344116211  GigaBytes
Max Memory Allocated: 0.8151693344116211  GigaBytes

----------------------------------------before batch_pred = model(blocks, batch_inputs) 
 Nvidia-smi: 1.9178466796875 GB
    Memory Allocated: 0.8151693344116211  GigaBytes
Max Memory Allocated: 0.8151693344116211  GigaBytes

----------------input nodes number: 229780
----------------output nodes number: 153431
----------------edges number: 40025939
----------------------------------------before mean aggregator
 Nvidia-smi: 2.0682373046875 GB
    Memory Allocated: 0.8181638717651367  GigaBytes
Max Memory Allocated: 0.9672722816467285  GigaBytes

----------------------------------------graph.srcdata['h'] =  feat_src-------
 Nvidia-smi: 2.0682373046875 GB
    Memory Allocated: 0.8181638717651367  GigaBytes
Max Memory Allocated: 0.9672722816467285  GigaBytes

----------------------------------------graph.update_all(msg_fn, fn.mean('m', 'neigh'))-------
 Nvidia-smi: 4.6151123046875 GB
    Memory Allocated: 1.46104097366333  GigaBytes
Max Memory Allocated: 2.2072339057922363  GigaBytes

----------------------------------------h_neigh = graph.dstdata['neigh']-------
 Nvidia-smi: 4.6151123046875 GB
    Memory Allocated: 1.46104097366333  GigaBytes
Max Memory Allocated: 2.2072339057922363  GigaBytes

----------------------------------------after mean aggregator-------h_neigh = self.fc_neigh(h_neigh)-
 Nvidia-smi: 4.6151123046875 GB
    Memory Allocated: 1.4844756126403809  GigaBytes
Max Memory Allocated: 2.2072339057922363  GigaBytes

h_neigh size torch.Size([153431, 41])
h_self size  torch.Size([153431, 602])
----------------------------------------before rst
 Nvidia-smi: 4.6151123046875 GB
    Memory Allocated: 1.4844756126403809  GigaBytes
Max Memory Allocated: 2.2072339057922363  GigaBytes

torch.Size([153431, 41])
----------------------------------------after rst (rst = self.fc_self(h_self) + h_neigh)
 Nvidia-smi: 4.6151123046875 GB
    Memory Allocated: 1.5079102516174316  GigaBytes
Max Memory Allocated: 2.2072339057922363  GigaBytes

----------------------------------------end of model layers  after x = self.layers[-1](blocks[-1], x)
 Nvidia-smi: 4.6151123046875 GB
    Memory Allocated: 1.4844756126403809  GigaBytes
Max Memory Allocated: 2.2072339057922363  GigaBytes

torch.Size([153431, 41])
----------------------------------------- after batch_pred = model(blocks, batch_inputs) 
 Nvidia-smi: 4.6151123046875 GB
    Memory Allocated: 1.5079102516174316  GigaBytes
Max Memory Allocated: 2.2072339057922363  GigaBytes

-----------------------------------------after loss calculation
 Nvidia-smi: 4.6151123046875 GB
    Memory Allocated: 1.5313458442687988  GigaBytes
Max Memory Allocated: 2.2072339057922363  GigaBytes

-----------------------------------------after loss backward
 Nvidia-smi: 4.6151123046875 GB
    Memory Allocated: 1.1405720710754395  GigaBytes
Max Memory Allocated: 2.2072339057922363  GigaBytes

-----------------------------------------after optimizer step
 Nvidia-smi: 4.6151123046875 GB
    Memory Allocated: 1.1409401893615723  GigaBytes
Max Memory Allocated: 2.2072339057922363  GigaBytes

-----------------------------------------after optimizer zero grad
 Nvidia-smi: 4.6151123046875 GB
    Memory Allocated: 1.1409401893615723  GigaBytes
Max Memory Allocated: 2.2072339057922363  GigaBytes

times | data loading | block to device | model prediction | loss calculation | loss backward |  optimizer step |
      |0.137192964553833 |0.5718929767608643 |1.052983283996582 |0.00029587745666503906 |0.008057355880737305 |0.0021343231201171875 |
----------------------------------------------------------pseudo_mini_loss sum 5.998875617980957
Total (block generation + training)time/epoch 3.5054781436920166
Training time/epoch 1.7771470546722412
Training time without block to device /epoch 1.205254077911377
Training time without total dataloading part /epoch 1.0634708404541016
load block tensor time/epoch 0.137192964553833
block to device time/epoch 0.5718929767608643
input features size transfer per epoch 1.341104507446289e-07
blocks size to device per epoch 8.940696716308594e-08
 Run 0| Epoch 0 |
Number of nodes for computation during this epoch:  229780
Number of first layer input nodes during this epoch:  229780
Number of first layer output nodes during this epoch:  153431
GraphSAGE(
  (layers): ModuleList(
    (0): SAGEConv(
      (fc_self): Linear(in_features=602, out_features=41, bias=False)
      (fc_neigh): Linear(in_features=602, out_features=41, bias=False)
    )
  )
  (dropout): Dropout(p=0.5, inplace=False)
)
total model parameters size  49364
trainable parameters
layers.0.fc_self.weight, torch.Size([41, 602])
layers.0.fc_neigh.weight, torch.Size([41, 602])
----------------------------------------
un-trainable parameters
