main start at this time 1661484934.275168
-----------------------------------------before load data 
 Nvidia-smi: 6.2322998046875 GB
    Memory Allocated: 0.0  GigaBytes
Max Memory Allocated: 0.0  GigaBytes

#nodes: 2449029
#edges: 123718024
#classes: 47
success----------------------------------------
196571
39255
2164782
# Nodes: 2400608
# Edges: 123718024
# Train: 196571
# Val: 39255
# Test: 2164782
# Classes: 47

----------------------------------------start of run function 
 Nvidia-smi: 6.2322998046875 GB
    Memory Allocated: 0.0  GigaBytes
Max Memory Allocated: 0.0  GigaBytes

in feats:  100
----------------------------------------before model to device 
 Nvidia-smi: 6.2322998046875 GB
    Memory Allocated: 0.0  GigaBytes
Max Memory Allocated: 0.0  GigaBytes

----------------------------------------after model to device
 Nvidia-smi: 7.0799560546875 GB
    Memory Allocated: 0.0025434494018554688  GigaBytes
Max Memory Allocated: 0.0025434494018554688  GigaBytes

----------------------------------------before generate dataloader block 
 Nvidia-smi: 7.0799560546875 GB
    Memory Allocated: 0.0025434494018554688  GigaBytes
Max Memory Allocated: 0.0025434494018554688  GigaBytes

The real block id is  1
get_global_graph_edges_ids_block function  spend 0.22222352027893066
global_2_local spend time (sec) 0.3652796745300293

----------------------------  graph partition start---------------------
REG start----................................
Convert a graph into a bidirected graph: 2.926 seconds
Metis partitioning: 11.500 seconds
Split the graph: 1.699 seconds
Construct subgraphs: 0.271 seconds
25172
25123
24129
25221
25309
23856
23896
23865
REG metis partition end ----................................
the time spent:  25.236409425735474
REG construction  time spent:  8.817782402038574
pure dgl.metis_partition the time spent:  16.4186270236969
total k batches seeds list generation spend  25.737128257751465
after graph partition
graph partition algorithm spend time 26.348053216934204

partition_len_list
[158480, 205040, 190318, 190503, 214947, 193422, 219469, 214439]
REG selection method  spend 26.885571479797363
check_connections_block*********************************
time for parepare 1: 0.2260901927947998
local_output_nid generation: 0.006109952926635742
local_in_edges_tensor generation: 0.008037090301513672

&&&&&&&&&&&&&&& before remove duplicate length: 601389
remove duplicated spend time : 0.10546588897705078

&&&&&&&&&&&&&&& after remove duplicate length: 156676

mini_batch_src_global generation: 0.009614944458007812
r_  generation: 0.07743644714355469

local_output_nid generation: 0.007164955139160156
local_in_edges_tensor generation: 0.012400627136230469

&&&&&&&&&&&&&&& before remove duplicate length: 621744
remove duplicated spend time : 0.13425254821777344

&&&&&&&&&&&&&&& after remove duplicate length: 203867

mini_batch_src_global generation: 0.016130685806274414
r_  generation: 0.11621761322021484

local_output_nid generation: 0.007056713104248047
local_in_edges_tensor generation: 0.0075795650482177734

&&&&&&&&&&&&&&& before remove duplicate length: 583893
remove duplicated spend time : 0.1315319538116455

&&&&&&&&&&&&&&& after remove duplicate length: 188346

mini_batch_src_global generation: 0.017624855041503906
r_  generation: 0.11998867988586426

local_output_nid generation: 0.007269144058227539
local_in_edges_tensor generation: 0.008135080337524414

&&&&&&&&&&&&&&& before remove duplicate length: 608268
remove duplicated spend time : 0.1378037929534912

&&&&&&&&&&&&&&& after remove duplicate length: 189025

mini_batch_src_global generation: 0.017806529998779297
r_  generation: 0.12346816062927246

local_output_nid generation: 0.007221221923828125
local_in_edges_tensor generation: 0.007956504821777344

&&&&&&&&&&&&&&& before remove duplicate length: 628832
remove duplicated spend time : 0.14993572235107422

&&&&&&&&&&&&&&& after remove duplicate length: 213357

mini_batch_src_global generation: 0.021525859832763672
r_  generation: 0.1386098861694336

local_output_nid generation: 0.0070302486419677734
local_in_edges_tensor generation: 0.007514476776123047

&&&&&&&&&&&&&&& before remove duplicate length: 576223
remove duplicated spend time : 0.1374361515045166

&&&&&&&&&&&&&&& after remove duplicate length: 191300

mini_batch_src_global generation: 0.020542383193969727
r_  generation: 0.13054418563842773

local_output_nid generation: 0.007050514221191406
local_in_edges_tensor generation: 0.007608175277709961

&&&&&&&&&&&&&&& before remove duplicate length: 559519
remove duplicated spend time : 0.13741469383239746

&&&&&&&&&&&&&&& after remove duplicate length: 213870

mini_batch_src_global generation: 0.022540569305419922
r_  generation: 0.13875389099121094

local_output_nid generation: 0.0069887638092041016
local_in_edges_tensor generation: 0.007547140121459961

&&&&&&&&&&&&&&& before remove duplicate length: 584011
remove duplicated spend time : 0.1417229175567627

&&&&&&&&&&&&&&& after remove duplicate length: 211821

mini_batch_src_global generation: 0.022606849670410156
r_  generation: 0.14180350303649902


The real block id is  0
get_global_graph_edges_ids_block function  spend 0.731630802154541
gen group dst list time:  0.044222116470336914
check_connections_block*********************************
time for parepare 1: 0.37482714653015137
local_output_nid generation: 0.03241443634033203
local_in_edges_tensor generation: 0.10164713859558105

&&&&&&&&&&&&&&& before remove duplicate length: 1531827
remove duplicated spend time : 0.29764866828918457

&&&&&&&&&&&&&&& after remove duplicate length: 335355

mini_batch_src_global generation: 0.02271723747253418
r_  generation: 0.24417757987976074

local_output_nid generation: 0.05209803581237793
local_in_edges_tensor generation: 0.06972336769104004

&&&&&&&&&&&&&&& before remove duplicate length: 2022303
remove duplicated spend time : 0.47617673873901367

&&&&&&&&&&&&&&& after remove duplicate length: 457371

mini_batch_src_global generation: 0.04162454605102539
r_  generation: 0.38344693183898926

local_output_nid generation: 0.053606510162353516
local_in_edges_tensor generation: 0.06204867362976074

&&&&&&&&&&&&&&& before remove duplicate length: 1839272
remove duplicated spend time : 0.45125818252563477

&&&&&&&&&&&&&&& after remove duplicate length: 502627

mini_batch_src_global generation: 0.0520167350769043
r_  generation: 0.42336440086364746

local_output_nid generation: 0.04942679405212402
local_in_edges_tensor generation: 0.044431209564208984

&&&&&&&&&&&&&&& before remove duplicate length: 1819280
remove duplicated spend time : 0.44584107398986816

&&&&&&&&&&&&&&& after remove duplicate length: 432008

mini_batch_src_global generation: 0.05055999755859375
r_  generation: 0.3998100757598877

local_output_nid generation: 0.05580878257751465
local_in_edges_tensor generation: 0.05455946922302246

&&&&&&&&&&&&&&& before remove duplicate length: 2126050
remove duplicated spend time : 0.5298862457275391

&&&&&&&&&&&&&&& after remove duplicate length: 484440

mini_batch_src_global generation: 0.05659842491149902
r_  generation: 0.45023608207702637

local_output_nid generation: 0.05031871795654297
local_in_edges_tensor generation: 0.044046878814697266

&&&&&&&&&&&&&&& before remove duplicate length: 1884661
remove duplicated spend time : 0.4687681198120117

&&&&&&&&&&&&&&& after remove duplicate length: 508515

mini_batch_src_global generation: 0.06113266944885254
r_  generation: 0.4449794292449951

local_output_nid generation: 0.05859184265136719
local_in_edges_tensor generation: 0.058379173278808594

&&&&&&&&&&&&&&& before remove duplicate length: 2160109
remove duplicated spend time : 0.5692791938781738

&&&&&&&&&&&&&&& after remove duplicate length: 625538

mini_batch_src_global generation: 0.07426238059997559
r_  generation: 0.5430424213409424

local_output_nid generation: 0.057581424713134766
local_in_edges_tensor generation: 0.08073949813842773

&&&&&&&&&&&&&&& before remove duplicate length: 2117184
remove duplicated spend time : 0.5530996322631836

&&&&&&&&&&&&&&& after remove duplicate length: 541244

mini_batch_src_global generation: 0.06883692741394043
r_  generation: 0.5036356449127197


-----------------------------------------after block dataloader generation 
 Nvidia-smi: 7.0799560546875 GB
    Memory Allocated: 0.0025434494018554688  GigaBytes
Max Memory Allocated: 0.0025434494018554688  GigaBytes

----------------------------------------before batch input features to device
 Nvidia-smi: 7.0799560546875 GB
    Memory Allocated: 0.0025434494018554688  GigaBytes
Max Memory Allocated: 0.0025434494018554688  GigaBytes

----------------------------------------after batch input features to device
 Nvidia-smi: 7.2108154296875 GB
    Memory Allocated: 0.13340282440185547  GigaBytes
Max Memory Allocated: 0.13340282440185547  GigaBytes

----------------------------------------after  batch labels to device
 Nvidia-smi: 7.2108154296875 GB
    Memory Allocated: 0.1335906982421875  GigaBytes
Max Memory Allocated: 0.1335906982421875  GigaBytes

first layer input nodes number: 349525
first layer output nodes number: 158480
edges number: 1531827
----------------------------------------before model layer 0
 Nvidia-smi: 7.3143310546875 GB
    Memory Allocated: 0.15327119827270508  GigaBytes
Max Memory Allocated: 0.15897798538208008  GigaBytes

torch.Size([349525, 100])
----------------------------------------before graph.update_all(msg_fn, self._lstm_reducer)
 Nvidia-smi: 7.3143310546875 GB
    Memory Allocated: 0.15327119827270508  GigaBytes
Max Memory Allocated: 0.15897798538208008  GigaBytes

m.shape torch.Size([415, 1, 100])
----------------------------------------1
 Nvidia-smi: 8.0311279296875 GB
    Memory Allocated: 0.7402219772338867  GigaBytes
Max Memory Allocated: 0.7650699615478516  GigaBytes

----------------------------------------2
 Nvidia-smi: 8.0311279296875 GB
    Memory Allocated: 0.7402219772338867  GigaBytes
Max Memory Allocated: 0.7650699615478516  GigaBytes

 h.shape torch.Size([1, 415, 100]), torch.Size([1, 415, 100])
----------------------------------------3
 Nvidia-smi: 8.0311279296875 GB
    Memory Allocated: 0.7405319213867188  GigaBytes
Max Memory Allocated: 0.7650699615478516  GigaBytes

----------------------------------------4
 Nvidia-smi: 8.0350341796875 GB
    Memory Allocated: 0.7430071830749512  GigaBytes
Max Memory Allocated: 0.7650699615478516  GigaBytes

rst.shape  torch.Size([1, 415, 100])
m.shape torch.Size([799, 2, 100])
----------------------------------------1
 Nvidia-smi: 8.0350341796875 GB
    Memory Allocated: 0.7434477806091309  GigaBytes
Max Memory Allocated: 0.7650699615478516  GigaBytes

----------------------------------------2
 Nvidia-smi: 8.0350341796875 GB
    Memory Allocated: 0.7434477806091309  GigaBytes
Max Memory Allocated: 0.7650699615478516  GigaBytes

 h.shape torch.Size([1, 799, 100]), torch.Size([1, 799, 100])
----------------------------------------3
 Nvidia-smi: 8.0369873046875 GB
    Memory Allocated: 0.7440438270568848  GigaBytes
Max Memory Allocated: 0.7650699615478516  GigaBytes

----------------------------------------4
 Nvidia-smi: 8.0389404296875 GB
    Memory Allocated: 0.753410816192627  GigaBytes
Max Memory Allocated: 0.7650699615478516  GigaBytes

rst.shape  torch.Size([1, 799, 100])
m.shape torch.Size([973, 3, 100])
----------------------------------------1
 Nvidia-smi: 8.0389404296875 GB
    Memory Allocated: 0.7542004585266113  GigaBytes
Max Memory Allocated: 0.7650699615478516  GigaBytes

----------------------------------------2
 Nvidia-smi: 8.0389404296875 GB
    Memory Allocated: 0.7542004585266113  GigaBytes
Max Memory Allocated: 0.7650699615478516  GigaBytes

 h.shape torch.Size([1, 973, 100]), torch.Size([1, 973, 100])
----------------------------------------3
 Nvidia-smi: 8.0389404296875 GB
    Memory Allocated: 0.7549262046813965  GigaBytes
Max Memory Allocated: 0.7650699615478516  GigaBytes

----------------------------------------4
 Nvidia-smi: 8.0428466796875 GB
    Memory Allocated: 0.7716197967529297  GigaBytes
Max Memory Allocated: 0.772707462310791  GigaBytes

rst.shape  torch.Size([1, 973, 100])
m.shape torch.Size([1359, 4, 100])
----------------------------------------1
 Nvidia-smi: 8.0428466796875 GB
    Memory Allocated: 0.7732820510864258  GigaBytes
Max Memory Allocated: 0.7733430862426758  GigaBytes

----------------------------------------2
 Nvidia-smi: 8.0428466796875 GB
    Memory Allocated: 0.7732820510864258  GigaBytes
Max Memory Allocated: 0.7733430862426758  GigaBytes

 h.shape torch.Size([1, 1359, 100]), torch.Size([1, 1359, 100])
----------------------------------------3
 Nvidia-smi: 8.0428466796875 GB
    Memory Allocated: 0.7742948532104492  GigaBytes
Max Memory Allocated: 0.7742948532104492  GigaBytes

----------------------------------------4
 Nvidia-smi: 8.0877685546875 GB
    Memory Allocated: 0.8036603927612305  GigaBytes
Max Memory Allocated: 0.8056855201721191  GigaBytes

rst.shape  torch.Size([1, 1359, 100])
m.shape torch.Size([1613, 5, 100])
----------------------------------------1
 Nvidia-smi: 8.0877685546875 GB
    Memory Allocated: 0.8061585426330566  GigaBytes
Max Memory Allocated: 0.8062496185302734  GigaBytes

----------------------------------------2
 Nvidia-smi: 8.0877685546875 GB
    Memory Allocated: 0.8061585426330566  GigaBytes
Max Memory Allocated: 0.8062496185302734  GigaBytes

 h.shape torch.Size([1, 1613, 100]), torch.Size([1, 1613, 100])
----------------------------------------3
 Nvidia-smi: 8.0897216796875 GB
    Memory Allocated: 0.8073611259460449  GigaBytes
Max Memory Allocated: 0.8073611259460449  GigaBytes

----------------------------------------4
 Nvidia-smi: 8.1365966796875 GB
    Memory Allocated: 0.85101318359375  GigaBytes
Max Memory Allocated: 0.8540177345275879  GigaBytes

rst.shape  torch.Size([1, 1613, 100])
m.shape torch.Size([1864, 6, 100])
----------------------------------------1
 Nvidia-smi: 8.1365966796875 GB
    Memory Allocated: 0.8545784950256348  GigaBytes
Max Memory Allocated: 0.8547039031982422  GigaBytes

----------------------------------------2
 Nvidia-smi: 8.1365966796875 GB
    Memory Allocated: 0.8545784950256348  GigaBytes
Max Memory Allocated: 0.8547039031982422  GigaBytes

 h.shape torch.Size([1, 1864, 100]), torch.Size([1, 1864, 100])
----------------------------------------3
 Nvidia-smi: 8.1385498046875 GB
    Memory Allocated: 0.8559679985046387  GigaBytes
Max Memory Allocated: 0.8559679985046387  GigaBytes

----------------------------------------4
 Nvidia-smi: 8.2108154296875 GB
    Memory Allocated: 0.9158673286437988  GigaBytes
Max Memory Allocated: 0.9200339317321777  GigaBytes

rst.shape  torch.Size([1, 1864, 100])
m.shape torch.Size([1976, 7, 100])
----------------------------------------1
 Nvidia-smi: 8.2108154296875 GB
    Memory Allocated: 0.920325756072998  GigaBytes
Max Memory Allocated: 0.9204812049865723  GigaBytes

----------------------------------------2
 Nvidia-smi: 8.2108154296875 GB
    Memory Allocated: 0.920325756072998  GigaBytes
Max Memory Allocated: 0.9204812049865723  GigaBytes

 h.shape torch.Size([1, 1976, 100]), torch.Size([1, 1976, 100])
----------------------------------------3
 Nvidia-smi: 8.2108154296875 GB
    Memory Allocated: 0.9217982292175293  GigaBytes
Max Memory Allocated: 0.9217982292175293  GigaBytes

----------------------------------------4
 Nvidia-smi: 8.3045654296875 GB
    Memory Allocated: 0.9954118728637695  GigaBytes
Max Memory Allocated: 1.0005650520324707  GigaBytes

rst.shape  torch.Size([1, 1976, 100])
m.shape torch.Size([2144, 8, 100])
----------------------------------------1
 Nvidia-smi: 8.3045654296875 GB
    Memory Allocated: 1.0010652542114258  GigaBytes
Max Memory Allocated: 1.0012569427490234  GigaBytes

----------------------------------------2
 Nvidia-smi: 8.3045654296875 GB
    Memory Allocated: 1.0010652542114258  GigaBytes
Max Memory Allocated: 1.0012569427490234  GigaBytes

 h.shape torch.Size([1, 2144, 100]), torch.Size([1, 2144, 100])
----------------------------------------3
 Nvidia-smi: 8.3065185546875 GB
    Memory Allocated: 1.0026626586914062  GigaBytes
Max Memory Allocated: 1.0026626586914062  GigaBytes

----------------------------------------4
 Nvidia-smi: 8.4022216796875 GB
    Memory Allocated: 1.0951642990112305  GigaBytes
Max Memory Allocated: 1.1015539169311523  GigaBytes

rst.shape  torch.Size([1, 2144, 100])
m.shape torch.Size([2144, 9, 100])
----------------------------------------1
 Nvidia-smi: 8.4022216796875 GB
    Memory Allocated: 1.1015539169311523  GigaBytes
Max Memory Allocated: 1.1017699241638184  GigaBytes

----------------------------------------2
 Nvidia-smi: 8.4022216796875 GB
    Memory Allocated: 1.1015539169311523  GigaBytes
Max Memory Allocated: 1.1017699241638184  GigaBytes

 h.shape torch.Size([1, 2144, 100]), torch.Size([1, 2144, 100])
----------------------------------------3
 Nvidia-smi: 8.4041748046875 GB
    Memory Allocated: 1.1031513214111328  GigaBytes
Max Memory Allocated: 1.1031513214111328  GigaBytes

----------------------------------------4
 Nvidia-smi: 8.5213623046875 GB
    Memory Allocated: 1.2068347930908203  GigaBytes
Max Memory Allocated: 1.2140231132507324  GigaBytes

rst.shape  torch.Size([1, 2144, 100])
m.shape torch.Size([145193, 10, 100])
----------------------------------------1
 Nvidia-smi: 9.0819091796875 GB
    Memory Allocated: 1.74705171585083  GigaBytes
Max Memory Allocated: 1.7633881568908691  GigaBytes

----------------------------------------2
 Nvidia-smi: 9.0819091796875 GB
    Memory Allocated: 1.74705171585083  GigaBytes
Max Memory Allocated: 1.7633881568908691  GigaBytes

 h.shape torch.Size([1, 145193, 100]), torch.Size([1, 145193, 100])
----------------------------------------3
 Nvidia-smi: 9.1912841796875 GB
    Memory Allocated: 1.85642671585083  GigaBytes
Max Memory Allocated: 1.85642671585083  GigaBytes

----------------------------------------4
 Nvidia-smi: 17.4393310546875 GB
    Memory Allocated: 9.56345796585083  GigaBytes
Max Memory Allocated: 10.10447359085083  GigaBytes

rst.shape  torch.Size([1, 145193, 100])
----------------------------------------after graph.update_all
 Nvidia-smi: 17.4393310546875 GB
    Memory Allocated: 8.993710041046143  GigaBytes
Max Memory Allocated: 10.10447359085083  GigaBytes

----------------------------------------after h_neigh = self.fc_neigh
 Nvidia-smi: 17.4393310546875 GB
    Memory Allocated: 9.144848346710205  GigaBytes
Max Memory Allocated: 10.10447359085083  GigaBytes

h_self size  torch.Size([158480, 100])
----------------------------------------before rst
 Nvidia-smi: 17.4393310546875 GB
    Memory Allocated: 9.144848346710205  GigaBytes
Max Memory Allocated: 10.10447359085083  GigaBytes

torch.Size([158480, 256])
----------------------------------------after rst (rst = self.fc_self(h_self) + h_neigh)
 Nvidia-smi: 17.4393310546875 GB
    Memory Allocated: 9.295986652374268  GigaBytes
Max Memory Allocated: 10.10447359085083  GigaBytes

----------------------------------------after model layer 0 x = layer(block, x)
 Nvidia-smi: 17.4393310546875 GB
    Memory Allocated: 9.144848346710205  GigaBytes
Max Memory Allocated: 10.10447359085083  GigaBytes

torch.Size([158480, 256])
----------------------------------------after model layer 0 x = self.activation(x)
 Nvidia-smi: 17.4393310546875 GB
    Memory Allocated: 9.295986652374268  GigaBytes
Max Memory Allocated: 10.10447359085083  GigaBytes

----------------------------------------after model layer 0 x = self.dropout(x)
 Nvidia-smi: 17.4393310546875 GB
    Memory Allocated: 9.333771228790283  GigaBytes
Max Memory Allocated: 10.10447359085083  GigaBytes

----------------input nodes number: 158480
----------------output nodes number: 25172
----------------edges number: 601389
----------------------------------------before graph.update_all(msg_fn, self._lstm_reducer)
 Nvidia-smi: 17.4393310546875 GB
    Memory Allocated: 9.335264205932617  GigaBytes
Max Memory Allocated: 10.10447359085083  GigaBytes

m.shape torch.Size([43, 1, 256])
----------------------------------------1
 Nvidia-smi: 18.0135498046875 GB
    Memory Allocated: 9.915647029876709  GigaBytes
Max Memory Allocated: 10.10447359085083  GigaBytes

----------------------------------------2
 Nvidia-smi: 18.0135498046875 GB
    Memory Allocated: 9.915647029876709  GigaBytes
Max Memory Allocated: 10.10447359085083  GigaBytes

 h.shape torch.Size([1, 43, 256]), torch.Size([1, 43, 256])
----------------------------------------3
 Nvidia-smi: 18.0135498046875 GB
    Memory Allocated: 9.91572904586792  GigaBytes
Max Memory Allocated: 10.10447359085083  GigaBytes

----------------------------------------4
 Nvidia-smi: 18.0135498046875 GB
    Memory Allocated: 9.916385173797607  GigaBytes
Max Memory Allocated: 10.10447359085083  GigaBytes

rst.shape  torch.Size([1, 43, 256])
m.shape torch.Size([57, 2, 256])
----------------------------------------1
 Nvidia-smi: 18.0135498046875 GB
    Memory Allocated: 9.916453838348389  GigaBytes
Max Memory Allocated: 10.10447359085083  GigaBytes

----------------------------------------2
 Nvidia-smi: 18.0135498046875 GB
    Memory Allocated: 9.916453838348389  GigaBytes
Max Memory Allocated: 10.10447359085083  GigaBytes

 h.shape torch.Size([1, 57, 256]), torch.Size([1, 57, 256])
----------------------------------------3
 Nvidia-smi: 18.0135498046875 GB
    Memory Allocated: 9.916562557220459  GigaBytes
Max Memory Allocated: 10.10447359085083  GigaBytes

----------------------------------------4
 Nvidia-smi: 18.0135498046875 GB
    Memory Allocated: 9.918193340301514  GigaBytes
Max Memory Allocated: 10.10447359085083  GigaBytes

rst.shape  torch.Size([1, 57, 256])
m.shape torch.Size([73, 3, 256])
----------------------------------------1
 Nvidia-smi: 18.0135498046875 GB
    Memory Allocated: 9.918349742889404  GigaBytes
Max Memory Allocated: 10.10447359085083  GigaBytes

----------------------------------------2
 Nvidia-smi: 18.0135498046875 GB
    Memory Allocated: 9.918349742889404  GigaBytes
Max Memory Allocated: 10.10447359085083  GigaBytes

 h.shape torch.Size([1, 73, 256]), torch.Size([1, 73, 256])
----------------------------------------3
 Nvidia-smi: 18.0135498046875 GB
    Memory Allocated: 9.9184889793396  GigaBytes
Max Memory Allocated: 10.10447359085083  GigaBytes

----------------------------------------4
 Nvidia-smi: 18.0135498046875 GB
    Memory Allocated: 9.921552181243896  GigaBytes
Max Memory Allocated: 10.10447359085083  GigaBytes

rst.shape  torch.Size([1, 73, 256])
m.shape torch.Size([115, 4, 256])
----------------------------------------1
 Nvidia-smi: 18.0135498046875 GB
    Memory Allocated: 9.921925067901611  GigaBytes
Max Memory Allocated: 10.10447359085083  GigaBytes

----------------------------------------2
 Nvidia-smi: 18.0135498046875 GB
    Memory Allocated: 9.921925067901611  GigaBytes
Max Memory Allocated: 10.10447359085083  GigaBytes

 h.shape torch.Size([1, 115, 256]), torch.Size([1, 115, 256])
----------------------------------------3
 Nvidia-smi: 18.0135498046875 GB
    Memory Allocated: 9.922144412994385  GigaBytes
Max Memory Allocated: 10.10447359085083  GigaBytes

----------------------------------------4
 Nvidia-smi: 18.0135498046875 GB
    Memory Allocated: 9.928505420684814  GigaBytes
Max Memory Allocated: 10.10447359085083  GigaBytes

rst.shape  torch.Size([1, 115, 256])
m.shape torch.Size([90, 5, 256])
----------------------------------------1
 Nvidia-smi: 18.0135498046875 GB
    Memory Allocated: 9.928828716278076  GigaBytes
Max Memory Allocated: 10.10447359085083  GigaBytes

----------------------------------------2
 Nvidia-smi: 18.0135498046875 GB
    Memory Allocated: 9.928828716278076  GigaBytes
Max Memory Allocated: 10.10447359085083  GigaBytes

 h.shape torch.Size([1, 90, 256]), torch.Size([1, 90, 256])
----------------------------------------3
 Nvidia-smi: 18.0135498046875 GB
    Memory Allocated: 9.92900037765503  GigaBytes
Max Memory Allocated: 10.10447359085083  GigaBytes

----------------------------------------4
 Nvidia-smi: 18.0135498046875 GB
    Memory Allocated: 9.935180187225342  GigaBytes
Max Memory Allocated: 10.10447359085083  GigaBytes

rst.shape  torch.Size([1, 90, 256])
m.shape torch.Size([114, 6, 256])
----------------------------------------1
 Nvidia-smi: 18.0135498046875 GB
    Memory Allocated: 9.935751914978027  GigaBytes
Max Memory Allocated: 10.10447359085083  GigaBytes

----------------------------------------2
 Nvidia-smi: 18.0135498046875 GB
    Memory Allocated: 9.935751914978027  GigaBytes
Max Memory Allocated: 10.10447359085083  GigaBytes

 h.shape torch.Size([1, 114, 256]), torch.Size([1, 114, 256])
----------------------------------------3
 Nvidia-smi: 18.0135498046875 GB
    Memory Allocated: 9.935969352722168  GigaBytes
Max Memory Allocated: 10.10447359085083  GigaBytes

----------------------------------------4
 Nvidia-smi: 18.0174560546875 GB
    Memory Allocated: 9.945319175720215  GigaBytes
Max Memory Allocated: 10.10447359085083  GigaBytes

rst.shape  torch.Size([1, 114, 256])
m.shape torch.Size([105, 7, 256])
----------------------------------------1
 Nvidia-smi: 18.0194091796875 GB
    Memory Allocated: 9.945917129516602  GigaBytes
Max Memory Allocated: 10.10447359085083  GigaBytes

----------------------------------------2
 Nvidia-smi: 18.0194091796875 GB
    Memory Allocated: 9.945917129516602  GigaBytes
Max Memory Allocated: 10.10447359085083  GigaBytes

 h.shape torch.Size([1, 105, 256]), torch.Size([1, 105, 256])
----------------------------------------3
 Nvidia-smi: 18.0194091796875 GB
    Memory Allocated: 9.946117401123047  GigaBytes
Max Memory Allocated: 10.10447359085083  GigaBytes

----------------------------------------4
 Nvidia-smi: 18.0291748046875 GB
    Memory Allocated: 9.956130981445312  GigaBytes
Max Memory Allocated: 10.10447359085083  GigaBytes

rst.shape  torch.Size([1, 105, 256])
m.shape torch.Size([126, 8, 256])
----------------------------------------1
 Nvidia-smi: 18.0291748046875 GB
    Memory Allocated: 9.956999778747559  GigaBytes
Max Memory Allocated: 10.10447359085083  GigaBytes

----------------------------------------2
 Nvidia-smi: 18.0291748046875 GB
    Memory Allocated: 9.956999778747559  GigaBytes
Max Memory Allocated: 10.10447359085083  GigaBytes

 h.shape torch.Size([1, 126, 256]), torch.Size([1, 126, 256])
----------------------------------------3
 Nvidia-smi: 18.0291748046875 GB
    Memory Allocated: 9.957240104675293  GigaBytes
Max Memory Allocated: 10.10447359085083  GigaBytes

----------------------------------------4
 Nvidia-smi: 18.0447998046875 GB
    Memory Allocated: 9.970938682556152  GigaBytes
Max Memory Allocated: 10.10447359085083  GigaBytes

rst.shape  torch.Size([1, 126, 256])
m.shape torch.Size([98, 9, 256])
----------------------------------------1
 Nvidia-smi: 18.0447998046875 GB
    Memory Allocated: 9.97166633605957  GigaBytes
Max Memory Allocated: 10.10447359085083  GigaBytes

----------------------------------------2
 Nvidia-smi: 18.0447998046875 GB
    Memory Allocated: 9.97166633605957  GigaBytes
Max Memory Allocated: 10.10447359085083  GigaBytes

 h.shape torch.Size([1, 98, 256]), torch.Size([1, 98, 256])
----------------------------------------3
 Nvidia-smi: 18.0447998046875 GB
    Memory Allocated: 9.971853256225586  GigaBytes
Max Memory Allocated: 10.10447359085083  GigaBytes

----------------------------------------4
 Nvidia-smi: 18.0584716796875 GB
    Memory Allocated: 9.983816146850586  GigaBytes
Max Memory Allocated: 10.10447359085083  GigaBytes

rst.shape  torch.Size([1, 98, 256])
m.shape torch.Size([99, 10, 256])
----------------------------------------1
 Nvidia-smi: 18.0584716796875 GB
    Memory Allocated: 9.984674453735352  GigaBytes
Max Memory Allocated: 10.10447359085083  GigaBytes

----------------------------------------2
 Nvidia-smi: 18.0584716796875 GB
    Memory Allocated: 9.984674453735352  GigaBytes
Max Memory Allocated: 10.10447359085083  GigaBytes

 h.shape torch.Size([1, 99, 256]), torch.Size([1, 99, 256])
----------------------------------------3
 Nvidia-smi: 18.0584716796875 GB
    Memory Allocated: 9.98486328125  GigaBytes
Max Memory Allocated: 10.10447359085083  GigaBytes

----------------------------------------4
 Nvidia-smi: 18.0721435546875 GB
    Memory Allocated: 9.998270034790039  GigaBytes
Max Memory Allocated: 10.10447359085083  GigaBytes

rst.shape  torch.Size([1, 99, 256])
m.shape torch.Size([95, 11, 256])
----------------------------------------1
 Nvidia-smi: 18.0721435546875 GB
    Memory Allocated: 9.999215602874756  GigaBytes
Max Memory Allocated: 10.10447359085083  GigaBytes

----------------------------------------2
 Nvidia-smi: 18.0721435546875 GB
    Memory Allocated: 9.999215602874756  GigaBytes
Max Memory Allocated: 10.10447359085083  GigaBytes

 h.shape torch.Size([1, 95, 256]), torch.Size([1, 95, 256])
----------------------------------------3
 Nvidia-smi: 18.0721435546875 GB
    Memory Allocated: 9.999396800994873  GigaBytes
Max Memory Allocated: 10.10447359085083  GigaBytes

----------------------------------------4
 Nvidia-smi: 18.0858154296875 GB
    Memory Allocated: 10.013530254364014  GigaBytes
Max Memory Allocated: 10.10447359085083  GigaBytes

rst.shape  torch.Size([1, 95, 256])
m.shape torch.Size([88, 12, 256])
----------------------------------------1
 Nvidia-smi: 18.0858154296875 GB
    Memory Allocated: 10.015061855316162  GigaBytes
Max Memory Allocated: 10.10447359085083  GigaBytes

----------------------------------------2
 Nvidia-smi: 18.0858154296875 GB
    Memory Allocated: 10.015061855316162  GigaBytes
Max Memory Allocated: 10.10447359085083  GigaBytes

 h.shape torch.Size([1, 88, 256]), torch.Size([1, 88, 256])
----------------------------------------3
 Nvidia-smi: 18.0858154296875 GB
    Memory Allocated: 10.01522970199585  GigaBytes
Max Memory Allocated: 10.10447359085083  GigaBytes

----------------------------------------4
 Nvidia-smi: 18.0994873046875 GB
    Memory Allocated: 10.029496669769287  GigaBytes
Max Memory Allocated: 10.10447359085083  GigaBytes

rst.shape  torch.Size([1, 88, 256])
m.shape torch.Size([104, 13, 256])
----------------------------------------1
 Nvidia-smi: 18.0994873046875 GB
    Memory Allocated: 10.03127384185791  GigaBytes
Max Memory Allocated: 10.10447359085083  GigaBytes

----------------------------------------2
 Nvidia-smi: 18.0994873046875 GB
    Memory Allocated: 10.03127384185791  GigaBytes
Max Memory Allocated: 10.10447359085083  GigaBytes

 h.shape torch.Size([1, 104, 256]), torch.Size([1, 104, 256])
----------------------------------------3
 Nvidia-smi: 18.0994873046875 GB
    Memory Allocated: 10.031472206115723  GigaBytes
Max Memory Allocated: 10.10447359085083  GigaBytes

----------------------------------------4
 Nvidia-smi: 18.1190185546875 GB
    Memory Allocated: 10.049721717834473  GigaBytes
Max Memory Allocated: 10.10447359085083  GigaBytes

rst.shape  torch.Size([1, 104, 256])
m.shape torch.Size([104, 14, 256])
----------------------------------------1
 Nvidia-smi: 18.1190185546875 GB
    Memory Allocated: 10.05149793624878  GigaBytes
Max Memory Allocated: 10.10447359085083  GigaBytes

----------------------------------------2
 Nvidia-smi: 18.1190185546875 GB
    Memory Allocated: 10.05149793624878  GigaBytes
Max Memory Allocated: 10.10447359085083  GigaBytes

 h.shape torch.Size([1, 104, 256]), torch.Size([1, 104, 256])
----------------------------------------3
 Nvidia-smi: 18.1190185546875 GB
    Memory Allocated: 10.051696300506592  GigaBytes
Max Memory Allocated: 10.10447359085083  GigaBytes

----------------------------------------4
 Nvidia-smi: 18.1405029296875 GB
    Memory Allocated: 10.07133436203003  GigaBytes
Max Memory Allocated: 10.10447359085083  GigaBytes

rst.shape  torch.Size([1, 104, 256])
m.shape torch.Size([111, 15, 256])
----------------------------------------1
 Nvidia-smi: 18.1405029296875 GB
    Memory Allocated: 10.073112487792969  GigaBytes
Max Memory Allocated: 10.10447359085083  GigaBytes

----------------------------------------2
 Nvidia-smi: 18.1405029296875 GB
    Memory Allocated: 10.073112487792969  GigaBytes
Max Memory Allocated: 10.10447359085083  GigaBytes

 h.shape torch.Size([1, 111, 256]), torch.Size([1, 111, 256])
----------------------------------------3
 Nvidia-smi: 18.1405029296875 GB
    Memory Allocated: 10.073324203491211  GigaBytes
Max Memory Allocated: 10.10447359085083  GigaBytes

----------------------------------------4
 Nvidia-smi: 18.1619873046875 GB
    Memory Allocated: 10.095766067504883  GigaBytes
Max Memory Allocated: 10.10447359085083  GigaBytes

rst.shape  torch.Size([1, 111, 256])
m.shape torch.Size([94, 16, 256])
----------------------------------------1
 Nvidia-smi: 18.1619873046875 GB
    Memory Allocated: 10.097835540771484  GigaBytes
Max Memory Allocated: 10.10447359085083  GigaBytes

----------------------------------------2
 Nvidia-smi: 18.1619873046875 GB
    Memory Allocated: 10.097835540771484  GigaBytes
Max Memory Allocated: 10.10447359085083  GigaBytes

 h.shape torch.Size([1, 94, 256]), torch.Size([1, 94, 256])
----------------------------------------3
 Nvidia-smi: 18.1619873046875 GB
    Memory Allocated: 10.098014831542969  GigaBytes
Max Memory Allocated: 10.10447359085083  GigaBytes

----------------------------------------4
 Nvidia-smi: 18.1834716796875 GB
    Memory Allocated: 10.118274688720703  GigaBytes
Max Memory Allocated: 10.119709014892578  GigaBytes

rst.shape  torch.Size([1, 94, 256])
m.shape torch.Size([113, 17, 256])
----------------------------------------1
 Nvidia-smi: 18.1834716796875 GB
    Memory Allocated: 10.120031833648682  GigaBytes
Max Memory Allocated: 10.120039463043213  GigaBytes

----------------------------------------2
 Nvidia-smi: 18.1834716796875 GB
    Memory Allocated: 10.120031833648682  GigaBytes
Max Memory Allocated: 10.120039463043213  GigaBytes

 h.shape torch.Size([1, 113, 256]), torch.Size([1, 113, 256])
----------------------------------------3
 Nvidia-smi: 18.1834716796875 GB
    Memory Allocated: 10.12024736404419  GigaBytes
Max Memory Allocated: 10.12024736404419  GigaBytes

----------------------------------------4
 Nvidia-smi: 18.2108154296875 GB
    Memory Allocated: 10.146111011505127  GigaBytes
Max Memory Allocated: 10.147943019866943  GigaBytes

rst.shape  torch.Size([1, 113, 256])
m.shape torch.Size([101, 18, 256])
----------------------------------------1
 Nvidia-smi: 18.2108154296875 GB
    Memory Allocated: 10.147750854492188  GigaBytes
Max Memory Allocated: 10.147943019866943  GigaBytes

----------------------------------------2
 Nvidia-smi: 18.2108154296875 GB
    Memory Allocated: 10.147750854492188  GigaBytes
Max Memory Allocated: 10.147943019866943  GigaBytes

 h.shape torch.Size([1, 101, 256]), torch.Size([1, 101, 256])
----------------------------------------3
 Nvidia-smi: 18.2108154296875 GB
    Memory Allocated: 10.147943496704102  GigaBytes
Max Memory Allocated: 10.147943496704102  GigaBytes

----------------------------------------4
 Nvidia-smi: 18.2342529296875 GB
    Memory Allocated: 10.172409057617188  GigaBytes
Max Memory Allocated: 10.174142837524414  GigaBytes

rst.shape  torch.Size([1, 101, 256])
m.shape torch.Size([108, 19, 256])
----------------------------------------1
 Nvidia-smi: 18.2342529296875 GB
    Memory Allocated: 10.174285411834717  GigaBytes
Max Memory Allocated: 10.174293518066406  GigaBytes

----------------------------------------2
 Nvidia-smi: 18.2342529296875 GB
    Memory Allocated: 10.174285411834717  GigaBytes
Max Memory Allocated: 10.174293518066406  GigaBytes

 h.shape torch.Size([1, 108, 256]), torch.Size([1, 108, 256])
----------------------------------------3
 Nvidia-smi: 18.2362060546875 GB
    Memory Allocated: 10.17449140548706  GigaBytes
Max Memory Allocated: 10.17449140548706  GigaBytes

----------------------------------------4
 Nvidia-smi: 18.2635498046875 GB
    Memory Allocated: 10.202094554901123  GigaBytes
Max Memory Allocated: 10.204051494598389  GigaBytes

rst.shape  torch.Size([1, 108, 256])
m.shape torch.Size([92, 20, 256])
----------------------------------------1
 Nvidia-smi: 18.2635498046875 GB
    Memory Allocated: 10.203760147094727  GigaBytes
Max Memory Allocated: 10.204051494598389  GigaBytes

----------------------------------------2
 Nvidia-smi: 18.2635498046875 GB
    Memory Allocated: 10.203760147094727  GigaBytes
Max Memory Allocated: 10.204051494598389  GigaBytes

 h.shape torch.Size([1, 92, 256]), torch.Size([1, 92, 256])
----------------------------------------3
 Nvidia-smi: 18.2635498046875 GB
    Memory Allocated: 10.203935623168945  GigaBytes
Max Memory Allocated: 10.204051494598389  GigaBytes

----------------------------------------4
 Nvidia-smi: 18.2889404296875 GB
    Memory Allocated: 10.228677749633789  GigaBytes
Max Memory Allocated: 10.230432510375977  GigaBytes

rst.shape  torch.Size([1, 92, 256])
m.shape torch.Size([94, 21, 256])
----------------------------------------1
 Nvidia-smi: 18.2889404296875 GB
    Memory Allocated: 10.23048734664917  GigaBytes
Max Memory Allocated: 10.230494976043701  GigaBytes

----------------------------------------2
 Nvidia-smi: 18.2889404296875 GB
    Memory Allocated: 10.23048734664917  GigaBytes
Max Memory Allocated: 10.230494976043701  GigaBytes

 h.shape torch.Size([1, 94, 256]), torch.Size([1, 94, 256])
----------------------------------------3
 Nvidia-smi: 18.2889404296875 GB
    Memory Allocated: 10.230666637420654  GigaBytes
Max Memory Allocated: 10.230666637420654  GigaBytes

----------------------------------------4
 Nvidia-smi: 18.3162841796875 GB
    Memory Allocated: 10.257201671600342  GigaBytes
Max Memory Allocated: 10.259084224700928  GigaBytes

rst.shape  torch.Size([1, 94, 256])
m.shape torch.Size([99, 22, 256])
----------------------------------------1
 Nvidia-smi: 18.3162841796875 GB
    Memory Allocated: 10.25920581817627  GigaBytes
Max Memory Allocated: 10.259214401245117  GigaBytes

----------------------------------------2
 Nvidia-smi: 18.3162841796875 GB
    Memory Allocated: 10.25920581817627  GigaBytes
Max Memory Allocated: 10.259214401245117  GigaBytes

 h.shape torch.Size([1, 99, 256]), torch.Size([1, 99, 256])
----------------------------------------3
 Nvidia-smi: 18.3162841796875 GB
    Memory Allocated: 10.259394645690918  GigaBytes
Max Memory Allocated: 10.259394645690918  GigaBytes

----------------------------------------4
 Nvidia-smi: 18.3455810546875 GB
    Memory Allocated: 10.288662910461426  GigaBytes
Max Memory Allocated: 10.290740013122559  GigaBytes

rst.shape  torch.Size([1, 99, 256])
m.shape torch.Size([88, 23, 256])
----------------------------------------1
 Nvidia-smi: 18.3455810546875 GB
    Memory Allocated: 10.29051399230957  GigaBytes
Max Memory Allocated: 10.290740013122559  GigaBytes

----------------------------------------2
 Nvidia-smi: 18.3455810546875 GB
    Memory Allocated: 10.29051399230957  GigaBytes
Max Memory Allocated: 10.290740013122559  GigaBytes

 h.shape torch.Size([1, 88, 256]), torch.Size([1, 88, 256])
----------------------------------------3
 Nvidia-smi: 18.3455810546875 GB
    Memory Allocated: 10.290681838989258  GigaBytes
Max Memory Allocated: 10.290740013122559  GigaBytes

----------------------------------------4
 Nvidia-smi: 18.3729248046875 GB
    Memory Allocated: 10.317873001098633  GigaBytes
Max Memory Allocated: 10.319803237915039  GigaBytes

rst.shape  torch.Size([1, 88, 256])
m.shape torch.Size([106, 24, 256])
----------------------------------------1
 Nvidia-smi: 18.3729248046875 GB
    Memory Allocated: 10.320977210998535  GigaBytes
Max Memory Allocated: 10.3209867477417  GigaBytes

----------------------------------------2
 Nvidia-smi: 18.3729248046875 GB
    Memory Allocated: 10.320977210998535  GigaBytes
Max Memory Allocated: 10.3209867477417  GigaBytes

 h.shape torch.Size([1, 106, 256]), torch.Size([1, 106, 256])
----------------------------------------3
 Nvidia-smi: 18.3729248046875 GB
    Memory Allocated: 10.321179389953613  GigaBytes
Max Memory Allocated: 10.321179389953613  GigaBytes

----------------------------------------4
 Nvidia-smi: 18.4080810546875 GB
    Memory Allocated: 10.355347633361816  GigaBytes
Max Memory Allocated: 10.357773780822754  GigaBytes

rst.shape  torch.Size([1, 106, 256])
m.shape torch.Size([22855, 25, 256])
----------------------------------------1
 Nvidia-smi: 18.9530029296875 GB
    Memory Allocated: 10.904425621032715  GigaBytes
Max Memory Allocated: 10.906554222106934  GigaBytes

----------------------------------------2
 Nvidia-smi: 18.9530029296875 GB
    Memory Allocated: 10.904425621032715  GigaBytes
Max Memory Allocated: 10.906554222106934  GigaBytes

 h.shape torch.Size([1, 22855, 256]), torch.Size([1, 22855, 256])
----------------------------------------3
 Nvidia-smi: 18.9530029296875 GB
    Memory Allocated: 10.948018074035645  GigaBytes
Max Memory Allocated: 10.948018074035645  GigaBytes

