main start at this time 1658804967.728153
-----------------------------------------before load data 
 Nvidia-smi: 0.1717529296875 GB
    Memory Allocated: 0.0  GigaBytes
Max Memory Allocated: 0.0  GigaBytes

  NumNodes: 19717
  NumEdges: 88651
  NumFeats: 500
  NumClasses: 3
  NumTrainingSamples: 60
  NumValidationSamples: 500
  NumTestSamples: 1000
Done loading data from cached files.
success----------------------------------------
60
500
19157
# Nodes: 19717
# Edges: 88648
# Train: 60
# Val: 500
# Test: 19157
# Classes: 3

----------------------------------------start of run function 
 Nvidia-smi: 0.1717529296875 GB
    Memory Allocated: 0.0  GigaBytes
Max Memory Allocated: 0.0  GigaBytes

in feats:  500
----------------------------------------before model to device 
 Nvidia-smi: 0.1717529296875 GB
    Memory Allocated: 0.0  GigaBytes
Max Memory Allocated: 0.0  GigaBytes

----------------------------------------after model to device
 Nvidia-smi: 1.0174560546875 GB
    Memory Allocated: 1.1444091796875e-05  GigaBytes
Max Memory Allocated: 1.1444091796875e-05  GigaBytes

----------------------------------------before generate dataloader block 
 Nvidia-smi: 1.0174560546875 GB
    Memory Allocated: 1.1444091796875e-05  GigaBytes
Max Memory Allocated: 1.1444091796875e-05  GigaBytes

-----------------------------------------after block dataloader generation 
 Nvidia-smi: 1.0174560546875 GB
    Memory Allocated: 1.1444091796875e-05  GigaBytes
Max Memory Allocated: 1.1444091796875e-05  GigaBytes

connection checking time:  0
block generation total time  0
average batch blocks generation time:  0
block dataloader generation time/epoch 0.0023491382598876953
pseudo mini batch 0 input nodes size: 203
----------------------------------------before load block subtensor 
 Nvidia-smi: 1.0174560546875 GB
    Memory Allocated: 1.1444091796875e-05  GigaBytes
Max Memory Allocated: 1.1444091796875e-05  GigaBytes

----------------------------------------before batch input features to device
 Nvidia-smi: 1.0174560546875 GB
    Memory Allocated: 1.1444091796875e-05  GigaBytes
Max Memory Allocated: 1.1444091796875e-05  GigaBytes

----------------------------------------after batch input features to device
 Nvidia-smi: 1.0174560546875 GB
    Memory Allocated: 0.0003895759582519531  GigaBytes
Max Memory Allocated: 0.0003895759582519531  GigaBytes

----------------------------------------after  batch labels to device
 Nvidia-smi: 1.0174560546875 GB
    Memory Allocated: 0.00039005279541015625  GigaBytes
Max Memory Allocated: 0.00039005279541015625  GigaBytes

----------------------------------------after load block subtensor  
 Nvidia-smi: 1.0174560546875 GB
    Memory Allocated: 0.00039005279541015625  GigaBytes
Max Memory Allocated: 0.00039005279541015625  GigaBytes

----------------------------------------after blocks to device 
 Nvidia-smi: 1.0819091796875 GB
    Memory Allocated: 0.00039196014404296875  GigaBytes
Max Memory Allocated: 0.00039196014404296875  GigaBytes

----------------------------------------before batch_pred = model(blocks, batch_inputs) 
 Nvidia-smi: 1.0819091796875 GB
    Memory Allocated: 0.00039196014404296875  GigaBytes
Max Memory Allocated: 0.00039196014404296875  GigaBytes

----------------input nodes number: 203
----------------output nodes number: 60
----------------edges number: 144
----------------------------------------before mean aggregator
 Nvidia-smi: 1.0819091796875 GB
    Memory Allocated: 0.0003943443298339844  GigaBytes
Max Memory Allocated: 0.0003952980041503906  GigaBytes

----------------------------------------graph.srcdata['h'] =  feat_src-------
 Nvidia-smi: 1.0819091796875 GB
    Memory Allocated: 0.0003943443298339844  GigaBytes
Max Memory Allocated: 0.0003952980041503906  GigaBytes

----------------------------------------graph.update_all(msg_fn, fn.mean('m', 'neigh'))-------
 Nvidia-smi: 1.2420654296875 GB
    Memory Allocated: 0.0005087852478027344  GigaBytes
Max Memory Allocated: 0.0006213188171386719  GigaBytes

----------------------------------------h_neigh = graph.dstdata['neigh']-------
 Nvidia-smi: 1.2420654296875 GB
    Memory Allocated: 0.0005087852478027344  GigaBytes
Max Memory Allocated: 0.0006213188171386719  GigaBytes

----------------------------------------after mean aggregator-------h_neigh = self.fc_neigh(h_neigh)-
 Nvidia-smi: 1.2420654296875 GB
    Memory Allocated: 0.0005097389221191406  GigaBytes
Max Memory Allocated: 0.0006213188171386719  GigaBytes

h_neigh size torch.Size([60, 3])
h_self size  torch.Size([60, 500])
----------------------------------------before rst
 Nvidia-smi: 1.2420654296875 GB
    Memory Allocated: 0.0005097389221191406  GigaBytes
Max Memory Allocated: 0.0006213188171386719  GigaBytes

torch.Size([60, 3])
----------------------------------------after rst (rst = self.fc_self(h_self) + h_neigh)
 Nvidia-smi: 1.2420654296875 GB
    Memory Allocated: 0.0005106925964355469  GigaBytes
Max Memory Allocated: 0.0006213188171386719  GigaBytes

----------------------------------------end of model layers  after x = self.layers[-1](blocks[-1], x)
 Nvidia-smi: 1.2420654296875 GB
    Memory Allocated: 0.0005097389221191406  GigaBytes
Max Memory Allocated: 0.0006213188171386719  GigaBytes

torch.Size([60, 3])
----------------------------------------- after batch_pred = model(blocks, batch_inputs) 
 Nvidia-smi: 1.2420654296875 GB
    Memory Allocated: 0.0005106925964355469  GigaBytes
Max Memory Allocated: 0.0006213188171386719  GigaBytes

-----------------------------------------after loss calculation
 Nvidia-smi: 1.2420654296875 GB
    Memory Allocated: 0.0005125999450683594  GigaBytes
Max Memory Allocated: 0.0006213188171386719  GigaBytes

-----------------------------------------after loss backward
 Nvidia-smi: 1.2420654296875 GB
    Memory Allocated: 0.0004100799560546875  GigaBytes
Max Memory Allocated: 0.0006213188171386719  GigaBytes

-----------------------------------------after optimizer step
 Nvidia-smi: 1.2420654296875 GB
    Memory Allocated: 0.0004329681396484375  GigaBytes
Max Memory Allocated: 0.0006213188171386719  GigaBytes

-----------------------------------------after optimizer zero grad
 Nvidia-smi: 1.2420654296875 GB
    Memory Allocated: 0.0004329681396484375  GigaBytes
Max Memory Allocated: 0.0006213188171386719  GigaBytes

times | data loading | block to device | model prediction | loss calculation | loss backward |  optimizer step |
      |0.0017168521881103516 |0.3473856449127197 |0.7761268615722656 |0.00032401084899902344 |0.0027780532836914062 |0.002545595169067383 |
----------------------------------------------------------pseudo_mini_loss sum 1.100356936454773
Total (block generation + training)time/epoch 1.1376557350158691
Training time/epoch 1.134918212890625
Training time without block to device /epoch 0.7875325679779053
Training time without total dataloading part /epoch 0.7817745208740234
load block tensor time/epoch 0.0017168521881103516
block to device time/epoch 0.3473856449127197
input features size transfer per epoch 1.341104507446289e-07
blocks size to device per epoch 8.940696716308594e-08
 Run 0| Epoch 0 |
Number of nodes for computation during this epoch:  203
Number of first layer input nodes during this epoch:  203
Number of first layer output nodes during this epoch:  60
GraphSAGE(
  (layers): ModuleList(
    (0): SAGEConv(
      (fc_self): Linear(in_features=500, out_features=3, bias=False)
      (fc_neigh): Linear(in_features=500, out_features=3, bias=False)
    )
  )
  (dropout): Dropout(p=0.5, inplace=False)
)
total model parameters size  3000
trainable parameters
layers.0.fc_self.weight, torch.Size([3, 500])
layers.0.fc_neigh.weight, torch.Size([3, 500])
----------------------------------------
un-trainable parameters
