main start at this time 1655787367.0919402
-----------------------------------------before load data 
 Nvidia-smi: 0.1717529296875 GB
    Memory Allocated: 0.0  GigaBytes
Max Memory Allocated: 0.0  GigaBytes

#nodes: 2449029
#edges: 123718024
#classes: 47
success----------------------------------------
196571
39255
2164782
# Nodes: 2400608
# Edges: 123718024
# Train: 196571
# Val: 39255
# Test: 2164782
# Classes: 47

----------------------------------------start of run function 
 Nvidia-smi: 0.1717529296875 GB
    Memory Allocated: 0.0  GigaBytes
Max Memory Allocated: 0.0  GigaBytes

in feats:  100
----------------------------------------before model to device 
 Nvidia-smi: 0.1717529296875 GB
    Memory Allocated: 0.0  GigaBytes
Max Memory Allocated: 0.0  GigaBytes

----------------------------------------after model to device
 Nvidia-smi: 1.0174560546875 GB
    Memory Allocated: 0.0002803802490234375  GigaBytes
Max Memory Allocated: 0.0002803802490234375  GigaBytes

step  0
----------------------------------------before batch input features to device
 Nvidia-smi: 1.0174560546875 GB
    Memory Allocated: 0.0002803802490234375  GigaBytes
Max Memory Allocated: 0.0002803802490234375  GigaBytes

----------------------------------------after batch input features to device
 Nvidia-smi: 1.6990966796875 GB
    Memory Allocated: 0.6819210052490234  GigaBytes
Max Memory Allocated: 0.6819210052490234  GigaBytes

<class 'torch.Tensor'>
----------------------------------------after  batch labels to device
 Nvidia-smi: 1.7186279296875 GB
    Memory Allocated: 0.6833858489990234  GigaBytes
Max Memory Allocated: 0.6833858489990234  GigaBytes

first layer input nodes number: 1828844
first layer output nodes number: 1205039
edges number: 11697067
torch.Size([1828844, 100])
torch.Size([1205039, 256])
torch.Size([196571, 47])
-----------------------------------------after optimizer zero grad
 Nvidia-smi: 9.6854248046875 GB
    Memory Allocated: 1.0321087837219238  GigaBytes
Max Memory Allocated: 6.364739418029785  GigaBytes

Total (block generation + training)time/epoch 24.47396945953369
* Pure training time/epoch 1.7093098163604736
Training time/epoch 1655787414.5745559
Training time without block to device /epoch 1655787414.150404
Training time without total dataloading part /epoch 0.8550252914428711
load block tensor time/epoch 0.4301326274871826
block to device time/epoch 0.4241518974304199
input features size transfer per epoch 0.0
blocks size to device per epoch 0.0
 Run 0| Epoch 0 |
Number of nodes for computation during this epoch:  0
Number of first layer input nodes during this epoch:  0
Number of first layer output nodes during this epoch:  0
GraphSAGE(
  (layers): ModuleList(
    (0): SAGEConv(
      (fc_self): Linear(in_features=100, out_features=256, bias=False)
      (fc_neigh): Linear(in_features=100, out_features=256, bias=False)
    )
    (1): SAGEConv(
      (fc_self): Linear(in_features=256, out_features=47, bias=False)
      (fc_neigh): Linear(in_features=256, out_features=47, bias=False)
    )
  )
  (dropout): Dropout(p=0.5, inplace=False)
)
total model parameters size  75264
trainable parameters
layers.0.fc_self.weight, torch.Size([256, 100])
layers.0.fc_neigh.weight, torch.Size([256, 100])
layers.1.fc_self.weight, torch.Size([47, 256])
layers.1.fc_neigh.weight, torch.Size([47, 256])
----------------------------------------
un-trainable parameters
