main start at this time 1655425076.0612373
-----------------------------------------before load data 
 Nvidia-smi: 0.1717529296875 GB
    Memory Allocated: 0.0  GigaBytes
Max Memory Allocated: 0.0  GigaBytes

#nodes: 2449029
#edges: 123718024
#classes: 47
success----------------------------------------
196571
39255
2164782
# Nodes: 2400608
# Edges: 123718024
# Train: 196571
# Val: 39255
# Test: 2164782
# Classes: 47

----------------------------------------start of run function 
 Nvidia-smi: 0.1717529296875 GB
    Memory Allocated: 0.0  GigaBytes
Max Memory Allocated: 0.0  GigaBytes

in feats:  100
----------------------------------------before model to device 
 Nvidia-smi: 0.1717529296875 GB
    Memory Allocated: 0.0  GigaBytes
Max Memory Allocated: 0.0  GigaBytes

----------------------------------------after model to device
 Nvidia-smi: 1.0174560546875 GB
    Memory Allocated: 0.0005636215209960938  GigaBytes
Max Memory Allocated: 0.0005636215209960938  GigaBytes

step  0
----------------------------------------before batch input features to device
 Nvidia-smi: 1.0174560546875 GB
    Memory Allocated: 0.0005636215209960938  GigaBytes
Max Memory Allocated: 0.0005636215209960938  GigaBytes

----------------------------------------after batch input features to device
 Nvidia-smi: 1.6385498046875 GB
    Memory Allocated: 0.6198511123657227  GigaBytes
Max Memory Allocated: 0.6198511123657227  GigaBytes

<class 'torch.Tensor'>
----------------------------------------after  batch labels to device
 Nvidia-smi: 1.6385498046875 GB
    Memory Allocated: 0.6205835342407227  GigaBytes
Max Memory Allocated: 0.6205835342407227  GigaBytes

first layer input nodes number: 1662387
first layer output nodes number: 916332
edges number: 8972460
torch.Size([1662387, 100])
torch.Size([916332, 256])
torch.Size([98285, 47])
-----------------------------------------after optimizer zero grad
 Nvidia-smi: 9.0037841796875 GB
    Memory Allocated: 0.8320975303649902  GigaBytes
Max Memory Allocated: 6.9009294509887695  GigaBytes

step  1
----------------------------------------before batch input features to device
 Nvidia-smi: 9.0037841796875 GB
    Memory Allocated: 0.6394839286804199  GigaBytes
Max Memory Allocated: 6.9009294509887695  GigaBytes

----------------------------------------after batch input features to device
 Nvidia-smi: 9.0037841796875 GB
    Memory Allocated: 1.2569756507873535  GigaBytes
Max Memory Allocated: 6.9009294509887695  GigaBytes

<class 'torch.Tensor'>
----------------------------------------after  batch labels to device
 Nvidia-smi: 9.0037841796875 GB
    Memory Allocated: 1.2577080726623535  GigaBytes
Max Memory Allocated: 6.9009294509887695  GigaBytes

first layer input nodes number: 1657566
first layer output nodes number: 913808
edges number: 8950828
torch.Size([1657566, 100])
torch.Size([913808, 256])
torch.Size([98285, 47])
-----------------------------------------after optimizer zero grad
 Nvidia-smi: 9.0037841796875 GB
    Memory Allocated: 0.8300509452819824  GigaBytes
Max Memory Allocated: 6.9009294509887695  GigaBytes

step  2
----------------------------------------before batch input features to device
 Nvidia-smi: 9.0037841796875 GB
    Memory Allocated: 0.637688159942627  GigaBytes
Max Memory Allocated: 6.9009294509887695  GigaBytes

----------------------------------------after batch input features to device
 Nvidia-smi: 9.0037841796875 GB
    Memory Allocated: 0.6377768516540527  GigaBytes
Max Memory Allocated: 6.9009294509887695  GigaBytes

<class 'torch.Tensor'>
----------------------------------------after  batch labels to device
 Nvidia-smi: 9.0037841796875 GB
    Memory Allocated: 0.6377773284912109  GigaBytes
Max Memory Allocated: 6.9009294509887695  GigaBytes

first layer input nodes number: 238
first layer output nodes number: 26
edges number: 260
torch.Size([238, 100])
torch.Size([26, 256])
torch.Size([1, 47])
-----------------------------------------after optimizer zero grad
 Nvidia-smi: 9.0037841796875 GB
    Memory Allocated: 0.0023555755615234375  GigaBytes
Max Memory Allocated: 6.9009294509887695  GigaBytes

Total (block generation + training)time/epoch 25.231197118759155
* Pure training time/epoch 1.8310434818267822
Training time/epoch 1655425123.732522
Training time without block to device /epoch 1655425123.2537637
Training time without total dataloading part /epoch 0.5559494495391846
load block tensor time/epoch 0.7963356971740723
block to device time/epoch 0.4787583351135254
input features size transfer per epoch 0.0
blocks size to device per epoch 0.0
 Run 0| Epoch 0 |
Number of nodes for computation during this epoch:  0
Number of first layer input nodes during this epoch:  0
Number of first layer output nodes during this epoch:  0
GraphSAGE(
  (layers): ModuleList(
    (0): SAGEConv(
      (fc_pool): Linear(in_features=100, out_features=100, bias=True)
      (fc_self): Linear(in_features=100, out_features=256, bias=False)
      (fc_neigh): Linear(in_features=100, out_features=256, bias=False)
    )
    (1): SAGEConv(
      (fc_pool): Linear(in_features=256, out_features=256, bias=True)
      (fc_self): Linear(in_features=256, out_features=47, bias=False)
      (fc_neigh): Linear(in_features=256, out_features=47, bias=False)
    )
  )
  (dropout): Dropout(p=0.5, inplace=False)
)
total model parameters size  151156
trainable parameters
layers.0.fc_pool.weight, torch.Size([100, 100])
layers.0.fc_pool.bias, torch.Size([100])
layers.0.fc_self.weight, torch.Size([256, 100])
layers.0.fc_neigh.weight, torch.Size([256, 100])
layers.1.fc_pool.weight, torch.Size([256, 256])
layers.1.fc_pool.bias, torch.Size([256])
layers.1.fc_self.weight, torch.Size([47, 256])
layers.1.fc_neigh.weight, torch.Size([47, 256])
----------------------------------------
un-trainable parameters
