main start at this time 1657101351.229212
-----------------------------------------before load data 
 Nvidia-smi: 0.1717529296875 GB
    Memory Allocated: 0.0  GigaBytes
Max Memory Allocated: 0.0  GigaBytes

  NumNodes: 19717
  NumEdges: 88651
  NumFeats: 500
  NumClasses: 3
  NumTrainingSamples: 60
  NumValidationSamples: 500
  NumTestSamples: 1000
Done loading data from cached files.
success----------------------------------------
60
500
19157
# Nodes: 19717
# Edges: 88648
# Train: 60
# Val: 500
# Test: 19157
# Classes: 3

----------------------------------------start of run function 
 Nvidia-smi: 0.1717529296875 GB
    Memory Allocated: 0.0  GigaBytes
Max Memory Allocated: 0.0  GigaBytes

in feats:  500
----------------------------------------before model to device 
 Nvidia-smi: 0.1717529296875 GB
    Memory Allocated: 0.0  GigaBytes
Max Memory Allocated: 0.0  GigaBytes

----------------------------------------after model to device
 Nvidia-smi: 1.0174560546875 GB
    Memory Allocated: 0.0019359588623046875  GigaBytes
Max Memory Allocated: 0.0019359588623046875  GigaBytes

----------------------------------------before generate dataloader block 
 Nvidia-smi: 1.0174560546875 GB
    Memory Allocated: 0.0019359588623046875  GigaBytes
Max Memory Allocated: 0.0019359588623046875  GigaBytes

-----------------------------------------after block dataloader generation 
 Nvidia-smi: 1.0174560546875 GB
    Memory Allocated: 0.0019359588623046875  GigaBytes
Max Memory Allocated: 0.0019359588623046875  GigaBytes

connection checking time:  0
block generation total time  0
average batch blocks generation time:  0
block dataloader generation time/epoch 0.005061149597167969
pseudo mini batch 0 input nodes size: 13599
----------------------------------------before load block subtensor 
 Nvidia-smi: 1.0174560546875 GB
    Memory Allocated: 0.0019359588623046875  GigaBytes
Max Memory Allocated: 0.0019359588623046875  GigaBytes

----------------------------------------before batch input features to device
 Nvidia-smi: 1.0174560546875 GB
    Memory Allocated: 0.0019359588623046875  GigaBytes
Max Memory Allocated: 0.0019359588623046875  GigaBytes

----------------------------------------after batch input features to device
 Nvidia-smi: 1.0428466796875 GB
    Memory Allocated: 0.027326583862304688  GigaBytes
Max Memory Allocated: 0.027326583862304688  GigaBytes

----------------------------------------after  batch labels to device
 Nvidia-smi: 1.0428466796875 GB
    Memory Allocated: 0.02732706069946289  GigaBytes
Max Memory Allocated: 0.02732706069946289  GigaBytes

----------------------------------------after load block subtensor  
 Nvidia-smi: 1.0428466796875 GB
    Memory Allocated: 0.02732706069946289  GigaBytes
Max Memory Allocated: 0.02732706069946289  GigaBytes

----------------------------------------after blocks to device 
 Nvidia-smi: 1.1092529296875 GB
    Memory Allocated: 0.027803897857666016  GigaBytes
Max Memory Allocated: 0.027803897857666016  GigaBytes

----------------------------------------before batch_pred = model(blocks, batch_inputs) 
 Nvidia-smi: 1.1092529296875 GB
    Memory Allocated: 0.027803897857666016  GigaBytes
Max Memory Allocated: 0.027803897857666016  GigaBytes

first layer input nodes number: 13599
first layer output nodes number: 7657
edges number: 39253
----------------------------------------before model layer 0
 Nvidia-smi: 1.1092529296875 GB
    Memory Allocated: 0.027962684631347656  GigaBytes
Max Memory Allocated: 0.028109073638916016  GigaBytes

torch.Size([13599, 500])
----------------------------------------before mean aggregator
 Nvidia-smi: 1.1092529296875 GB
    Memory Allocated: 0.027962684631347656  GigaBytes
Max Memory Allocated: 0.028109073638916016  GigaBytes

----------------------------------------after mean aggregator-------
 Nvidia-smi: 1.3162841796875 GB
    Memory Allocated: 0.04984903335571289  GigaBytes
Max Memory Allocated: 0.056838035583496094  GigaBytes

torch.Size([7657, 256])
torch.Size([7657, 256])
----------------------------------------after rst
 Nvidia-smi: 1.3358154296875 GB
    Memory Allocated: 0.05715131759643555  GigaBytes
Max Memory Allocated: 0.0644536018371582  GigaBytes

----------------------------------------after model layer 0 x = layer(block, x)
 Nvidia-smi: 1.3358154296875 GB
    Memory Allocated: 0.04984903335571289  GigaBytes
Max Memory Allocated: 0.0644536018371582  GigaBytes

torch.Size([7657, 256])
----------------------------------------after model layer 0 x = self.activation(x)
 Nvidia-smi: 1.3358154296875 GB
    Memory Allocated: 0.05715131759643555  GigaBytes
Max Memory Allocated: 0.0644536018371582  GigaBytes

----------------------------------------after model layer 0 x = self.dropout(x)
 Nvidia-smi: 1.3358154296875 GB
    Memory Allocated: 0.05897712707519531  GigaBytes
Max Memory Allocated: 0.06627941131591797  GigaBytes

input nodes number: 7657
output nodes number: 2472
edges number: 20599
----------------------------------------before model layer 1
 Nvidia-smi: 1.3358154296875 GB
    Memory Allocated: 0.05905294418334961  GigaBytes
Max Memory Allocated: 0.06627941131591797  GigaBytes

torch.Size([7657, 256])
----------------------------------------before mean aggregator
 Nvidia-smi: 1.3358154296875 GB
    Memory Allocated: 0.05905294418334961  GigaBytes
Max Memory Allocated: 0.06627941131591797  GigaBytes

----------------------------------------after mean aggregator-------
 Nvidia-smi: 1.3358154296875 GB
    Memory Allocated: 0.06468391418457031  GigaBytes
Max Memory Allocated: 0.06627941131591797  GigaBytes

torch.Size([2472, 256])
torch.Size([2472, 256])
----------------------------------------after rst
 Nvidia-smi: 1.3358154296875 GB
    Memory Allocated: 0.06727123260498047  GigaBytes
Max Memory Allocated: 0.06962871551513672  GigaBytes

----------------------------------------after model layer 1 x = layer(block, x)
 Nvidia-smi: 1.3358154296875 GB
    Memory Allocated: 0.06417036056518555  GigaBytes
Max Memory Allocated: 0.06962871551513672  GigaBytes

torch.Size([2472, 256])
----------------------------------------after model layer 1 x = self.activation(x)
 Nvidia-smi: 1.3358154296875 GB
    Memory Allocated: 0.0665278434753418  GigaBytes
Max Memory Allocated: 0.06962871551513672  GigaBytes

----------------------------------------after model layer 1 x = self.dropout(x)
 Nvidia-smi: 1.3358154296875 GB
    Memory Allocated: 0.06786060333251953  GigaBytes
Max Memory Allocated: 0.07021808624267578  GigaBytes

input nodes number: 2472
output nodes number: 354
edges number: 3610
----------------------------------------before model layer 2
 Nvidia-smi: 1.3358154296875 GB
    Memory Allocated: 0.06788206100463867  GigaBytes
Max Memory Allocated: 0.07021808624267578  GigaBytes

torch.Size([2472, 256])
----------------------------------------before mean aggregator
 Nvidia-smi: 1.3358154296875 GB
    Memory Allocated: 0.06788206100463867  GigaBytes
Max Memory Allocated: 0.07021808624267578  GigaBytes

----------------------------------------after mean aggregator-------
 Nvidia-smi: 1.3377685546875 GB
    Memory Allocated: 0.0685877799987793  GigaBytes
Max Memory Allocated: 0.07021808624267578  GigaBytes

torch.Size([354, 256])
torch.Size([354, 256])
----------------------------------------after rst
 Nvidia-smi: 1.3377685546875 GB
    Memory Allocated: 0.06892538070678711  GigaBytes
Max Memory Allocated: 0.07021808624267578  GigaBytes

----------------------------------------after model layer 2 x = layer(block, x)
 Nvidia-smi: 1.3377685546875 GB
    Memory Allocated: 0.0685877799987793  GigaBytes
Max Memory Allocated: 0.07021808624267578  GigaBytes

torch.Size([354, 256])
----------------------------------------after model layer 2 x = self.activation(x)
 Nvidia-smi: 1.3377685546875 GB
    Memory Allocated: 0.06892538070678711  GigaBytes
Max Memory Allocated: 0.07021808624267578  GigaBytes

----------------------------------------after model layer 2 x = self.dropout(x)
 Nvidia-smi: 1.3377685546875 GB
    Memory Allocated: 0.06900978088378906  GigaBytes
Max Memory Allocated: 0.07021808624267578  GigaBytes

----------------input nodes number: 354
----------------output nodes number: 60
----------------edges number: 297
----------------------------------------before mean aggregator
 Nvidia-smi: 1.3377685546875 GB
    Memory Allocated: 0.06901311874389648  GigaBytes
Max Memory Allocated: 0.07021808624267578  GigaBytes

----------------------------------------after mean aggregator-------
 Nvidia-smi: 1.3377685546875 GB
    Memory Allocated: 0.06907510757446289  GigaBytes
Max Memory Allocated: 0.07021808624267578  GigaBytes

torch.Size([60, 3])
torch.Size([60, 3])
----------------------------------------after rst
 Nvidia-smi: 1.3377685546875 GB
    Memory Allocated: 0.0690760612487793  GigaBytes
Max Memory Allocated: 0.07021808624267578  GigaBytes

----------------------------------------end of model layers  after x = self.layers[-1](blocks[-1], x)
 Nvidia-smi: 1.3377685546875 GB
    Memory Allocated: 0.06907510757446289  GigaBytes
Max Memory Allocated: 0.07021808624267578  GigaBytes

torch.Size([60, 3])
----------------------------------------- after batch_pred = model(blocks, batch_inputs) 
 Nvidia-smi: 1.3377685546875 GB
    Memory Allocated: 0.0690760612487793  GigaBytes
Max Memory Allocated: 0.07021808624267578  GigaBytes

-----------------------------------------after loss calculation
 Nvidia-smi: 1.3377685546875 GB
    Memory Allocated: 0.06907796859741211  GigaBytes
Max Memory Allocated: 0.07021808624267578  GigaBytes

-----------------------------------------after loss backward
 Nvidia-smi: 1.3455810546875 GB
    Memory Allocated: 0.03074169158935547  GigaBytes
Max Memory Allocated: 0.07508563995361328  GigaBytes

-----------------------------------------after optimizer step
 Nvidia-smi: 1.3514404296875 GB
    Memory Allocated: 0.034613609313964844  GigaBytes
Max Memory Allocated: 0.07508563995361328  GigaBytes

-----------------------------------------after optimizer zero grad
 Nvidia-smi: 1.3514404296875 GB
    Memory Allocated: 0.034613609313964844  GigaBytes
Max Memory Allocated: 0.07508563995361328  GigaBytes

times | data loading | block to device | model prediction | loss calculation | loss backward |  optimizer step |
      |0.012069463729858398 |0.35660266876220703 |0.7925078868865967 |0.00031685829162597656 |0.00823521614074707 |0.005450248718261719 |
----------------------------------------------------------pseudo_mini_loss sum 1.099589228630066
Total (block generation + training)time/epoch 1.1847872734069824
Training time/epoch 1.1793618202209473
Training time without block to device /epoch 0.8227591514587402
Training time without total dataloading part /epoch 0.8065102100372314
load block tensor time/epoch 0.012069463729858398
block to device time/epoch 0.35660266876220703
input features size transfer per epoch 1.341104507446289e-07
blocks size to device per epoch 1.1175870895385742e-07
 Run 0| Epoch 0 |
Number of nodes for computation during this epoch:  24082
Number of first layer input nodes during this epoch:  13599
Number of first layer output nodes during this epoch:  7657
GraphSAGE(
  (layers): ModuleList(
    (0): SAGEConv(
      (fc_self): Linear(in_features=500, out_features=256, bias=False)
      (fc_neigh): Linear(in_features=500, out_features=256, bias=False)
    )
    (1): SAGEConv(
      (fc_self): Linear(in_features=256, out_features=256, bias=False)
      (fc_neigh): Linear(in_features=256, out_features=256, bias=False)
    )
    (2): SAGEConv(
      (fc_self): Linear(in_features=256, out_features=256, bias=False)
      (fc_neigh): Linear(in_features=256, out_features=256, bias=False)
    )
    (3): SAGEConv(
      (fc_self): Linear(in_features=256, out_features=3, bias=False)
      (fc_neigh): Linear(in_features=256, out_features=3, bias=False)
    )
  )
  (dropout): Dropout(p=0.5, inplace=False)
)
total model parameters size  519680
trainable parameters
layers.0.fc_self.weight, torch.Size([256, 500])
layers.0.fc_neigh.weight, torch.Size([256, 500])
layers.1.fc_self.weight, torch.Size([256, 256])
layers.1.fc_neigh.weight, torch.Size([256, 256])
layers.2.fc_self.weight, torch.Size([256, 256])
layers.2.fc_neigh.weight, torch.Size([256, 256])
layers.3.fc_self.weight, torch.Size([3, 256])
layers.3.fc_neigh.weight, torch.Size([3, 256])
----------------------------------------
un-trainable parameters
