main start at this time 1661478573.8056464
-----------------------------------------before load data 
 Nvidia-smi: 6.2322998046875 GB
    Memory Allocated: 0.0  GigaBytes
Max Memory Allocated: 0.0  GigaBytes

#nodes: 2449029
#edges: 123718024
#classes: 47
success----------------------------------------
196571
39255
2164782
# Nodes: 2400608
# Edges: 123718024
# Train: 196571
# Val: 39255
# Test: 2164782
# Classes: 47

----------------------------------------start of run function 
 Nvidia-smi: 6.2322998046875 GB
    Memory Allocated: 0.0  GigaBytes
Max Memory Allocated: 0.0  GigaBytes

in feats:  100
----------------------------------------before model to device 
 Nvidia-smi: 6.2322998046875 GB
    Memory Allocated: 0.0  GigaBytes
Max Memory Allocated: 0.0  GigaBytes

----------------------------------------after model to device
 Nvidia-smi: 7.0799560546875 GB
    Memory Allocated: 0.0025434494018554688  GigaBytes
Max Memory Allocated: 0.0025434494018554688  GigaBytes

----------------------------------------before batch input features to device
 Nvidia-smi: 7.0799560546875 GB
    Memory Allocated: 0.0025434494018554688  GigaBytes
Max Memory Allocated: 0.0025434494018554688  GigaBytes

----------------------------------------after batch input features to device
 Nvidia-smi: 7.5291748046875 GB
    Memory Allocated: 0.45176219940185547  GigaBytes
Max Memory Allocated: 0.45176219940185547  GigaBytes

<class 'torch.Tensor'>
----------------------------------------after  batch labels to device
 Nvidia-smi: 7.5291748046875 GB
    Memory Allocated: 0.45194530487060547  GigaBytes
Max Memory Allocated: 0.45194530487060547  GigaBytes

first layer input nodes number: 1205186
first layer output nodes number: 404463
edges number: 3994633
torch.Size([1205186, 100])
