main start at this time 1657009124.0847814
-----------------------------------------before load data 
 Nvidia-smi: 0.1717529296875 GB
    Memory Allocated: 0.0  GigaBytes
Max Memory Allocated: 0.0  GigaBytes

#nodes: 2449029
#edges: 123718024
#classes: 47
success----------------------------------------
196571
39255
2164782
# Nodes: 2400608
# Edges: 123718024
# Train: 196571
# Val: 39255
# Test: 2164782
# Classes: 47

----------------------------------------start of run function 
 Nvidia-smi: 0.1717529296875 GB
    Memory Allocated: 0.0  GigaBytes
Max Memory Allocated: 0.0  GigaBytes

in feats:  100
----------------------------------------before model to device 
 Nvidia-smi: 0.1717529296875 GB
    Memory Allocated: 0.0  GigaBytes
Max Memory Allocated: 0.0  GigaBytes

----------------------------------------after model to device
 Nvidia-smi: 1.0174560546875 GB
    Memory Allocated: 3.528594970703125e-05  GigaBytes
Max Memory Allocated: 3.528594970703125e-05  GigaBytes

----------------------------------------before generate dataloader block 
 Nvidia-smi: 1.0174560546875 GB
    Memory Allocated: 3.528594970703125e-05  GigaBytes
Max Memory Allocated: 3.528594970703125e-05  GigaBytes

-----------------------------------------after block dataloader generation 
 Nvidia-smi: 1.0174560546875 GB
    Memory Allocated: 3.528594970703125e-05  GigaBytes
Max Memory Allocated: 3.528594970703125e-05  GigaBytes

connection checking time:  0
block generation total time  0
average batch blocks generation time:  0
block dataloader generation time/epoch 0.08808517456054688
pseudo mini batch 0 input nodes size: 849440
----------------------------------------before load block subtensor 
 Nvidia-smi: 1.0174560546875 GB
    Memory Allocated: 3.528594970703125e-05  GigaBytes
Max Memory Allocated: 3.528594970703125e-05  GigaBytes

----------------------------------------before batch input features to device
 Nvidia-smi: 1.0174560546875 GB
    Memory Allocated: 3.528594970703125e-05  GigaBytes
Max Memory Allocated: 3.528594970703125e-05  GigaBytes

----------------------------------------after batch input features to device
 Nvidia-smi: 1.3358154296875 GB
    Memory Allocated: 0.31647634506225586  GigaBytes
Max Memory Allocated: 0.31647634506225586  GigaBytes

----------------------------------------after  batch labels to device
 Nvidia-smi: 1.3358154296875 GB
    Memory Allocated: 0.31839466094970703  GigaBytes
Max Memory Allocated: 0.31839466094970703  GigaBytes

----------------------------------------after load block subtensor  
 Nvidia-smi: 1.3358154296875 GB
    Memory Allocated: 0.31839466094970703  GigaBytes
Max Memory Allocated: 0.31839466094970703  GigaBytes

----------------------------------------after blocks to device 
 Nvidia-smi: 1.4197998046875 GB
    Memory Allocated: 0.332916259765625  GigaBytes
Max Memory Allocated: 0.332916259765625  GigaBytes

----------------------------------------before batch_pred = model(blocks, batch_inputs) 
 Nvidia-smi: 1.4197998046875 GB
    Memory Allocated: 0.332916259765625  GigaBytes
Max Memory Allocated: 0.332916259765625  GigaBytes

----------------------------------------after rst
 Nvidia-smi: 1.9334716796875 GB
    Memory Allocated: 0.49097299575805664  GigaBytes
Max Memory Allocated: 0.525390625  GigaBytes

----------------------------------------end of model layers  after x = self.layers[-1](blocks[-1], x)
 Nvidia-smi: 1.9334716796875 GB
    Memory Allocated: 0.4565553665161133  GigaBytes
Max Memory Allocated: 0.525390625  GigaBytes

torch.Size([196571, 47])
input nodes number: 849440
output nodes number: 196571
edges number: 1949041
-----------------------------------------batch_pred = model(blocks, batch_inputs) 
 Nvidia-smi: 1.9334716796875 GB
    Memory Allocated: 0.4996986389160156  GigaBytes
Max Memory Allocated: 0.525390625  GigaBytes

-----------------------------------------after loss calculation
 Nvidia-smi: 1.9334716796875 GB
    Memory Allocated: 0.5341172218322754  GigaBytes
Max Memory Allocated: 0.5341176986694336  GigaBytes

-----------------------------------------after loss backward
 Nvidia-smi: 2.0037841796875 GB
    Memory Allocated: 0.39134979248046875  GigaBytes
Max Memory Allocated: 0.6044297218322754  GigaBytes

-----------------------------------------after optimizer step
 Nvidia-smi: 2.0037841796875 GB
    Memory Allocated: 0.3914203643798828  GigaBytes
Max Memory Allocated: 0.6044297218322754  GigaBytes

-----------------------------------------after optimizer zero grad
 Nvidia-smi: 2.0037841796875 GB
    Memory Allocated: 0.3914203643798828  GigaBytes
Max Memory Allocated: 0.6044297218322754  GigaBytes

times | data loading | block to device | model prediction | loss calculation | loss backward |  optimizer step |
      |0.19930720329284668 |0.33879852294921875 |0.776461124420166 |0.0002655982971191406 |0.008767366409301758 |0.0020356178283691406 |
----------------------------------------------------------pseudo_mini_loss sum 5.12290096282959
Total (block generation + training)time/epoch 1.4185535907745361
Training time/epoch 1.3301429748535156
Training time without block to device /epoch 0.9913444519042969
Training time without total dataloading part /epoch 0.787529706954956
load block tensor time/epoch 0.19930720329284668
block to device time/epoch 0.33879852294921875
input features size transfer per epoch 1.341104507446289e-07
blocks size to device per epoch 8.940696716308594e-08
 Run 0| Epoch 0 |
Number of nodes for computation during this epoch:  849440
Number of first layer input nodes during this epoch:  849440
Number of first layer output nodes during this epoch:  196571
GraphSAGE(
  (layers): ModuleList(
    (0): SAGEConv(
      (fc_self): Linear(in_features=100, out_features=47, bias=False)
      (fc_neigh): Linear(in_features=100, out_features=47, bias=False)
    )
  )
  (dropout): Dropout(p=0.5, inplace=False)
)
total model parameters size  9400
trainable parameters
layers.0.fc_self.weight, torch.Size([47, 100])
layers.0.fc_neigh.weight, torch.Size([47, 100])
----------------------------------------
un-trainable parameters
