main start at this time 1658522668.5413935
-----------------------------------------before load data 
 Nvidia-smi: 0.1717529296875 GB
    Memory Allocated: 0.0  GigaBytes
Max Memory Allocated: 0.0  GigaBytes

#nodes: 2449029
#edges: 123718024
#classes: 47
success----------------------------------------
196571
39255
2164782
# Nodes: 2400608
# Edges: 123718024
# Train: 196571
# Val: 39255
# Test: 2164782
# Classes: 47

----------------------------------------start of run function 
 Nvidia-smi: 0.1717529296875 GB
    Memory Allocated: 0.0  GigaBytes
Max Memory Allocated: 0.0  GigaBytes

in feats:  100
----------------------------------------before model to device 
 Nvidia-smi: 0.1717529296875 GB
    Memory Allocated: 0.0  GigaBytes
Max Memory Allocated: 0.0  GigaBytes

----------------------------------------after model to device
 Nvidia-smi: 1.0174560546875 GB
    Memory Allocated: 7.343292236328125e-05  GigaBytes
Max Memory Allocated: 7.343292236328125e-05  GigaBytes

----------------------------------------before generate dataloader block 
 Nvidia-smi: 1.0174560546875 GB
    Memory Allocated: 7.343292236328125e-05  GigaBytes
Max Memory Allocated: 7.343292236328125e-05  GigaBytes

-----------------------------------------after block dataloader generation 
 Nvidia-smi: 1.0174560546875 GB
    Memory Allocated: 7.343292236328125e-05  GigaBytes
Max Memory Allocated: 7.343292236328125e-05  GigaBytes

connection checking time:  0
block generation total time  0
average batch blocks generation time:  0
block dataloader generation time/epoch 0.16613459587097168
pseudo mini batch 0 input nodes size: 1119161
----------------------------------------before load block subtensor 
 Nvidia-smi: 1.0174560546875 GB
    Memory Allocated: 7.343292236328125e-05  GigaBytes
Max Memory Allocated: 7.343292236328125e-05  GigaBytes

----------------------------------------before batch input features to device
 Nvidia-smi: 1.0174560546875 GB
    Memory Allocated: 7.343292236328125e-05  GigaBytes
Max Memory Allocated: 7.343292236328125e-05  GigaBytes

----------------------------------------after batch input features to device
 Nvidia-smi: 1.4354248046875 GB
    Memory Allocated: 0.4169936180114746  GigaBytes
Max Memory Allocated: 0.4169936180114746  GigaBytes

----------------------------------------after  batch labels to device
 Nvidia-smi: 1.4549560546875 GB
    Memory Allocated: 0.4184584617614746  GigaBytes
Max Memory Allocated: 0.4184584617614746  GigaBytes

----------------------------------------after load block subtensor  
 Nvidia-smi: 1.4549560546875 GB
    Memory Allocated: 0.4184584617614746  GigaBytes
Max Memory Allocated: 0.4184584617614746  GigaBytes

----------------------------------------after blocks to device 
 Nvidia-smi: 1.5350341796875 GB
    Memory Allocated: 0.44707441329956055  GigaBytes
Max Memory Allocated: 0.44707441329956055  GigaBytes

----------------------------------------before batch_pred = model(blocks, batch_inputs) 
 Nvidia-smi: 1.5350341796875 GB
    Memory Allocated: 0.44707441329956055  GigaBytes
Max Memory Allocated: 0.44707441329956055  GigaBytes

----------------input nodes number: 1119161
----------------output nodes number: 196571
----------------edges number: 3840695
----------------------------------------start pool aggregator-------
 Nvidia-smi: 1.5701904296875 GB
    Memory Allocated: 0.4568777084350586  GigaBytes
Max Memory Allocated: 0.47118568420410156  GigaBytes

----------------------------------------self.fc_pool(feat_src)
 Nvidia-smi: 1.9901123046875 GB
    Memory Allocated: 0.8737978935241699  GigaBytes
Max Memory Allocated: 0.8737978935241699  GigaBytes

----------------------------------------F.relu(tmp)
 Nvidia-smi: 2.4080810546875 GB
    Memory Allocated: 1.2907180786132812  GigaBytes
Max Memory Allocated: 1.2907180786132812  GigaBytes

----------------------------------------graph.srcdata['h'] = tmp2
 Nvidia-smi: 2.4080810546875 GB
    Memory Allocated: 1.2907180786132812  GigaBytes
Max Memory Allocated: 1.2907180786132812  GigaBytes

----------------------------------------graph.update_all(msg_fn, fn.max('m', 'neigh'))
 Nvidia-smi: 2.8651123046875 GB
    Memory Allocated: 1.4848313331604004  GigaBytes
Max Memory Allocated: 1.5580601692199707  GigaBytes

----------------------------------------h_neigh = self.fc_neigh(graph.dstdata['neigh'])
 Nvidia-smi: 2.8651123046875 GB
    Memory Allocated: 1.5192489624023438  GigaBytes
Max Memory Allocated: 1.5580601692199707  GigaBytes

h_self size  torch.Size([196571, 100])
----------------------------------------before rst
 Nvidia-smi: 2.8651123046875 GB
    Memory Allocated: 1.5192489624023438  GigaBytes
Max Memory Allocated: 1.5580601692199707  GigaBytes

torch.Size([196571, 47])
----------------------------------------after rst (rst = self.fc_self(h_self) + h_neigh)
 Nvidia-smi: 2.9002685546875 GB
    Memory Allocated: 1.5544052124023438  GigaBytes
Max Memory Allocated: 1.588822841644287  GigaBytes

----------------------------------------end of model layers  after x = self.layers[-1](blocks[-1], x)
 Nvidia-smi: 2.9002685546875 GB
    Memory Allocated: 1.103067398071289  GigaBytes
Max Memory Allocated: 1.588822841644287  GigaBytes

torch.Size([196571, 47])
----------------------------------------- after batch_pred = model(blocks, batch_inputs) 
 Nvidia-smi: 2.9002685546875 GB
    Memory Allocated: 1.1374850273132324  GigaBytes
Max Memory Allocated: 1.588822841644287  GigaBytes

-----------------------------------------after loss calculation
 Nvidia-smi: 2.9002685546875 GB
    Memory Allocated: 1.1719036102294922  GigaBytes
Max Memory Allocated: 1.588822841644287  GigaBytes

-----------------------------------------after loss backward
 Nvidia-smi: 3.4647216796875 GB
    Memory Allocated: 0.5207180976867676  GigaBytes
Max Memory Allocated: 1.7714405059814453  GigaBytes

-----------------------------------------after optimizer step
 Nvidia-smi: 3.4647216796875 GB
    Memory Allocated: 0.5208649635314941  GigaBytes
Max Memory Allocated: 1.7714405059814453  GigaBytes

-----------------------------------------after optimizer zero grad
 Nvidia-smi: 3.4647216796875 GB
    Memory Allocated: 0.5208649635314941  GigaBytes
Max Memory Allocated: 1.7714405059814453  GigaBytes

times | data loading | block to device | model prediction | loss calculation | loss backward |  optimizer step |
      |0.25420165061950684 |0.33814573287963867 |0.46627020835876465 |0.0003371238708496094 |0.015149831771850586 |0.002713918685913086 |
----------------------------------------------------------pseudo_mini_loss sum 10.36184024810791
Total (block generation + training)time/epoch 1.2587707042694092
Training time/epoch 1.0923442840576172
Training time without block to device /epoch 0.7541985511779785
Training time without total dataloading part /epoch 0.48447108268737793
load block tensor time/epoch 0.25420165061950684
block to device time/epoch 0.33814573287963867
input features size transfer per epoch 1.341104507446289e-07
blocks size to device per epoch 8.940696716308594e-08
 Run 0| Epoch 0 |
Number of nodes for computation during this epoch:  1119161
Number of first layer input nodes during this epoch:  1119161
Number of first layer output nodes during this epoch:  196571
GraphSAGE(
  (layers): ModuleList(
    (0): SAGEConv(
      (fc_pool): Linear(in_features=100, out_features=100, bias=True)
      (fc_self): Linear(in_features=100, out_features=47, bias=False)
      (fc_neigh): Linear(in_features=100, out_features=47, bias=False)
    )
  )
  (dropout): Dropout(p=0.5, inplace=False)
)
total model parameters size  19500
trainable parameters
layers.0.fc_pool.weight, torch.Size([100, 100])
layers.0.fc_pool.bias, torch.Size([100])
layers.0.fc_self.weight, torch.Size([47, 100])
layers.0.fc_neigh.weight, torch.Size([47, 100])
----------------------------------------
un-trainable parameters
