main start at this time 1658522616.160824
-----------------------------------------before load data 
 Nvidia-smi: 0.1717529296875 GB
    Memory Allocated: 0.0  GigaBytes
Max Memory Allocated: 0.0  GigaBytes

#nodes: 2449029
#edges: 123718024
#classes: 47
success----------------------------------------
196571
39255
2164782
# Nodes: 2400608
# Edges: 123718024
# Train: 196571
# Val: 39255
# Test: 2164782
# Classes: 47

----------------------------------------start of run function 
 Nvidia-smi: 0.1717529296875 GB
    Memory Allocated: 0.0  GigaBytes
Max Memory Allocated: 0.0  GigaBytes

in feats:  100
----------------------------------------before model to device 
 Nvidia-smi: 0.1717529296875 GB
    Memory Allocated: 0.0  GigaBytes
Max Memory Allocated: 0.0  GigaBytes

----------------------------------------after model to device
 Nvidia-smi: 1.0174560546875 GB
    Memory Allocated: 7.343292236328125e-05  GigaBytes
Max Memory Allocated: 7.343292236328125e-05  GigaBytes

----------------------------------------before generate dataloader block 
 Nvidia-smi: 1.0174560546875 GB
    Memory Allocated: 7.343292236328125e-05  GigaBytes
Max Memory Allocated: 7.343292236328125e-05  GigaBytes

-----------------------------------------after block dataloader generation 
 Nvidia-smi: 1.0174560546875 GB
    Memory Allocated: 7.343292236328125e-05  GigaBytes
Max Memory Allocated: 7.343292236328125e-05  GigaBytes

connection checking time:  0
block generation total time  0
average batch blocks generation time:  0
block dataloader generation time/epoch 0.1152184009552002
pseudo mini batch 0 input nodes size: 949898
----------------------------------------before load block subtensor 
 Nvidia-smi: 1.0174560546875 GB
    Memory Allocated: 7.343292236328125e-05  GigaBytes
Max Memory Allocated: 7.343292236328125e-05  GigaBytes

----------------------------------------before batch input features to device
 Nvidia-smi: 1.0174560546875 GB
    Memory Allocated: 7.343292236328125e-05  GigaBytes
Max Memory Allocated: 7.343292236328125e-05  GigaBytes

----------------------------------------after batch input features to device
 Nvidia-smi: 1.3729248046875 GB
    Memory Allocated: 0.35393810272216797  GigaBytes
Max Memory Allocated: 0.35393810272216797  GigaBytes

----------------------------------------after  batch labels to device
 Nvidia-smi: 1.3729248046875 GB
    Memory Allocated: 0.3555421829223633  GigaBytes
Max Memory Allocated: 0.3555421829223633  GigaBytes

----------------------------------------after load block subtensor  
 Nvidia-smi: 1.3729248046875 GB
    Memory Allocated: 0.3555421829223633  GigaBytes
Max Memory Allocated: 0.3555421829223633  GigaBytes

----------------------------------------after blocks to device 
 Nvidia-smi: 1.4569091796875 GB
    Memory Allocated: 0.3750734329223633  GigaBytes
Max Memory Allocated: 0.3750734329223633  GigaBytes

----------------------------------------before batch_pred = model(blocks, batch_inputs) 
 Nvidia-smi: 1.4569091796875 GB
    Memory Allocated: 0.3750734329223633  GigaBytes
Max Memory Allocated: 0.3750734329223633  GigaBytes

----------------input nodes number: 949898
----------------output nodes number: 196571
----------------edges number: 2523117
----------------------------------------start pool aggregator-------
 Nvidia-smi: 1.4764404296875 GB
    Memory Allocated: 0.38361597061157227  GigaBytes
Max Memory Allocated: 0.39301538467407227  GigaBytes

----------------------------------------self.fc_pool(feat_src)
 Nvidia-smi: 1.8338623046875 GB
    Memory Allocated: 0.737480640411377  GigaBytes
Max Memory Allocated: 0.737480640411377  GigaBytes

----------------------------------------F.relu(tmp)
 Nvidia-smi: 2.1893310546875 GB
    Memory Allocated: 1.0913453102111816  GigaBytes
Max Memory Allocated: 1.0913453102111816  GigaBytes

----------------------------------------graph.srcdata['h'] = tmp2
 Nvidia-smi: 2.1893310546875 GB
    Memory Allocated: 1.0913453102111816  GigaBytes
Max Memory Allocated: 1.0913453102111816  GigaBytes

----------------------------------------graph.update_all(msg_fn, fn.max('m', 'neigh'))
 Nvidia-smi: 2.5994873046875 GB
    Memory Allocated: 1.2756414413452148  GigaBytes
Max Memory Allocated: 1.3488702774047852  GigaBytes

----------------------------------------h_neigh = self.fc_neigh(graph.dstdata['neigh'])
 Nvidia-smi: 2.5994873046875 GB
    Memory Allocated: 1.3100590705871582  GigaBytes
Max Memory Allocated: 1.3488702774047852  GigaBytes

h_self size  torch.Size([196571, 100])
----------------------------------------before rst
 Nvidia-smi: 2.5994873046875 GB
    Memory Allocated: 1.3100590705871582  GigaBytes
Max Memory Allocated: 1.3488702774047852  GigaBytes

torch.Size([196571, 47])
----------------------------------------after rst (rst = self.fc_self(h_self) + h_neigh)
 Nvidia-smi: 2.6346435546875 GB
    Memory Allocated: 1.3452153205871582  GigaBytes
Max Memory Allocated: 1.3796329498291016  GigaBytes

----------------------------------------end of model layers  after x = self.layers[-1](blocks[-1], x)
 Nvidia-smi: 2.6346435546875 GB
    Memory Allocated: 0.9569330215454102  GigaBytes
Max Memory Allocated: 1.3796329498291016  GigaBytes

torch.Size([196571, 47])
----------------------------------------- after batch_pred = model(blocks, batch_inputs) 
 Nvidia-smi: 2.6346435546875 GB
    Memory Allocated: 0.9913506507873535  GigaBytes
Max Memory Allocated: 1.3796329498291016  GigaBytes

-----------------------------------------after loss calculation
 Nvidia-smi: 2.6346435546875 GB
    Memory Allocated: 1.0257692337036133  GigaBytes
Max Memory Allocated: 1.3796329498291016  GigaBytes

-----------------------------------------after loss backward
 Nvidia-smi: 3.1365966796875 GB
    Memory Allocated: 0.4376392364501953  GigaBytes
Max Memory Allocated: 1.4991950988769531  GigaBytes

-----------------------------------------after optimizer step
 Nvidia-smi: 3.1365966796875 GB
    Memory Allocated: 0.4377861022949219  GigaBytes
Max Memory Allocated: 1.4991950988769531  GigaBytes

-----------------------------------------after optimizer zero grad
 Nvidia-smi: 3.1365966796875 GB
    Memory Allocated: 0.4377861022949219  GigaBytes
Max Memory Allocated: 1.4991950988769531  GigaBytes

times | data loading | block to device | model prediction | loss calculation | loss backward |  optimizer step |
      |0.15999412536621094 |0.32664942741394043 |0.4746530055999756 |0.0003082752227783203 |0.013373374938964844 |0.002780437469482422 |
----------------------------------------------------------pseudo_mini_loss sum 9.180158615112305
Total (block generation + training)time/epoch 1.1059777736663818
Training time/epoch 0.9904532432556152
Training time without block to device /epoch 0.6638038158416748
Training time without total dataloading part /epoch 0.49111509323120117
load block tensor time/epoch 0.15999412536621094
block to device time/epoch 0.32664942741394043
input features size transfer per epoch 1.341104507446289e-07
blocks size to device per epoch 8.940696716308594e-08
 Run 0| Epoch 0 |
Number of nodes for computation during this epoch:  949898
Number of first layer input nodes during this epoch:  949898
Number of first layer output nodes during this epoch:  196571
GraphSAGE(
  (layers): ModuleList(
    (0): SAGEConv(
      (fc_pool): Linear(in_features=100, out_features=100, bias=True)
      (fc_self): Linear(in_features=100, out_features=47, bias=False)
      (fc_neigh): Linear(in_features=100, out_features=47, bias=False)
    )
  )
  (dropout): Dropout(p=0.5, inplace=False)
)
total model parameters size  19500
trainable parameters
layers.0.fc_pool.weight, torch.Size([100, 100])
layers.0.fc_pool.bias, torch.Size([100])
layers.0.fc_self.weight, torch.Size([47, 100])
layers.0.fc_neigh.weight, torch.Size([47, 100])
----------------------------------------
un-trainable parameters
