main start at this time 1658522777.0437732
-----------------------------------------before load data 
 Nvidia-smi: 0.1717529296875 GB
    Memory Allocated: 0.0  GigaBytes
Max Memory Allocated: 0.0  GigaBytes

#nodes: 2449029
#edges: 123718024
#classes: 47
success----------------------------------------
196571
39255
2164782
# Nodes: 2400608
# Edges: 123718024
# Train: 196571
# Val: 39255
# Test: 2164782
# Classes: 47

----------------------------------------start of run function 
 Nvidia-smi: 0.1717529296875 GB
    Memory Allocated: 0.0  GigaBytes
Max Memory Allocated: 0.0  GigaBytes

in feats:  100
----------------------------------------before model to device 
 Nvidia-smi: 0.1717529296875 GB
    Memory Allocated: 0.0  GigaBytes
Max Memory Allocated: 0.0  GigaBytes

----------------------------------------after model to device
 Nvidia-smi: 1.0174560546875 GB
    Memory Allocated: 7.343292236328125e-05  GigaBytes
Max Memory Allocated: 7.343292236328125e-05  GigaBytes

----------------------------------------before generate dataloader block 
 Nvidia-smi: 1.0174560546875 GB
    Memory Allocated: 7.343292236328125e-05  GigaBytes
Max Memory Allocated: 7.343292236328125e-05  GigaBytes

-----------------------------------------after block dataloader generation 
 Nvidia-smi: 1.0174560546875 GB
    Memory Allocated: 7.343292236328125e-05  GigaBytes
Max Memory Allocated: 7.343292236328125e-05  GigaBytes

connection checking time:  0
block generation total time  0
average batch blocks generation time:  0
block dataloader generation time/epoch 0.42791223526000977
pseudo mini batch 0 input nodes size: 1452957
----------------------------------------before load block subtensor 
 Nvidia-smi: 1.0174560546875 GB
    Memory Allocated: 7.343292236328125e-05  GigaBytes
Max Memory Allocated: 7.343292236328125e-05  GigaBytes

----------------------------------------before batch input features to device
 Nvidia-smi: 1.0174560546875 GB
    Memory Allocated: 7.343292236328125e-05  GigaBytes
Max Memory Allocated: 7.343292236328125e-05  GigaBytes

----------------------------------------after batch input features to device
 Nvidia-smi: 1.5604248046875 GB
    Memory Allocated: 0.5413422584533691  GigaBytes
Max Memory Allocated: 0.5413422584533691  GigaBytes

----------------------------------------after  batch labels to device
 Nvidia-smi: 1.5604248046875 GB
    Memory Allocated: 0.5430421829223633  GigaBytes
Max Memory Allocated: 0.5430421829223633  GigaBytes

----------------------------------------after load block subtensor  
 Nvidia-smi: 1.5604248046875 GB
    Memory Allocated: 0.5430421829223633  GigaBytes
Max Memory Allocated: 0.5430421829223633  GigaBytes

----------------------------------------after blocks to device 
 Nvidia-smi: 1.6951904296875 GB
    Memory Allocated: 0.6109066009521484  GigaBytes
Max Memory Allocated: 0.6109066009521484  GigaBytes

----------------------------------------before batch_pred = model(blocks, batch_inputs) 
 Nvidia-smi: 1.6951904296875 GB
    Memory Allocated: 0.6109066009521484  GigaBytes
Max Memory Allocated: 0.6109066009521484  GigaBytes

----------------input nodes number: 1452957
----------------output nodes number: 196571
----------------edges number: 9108566
----------------------------------------start pool aggregator-------
 Nvidia-smi: 1.7615966796875 GB
    Memory Allocated: 0.6240901947021484  GigaBytes
Max Memory Allocated: 0.658022403717041  GigaBytes

----------------------------------------self.fc_pool(feat_src)
 Nvidia-smi: 2.3065185546875 GB
    Memory Allocated: 1.1653590202331543  GigaBytes
Max Memory Allocated: 1.1653590202331543  GigaBytes

----------------------------------------F.relu(tmp)
 Nvidia-smi: 2.8494873046875 GB
    Memory Allocated: 1.7066278457641602  GigaBytes
Max Memory Allocated: 1.7066278457641602  GigaBytes

----------------------------------------graph.srcdata['h'] = tmp2
 Nvidia-smi: 2.8494873046875 GB
    Memory Allocated: 1.7066278457641602  GigaBytes
Max Memory Allocated: 1.7066278457641602  GigaBytes

----------------------------------------graph.update_all(msg_fn, fn.max('m', 'neigh'))
 Nvidia-smi: 3.4822998046875 GB
    Memory Allocated: 1.9399895668029785  GigaBytes
Max Memory Allocated: 2.0916008949279785  GigaBytes

----------------------------------------h_neigh = self.fc_neigh(graph.dstdata['neigh'])
 Nvidia-smi: 3.4822998046875 GB
    Memory Allocated: 1.9744071960449219  GigaBytes
Max Memory Allocated: 2.0916008949279785  GigaBytes

h_self size  torch.Size([196571, 100])
----------------------------------------before rst
 Nvidia-smi: 3.4822998046875 GB
    Memory Allocated: 1.9744071960449219  GigaBytes
Max Memory Allocated: 2.0916008949279785  GigaBytes

torch.Size([196571, 47])
----------------------------------------after rst (rst = self.fc_self(h_self) + h_neigh)
 Nvidia-smi: 3.4822998046875 GB
    Memory Allocated: 2.0088248252868652  GigaBytes
Max Memory Allocated: 2.0916008949279785  GigaBytes

----------------------------------------end of model layers  after x = self.layers[-1](blocks[-1], x)
 Nvidia-smi: 3.4822998046875 GB
    Memory Allocated: 1.433138370513916  GigaBytes
Max Memory Allocated: 2.0916008949279785  GigaBytes

torch.Size([196571, 47])
----------------------------------------- after batch_pred = model(blocks, batch_inputs) 
 Nvidia-smi: 3.4822998046875 GB
    Memory Allocated: 1.4675559997558594  GigaBytes
Max Memory Allocated: 2.0916008949279785  GigaBytes

-----------------------------------------after loss calculation
 Nvidia-smi: 3.4822998046875 GB
    Memory Allocated: 1.5019745826721191  GigaBytes
Max Memory Allocated: 2.0916008949279785  GigaBytes

-----------------------------------------after loss backward
 Nvidia-smi: 4.1717529296875 GB
    Memory Allocated: 0.7271790504455566  GigaBytes
Max Memory Allocated: 2.350947380065918  GigaBytes

-----------------------------------------after optimizer step
 Nvidia-smi: 4.1717529296875 GB
    Memory Allocated: 0.7273259162902832  GigaBytes
Max Memory Allocated: 2.350947380065918  GigaBytes

-----------------------------------------after optimizer zero grad
 Nvidia-smi: 4.1717529296875 GB
    Memory Allocated: 0.7273259162902832  GigaBytes
Max Memory Allocated: 2.350947380065918  GigaBytes

times | data loading | block to device | model prediction | loss calculation | loss backward |  optimizer step |
      |0.2961254119873047 |0.40219926834106445 |0.48338913917541504 |0.0003399848937988281 |0.02131485939025879 |0.002764463424682617 |
----------------------------------------------------------pseudo_mini_loss sum 13.463644027709961
Total (block generation + training)time/epoch 1.655266523361206
Training time/epoch 1.2269856929779053
Training time without block to device /epoch 0.8247864246368408
Training time without total dataloading part /epoch 0.5078084468841553
load block tensor time/epoch 0.2961254119873047
block to device time/epoch 0.40219926834106445
input features size transfer per epoch 1.341104507446289e-07
blocks size to device per epoch 8.940696716308594e-08
 Run 0| Epoch 0 |
Number of nodes for computation during this epoch:  1452957
Number of first layer input nodes during this epoch:  1452957
Number of first layer output nodes during this epoch:  196571
GraphSAGE(
  (layers): ModuleList(
    (0): SAGEConv(
      (fc_pool): Linear(in_features=100, out_features=100, bias=True)
      (fc_self): Linear(in_features=100, out_features=47, bias=False)
      (fc_neigh): Linear(in_features=100, out_features=47, bias=False)
    )
  )
  (dropout): Dropout(p=0.5, inplace=False)
)
total model parameters size  19500
trainable parameters
layers.0.fc_pool.weight, torch.Size([100, 100])
layers.0.fc_pool.bias, torch.Size([100])
layers.0.fc_self.weight, torch.Size([47, 100])
layers.0.fc_neigh.weight, torch.Size([47, 100])
----------------------------------------
un-trainable parameters
