main start at this time 1658522537.982752
-----------------------------------------before load data 
 Nvidia-smi: 0.1717529296875 GB
    Memory Allocated: 0.0  GigaBytes
Max Memory Allocated: 0.0  GigaBytes

#nodes: 2449029
#edges: 123718024
#classes: 47
success----------------------------------------
196571
39255
2164782
# Nodes: 2400608
# Edges: 123718024
# Train: 196571
# Val: 39255
# Test: 2164782
# Classes: 47

----------------------------------------start of run function 
 Nvidia-smi: 0.1717529296875 GB
    Memory Allocated: 0.0  GigaBytes
Max Memory Allocated: 0.0  GigaBytes

in feats:  100
----------------------------------------before model to device 
 Nvidia-smi: 0.1717529296875 GB
    Memory Allocated: 0.0  GigaBytes
Max Memory Allocated: 0.0  GigaBytes

----------------------------------------after model to device
 Nvidia-smi: 1.0174560546875 GB
    Memory Allocated: 7.343292236328125e-05  GigaBytes
Max Memory Allocated: 7.343292236328125e-05  GigaBytes

----------------------------------------before generate dataloader block 
 Nvidia-smi: 1.0174560546875 GB
    Memory Allocated: 7.343292236328125e-05  GigaBytes
Max Memory Allocated: 7.343292236328125e-05  GigaBytes

-----------------------------------------after block dataloader generation 
 Nvidia-smi: 1.0174560546875 GB
    Memory Allocated: 7.343292236328125e-05  GigaBytes
Max Memory Allocated: 7.343292236328125e-05  GigaBytes

connection checking time:  0
block generation total time  0
average batch blocks generation time:  0
block dataloader generation time/epoch 0.08592796325683594
pseudo mini batch 0 input nodes size: 849440
----------------------------------------before load block subtensor 
 Nvidia-smi: 1.0174560546875 GB
    Memory Allocated: 7.343292236328125e-05  GigaBytes
Max Memory Allocated: 7.343292236328125e-05  GigaBytes

----------------------------------------before batch input features to device
 Nvidia-smi: 1.0174560546875 GB
    Memory Allocated: 7.343292236328125e-05  GigaBytes
Max Memory Allocated: 7.343292236328125e-05  GigaBytes

----------------------------------------after batch input features to device
 Nvidia-smi: 1.3358154296875 GB
    Memory Allocated: 0.3165144920349121  GigaBytes
Max Memory Allocated: 0.3165144920349121  GigaBytes

----------------------------------------after  batch labels to device
 Nvidia-smi: 1.3358154296875 GB
    Memory Allocated: 0.3184328079223633  GigaBytes
Max Memory Allocated: 0.3184328079223633  GigaBytes

----------------------------------------after load block subtensor  
 Nvidia-smi: 1.3358154296875 GB
    Memory Allocated: 0.3184328079223633  GigaBytes
Max Memory Allocated: 0.3184328079223633  GigaBytes

----------------------------------------after blocks to device 
 Nvidia-smi: 1.4197998046875 GB
    Memory Allocated: 0.33295440673828125  GigaBytes
Max Memory Allocated: 0.33295440673828125  GigaBytes

----------------------------------------before batch_pred = model(blocks, batch_inputs) 
 Nvidia-smi: 1.4197998046875 GB
    Memory Allocated: 0.33295440673828125  GigaBytes
Max Memory Allocated: 0.33295440673828125  GigaBytes

----------------input nodes number: 849440
----------------output nodes number: 196571
----------------edges number: 1949041
----------------------------------------start pool aggregator-------
 Nvidia-smi: 1.4393310546875 GB
    Memory Allocated: 0.34074831008911133  GigaBytes
Max Memory Allocated: 0.3480091094970703  GigaBytes

----------------------------------------self.fc_pool(feat_src)
 Nvidia-smi: 1.7596435546875 GB
    Memory Allocated: 0.6571893692016602  GigaBytes
Max Memory Allocated: 0.6571893692016602  GigaBytes

----------------------------------------F.relu(tmp)
 Nvidia-smi: 2.0780029296875 GB
    Memory Allocated: 0.973630428314209  GigaBytes
Max Memory Allocated: 0.973630428314209  GigaBytes

----------------------------------------graph.srcdata['h'] = tmp2
 Nvidia-smi: 2.0780029296875 GB
    Memory Allocated: 0.973630428314209  GigaBytes
Max Memory Allocated: 0.973630428314209  GigaBytes

----------------------------------------graph.update_all(msg_fn, fn.max('m', 'neigh'))
 Nvidia-smi: 2.4940185546875 GB
    Memory Allocated: 1.1536493301391602  GigaBytes
Max Memory Allocated: 1.2268781661987305  GigaBytes

----------------------------------------h_neigh = self.fc_neigh(graph.dstdata['neigh'])
 Nvidia-smi: 2.4940185546875 GB
    Memory Allocated: 1.1880669593811035  GigaBytes
Max Memory Allocated: 1.2268781661987305  GigaBytes

h_self size  torch.Size([196571, 100])
----------------------------------------before rst
 Nvidia-smi: 2.4940185546875 GB
    Memory Allocated: 1.1880669593811035  GigaBytes
Max Memory Allocated: 1.2268781661987305  GigaBytes

torch.Size([196571, 47])
----------------------------------------after rst (rst = self.fc_self(h_self) + h_neigh)
 Nvidia-smi: 2.5291748046875 GB
    Memory Allocated: 1.2232232093811035  GigaBytes
Max Memory Allocated: 1.2576408386230469  GigaBytes

----------------------------------------end of model layers  after x = self.layers[-1](blocks[-1], x)
 Nvidia-smi: 2.5291748046875 GB
    Memory Allocated: 0.8723645210266113  GigaBytes
Max Memory Allocated: 1.2576408386230469  GigaBytes

torch.Size([196571, 47])
----------------------------------------- after batch_pred = model(blocks, batch_inputs) 
 Nvidia-smi: 2.5291748046875 GB
    Memory Allocated: 0.9067821502685547  GigaBytes
Max Memory Allocated: 1.2576408386230469  GigaBytes

-----------------------------------------after loss calculation
 Nvidia-smi: 2.5291748046875 GB
    Memory Allocated: 0.9412007331848145  GigaBytes
Max Memory Allocated: 1.2576408386230469  GigaBytes

-----------------------------------------after loss backward
 Nvidia-smi: 2.9940185546875 GB
    Memory Allocated: 0.39049434661865234  GigaBytes
Max Memory Allocated: 1.3397793769836426  GigaBytes

-----------------------------------------after optimizer step
 Nvidia-smi: 2.9940185546875 GB
    Memory Allocated: 0.3906412124633789  GigaBytes
Max Memory Allocated: 1.3397793769836426  GigaBytes

-----------------------------------------after optimizer zero grad
 Nvidia-smi: 2.9940185546875 GB
    Memory Allocated: 0.3906412124633789  GigaBytes
Max Memory Allocated: 1.3397793769836426  GigaBytes

times | data loading | block to device | model prediction | loss calculation | loss backward |  optimizer step |
      |0.23300838470458984 |0.3612356185913086 |0.4813988208770752 |0.0004222393035888672 |0.013164758682250977 |0.0026862621307373047 |
----------------------------------------------------------pseudo_mini_loss sum 8.509544372558594
Total (block generation + training)time/epoch 1.1893362998962402
Training time/epoch 1.1029324531555176
Training time without block to device /epoch 0.741696834564209
Training time without total dataloading part /epoch 0.49767208099365234
load block tensor time/epoch 0.23300838470458984
block to device time/epoch 0.3612356185913086
input features size transfer per epoch 1.341104507446289e-07
blocks size to device per epoch 8.940696716308594e-08
 Run 0| Epoch 0 |
Number of nodes for computation during this epoch:  849440
Number of first layer input nodes during this epoch:  849440
Number of first layer output nodes during this epoch:  196571
GraphSAGE(
  (layers): ModuleList(
    (0): SAGEConv(
      (fc_pool): Linear(in_features=100, out_features=100, bias=True)
      (fc_self): Linear(in_features=100, out_features=47, bias=False)
      (fc_neigh): Linear(in_features=100, out_features=47, bias=False)
    )
  )
  (dropout): Dropout(p=0.5, inplace=False)
)
total model parameters size  19500
trainable parameters
layers.0.fc_pool.weight, torch.Size([100, 100])
layers.0.fc_pool.bias, torch.Size([100])
layers.0.fc_self.weight, torch.Size([47, 100])
layers.0.fc_neigh.weight, torch.Size([47, 100])
----------------------------------------
un-trainable parameters
