main start at this time 1658522459.3116276
-----------------------------------------before load data 
 Nvidia-smi: 0.1717529296875 GB
    Memory Allocated: 0.0  GigaBytes
Max Memory Allocated: 0.0  GigaBytes

#nodes: 2449029
#edges: 123718024
#classes: 47
success----------------------------------------
196571
39255
2164782
# Nodes: 2400608
# Edges: 123718024
# Train: 196571
# Val: 39255
# Test: 2164782
# Classes: 47

----------------------------------------start of run function 
 Nvidia-smi: 0.1717529296875 GB
    Memory Allocated: 0.0  GigaBytes
Max Memory Allocated: 0.0  GigaBytes

in feats:  100
----------------------------------------before model to device 
 Nvidia-smi: 0.1717529296875 GB
    Memory Allocated: 0.0  GigaBytes
Max Memory Allocated: 0.0  GigaBytes

----------------------------------------after model to device
 Nvidia-smi: 1.0174560546875 GB
    Memory Allocated: 7.343292236328125e-05  GigaBytes
Max Memory Allocated: 7.343292236328125e-05  GigaBytes

----------------------------------------before generate dataloader block 
 Nvidia-smi: 1.0174560546875 GB
    Memory Allocated: 7.343292236328125e-05  GigaBytes
Max Memory Allocated: 7.343292236328125e-05  GigaBytes

-----------------------------------------after block dataloader generation 
 Nvidia-smi: 1.0174560546875 GB
    Memory Allocated: 7.343292236328125e-05  GigaBytes
Max Memory Allocated: 7.343292236328125e-05  GigaBytes

connection checking time:  0
block generation total time  0
average batch blocks generation time:  0
block dataloader generation time/epoch 0.06570672988891602
pseudo mini batch 0 input nodes size: 719006
----------------------------------------before load block subtensor 
 Nvidia-smi: 1.0174560546875 GB
    Memory Allocated: 7.343292236328125e-05  GigaBytes
Max Memory Allocated: 7.343292236328125e-05  GigaBytes

----------------------------------------before batch input features to device
 Nvidia-smi: 1.0174560546875 GB
    Memory Allocated: 7.343292236328125e-05  GigaBytes
Max Memory Allocated: 7.343292236328125e-05  GigaBytes

----------------------------------------after batch input features to device
 Nvidia-smi: 1.2869873046875 GB
    Memory Allocated: 0.26792430877685547  GigaBytes
Max Memory Allocated: 0.26792430877685547  GigaBytes

----------------------------------------after  batch labels to device
 Nvidia-smi: 1.2869873046875 GB
    Memory Allocated: 0.2696046829223633  GigaBytes
Max Memory Allocated: 0.2696046829223633  GigaBytes

----------------------------------------after load block subtensor  
 Nvidia-smi: 1.2869873046875 GB
    Memory Allocated: 0.2696046829223633  GigaBytes
Max Memory Allocated: 0.2696046829223633  GigaBytes

----------------------------------------after blocks to device 
 Nvidia-smi: 1.3709716796875 GB
    Memory Allocated: 0.27980899810791016  GigaBytes
Max Memory Allocated: 0.27980899810791016  GigaBytes

----------------------------------------before batch_pred = model(blocks, batch_inputs) 
 Nvidia-smi: 1.3709716796875 GB
    Memory Allocated: 0.27980899810791016  GigaBytes
Max Memory Allocated: 0.27980899810791016  GigaBytes

----------------input nodes number: 719006
----------------output nodes number: 196571
----------------edges number: 1369550
----------------------------------------start pool aggregator-------
 Nvidia-smi: 1.3905029296875 GB
    Memory Allocated: 0.28663110733032227  GigaBytes
Max Memory Allocated: 0.2917332649230957  GigaBytes

----------------------------------------self.fc_pool(feat_src)
 Nvidia-smi: 1.6619873046875 GB
    Memory Allocated: 0.5544819831848145  GigaBytes
Max Memory Allocated: 0.5544819831848145  GigaBytes

----------------------------------------F.relu(tmp)
 Nvidia-smi: 1.9315185546875 GB
    Memory Allocated: 0.8223328590393066  GigaBytes
Max Memory Allocated: 0.8223328590393066  GigaBytes

----------------------------------------graph.srcdata['h'] = tmp2
 Nvidia-smi: 1.9315185546875 GB
    Memory Allocated: 0.8223328590393066  GigaBytes
Max Memory Allocated: 0.8223328590393066  GigaBytes

----------------------------------------graph.update_all(msg_fn, fn.max('m', 'neigh'))
 Nvidia-smi: 2.3123779296875 GB
    Memory Allocated: 0.9980344772338867  GigaBytes
Max Memory Allocated: 1.071263313293457  GigaBytes

----------------------------------------h_neigh = self.fc_neigh(graph.dstdata['neigh'])
 Nvidia-smi: 2.3123779296875 GB
    Memory Allocated: 1.03245210647583  GigaBytes
Max Memory Allocated: 1.071263313293457  GigaBytes

h_self size  torch.Size([196571, 100])
----------------------------------------before rst
 Nvidia-smi: 2.3123779296875 GB
    Memory Allocated: 1.03245210647583  GigaBytes
Max Memory Allocated: 1.071263313293457  GigaBytes

torch.Size([196571, 47])
----------------------------------------after rst (rst = self.fc_self(h_self) + h_neigh)
 Nvidia-smi: 2.3475341796875 GB
    Memory Allocated: 1.06760835647583  GigaBytes
Max Memory Allocated: 1.1020259857177734  GigaBytes

----------------------------------------end of model layers  after x = self.layers[-1](blocks[-1], x)
 Nvidia-smi: 2.3475341796875 GB
    Memory Allocated: 0.7653398513793945  GigaBytes
Max Memory Allocated: 1.1020259857177734  GigaBytes

torch.Size([196571, 47])
----------------------------------------- after batch_pred = model(blocks, batch_inputs) 
 Nvidia-smi: 2.3475341796875 GB
    Memory Allocated: 0.7997574806213379  GigaBytes
Max Memory Allocated: 1.1020259857177734  GigaBytes

-----------------------------------------after loss calculation
 Nvidia-smi: 2.3475341796875 GB
    Memory Allocated: 0.8341760635375977  GigaBytes
Max Memory Allocated: 1.1020259857177734  GigaBytes

-----------------------------------------after loss backward
 Nvidia-smi: 2.7635498046875 GB
    Memory Allocated: 0.3320598602294922  GigaBytes
Max Memory Allocated: 1.160665512084961  GigaBytes

-----------------------------------------after optimizer step
 Nvidia-smi: 2.7635498046875 GB
    Memory Allocated: 0.33220672607421875  GigaBytes
Max Memory Allocated: 1.160665512084961  GigaBytes

-----------------------------------------after optimizer zero grad
 Nvidia-smi: 2.7635498046875 GB
    Memory Allocated: 0.33220672607421875  GigaBytes
Max Memory Allocated: 1.160665512084961  GigaBytes

times | data loading | block to device | model prediction | loss calculation | loss backward |  optimizer step |
      |0.1697535514831543 |0.3350670337677002 |0.47655296325683594 |0.0002956390380859375 |0.011633872985839844 |0.002698659896850586 |
----------------------------------------------------------pseudo_mini_loss sum 7.766795635223389
Total (block generation + training)time/epoch 1.0708158016204834
Training time/epoch 1.0048468112945557
Training time without block to device /epoch 0.6697797775268555
Training time without total dataloading part /epoch 0.4911811351776123
load block tensor time/epoch 0.1697535514831543
block to device time/epoch 0.3350670337677002
input features size transfer per epoch 1.341104507446289e-07
blocks size to device per epoch 8.940696716308594e-08
 Run 0| Epoch 0 |
Number of nodes for computation during this epoch:  719006
Number of first layer input nodes during this epoch:  719006
Number of first layer output nodes during this epoch:  196571
GraphSAGE(
  (layers): ModuleList(
    (0): SAGEConv(
      (fc_pool): Linear(in_features=100, out_features=100, bias=True)
      (fc_self): Linear(in_features=100, out_features=47, bias=False)
      (fc_neigh): Linear(in_features=100, out_features=47, bias=False)
    )
  )
  (dropout): Dropout(p=0.5, inplace=False)
)
total model parameters size  19500
trainable parameters
layers.0.fc_pool.weight, torch.Size([100, 100])
layers.0.fc_pool.bias, torch.Size([100])
layers.0.fc_self.weight, torch.Size([47, 100])
layers.0.fc_neigh.weight, torch.Size([47, 100])
----------------------------------------
un-trainable parameters
