main start at this time 1658273015.5139303
-----------------------------------------before load data 
 Nvidia-smi: 0.1717529296875 GB
    Memory Allocated: 0.0  GigaBytes
Max Memory Allocated: 0.0  GigaBytes

#nodes: 2449029
#edges: 123718024
#classes: 47
success----------------------------------------
196571
39255
2164782
# Nodes: 2400608
# Edges: 123718024
# Train: 196571
# Val: 39255
# Test: 2164782
# Classes: 47

----------------------------------------start of run function 
 Nvidia-smi: 0.1717529296875 GB
    Memory Allocated: 0.0  GigaBytes
Max Memory Allocated: 0.0  GigaBytes

in feats:  100
----------------------------------------before model to device 
 Nvidia-smi: 0.1717529296875 GB
    Memory Allocated: 0.0  GigaBytes
Max Memory Allocated: 0.0  GigaBytes

----------------------------------------after model to device
 Nvidia-smi: 1.0174560546875 GB
    Memory Allocated: 3.528594970703125e-05  GigaBytes
Max Memory Allocated: 3.528594970703125e-05  GigaBytes

----------------------------------------before generate dataloader block 
 Nvidia-smi: 1.0174560546875 GB
    Memory Allocated: 3.528594970703125e-05  GigaBytes
Max Memory Allocated: 3.528594970703125e-05  GigaBytes

-----------------------------------------after block dataloader generation 
 Nvidia-smi: 1.0174560546875 GB
    Memory Allocated: 3.528594970703125e-05  GigaBytes
Max Memory Allocated: 3.528594970703125e-05  GigaBytes

connection checking time:  0
block generation total time  0
average batch blocks generation time:  0
block dataloader generation time/epoch 0.11102652549743652
pseudo mini batch 0 input nodes size: 918524
----------------------------------------before load block subtensor 
 Nvidia-smi: 1.0174560546875 GB
    Memory Allocated: 3.528594970703125e-05  GigaBytes
Max Memory Allocated: 3.528594970703125e-05  GigaBytes

----------------------------------------before batch input features to device
 Nvidia-smi: 1.0174560546875 GB
    Memory Allocated: 3.528594970703125e-05  GigaBytes
Max Memory Allocated: 3.528594970703125e-05  GigaBytes

----------------------------------------after batch input features to device
 Nvidia-smi: 1.3612060546875 GB
    Memory Allocated: 0.3422122001647949  GigaBytes
Max Memory Allocated: 0.3422122001647949  GigaBytes

----------------------------------------after  batch labels to device
 Nvidia-smi: 1.3612060546875 GB
    Memory Allocated: 0.34378528594970703  GigaBytes
Max Memory Allocated: 0.34378528594970703  GigaBytes

----------------------------------------after load block subtensor  
 Nvidia-smi: 1.3612060546875 GB
    Memory Allocated: 0.34378528594970703  GigaBytes
Max Memory Allocated: 0.34378528594970703  GigaBytes

----------------------------------------after blocks to device 
 Nvidia-smi: 1.4451904296875 GB
    Memory Allocated: 0.3611631393432617  GigaBytes
Max Memory Allocated: 0.3611631393432617  GigaBytes

----------------------------------------before batch_pred = model(blocks, batch_inputs) 
 Nvidia-smi: 1.4451904296875 GB
    Memory Allocated: 0.3611631393432617  GigaBytes
Max Memory Allocated: 0.3611631393432617  GigaBytes

----------------input nodes number: 918524
----------------output nodes number: 196571
----------------edges number: 2332355
----------------------------------------before mean aggregator
 Nvidia-smi: 1.4647216796875 GB
    Memory Allocated: 0.3701601028442383  GigaBytes
Max Memory Allocated: 0.3788490295410156  GigaBytes

----------------------------------------graph.srcdata['h'] =  feat_src-------
 Nvidia-smi: 1.4647216796875 GB
    Memory Allocated: 0.3701601028442383  GigaBytes
Max Memory Allocated: 0.3788490295410156  GigaBytes

----------------------------------------graph.update_all(msg_fn, fn.mean('m', 'neigh'))-------
 Nvidia-smi: 1.9315185546875 GB
    Memory Allocated: 0.4614992141723633  GigaBytes
Max Memory Allocated: 0.5354604721069336  GigaBytes

----------------------------------------h_neigh = graph.dstdata['neigh']-------
 Nvidia-smi: 1.9315185546875 GB
    Memory Allocated: 0.4614992141723633  GigaBytes
Max Memory Allocated: 0.5354604721069336  GigaBytes

----------------------------------------after mean aggregator-------h_neigh = self.fc_neigh(h_neigh)-
 Nvidia-smi: 1.9315185546875 GB
    Memory Allocated: 0.49591684341430664  GigaBytes
Max Memory Allocated: 0.5354604721069336  GigaBytes

h_neigh size torch.Size([196571, 47])
h_self size  torch.Size([196571, 100])
----------------------------------------before rst
 Nvidia-smi: 1.9315185546875 GB
    Memory Allocated: 0.49591684341430664  GigaBytes
Max Memory Allocated: 0.5354604721069336  GigaBytes

torch.Size([196571, 47])
----------------------------------------after rst (rst = self.fc_self(h_self) + h_neigh)
 Nvidia-smi: 1.9666748046875 GB
    Memory Allocated: 0.5310730934143066  GigaBytes
Max Memory Allocated: 0.56549072265625  GigaBytes

----------------------------------------end of model layers  after x = self.layers[-1](blocks[-1], x)
 Nvidia-smi: 1.9666748046875 GB
    Memory Allocated: 0.4966554641723633  GigaBytes
Max Memory Allocated: 0.56549072265625  GigaBytes

torch.Size([196571, 47])
----------------------------------------- after batch_pred = model(blocks, batch_inputs) 
 Nvidia-smi: 1.9666748046875 GB
    Memory Allocated: 0.5310730934143066  GigaBytes
Max Memory Allocated: 0.56549072265625  GigaBytes

-----------------------------------------after loss calculation
 Nvidia-smi: 1.9666748046875 GB
    Memory Allocated: 0.5654916763305664  GigaBytes
Max Memory Allocated: 0.5654921531677246  GigaBytes

-----------------------------------------after loss backward
 Nvidia-smi: 2.0369873046875 GB
    Memory Allocated: 0.42272424697875977  GigaBytes
Max Memory Allocated: 0.6358041763305664  GigaBytes

-----------------------------------------after optimizer step
 Nvidia-smi: 2.0369873046875 GB
    Memory Allocated: 0.42279481887817383  GigaBytes
Max Memory Allocated: 0.6358041763305664  GigaBytes

-----------------------------------------after optimizer zero grad
 Nvidia-smi: 2.0369873046875 GB
    Memory Allocated: 0.42279481887817383  GigaBytes
Max Memory Allocated: 0.6358041763305664  GigaBytes

times | data loading | block to device | model prediction | loss calculation | loss backward |  optimizer step |
      |0.21988844871520996 |0.34014296531677246 |0.783301830291748 |0.00030422210693359375 |0.008730888366699219 |0.0022568702697753906 |
----------------------------------------------------------pseudo_mini_loss sum 5.107565879821777
Total (block generation + training)time/epoch 1.4702026844024658
Training time/epoch 1.3589003086090088
Training time without block to device /epoch 1.0187573432922363
Training time without total dataloading part /epoch 0.7945938110351562
load block tensor time/epoch 0.21988844871520996
block to device time/epoch 0.34014296531677246
input features size transfer per epoch 1.341104507446289e-07
blocks size to device per epoch 8.940696716308594e-08
 Run 0| Epoch 0 |
Number of nodes for computation during this epoch:  918524
Number of first layer input nodes during this epoch:  918524
Number of first layer output nodes during this epoch:  196571
GraphSAGE(
  (layers): ModuleList(
    (0): SAGEConv(
      (fc_self): Linear(in_features=100, out_features=47, bias=False)
      (fc_neigh): Linear(in_features=100, out_features=47, bias=False)
    )
  )
  (dropout): Dropout(p=0.5, inplace=False)
)
total model parameters size  9400
trainable parameters
layers.0.fc_self.weight, torch.Size([47, 100])
layers.0.fc_neigh.weight, torch.Size([47, 100])
----------------------------------------
un-trainable parameters
