main start at this time 1658272963.396445
-----------------------------------------before load data 
 Nvidia-smi: 0.1717529296875 GB
    Memory Allocated: 0.0  GigaBytes
Max Memory Allocated: 0.0  GigaBytes

#nodes: 2449029
#edges: 123718024
#classes: 47
success----------------------------------------
196571
39255
2164782
# Nodes: 2400608
# Edges: 123718024
# Train: 196571
# Val: 39255
# Test: 2164782
# Classes: 47

----------------------------------------start of run function 
 Nvidia-smi: 0.1717529296875 GB
    Memory Allocated: 0.0  GigaBytes
Max Memory Allocated: 0.0  GigaBytes

in feats:  100
----------------------------------------before model to device 
 Nvidia-smi: 0.1717529296875 GB
    Memory Allocated: 0.0  GigaBytes
Max Memory Allocated: 0.0  GigaBytes

----------------------------------------after model to device
 Nvidia-smi: 1.0174560546875 GB
    Memory Allocated: 3.528594970703125e-05  GigaBytes
Max Memory Allocated: 3.528594970703125e-05  GigaBytes

----------------------------------------before generate dataloader block 
 Nvidia-smi: 1.0174560546875 GB
    Memory Allocated: 3.528594970703125e-05  GigaBytes
Max Memory Allocated: 3.528594970703125e-05  GigaBytes

-----------------------------------------after block dataloader generation 
 Nvidia-smi: 1.0174560546875 GB
    Memory Allocated: 3.528594970703125e-05  GigaBytes
Max Memory Allocated: 3.528594970703125e-05  GigaBytes

connection checking time:  0
block generation total time  0
average batch blocks generation time:  0
block dataloader generation time/epoch 0.08584475517272949
pseudo mini batch 0 input nodes size: 808720
----------------------------------------before load block subtensor 
 Nvidia-smi: 1.0174560546875 GB
    Memory Allocated: 3.528594970703125e-05  GigaBytes
Max Memory Allocated: 3.528594970703125e-05  GigaBytes

----------------------------------------before batch input features to device
 Nvidia-smi: 1.0174560546875 GB
    Memory Allocated: 3.528594970703125e-05  GigaBytes
Max Memory Allocated: 3.528594970703125e-05  GigaBytes

----------------------------------------after batch input features to device
 Nvidia-smi: 1.3201904296875 GB
    Memory Allocated: 0.30130720138549805  GigaBytes
Max Memory Allocated: 0.30130720138549805  GigaBytes

----------------------------------------after  batch labels to device
 Nvidia-smi: 1.3397216796875 GB
    Memory Allocated: 0.30277204513549805  GigaBytes
Max Memory Allocated: 0.30277204513549805  GigaBytes

----------------------------------------after load block subtensor  
 Nvidia-smi: 1.3397216796875 GB
    Memory Allocated: 0.30277204513549805  GigaBytes
Max Memory Allocated: 0.30277204513549805  GigaBytes

----------------------------------------after blocks to device 
 Nvidia-smi: 1.4041748046875 GB
    Memory Allocated: 0.315859317779541  GigaBytes
Max Memory Allocated: 0.315859317779541  GigaBytes

----------------------------------------before batch_pred = model(blocks, batch_inputs) 
 Nvidia-smi: 1.4041748046875 GB
    Memory Allocated: 0.315859317779541  GigaBytes
Max Memory Allocated: 0.315859317779541  GigaBytes

----------------input nodes number: 808720
----------------output nodes number: 196571
----------------edges number: 1756432
----------------------------------------before mean aggregator
 Nvidia-smi: 1.4237060546875 GB
    Memory Allocated: 0.3233499526977539  GigaBytes
Max Memory Allocated: 0.3298935890197754  GigaBytes

----------------------------------------graph.srcdata['h'] =  feat_src-------
 Nvidia-smi: 1.4237060546875 GB
    Memory Allocated: 0.3233499526977539  GigaBytes
Max Memory Allocated: 0.3298935890197754  GigaBytes

----------------------------------------graph.update_all(msg_fn, fn.mean('m', 'neigh'))-------
 Nvidia-smi: 1.8768310546875 GB
    Memory Allocated: 0.41081666946411133  GigaBytes
Max Memory Allocated: 0.48477792739868164  GigaBytes

----------------------------------------h_neigh = graph.dstdata['neigh']-------
 Nvidia-smi: 1.8768310546875 GB
    Memory Allocated: 0.41081666946411133  GigaBytes
Max Memory Allocated: 0.48477792739868164  GigaBytes

----------------------------------------after mean aggregator-------h_neigh = self.fc_neigh(h_neigh)-
 Nvidia-smi: 1.8768310546875 GB
    Memory Allocated: 0.4452342987060547  GigaBytes
Max Memory Allocated: 0.48477792739868164  GigaBytes

h_neigh size torch.Size([196571, 47])
h_self size  torch.Size([196571, 100])
----------------------------------------before rst
 Nvidia-smi: 1.8768310546875 GB
    Memory Allocated: 0.4452342987060547  GigaBytes
Max Memory Allocated: 0.48477792739868164  GigaBytes

torch.Size([196571, 47])
----------------------------------------after rst (rst = self.fc_self(h_self) + h_neigh)
 Nvidia-smi: 1.9119873046875 GB
    Memory Allocated: 0.4803905487060547  GigaBytes
Max Memory Allocated: 0.514808177947998  GigaBytes

----------------------------------------end of model layers  after x = self.layers[-1](blocks[-1], x)
 Nvidia-smi: 1.9119873046875 GB
    Memory Allocated: 0.44597291946411133  GigaBytes
Max Memory Allocated: 0.514808177947998  GigaBytes

torch.Size([196571, 47])
----------------------------------------- after batch_pred = model(blocks, batch_inputs) 
 Nvidia-smi: 1.9119873046875 GB
    Memory Allocated: 0.4803905487060547  GigaBytes
Max Memory Allocated: 0.514808177947998  GigaBytes

-----------------------------------------after loss calculation
 Nvidia-smi: 1.9119873046875 GB
    Memory Allocated: 0.5148091316223145  GigaBytes
Max Memory Allocated: 0.5148096084594727  GigaBytes

-----------------------------------------after loss backward
 Nvidia-smi: 1.9822998046875 GB
    Memory Allocated: 0.3720417022705078  GigaBytes
Max Memory Allocated: 0.5851216316223145  GigaBytes

-----------------------------------------after optimizer step
 Nvidia-smi: 1.9822998046875 GB
    Memory Allocated: 0.3721122741699219  GigaBytes
Max Memory Allocated: 0.5851216316223145  GigaBytes

-----------------------------------------after optimizer zero grad
 Nvidia-smi: 1.9822998046875 GB
    Memory Allocated: 0.3721122741699219  GigaBytes
Max Memory Allocated: 0.5851216316223145  GigaBytes

times | data loading | block to device | model prediction | loss calculation | loss backward |  optimizer step |
      |0.1833665370941162 |0.3462409973144531 |0.7685086727142334 |0.0002589225769042969 |0.00875234603881836 |0.002631664276123047 |
----------------------------------------------------------pseudo_mini_loss sum 5.128837585449219
Total (block generation + training)time/epoch 1.4004900455474854
Training time/epoch 1.3143398761749268
Training time without block to device /epoch 0.9680988788604736
Training time without total dataloading part /epoch 0.7801516056060791
load block tensor time/epoch 0.1833665370941162
block to device time/epoch 0.3462409973144531
input features size transfer per epoch 1.341104507446289e-07
blocks size to device per epoch 8.940696716308594e-08
 Run 0| Epoch 0 |
Number of nodes for computation during this epoch:  808720
Number of first layer input nodes during this epoch:  808720
Number of first layer output nodes during this epoch:  196571
GraphSAGE(
  (layers): ModuleList(
    (0): SAGEConv(
      (fc_self): Linear(in_features=100, out_features=47, bias=False)
      (fc_neigh): Linear(in_features=100, out_features=47, bias=False)
    )
  )
  (dropout): Dropout(p=0.5, inplace=False)
)
total model parameters size  9400
trainable parameters
layers.0.fc_self.weight, torch.Size([47, 100])
layers.0.fc_neigh.weight, torch.Size([47, 100])
----------------------------------------
un-trainable parameters
