computation info data collection start ...... 
full batch vs pseudo minibatch  compute efficiency (output nodes/time, input nodes /time):
+-------------------------------------------------+------------------+------------------+------------------+------------------+-----------------+-----------------+-----------------+-----------------+
| products sage fan-out 25,35,40 hidden 256       |      full batch  |          pseudo  |          pseudo  |          pseudo  |         pseudo  |         pseudo  |         pseudo  |         pseudo  |
|                                                 |         25,35,40 |        2 batches |        4 batches |        8 batches |      16 batches |      32 batches |      64 batches |     128 batches |
|                                                 |                  |         25,35,40 |         25,35,40 |         25,35,40 |        25,35,40 |        25,35,40 |        25,35,40 |        25,35,40 |
+=================================================+==================+==================+==================+==================+=================+=================+=================+=================+
| final layer output nodes/pure train time        | 353983           | 283862           | 219072           | 122202           | 83103.4         | 57148.5         | 38451.5         | 27305.5         |
+-------------------------------------------------+------------------+------------------+------------------+------------------+-----------------+-----------------+-----------------+-----------------+
| all layers input nodes//pure train time         |      1.03986e+07 |      1.55647e+07 |      2.20891e+07 |      2.2327e+07  |     2.71175e+07 |     3.27002e+07 |     3.7603e+07  |     4.41025e+07 |
+-------------------------------------------------+------------------+------------------+------------------+------------------+-----------------+-----------------+-----------------+-----------------+
| average train time per epoch                    |      0.555312    |      0.692488    |      0.897291    |      1.60857     |     2.36538     |     3.43965     |     5.11218     |     7.19896     |
+-------------------------------------------------+------------------+------------------+------------------+------------------+-----------------+-----------------+-----------------+-----------------+
| average number of nodes for computation         |      5.77445e+06 |      1.07784e+07 |      1.98204e+07 |      3.59145e+07 |     6.41432e+07 |     1.12477e+08 |     1.92233e+08 |     3.17492e+08 |
+-------------------------------------------------+------------------+------------------+------------------+------------------+-----------------+-----------------+-----------------+-----------------+
| average first layer num of input nodes          |      2.26927e+06 |      4.49891e+06 |      8.89257e+06 |      1.74788e+07 |     3.40481e+07 |     6.53904e+07 |     1.22765e+08 |     2.22466e+08 |
+-------------------------------------------------+------------------+------------------+------------------+------------------+-----------------+-----------------+-----------------+-----------------+
| average first layer num of output nodes         |      2.12723e+06 |      4.08215e+06 |      7.69066e+06 |      1.40804e+07 |     2.47191e+07 |     4.09094e+07 |     6.27219e+07 |     8.79183e+07 |
+-------------------------------------------------+------------------+------------------+------------------+------------------+-----------------+-----------------+-----------------+-----------------+
| CUDA max memory consumption                     |     14.5954      |     12.7642      |     10.8148      |      9.66188     |     8.47896     |     7.09458     |     5.56427     |     4.07102     |
+-------------------------------------------------+------------------+------------------+------------------+------------------+-----------------+-----------------+-----------------+-----------------+
| redundancy rate I (First Layer Input)           |      1           |      1.98254     |      3.91869     |      7.7024      |    15.004       |    28.8156      |    54.0991      |    98.034       |
+-------------------------------------------------+------------------+------------------+------------------+------------------+-----------------+-----------------+-----------------+-----------------+
| redundancy rate O (First Layer Output)          |      1           |      1.919       |      3.61535     |      6.61914     |    11.6203      |    19.2313      |    29.4853      |    41.33        |
+-------------------------------------------------+------------------+------------------+------------------+------------------+-----------------+-----------------+-----------------+-----------------+
| average load block input feature time per epoch |      0.359198    |      0.877602    |      1.71794     |      3.01115     |     5.43144     |     7.90116     |    17.1453      |    30.0233      |
+-------------------------------------------------+------------------+------------------+------------------+------------------+-----------------+-----------------+-----------------+-----------------+
| average block to device time per epoch          |      0.704953    |      1.38959     |      2.22279     |      3.5356      |     5.84891     |     9.92185     |    14.359       |    27.4314      |
+-------------------------------------------------+------------------+------------------+------------------+------------------+-----------------+-----------------+-----------------+-----------------+
| average dataloading time per epoch              |      1.06415     |      2.26719     |      3.94073     |      6.54675     |    11.2804      |    17.823       |    31.5044      |    57.4547      |
+-------------------------------------------------+------------------+------------------+------------------+------------------+-----------------+-----------------+-----------------+-----------------+
