+-------------------------------------------------+------------------+------------------+------------------+------------------+----------------+----------------+----------------+
| arxiv sage fan-out 10 hidden 256                |      full batch  |          pseudo  |          pseudo  |          pseudo  |        pseudo  |        pseudo  |        pseudo  |
|                                                 |               10 |        2 batches |        4 batches |        8 batches |     16 batches |     32 batches |     64 batches |
|                                                 |                  |               10 |               10 |               10 |             10 |             10 |             10 |
+=================================================+==================+==================+==================+==================+================+================+================+
| final layer output nodes/pure train time        |      1.34051e+06 | 816675           | 471395           | 237553           | 115018         |  56894.2       |  29006.9       |
+-------------------------------------------------+------------------+------------------+------------------+------------------+----------------+----------------+----------------+
| all layers input nodes//pure train time         |      2.13791e+06 |      2.07286e+06 |      1.67207e+06 |      1.05805e+06 | 594739         | 323549         | 174997         |
+-------------------------------------------------+------------------+------------------+------------------+------------------+----------------+----------------+----------------+
| average train time per epoch                    |      0.0678407   |      0.111355    |      0.192919    |      0.382825    |      0.790666  |      1.59842   |      3.13515   |
+-------------------------------------------------+------------------+------------------+------------------+------------------+----------------+----------------+----------------+
| average number of nodes for computation         | 145037           | 230824           | 322574           | 405047           | 470240         | 517168         | 548643         |
+-------------------------------------------------+------------------+------------------+------------------+------------------+----------------+----------------+----------------+
| average first layer num of input nodes          | 145041           | 230717           | 322534           | 405180           | 470333         | 517119         | 548683         |
+-------------------------------------------------+------------------+------------------+------------------+------------------+----------------+----------------+----------------+
| average first layer num of output nodes         |  90941           |  90941           |  90941           |  90941           |  90941         |  90941         |  90941         |
+-------------------------------------------------+------------------+------------------+------------------+------------------+----------------+----------------+----------------+
| CUDA max memory consumption                     |      4.3287      |      2.21708     |      1.11594     |      0.573328    |      0.287923  |      0.145922  |      0.0769687 |
+-------------------------------------------------+------------------+------------------+------------------+------------------+----------------+----------------+----------------+
| redundancy rate I (First Layer Input)           |      1           |      1.5907      |      2.22374     |      2.79355     |      3.24276   |      3.56533   |      3.78295   |
+-------------------------------------------------+------------------+------------------+------------------+------------------+----------------+----------------+----------------+
| redundancy rate O (First Layer Output)          |      1           |      1           |      1           |      1           |      1         |      1         |      1         |
+-------------------------------------------------+------------------+------------------+------------------+------------------+----------------+----------------+----------------+
| average load block input feature time per epoch |      0.0302368   |      0.0458964   |      0.0987327   |      0.102936    |      0.147048  |      0.187532  |      0.251621  |
+-------------------------------------------------+------------------+------------------+------------------+------------------+----------------+----------------+----------------+
| average block to device time per epoch          |      0.00225043  |      0.00280523  |      0.00345981  |      0.00515056  |      0.0101229 |      0.0132986 |      0.0217443 |
+-------------------------------------------------+------------------+------------------+------------------+------------------+----------------+----------------+----------------+
| average dataloading time per epoch              |      0.0324873   |      0.0487016   |      0.102193    |      0.108086    |      0.157171  |      0.200831  |      0.273365  |
+-------------------------------------------------+------------------+------------------+------------------+------------------+----------------+----------------+----------------+