main start at this time 1657102923.6668303
-----------------------------------------before load data 
 Nvidia-smi: 0.1717529296875 GB
    Memory Allocated: 0.0  GigaBytes
Max Memory Allocated: 0.0  GigaBytes

  NumNodes: 2708
  NumEdges: 10556
  NumFeats: 1433
  NumClasses: 7
  NumTrainingSamples: 140
  NumValidationSamples: 500
  NumTestSamples: 1000
Done loading data from cached files.
success----------------------------------------
140
500
2068
# Nodes: 2708
# Edges: 10556
# Train: 140
# Val: 500
# Test: 2068
# Classes: 7

----------------------------------------start of run function 
 Nvidia-smi: 0.1717529296875 GB
    Memory Allocated: 0.0  GigaBytes
Max Memory Allocated: 0.0  GigaBytes

in feats:  1433
----------------------------------------before model to device 
 Nvidia-smi: 0.1717529296875 GB
    Memory Allocated: 0.0  GigaBytes
Max Memory Allocated: 0.0  GigaBytes

----------------------------------------after model to device
 Nvidia-smi: 1.0369873046875 GB
    Memory Allocated: 0.00421142578125  GigaBytes
Max Memory Allocated: 0.00421142578125  GigaBytes

----------------------------------------before generate dataloader block 
 Nvidia-smi: 1.0369873046875 GB
    Memory Allocated: 0.00421142578125  GigaBytes
Max Memory Allocated: 0.00421142578125  GigaBytes

The real block id is  4
get_global_graph_edges_ids_block function  spend 0.001119375228881836
global_2_local spend time (sec) 0.00012254714965820312
----------------------------  graph partition start---------------------
g = dgl.graph((u,v))  spent  0.0004074573516845703
the counter of in-degree current block !!!!!!!!!!!!!!_______________!!!!!!!!!!
Counter({0: 504, 3: 26, 2: 25, 4: 22, 1: 20, 5: 15, 6: 11, 9: 4, 7: 4, 10: 3, 8: 3, 12: 2, 21: 1, 11: 1, 36: 1, 19: 1, 32: 1})

A = g.adjacency_matrix() spent  0.00032901763916015625
auxiliary_graph
Graph(num_nodes=644, num_edges=438,
      ndata_schemes={}
      edata_schemes={'w': Scheme(shape=(), dtype=torch.float32)})
get remove nodes spent  0.0004897117614746094
remove nodes length  504

auxiliary_graph.remove_nodes spent  0.0015819072723388672
after remove non output nodes the auxiliary_graph
Graph(num_nodes=140, num_edges=438,
      ndata_schemes={}
      edata_schemes={'w': Scheme(shape=(), dtype=torch.float32)})
auxiliary_graph_no_diag generation spent  0.0008039474487304688

the counter of shared neighbor distribution
Counter({1.0: 252, 2.0: 30, 3.0: 14, 4.0: 2})
298
Convert a graph into a bidirected graph: 0.000 seconds
Metis partitioning: 0.000 seconds
Split the graph: 0.001 seconds
Construct subgraphs: 0.001 seconds
auxiliary_graph_no_diag dgl.metis_partition spent  0.002814054489135742
18
18
17
16
18
18
17
18
total k batches seeds list generation spend  0.009969949722290039
after graph partition
graph partition algorithm spend time 0.09514760971069336
18
18
17
16
18
18
17
18
partition_len_list
[87, 104, 109, 67, 100, 61, 71, 68]
REG selection method  spend 0.09542989730834961
time for parepare:  6.246566772460938e-05
local_output_nid generation:  2.384185791015625e-06
local_in_edges_tensor generation:  0.00010585784912109375
mini_batch_src_global generation:  2.5510787963867188e-05
r_  generation:  5.412101745605469e-05
local_output_nid generation:  3.0994415283203125e-06
local_in_edges_tensor generation:  0.0001010894775390625
mini_batch_src_global generation:  2.002716064453125e-05
r_  generation:  4.6253204345703125e-05
local_output_nid generation:  2.6226043701171875e-06
local_in_edges_tensor generation:  9.703636169433594e-05
mini_batch_src_global generation:  1.7404556274414062e-05
r_  generation:  4.601478576660156e-05
local_output_nid generation:  2.6226043701171875e-06
local_in_edges_tensor generation:  9.584426879882812e-05
mini_batch_src_global generation:  1.6689300537109375e-05
r_  generation:  2.9087066650390625e-05
local_output_nid generation:  2.6226043701171875e-06
local_in_edges_tensor generation:  9.5367431640625e-05
mini_batch_src_global generation:  1.6927719116210938e-05
r_  generation:  4.887580871582031e-05
local_output_nid generation:  2.1457672119140625e-06
local_in_edges_tensor generation:  9.441375732421875e-05
mini_batch_src_global generation:  1.6450881958007812e-05
r_  generation:  3.266334533691406e-05
local_output_nid generation:  2.384185791015625e-06
local_in_edges_tensor generation:  9.441375732421875e-05
mini_batch_src_global generation:  1.5020370483398438e-05
r_  generation:  3.0994415283203125e-05
local_output_nid generation:  2.86102294921875e-06
local_in_edges_tensor generation:  9.465217590332031e-05
mini_batch_src_global generation:  1.4781951904296875e-05
r_  generation:  2.8848648071289062e-05
----------------------check_connections_block total spend ----------------------------- 0.0016596317291259766
generate_one_block  0.002216815948486328
generate_one_block  0.0011069774627685547
generate_one_block  0.0010366439819335938
generate_one_block  0.0010063648223876953
generate_one_block  0.0010342597961425781
generate_one_block  0.0010094642639160156
generate_one_block  0.001008749008178711
generate_one_block  0.0010027885437011719
The real block id is  3
get_global_graph_edges_ids_block function  spend 0.0005044937133789062
gen group dst list time:  5.8650970458984375e-05
time for parepare:  0.0001456737518310547
local_output_nid generation:  8.344650268554688e-06
local_in_edges_tensor generation:  0.0001704692840576172
mini_batch_src_global generation:  3.552436828613281e-05
r_  generation:  0.00022530555725097656
local_output_nid generation:  1.0967254638671875e-05
local_in_edges_tensor generation:  0.00012183189392089844
mini_batch_src_global generation:  3.719329833984375e-05
r_  generation:  0.0002219676971435547
local_output_nid generation:  1.0967254638671875e-05
local_in_edges_tensor generation:  0.00011873245239257812
mini_batch_src_global generation:  3.62396240234375e-05
r_  generation:  0.0002262592315673828
local_output_nid generation:  7.152557373046875e-06
local_in_edges_tensor generation:  0.00011777877807617188
mini_batch_src_global generation:  3.123283386230469e-05
r_  generation:  0.00012826919555664062
local_output_nid generation:  1.0728836059570312e-05
local_in_edges_tensor generation:  0.00011420249938964844
mini_batch_src_global generation:  3.1948089599609375e-05
r_  generation:  0.0002110004425048828
local_output_nid generation:  5.7220458984375e-06
local_in_edges_tensor generation:  0.00012731552124023438
mini_batch_src_global generation:  2.9325485229492188e-05
r_  generation:  0.0001506805419921875
local_output_nid generation:  7.152557373046875e-06
local_in_edges_tensor generation:  0.00010895729064941406
mini_batch_src_global generation:  2.6702880859375e-05
r_  generation:  0.0001373291015625
local_output_nid generation:  6.67572021484375e-06
local_in_edges_tensor generation:  0.00010704994201660156
mini_batch_src_global generation:  2.5033950805664062e-05
r_  generation:  0.00012111663818359375
----------------------check_connections_block total spend ----------------------------- 0.0034546852111816406
generate_one_block  0.0013184547424316406
generate_one_block  0.0012443065643310547
generate_one_block  0.0012400150299072266
generate_one_block  0.0011200904846191406
generate_one_block  0.0012285709381103516
generate_one_block  0.001138448715209961
generate_one_block  0.0011296272277832031
generate_one_block  0.0011141300201416016
The real block id is  2
get_global_graph_edges_ids_block function  spend 0.0006442070007324219
gen group dst list time:  8.320808410644531e-05
time for parepare:  0.00017571449279785156
local_output_nid generation:  3.0279159545898438e-05
local_in_edges_tensor generation:  0.00022602081298828125
mini_batch_src_global generation:  6.890296936035156e-05
r_  generation:  0.0006821155548095703
local_output_nid generation:  2.956390380859375e-05
local_in_edges_tensor generation:  0.00015878677368164062
mini_batch_src_global generation:  7.748603820800781e-05
r_  generation:  0.0006048679351806641
local_output_nid generation:  3.2901763916015625e-05
local_in_edges_tensor generation:  0.00015807151794433594
mini_batch_src_global generation:  8.106231689453125e-05
r_  generation:  0.0006747245788574219
local_output_nid generation:  1.8358230590820312e-05
local_in_edges_tensor generation:  0.0001647472381591797
mini_batch_src_global generation:  6.4849853515625e-05
r_  generation:  0.00039386749267578125
local_output_nid generation:  2.3603439331054688e-05
local_in_edges_tensor generation:  0.00014543533325195312
mini_batch_src_global generation:  6.031990051269531e-05
r_  generation:  0.0005035400390625
local_output_nid generation:  2.0503997802734375e-05
local_in_edges_tensor generation:  0.00022101402282714844
mini_batch_src_global generation:  5.650520324707031e-05
r_  generation:  0.00044345855712890625
local_output_nid generation:  1.7404556274414062e-05
local_in_edges_tensor generation:  0.00013899803161621094
mini_batch_src_global generation:  5.2928924560546875e-05
r_  generation:  0.00039196014404296875
local_output_nid generation:  1.6450881958007812e-05
local_in_edges_tensor generation:  0.00015687942504882812
mini_batch_src_global generation:  5.0067901611328125e-05
r_  generation:  0.00036263465881347656
----------------------check_connections_block total spend ----------------------------- 0.007588386535644531
generate_one_block  0.0018358230590820312
generate_one_block  0.0016605854034423828
generate_one_block  0.0017740726470947266
generate_one_block  0.0013980865478515625
generate_one_block  0.0014834403991699219
generate_one_block  0.0014090538024902344
generate_one_block  0.0013952255249023438
generate_one_block  0.0013647079467773438
The real block id is  1
get_global_graph_edges_ids_block function  spend 0.0007431507110595703
gen group dst list time:  0.0001404285430908203
time for parepare:  0.0001881122589111328
local_output_nid generation:  6.270408630371094e-05
local_in_edges_tensor generation:  0.0003311634063720703
mini_batch_src_global generation:  0.00017404556274414062
r_  generation:  0.0014286041259765625
local_output_nid generation:  6.699562072753906e-05
local_in_edges_tensor generation:  0.0002143383026123047
mini_batch_src_global generation:  0.00014162063598632812
r_  generation:  0.0012500286102294922
local_output_nid generation:  7.772445678710938e-05
local_in_edges_tensor generation:  0.00023102760314941406
mini_batch_src_global generation:  0.0001480579376220703
r_  generation:  0.0015664100646972656
local_output_nid generation:  4.9591064453125e-05
local_in_edges_tensor generation:  0.00018525123596191406
mini_batch_src_global generation:  0.00011515617370605469
r_  generation:  0.0010044574737548828
local_output_nid generation:  5.2928924560546875e-05
local_in_edges_tensor generation:  0.00018835067749023438
mini_batch_src_global generation:  0.00011110305786132812
r_  generation:  0.0010986328125
local_output_nid generation:  5.078315734863281e-05
local_in_edges_tensor generation:  0.00018930435180664062
mini_batch_src_global generation:  0.00011777877807617188
r_  generation:  0.0011012554168701172
local_output_nid generation:  4.8160552978515625e-05
local_in_edges_tensor generation:  0.0001823902130126953
mini_batch_src_global generation:  0.00010752677917480469
r_  generation:  0.0010476112365722656
local_output_nid generation:  4.839897155761719e-05
local_in_edges_tensor generation:  0.00018525123596191406
mini_batch_src_global generation:  0.00011038780212402344
r_  generation:  0.0010042190551757812
----------------------check_connections_block total spend ----------------------------- 0.015375852584838867
generate_one_block  0.002695322036743164
generate_one_block  0.002273082733154297
generate_one_block  0.0027370452880859375
generate_one_block  0.0021173954010009766
generate_one_block  0.0021681785583496094
generate_one_block  0.002168893814086914
generate_one_block  0.002286672592163086
generate_one_block  0.0022726058959960938
The real block id is  0
get_global_graph_edges_ids_block function  spend 0.0007803440093994141
gen group dst list time:  0.0002522468566894531
time for parepare:  0.00018930435180664062
local_output_nid generation:  0.00011014938354492188
local_in_edges_tensor generation:  0.0004298686981201172
mini_batch_src_global generation:  0.000225067138671875
r_  generation:  0.002169370651245117
local_output_nid generation:  0.00010776519775390625
local_in_edges_tensor generation:  0.00026869773864746094
mini_batch_src_global generation:  0.00021219253540039062
r_  generation:  0.001913309097290039
local_output_nid generation:  0.00012946128845214844
local_in_edges_tensor generation:  0.0002942085266113281
mini_batch_src_global generation:  0.0001933574676513672
r_  generation:  0.0023107528686523438
local_output_nid generation:  9.846687316894531e-05
local_in_edges_tensor generation:  0.00025010108947753906
mini_batch_src_global generation:  0.00016808509826660156
r_  generation:  0.0018024444580078125
local_output_nid generation:  0.00010418891906738281
local_in_edges_tensor generation:  0.00025582313537597656
mini_batch_src_global generation:  0.00016927719116210938
r_  generation:  0.0019037723541259766
local_output_nid generation:  0.00010132789611816406
local_in_edges_tensor generation:  0.000255584716796875
mini_batch_src_global generation:  0.00016951560974121094
r_  generation:  0.0019016265869140625
local_output_nid generation:  0.0001010894775390625
local_in_edges_tensor generation:  0.0002524852752685547
mini_batch_src_global generation:  0.0001697540283203125
r_  generation:  0.0019423961639404297
local_output_nid generation:  0.00010132789611816406
local_in_edges_tensor generation:  0.00025653839111328125
mini_batch_src_global generation:  0.0001785755157470703
r_  generation:  0.0017902851104736328
----------------------check_connections_block total spend ----------------------------- 0.02438068389892578
generate_one_block  0.0037660598754882812
generate_one_block  0.0031783580780029297
generate_one_block  0.0034606456756591797
generate_one_block  0.002923727035522461
generate_one_block  0.003104686737060547
generate_one_block  0.003202676773071289
generate_one_block  0.003014802932739258
generate_one_block  0.0037877559661865234
----------===============-------------===============-------------the number of batches *****---- 8

original number of batches:  8
re graph partition time:  0

-----------------------------------------after block dataloader generation 
 Nvidia-smi: 1.0369873046875 GB
    Memory Allocated: 0.00421142578125  GigaBytes
Max Memory Allocated: 0.00421142578125  GigaBytes

connection checking time:  0.0524592399597168
block generation total time  0.07643461227416992
average batch blocks generation time:  0.001910865306854248
block dataloader generation time/epoch 0.23946428298950195
pseudo mini batch 0 input nodes size: 2080
----------------------------------------before load block subtensor 
 Nvidia-smi: 1.0369873046875 GB
    Memory Allocated: 0.00421142578125  GigaBytes
Max Memory Allocated: 0.00421142578125  GigaBytes

----------------------------------------before batch input features to device
 Nvidia-smi: 1.0369873046875 GB
    Memory Allocated: 0.00421142578125  GigaBytes
Max Memory Allocated: 0.00421142578125  GigaBytes

----------------------------------------after batch input features to device
 Nvidia-smi: 1.0369873046875 GB
    Memory Allocated: 0.015315532684326172  GigaBytes
Max Memory Allocated: 0.015315532684326172  GigaBytes

----------------------------------------after  batch labels to device
 Nvidia-smi: 1.0369873046875 GB
    Memory Allocated: 0.015316009521484375  GigaBytes
Max Memory Allocated: 0.015316009521484375  GigaBytes

----------------------------------------after load block subtensor  
 Nvidia-smi: 1.0369873046875 GB
    Memory Allocated: 0.015316009521484375  GigaBytes
Max Memory Allocated: 0.015316009521484375  GigaBytes

----------------------------------------after blocks to device 
 Nvidia-smi: 1.1014404296875 GB
    Memory Allocated: 0.015421867370605469  GigaBytes
Max Memory Allocated: 0.015421867370605469  GigaBytes

----------------------------------------before batch_pred = model(blocks, batch_inputs) 
 Nvidia-smi: 1.1014404296875 GB
    Memory Allocated: 0.015421867370605469  GigaBytes
Max Memory Allocated: 0.015421867370605469  GigaBytes

first layer input nodes number: 2080
first layer output nodes number: 1610
edges number: 6560
----------------------------------------before model layer 0
 Nvidia-smi: 1.1014404296875 GB
    Memory Allocated: 0.015450000762939453  GigaBytes
Max Memory Allocated: 0.015474796295166016  GigaBytes

torch.Size([2080, 1433])
----------------------------------------before mean aggregator
 Nvidia-smi: 1.1014404296875 GB
    Memory Allocated: 0.015450000762939453  GigaBytes
Max Memory Allocated: 0.015474796295166016  GigaBytes

----------------------------------------after mean aggregator-------
 Nvidia-smi: 1.2908935546875 GB
    Memory Allocated: 0.02644205093383789  GigaBytes
Max Memory Allocated: 0.032701969146728516  GigaBytes

torch.Size([1610, 256])
torch.Size([1610, 256])
----------------------------------------after rst
 Nvidia-smi: 1.2908935546875 GB
    Memory Allocated: 0.027977466583251953  GigaBytes
Max Memory Allocated: 0.032701969146728516  GigaBytes

----------------------------------------after model layer 0 x = layer(block, x)
 Nvidia-smi: 1.2908935546875 GB
    Memory Allocated: 0.02563619613647461  GigaBytes
Max Memory Allocated: 0.032701969146728516  GigaBytes

torch.Size([1610, 256])
----------------------------------------after model layer 0 x = self.activation(x)
 Nvidia-smi: 1.2908935546875 GB
    Memory Allocated: 0.027171611785888672  GigaBytes
Max Memory Allocated: 0.032701969146728516  GigaBytes

----------------------------------------after model layer 0 x = self.dropout(x)
 Nvidia-smi: 1.2928466796875 GB
    Memory Allocated: 0.02836132049560547  GigaBytes
Max Memory Allocated: 0.032701969146728516  GigaBytes

input nodes number: 1610
output nodes number: 934
edges number: 4394
----------------------------------------before model layer 1
 Nvidia-smi: 1.2928466796875 GB
    Memory Allocated: 0.028380870819091797  GigaBytes
Max Memory Allocated: 0.032701969146728516  GigaBytes

torch.Size([1610, 256])
----------------------------------------before mean aggregator
 Nvidia-smi: 1.2928466796875 GB
    Memory Allocated: 0.028380870819091797  GigaBytes
Max Memory Allocated: 0.032701969146728516  GigaBytes

----------------------------------------after mean aggregator-------
 Nvidia-smi: 1.2947998046875 GB
    Memory Allocated: 0.03020334243774414  GigaBytes
Max Memory Allocated: 0.032701969146728516  GigaBytes

torch.Size([934, 256])
torch.Size([934, 256])
----------------------------------------after rst
 Nvidia-smi: 1.2967529296875 GB
    Memory Allocated: 0.031094074249267578  GigaBytes
Max Memory Allocated: 0.032701969146728516  GigaBytes

----------------------------------------after model layer 1 x = layer(block, x)
 Nvidia-smi: 1.2967529296875 GB
    Memory Allocated: 0.03020334243774414  GigaBytes
Max Memory Allocated: 0.032701969146728516  GigaBytes

torch.Size([934, 256])
----------------------------------------after model layer 1 x = self.activation(x)
 Nvidia-smi: 1.2967529296875 GB
    Memory Allocated: 0.031094074249267578  GigaBytes
Max Memory Allocated: 0.032701969146728516  GigaBytes

----------------------------------------after model layer 1 x = self.dropout(x)
 Nvidia-smi: 1.2967529296875 GB
    Memory Allocated: 0.03131675720214844  GigaBytes
Max Memory Allocated: 0.032701969146728516  GigaBytes

input nodes number: 934
output nodes number: 428
edges number: 2098
----------------------------------------before model layer 2
 Nvidia-smi: 1.2967529296875 GB
    Memory Allocated: 0.031327247619628906  GigaBytes
Max Memory Allocated: 0.032701969146728516  GigaBytes

torch.Size([934, 256])
----------------------------------------before mean aggregator
 Nvidia-smi: 1.2967529296875 GB
    Memory Allocated: 0.031327247619628906  GigaBytes
Max Memory Allocated: 0.032701969146728516  GigaBytes

----------------------------------------after mean aggregator-------
 Nvidia-smi: 1.2967529296875 GB
    Memory Allocated: 0.03216361999511719  GigaBytes
Max Memory Allocated: 0.032701969146728516  GigaBytes

torch.Size([428, 256])
torch.Size([428, 256])
----------------------------------------after rst
 Nvidia-smi: 1.2967529296875 GB
    Memory Allocated: 0.03257179260253906  GigaBytes
Max Memory Allocated: 0.03297996520996094  GigaBytes

----------------------------------------after model layer 2 x = layer(block, x)
 Nvidia-smi: 1.2967529296875 GB
    Memory Allocated: 0.03216361999511719  GigaBytes
Max Memory Allocated: 0.03297996520996094  GigaBytes

torch.Size([428, 256])
----------------------------------------after model layer 2 x = self.activation(x)
 Nvidia-smi: 1.2967529296875 GB
    Memory Allocated: 0.03257179260253906  GigaBytes
Max Memory Allocated: 0.03297996520996094  GigaBytes

----------------------------------------after model layer 2 x = self.dropout(x)
 Nvidia-smi: 1.2967529296875 GB
    Memory Allocated: 0.03267383575439453  GigaBytes
Max Memory Allocated: 0.033082008361816406  GigaBytes

input nodes number: 428
output nodes number: 87
edges number: 654
----------------------------------------before model layer 3
 Nvidia-smi: 1.2967529296875 GB
    Memory Allocated: 0.03267812728881836  GigaBytes
Max Memory Allocated: 0.033082008361816406  GigaBytes

torch.Size([428, 256])
----------------------------------------before mean aggregator
 Nvidia-smi: 1.2967529296875 GB
    Memory Allocated: 0.03267812728881836  GigaBytes
Max Memory Allocated: 0.033082008361816406  GigaBytes

----------------------------------------after mean aggregator-------
 Nvidia-smi: 1.2967529296875 GB
    Memory Allocated: 0.03285074234008789  GigaBytes
Max Memory Allocated: 0.033082008361816406  GigaBytes

torch.Size([87, 256])
torch.Size([87, 256])
----------------------------------------after rst
 Nvidia-smi: 1.2967529296875 GB
    Memory Allocated: 0.032933712005615234  GigaBytes
Max Memory Allocated: 0.033082008361816406  GigaBytes

----------------------------------------after model layer 3 x = layer(block, x)
 Nvidia-smi: 1.2967529296875 GB
    Memory Allocated: 0.03285074234008789  GigaBytes
Max Memory Allocated: 0.033082008361816406  GigaBytes

torch.Size([87, 256])
----------------------------------------after model layer 3 x = self.activation(x)
 Nvidia-smi: 1.2967529296875 GB
    Memory Allocated: 0.032933712005615234  GigaBytes
Max Memory Allocated: 0.033082008361816406  GigaBytes

----------------------------------------after model layer 3 x = self.dropout(x)
 Nvidia-smi: 1.2967529296875 GB
    Memory Allocated: 0.03295469284057617  GigaBytes
Max Memory Allocated: 0.033082008361816406  GigaBytes

----------------input nodes number: 87
----------------output nodes number: 18
----------------edges number: 89
----------------------------------------before mean aggregator
 Nvidia-smi: 1.2967529296875 GB
    Memory Allocated: 0.03295612335205078  GigaBytes
Max Memory Allocated: 0.033082008361816406  GigaBytes

----------------------------------------after mean aggregator-------
 Nvidia-smi: 1.2967529296875 GB
    Memory Allocated: 0.03297567367553711  GigaBytes
Max Memory Allocated: 0.033082008361816406  GigaBytes

torch.Size([18, 7])
torch.Size([18, 7])
----------------------------------------after rst
 Nvidia-smi: 1.2967529296875 GB
    Memory Allocated: 0.03297615051269531  GigaBytes
Max Memory Allocated: 0.033082008361816406  GigaBytes

----------------------------------------end of model layers  after x = self.layers[-1](blocks[-1], x)
 Nvidia-smi: 1.2967529296875 GB
    Memory Allocated: 0.03297567367553711  GigaBytes
Max Memory Allocated: 0.033082008361816406  GigaBytes

torch.Size([18, 7])
----------------------------------------- after batch_pred = model(blocks, batch_inputs) 
 Nvidia-smi: 1.2967529296875 GB
    Memory Allocated: 0.03297615051269531  GigaBytes
Max Memory Allocated: 0.033082008361816406  GigaBytes

-----------------------------------------after loss calculation
 Nvidia-smi: 1.2967529296875 GB
    Memory Allocated: 0.03297758102416992  GigaBytes
Max Memory Allocated: 0.033082008361816406  GigaBytes

-----------------------------------------after loss backward
 Nvidia-smi: 1.3006591796875 GB
    Memory Allocated: 0.019886016845703125  GigaBytes
Max Memory Allocated: 0.034160614013671875  GigaBytes

pseudo mini batch 1 input nodes size: 1871
----------------------------------------before load block subtensor 
 Nvidia-smi: 1.3006591796875 GB
    Memory Allocated: 0.019528865814208984  GigaBytes
Max Memory Allocated: 0.034160614013671875  GigaBytes

----------------------------------------before batch input features to device
 Nvidia-smi: 1.3006591796875 GB
    Memory Allocated: 0.019528865814208984  GigaBytes
Max Memory Allocated: 0.034160614013671875  GigaBytes

----------------------------------------after batch input features to device
 Nvidia-smi: 1.3006591796875 GB
    Memory Allocated: 0.029517173767089844  GigaBytes
Max Memory Allocated: 0.034160614013671875  GigaBytes

----------------------------------------after  batch labels to device
 Nvidia-smi: 1.3006591796875 GB
    Memory Allocated: 0.029517650604248047  GigaBytes
Max Memory Allocated: 0.034160614013671875  GigaBytes

----------------------------------------after load block subtensor  
 Nvidia-smi: 1.3006591796875 GB
    Memory Allocated: 0.018413066864013672  GigaBytes
Max Memory Allocated: 0.034160614013671875  GigaBytes

----------------------------------------after blocks to device 
 Nvidia-smi: 1.3006591796875 GB
    Memory Allocated: 0.018504619598388672  GigaBytes
Max Memory Allocated: 0.034160614013671875  GigaBytes

----------------------------------------before batch_pred = model(blocks, batch_inputs) 
 Nvidia-smi: 1.3006591796875 GB
    Memory Allocated: 0.018504619598388672  GigaBytes
Max Memory Allocated: 0.034160614013671875  GigaBytes

first layer input nodes number: 1871
first layer output nodes number: 1394
edges number: 5768
----------------------------------------before model layer 0
 Nvidia-smi: 1.3006591796875 GB
    Memory Allocated: 0.018529415130615234  GigaBytes
Max Memory Allocated: 0.034160614013671875  GigaBytes

torch.Size([1871, 1433])
----------------------------------------before mean aggregator
 Nvidia-smi: 1.3006591796875 GB
    Memory Allocated: 0.018529415130615234  GigaBytes
Max Memory Allocated: 0.034160614013671875  GigaBytes

----------------------------------------after mean aggregator-------
 Nvidia-smi: 1.3006591796875 GB
    Memory Allocated: 0.02734994888305664  GigaBytes
Max Memory Allocated: 0.034160614013671875  GigaBytes

torch.Size([1394, 256])
torch.Size([1394, 256])
----------------------------------------after rst
 Nvidia-smi: 1.3006591796875 GB
    Memory Allocated: 0.028679370880126953  GigaBytes
Max Memory Allocated: 0.034160614013671875  GigaBytes

----------------------------------------after model layer 0 x = layer(block, x)
 Nvidia-smi: 1.3006591796875 GB
    Memory Allocated: 0.02734994888305664  GigaBytes
Max Memory Allocated: 0.034160614013671875  GigaBytes

torch.Size([1394, 256])
----------------------------------------after model layer 0 x = self.activation(x)
 Nvidia-smi: 1.3006591796875 GB
    Memory Allocated: 0.028679370880126953  GigaBytes
Max Memory Allocated: 0.034160614013671875  GigaBytes

----------------------------------------after model layer 0 x = self.dropout(x)
 Nvidia-smi: 1.3006591796875 GB
    Memory Allocated: 0.02901172637939453  GigaBytes
Max Memory Allocated: 0.034160614013671875  GigaBytes

input nodes number: 1394
output nodes number: 779
edges number: 3804
----------------------------------------before model layer 1
 Nvidia-smi: 1.3006591796875 GB
    Memory Allocated: 0.02902841567993164  GigaBytes
Max Memory Allocated: 0.034160614013671875  GigaBytes

torch.Size([1394, 256])
----------------------------------------before mean aggregator
 Nvidia-smi: 1.3006591796875 GB
    Memory Allocated: 0.02902841567993164  GigaBytes
Max Memory Allocated: 0.034160614013671875  GigaBytes

----------------------------------------after mean aggregator-------
 Nvidia-smi: 1.3006591796875 GB
    Memory Allocated: 0.03054952621459961  GigaBytes
Max Memory Allocated: 0.034160614013671875  GigaBytes

torch.Size([779, 256])
torch.Size([779, 256])
----------------------------------------after rst
 Nvidia-smi: 1.3006591796875 GB
    Memory Allocated: 0.03129243850708008  GigaBytes
Max Memory Allocated: 0.034160614013671875  GigaBytes

----------------------------------------after model layer 1 x = layer(block, x)
 Nvidia-smi: 1.3006591796875 GB
    Memory Allocated: 0.03054952621459961  GigaBytes
Max Memory Allocated: 0.034160614013671875  GigaBytes

torch.Size([779, 256])
----------------------------------------after model layer 1 x = self.activation(x)
 Nvidia-smi: 1.3006591796875 GB
    Memory Allocated: 0.03129243850708008  GigaBytes
Max Memory Allocated: 0.034160614013671875  GigaBytes

----------------------------------------after model layer 1 x = self.dropout(x)
 Nvidia-smi: 1.3006591796875 GB
    Memory Allocated: 0.0314784049987793  GigaBytes
Max Memory Allocated: 0.034160614013671875  GigaBytes

input nodes number: 779
output nodes number: 338
edges number: 1771
----------------------------------------before model layer 2
 Nvidia-smi: 1.3006591796875 GB
    Memory Allocated: 0.031487464904785156  GigaBytes
Max Memory Allocated: 0.034160614013671875  GigaBytes

torch.Size([779, 256])
----------------------------------------before mean aggregator
 Nvidia-smi: 1.3006591796875 GB
    Memory Allocated: 0.031487464904785156  GigaBytes
Max Memory Allocated: 0.034160614013671875  GigaBytes

----------------------------------------after mean aggregator-------
 Nvidia-smi: 1.3006591796875 GB
    Memory Allocated: 0.03214836120605469  GigaBytes
Max Memory Allocated: 0.034160614013671875  GigaBytes

torch.Size([338, 256])
torch.Size([338, 256])
----------------------------------------after rst
 Nvidia-smi: 1.3006591796875 GB
    Memory Allocated: 0.032470703125  GigaBytes
Max Memory Allocated: 0.034160614013671875  GigaBytes

----------------------------------------after model layer 2 x = layer(block, x)
 Nvidia-smi: 1.3006591796875 GB
    Memory Allocated: 0.03214836120605469  GigaBytes
Max Memory Allocated: 0.034160614013671875  GigaBytes

torch.Size([338, 256])
----------------------------------------after model layer 2 x = self.activation(x)
 Nvidia-smi: 1.3006591796875 GB
    Memory Allocated: 0.032470703125  GigaBytes
Max Memory Allocated: 0.034160614013671875  GigaBytes

----------------------------------------after model layer 2 x = self.dropout(x)
 Nvidia-smi: 1.3006591796875 GB
    Memory Allocated: 0.03255128860473633  GigaBytes
Max Memory Allocated: 0.034160614013671875  GigaBytes

input nodes number: 338
output nodes number: 104
edges number: 636
----------------------------------------before model layer 3
 Nvidia-smi: 1.3006591796875 GB
    Memory Allocated: 0.03255510330200195  GigaBytes
Max Memory Allocated: 0.034160614013671875  GigaBytes

torch.Size([338, 256])
----------------------------------------before mean aggregator
 Nvidia-smi: 1.3006591796875 GB
    Memory Allocated: 0.03255510330200195  GigaBytes
Max Memory Allocated: 0.034160614013671875  GigaBytes

----------------------------------------after mean aggregator-------
 Nvidia-smi: 1.3006591796875 GB
    Memory Allocated: 0.03275918960571289  GigaBytes
Max Memory Allocated: 0.034160614013671875  GigaBytes

torch.Size([104, 256])
torch.Size([104, 256])
----------------------------------------after rst
 Nvidia-smi: 1.3006591796875 GB
    Memory Allocated: 0.03285837173461914  GigaBytes
Max Memory Allocated: 0.034160614013671875  GigaBytes

----------------------------------------after model layer 3 x = layer(block, x)
 Nvidia-smi: 1.3006591796875 GB
    Memory Allocated: 0.03275918960571289  GigaBytes
Max Memory Allocated: 0.034160614013671875  GigaBytes

torch.Size([104, 256])
----------------------------------------after model layer 3 x = self.activation(x)
 Nvidia-smi: 1.3006591796875 GB
    Memory Allocated: 0.03285837173461914  GigaBytes
Max Memory Allocated: 0.034160614013671875  GigaBytes

----------------------------------------after model layer 3 x = self.dropout(x)
 Nvidia-smi: 1.3006591796875 GB
    Memory Allocated: 0.0328831672668457  GigaBytes
Max Memory Allocated: 0.034160614013671875  GigaBytes

----------------input nodes number: 104
----------------output nodes number: 18
----------------edges number: 104
----------------------------------------before mean aggregator
 Nvidia-smi: 1.3006591796875 GB
    Memory Allocated: 0.03288459777832031  GigaBytes
Max Memory Allocated: 0.034160614013671875  GigaBytes

----------------------------------------after mean aggregator-------
 Nvidia-smi: 1.3006591796875 GB
    Memory Allocated: 0.03290414810180664  GigaBytes
Max Memory Allocated: 0.034160614013671875  GigaBytes

torch.Size([18, 7])
torch.Size([18, 7])
----------------------------------------after rst
 Nvidia-smi: 1.3006591796875 GB
    Memory Allocated: 0.032904624938964844  GigaBytes
Max Memory Allocated: 0.034160614013671875  GigaBytes

----------------------------------------end of model layers  after x = self.layers[-1](blocks[-1], x)
 Nvidia-smi: 1.3006591796875 GB
    Memory Allocated: 0.03290414810180664  GigaBytes
Max Memory Allocated: 0.034160614013671875  GigaBytes

torch.Size([18, 7])
----------------------------------------- after batch_pred = model(blocks, batch_inputs) 
 Nvidia-smi: 1.3006591796875 GB
    Memory Allocated: 0.03290414810180664  GigaBytes
Max Memory Allocated: 0.034160614013671875  GigaBytes

-----------------------------------------after loss calculation
 Nvidia-smi: 1.3006591796875 GB
    Memory Allocated: 0.03290510177612305  GigaBytes
Max Memory Allocated: 0.034160614013671875  GigaBytes

-----------------------------------------after loss backward
 Nvidia-smi: 1.3006591796875 GB
    Memory Allocated: 0.01872110366821289  GigaBytes
Max Memory Allocated: 0.034160614013671875  GigaBytes

pseudo mini batch 2 input nodes size: 2145
----------------------------------------before load block subtensor 
 Nvidia-smi: 1.3006591796875 GB
    Memory Allocated: 0.018413066864013672  GigaBytes
Max Memory Allocated: 0.034160614013671875  GigaBytes

----------------------------------------before batch input features to device
 Nvidia-smi: 1.3006591796875 GB
    Memory Allocated: 0.018413066864013672  GigaBytes
Max Memory Allocated: 0.034160614013671875  GigaBytes

----------------------------------------after batch input features to device
 Nvidia-smi: 1.3123779296875 GB
    Memory Allocated: 0.030131816864013672  GigaBytes
Max Memory Allocated: 0.034160614013671875  GigaBytes

----------------------------------------after  batch labels to device
 Nvidia-smi: 1.3123779296875 GB
    Memory Allocated: 0.030132293701171875  GigaBytes
Max Memory Allocated: 0.034160614013671875  GigaBytes

----------------------------------------after load block subtensor  
 Nvidia-smi: 1.3123779296875 GB
    Memory Allocated: 0.020143508911132812  GigaBytes
Max Memory Allocated: 0.034160614013671875  GigaBytes

----------------------------------------after blocks to device 
 Nvidia-smi: 1.3123779296875 GB
    Memory Allocated: 0.020254135131835938  GigaBytes
Max Memory Allocated: 0.034160614013671875  GigaBytes

----------------------------------------before batch_pred = model(blocks, batch_inputs) 
 Nvidia-smi: 1.3123779296875 GB
    Memory Allocated: 0.020254135131835938  GigaBytes
Max Memory Allocated: 0.034160614013671875  GigaBytes

first layer input nodes number: 2145
first layer output nodes number: 1704
edges number: 6924
----------------------------------------before model layer 0
 Nvidia-smi: 1.3123779296875 GB
    Memory Allocated: 0.020283222198486328  GigaBytes
Max Memory Allocated: 0.034160614013671875  GigaBytes

torch.Size([2145, 1433])
----------------------------------------before mean aggregator
 Nvidia-smi: 1.3123779296875 GB
    Memory Allocated: 0.020283222198486328  GigaBytes
Max Memory Allocated: 0.034160614013671875  GigaBytes

----------------------------------------after mean aggregator-------
 Nvidia-smi: 1.3123779296875 GB
    Memory Allocated: 0.03106403350830078  GigaBytes
Max Memory Allocated: 0.03854227066040039  GigaBytes

torch.Size([1704, 256])
torch.Size([1704, 256])
----------------------------------------after rst
 Nvidia-smi: 1.3123779296875 GB
    Memory Allocated: 0.03268909454345703  GigaBytes
Max Memory Allocated: 0.03854227066040039  GigaBytes

----------------------------------------after model layer 0 x = layer(block, x)
 Nvidia-smi: 1.3123779296875 GB
    Memory Allocated: 0.03106403350830078  GigaBytes
Max Memory Allocated: 0.03854227066040039  GigaBytes

torch.Size([1704, 256])
----------------------------------------after model layer 0 x = self.activation(x)
 Nvidia-smi: 1.3123779296875 GB
    Memory Allocated: 0.03268909454345703  GigaBytes
Max Memory Allocated: 0.03854227066040039  GigaBytes

----------------------------------------after model layer 0 x = self.dropout(x)
 Nvidia-smi: 1.3123779296875 GB
    Memory Allocated: 0.033095359802246094  GigaBytes
Max Memory Allocated: 0.03854227066040039  GigaBytes

input nodes number: 1704
output nodes number: 1017
edges number: 4861
----------------------------------------before model layer 1
 Nvidia-smi: 1.3123779296875 GB
    Memory Allocated: 0.03311586380004883  GigaBytes
Max Memory Allocated: 0.03854227066040039  GigaBytes

torch.Size([1704, 256])
----------------------------------------before mean aggregator
 Nvidia-smi: 1.3123779296875 GB
    Memory Allocated: 0.03311586380004883  GigaBytes
Max Memory Allocated: 0.03854227066040039  GigaBytes

----------------------------------------after mean aggregator-------
 Nvidia-smi: 1.3123779296875 GB
    Memory Allocated: 0.03509950637817383  GigaBytes
Max Memory Allocated: 0.03854227066040039  GigaBytes

torch.Size([1017, 256])
torch.Size([1017, 256])
----------------------------------------after rst
 Nvidia-smi: 1.3143310546875 GB
    Memory Allocated: 0.036069393157958984  GigaBytes
Max Memory Allocated: 0.03854227066040039  GigaBytes

----------------------------------------after model layer 1 x = layer(block, x)
 Nvidia-smi: 1.3143310546875 GB
    Memory Allocated: 0.03509950637817383  GigaBytes
Max Memory Allocated: 0.03854227066040039  GigaBytes

torch.Size([1017, 256])
----------------------------------------after model layer 1 x = self.activation(x)
 Nvidia-smi: 1.3143310546875 GB
    Memory Allocated: 0.036069393157958984  GigaBytes
Max Memory Allocated: 0.03854227066040039  GigaBytes

----------------------------------------after model layer 1 x = self.dropout(x)
 Nvidia-smi: 1.3143310546875 GB
    Memory Allocated: 0.036312103271484375  GigaBytes
Max Memory Allocated: 0.03854227066040039  GigaBytes

input nodes number: 1017
output nodes number: 375
edges number: 2070
----------------------------------------before model layer 2
 Nvidia-smi: 1.3143310546875 GB
    Memory Allocated: 0.036322593688964844  GigaBytes
Max Memory Allocated: 0.03854227066040039  GigaBytes

torch.Size([1017, 256])
----------------------------------------before mean aggregator
 Nvidia-smi: 1.3143310546875 GB
    Memory Allocated: 0.036322593688964844  GigaBytes
Max Memory Allocated: 0.03854227066040039  GigaBytes

----------------------------------------after mean aggregator-------
 Nvidia-smi: 1.3143310546875 GB
    Memory Allocated: 0.037056922912597656  GigaBytes
Max Memory Allocated: 0.03854227066040039  GigaBytes

torch.Size([375, 256])
torch.Size([375, 256])
----------------------------------------after rst
 Nvidia-smi: 1.3143310546875 GB
    Memory Allocated: 0.03741455078125  GigaBytes
Max Memory Allocated: 0.03854227066040039  GigaBytes

----------------------------------------after model layer 2 x = layer(block, x)
 Nvidia-smi: 1.3143310546875 GB
    Memory Allocated: 0.037056922912597656  GigaBytes
Max Memory Allocated: 0.03854227066040039  GigaBytes

torch.Size([375, 256])
----------------------------------------after model layer 2 x = self.activation(x)
 Nvidia-smi: 1.3143310546875 GB
    Memory Allocated: 0.03741455078125  GigaBytes
Max Memory Allocated: 0.03854227066040039  GigaBytes

----------------------------------------after model layer 2 x = self.dropout(x)
 Nvidia-smi: 1.3143310546875 GB
    Memory Allocated: 0.03750419616699219  GigaBytes
Max Memory Allocated: 0.03854227066040039  GigaBytes

input nodes number: 375
output nodes number: 109
edges number: 638
----------------------------------------before model layer 3
 Nvidia-smi: 1.3143310546875 GB
    Memory Allocated: 0.03750801086425781  GigaBytes
Max Memory Allocated: 0.03854227066040039  GigaBytes

torch.Size([375, 256])
----------------------------------------before mean aggregator
 Nvidia-smi: 1.3143310546875 GB
    Memory Allocated: 0.03750801086425781  GigaBytes
Max Memory Allocated: 0.03854227066040039  GigaBytes

----------------------------------------after mean aggregator-------
 Nvidia-smi: 1.3143310546875 GB
    Memory Allocated: 0.03772163391113281  GigaBytes
Max Memory Allocated: 0.03854227066040039  GigaBytes

torch.Size([109, 256])
torch.Size([109, 256])
----------------------------------------after rst
 Nvidia-smi: 1.3143310546875 GB
    Memory Allocated: 0.037825584411621094  GigaBytes
Max Memory Allocated: 0.03854227066040039  GigaBytes

----------------------------------------after model layer 3 x = layer(block, x)
 Nvidia-smi: 1.3143310546875 GB
    Memory Allocated: 0.03772163391113281  GigaBytes
Max Memory Allocated: 0.03854227066040039  GigaBytes

torch.Size([109, 256])
----------------------------------------after model layer 3 x = self.activation(x)
 Nvidia-smi: 1.3143310546875 GB
    Memory Allocated: 0.037825584411621094  GigaBytes
Max Memory Allocated: 0.03854227066040039  GigaBytes

----------------------------------------after model layer 3 x = self.dropout(x)
 Nvidia-smi: 1.3143310546875 GB
    Memory Allocated: 0.037851810455322266  GigaBytes
Max Memory Allocated: 0.03854227066040039  GigaBytes

----------------input nodes number: 109
----------------output nodes number: 17
----------------edges number: 106
----------------------------------------before mean aggregator
 Nvidia-smi: 1.3143310546875 GB
    Memory Allocated: 0.037853240966796875  GigaBytes
Max Memory Allocated: 0.03854227066040039  GigaBytes

----------------------------------------after mean aggregator-------
 Nvidia-smi: 1.3143310546875 GB
    Memory Allocated: 0.0378718376159668  GigaBytes
Max Memory Allocated: 0.03854227066040039  GigaBytes

torch.Size([17, 7])
torch.Size([17, 7])
----------------------------------------after rst
 Nvidia-smi: 1.3143310546875 GB
    Memory Allocated: 0.037872314453125  GigaBytes
Max Memory Allocated: 0.03854227066040039  GigaBytes

----------------------------------------end of model layers  after x = self.layers[-1](blocks[-1], x)
 Nvidia-smi: 1.3143310546875 GB
    Memory Allocated: 0.0378718376159668  GigaBytes
Max Memory Allocated: 0.03854227066040039  GigaBytes

torch.Size([17, 7])
----------------------------------------- after batch_pred = model(blocks, batch_inputs) 
 Nvidia-smi: 1.3143310546875 GB
    Memory Allocated: 0.0378718376159668  GigaBytes
Max Memory Allocated: 0.03854227066040039  GigaBytes

-----------------------------------------after loss calculation
 Nvidia-smi: 1.3143310546875 GB
    Memory Allocated: 0.0378727912902832  GigaBytes
Max Memory Allocated: 0.03854227066040039  GigaBytes

-----------------------------------------after loss backward
 Nvidia-smi: 1.3143310546875 GB
    Memory Allocated: 0.020513534545898438  GigaBytes
Max Memory Allocated: 0.03854227066040039  GigaBytes

pseudo mini batch 3 input nodes size: 1878
----------------------------------------before load block subtensor 
 Nvidia-smi: 1.3143310546875 GB
    Memory Allocated: 0.020143508911132812  GigaBytes
Max Memory Allocated: 0.03854227066040039  GigaBytes

----------------------------------------before batch input features to device
 Nvidia-smi: 1.3143310546875 GB
    Memory Allocated: 0.020143508911132812  GigaBytes
Max Memory Allocated: 0.03854227066040039  GigaBytes

----------------------------------------after batch input features to device
 Nvidia-smi: 1.3143310546875 GB
    Memory Allocated: 0.030169010162353516  GigaBytes
Max Memory Allocated: 0.03854227066040039  GigaBytes

----------------------------------------after  batch labels to device
 Nvidia-smi: 1.3143310546875 GB
    Memory Allocated: 0.03016948699951172  GigaBytes
Max Memory Allocated: 0.03854227066040039  GigaBytes

----------------------------------------after load block subtensor  
 Nvidia-smi: 1.3143310546875 GB
    Memory Allocated: 0.018450260162353516  GigaBytes
Max Memory Allocated: 0.03854227066040039  GigaBytes

----------------------------------------after blocks to device 
 Nvidia-smi: 1.3143310546875 GB
    Memory Allocated: 0.018527507781982422  GigaBytes
Max Memory Allocated: 0.03854227066040039  GigaBytes

----------------------------------------before batch_pred = model(blocks, batch_inputs) 
 Nvidia-smi: 1.3143310546875 GB
    Memory Allocated: 0.018527507781982422  GigaBytes
Max Memory Allocated: 0.03854227066040039  GigaBytes

first layer input nodes number: 1878
first layer output nodes number: 1279
edges number: 5421
----------------------------------------before model layer 0
 Nvidia-smi: 1.3143310546875 GB
    Memory Allocated: 0.018551349639892578  GigaBytes
Max Memory Allocated: 0.03854227066040039  GigaBytes

torch.Size([1878, 1433])
----------------------------------------before mean aggregator
 Nvidia-smi: 1.3143310546875 GB
    Memory Allocated: 0.018551349639892578  GigaBytes
Max Memory Allocated: 0.03854227066040039  GigaBytes

----------------------------------------after mean aggregator-------
 Nvidia-smi: 1.3143310546875 GB
    Memory Allocated: 0.02664470672607422  GigaBytes
Max Memory Allocated: 0.03854227066040039  GigaBytes

torch.Size([1279, 256])
torch.Size([1279, 256])
----------------------------------------after rst
 Nvidia-smi: 1.3143310546875 GB
    Memory Allocated: 0.027864456176757812  GigaBytes
Max Memory Allocated: 0.03854227066040039  GigaBytes

----------------------------------------after model layer 0 x = layer(block, x)
 Nvidia-smi: 1.3143310546875 GB
    Memory Allocated: 0.02664470672607422  GigaBytes
Max Memory Allocated: 0.03854227066040039  GigaBytes

torch.Size([1279, 256])
----------------------------------------after model layer 0 x = self.activation(x)
 Nvidia-smi: 1.3143310546875 GB
    Memory Allocated: 0.027864456176757812  GigaBytes
Max Memory Allocated: 0.03854227066040039  GigaBytes

----------------------------------------after model layer 0 x = self.dropout(x)
 Nvidia-smi: 1.3143310546875 GB
    Memory Allocated: 0.028690814971923828  GigaBytes
Max Memory Allocated: 0.03854227066040039  GigaBytes

input nodes number: 1279
output nodes number: 598
edges number: 3113
----------------------------------------before model layer 1
 Nvidia-smi: 1.3143310546875 GB
    Memory Allocated: 0.028705120086669922  GigaBytes
Max Memory Allocated: 0.03854227066040039  GigaBytes

torch.Size([1279, 256])
----------------------------------------before mean aggregator
 Nvidia-smi: 1.3143310546875 GB
    Memory Allocated: 0.028705120086669922  GigaBytes
Max Memory Allocated: 0.03854227066040039  GigaBytes

----------------------------------------after mean aggregator-------
 Nvidia-smi: 1.3143310546875 GB
    Memory Allocated: 0.029874324798583984  GigaBytes
Max Memory Allocated: 0.03854227066040039  GigaBytes

torch.Size([598, 256])
torch.Size([598, 256])
----------------------------------------after rst
 Nvidia-smi: 1.3143310546875 GB
    Memory Allocated: 0.030444622039794922  GigaBytes
Max Memory Allocated: 0.03854227066040039  GigaBytes

----------------------------------------after model layer 1 x = layer(block, x)
 Nvidia-smi: 1.3143310546875 GB
    Memory Allocated: 0.029874324798583984  GigaBytes
Max Memory Allocated: 0.03854227066040039  GigaBytes

torch.Size([598, 256])
----------------------------------------after model layer 1 x = self.activation(x)
 Nvidia-smi: 1.3143310546875 GB
    Memory Allocated: 0.030444622039794922  GigaBytes
Max Memory Allocated: 0.03854227066040039  GigaBytes

----------------------------------------after model layer 1 x = self.dropout(x)
 Nvidia-smi: 1.3143310546875 GB
    Memory Allocated: 0.030587196350097656  GigaBytes
Max Memory Allocated: 0.03854227066040039  GigaBytes

input nodes number: 598
output nodes number: 198
edges number: 1095
----------------------------------------before model layer 2
 Nvidia-smi: 1.3143310546875 GB
    Memory Allocated: 0.0305938720703125  GigaBytes
Max Memory Allocated: 0.03854227066040039  GigaBytes

torch.Size([598, 256])
----------------------------------------before mean aggregator
 Nvidia-smi: 1.3143310546875 GB
    Memory Allocated: 0.0305938720703125  GigaBytes
Max Memory Allocated: 0.03854227066040039  GigaBytes

----------------------------------------after mean aggregator-------
 Nvidia-smi: 1.3143310546875 GB
    Memory Allocated: 0.030982017517089844  GigaBytes
Max Memory Allocated: 0.03854227066040039  GigaBytes

torch.Size([198, 256])
torch.Size([198, 256])
----------------------------------------after rst
 Nvidia-smi: 1.3143310546875 GB
    Memory Allocated: 0.03117084503173828  GigaBytes
Max Memory Allocated: 0.03854227066040039  GigaBytes

----------------------------------------after model layer 2 x = layer(block, x)
 Nvidia-smi: 1.3143310546875 GB
    Memory Allocated: 0.030982017517089844  GigaBytes
Max Memory Allocated: 0.03854227066040039  GigaBytes

torch.Size([198, 256])
----------------------------------------after model layer 2 x = self.activation(x)
 Nvidia-smi: 1.3143310546875 GB
    Memory Allocated: 0.03117084503173828  GigaBytes
Max Memory Allocated: 0.03854227066040039  GigaBytes

----------------------------------------after model layer 2 x = self.dropout(x)
 Nvidia-smi: 1.3143310546875 GB
    Memory Allocated: 0.03121805191040039  GigaBytes
Max Memory Allocated: 0.03854227066040039  GigaBytes

input nodes number: 198
output nodes number: 67
edges number: 309
----------------------------------------before model layer 3
 Nvidia-smi: 1.3143310546875 GB
    Memory Allocated: 0.03122091293334961  GigaBytes
Max Memory Allocated: 0.03854227066040039  GigaBytes

torch.Size([198, 256])
----------------------------------------before mean aggregator
 Nvidia-smi: 1.3143310546875 GB
    Memory Allocated: 0.03122091293334961  GigaBytes
Max Memory Allocated: 0.03854227066040039  GigaBytes

----------------------------------------after mean aggregator-------
 Nvidia-smi: 1.3143310546875 GB
    Memory Allocated: 0.03135251998901367  GigaBytes
Max Memory Allocated: 0.03854227066040039  GigaBytes

torch.Size([67, 256])
torch.Size([67, 256])
----------------------------------------after rst
 Nvidia-smi: 1.3143310546875 GB
    Memory Allocated: 0.03141641616821289  GigaBytes
Max Memory Allocated: 0.03854227066040039  GigaBytes

----------------------------------------after model layer 3 x = layer(block, x)
 Nvidia-smi: 1.3143310546875 GB
    Memory Allocated: 0.03135251998901367  GigaBytes
Max Memory Allocated: 0.03854227066040039  GigaBytes

torch.Size([67, 256])
----------------------------------------after model layer 3 x = self.activation(x)
 Nvidia-smi: 1.3143310546875 GB
    Memory Allocated: 0.03141641616821289  GigaBytes
Max Memory Allocated: 0.03854227066040039  GigaBytes

----------------------------------------after model layer 3 x = self.dropout(x)
 Nvidia-smi: 1.3143310546875 GB
    Memory Allocated: 0.0314326286315918  GigaBytes
Max Memory Allocated: 0.03854227066040039  GigaBytes

----------------input nodes number: 67
----------------output nodes number: 16
----------------edges number: 52
----------------------------------------before mean aggregator
 Nvidia-smi: 1.3143310546875 GB
    Memory Allocated: 0.031434059143066406  GigaBytes
Max Memory Allocated: 0.03854227066040039  GigaBytes

----------------------------------------after mean aggregator-------
 Nvidia-smi: 1.3143310546875 GB
    Memory Allocated: 0.03145170211791992  GigaBytes
Max Memory Allocated: 0.03854227066040039  GigaBytes

torch.Size([16, 7])
torch.Size([16, 7])
----------------------------------------after rst
 Nvidia-smi: 1.3143310546875 GB
    Memory Allocated: 0.031452178955078125  GigaBytes
Max Memory Allocated: 0.03854227066040039  GigaBytes

----------------------------------------end of model layers  after x = self.layers[-1](blocks[-1], x)
 Nvidia-smi: 1.3143310546875 GB
    Memory Allocated: 0.03145170211791992  GigaBytes
Max Memory Allocated: 0.03854227066040039  GigaBytes

torch.Size([16, 7])
----------------------------------------- after batch_pred = model(blocks, batch_inputs) 
 Nvidia-smi: 1.3143310546875 GB
    Memory Allocated: 0.03145170211791992  GigaBytes
Max Memory Allocated: 0.03854227066040039  GigaBytes

-----------------------------------------after loss calculation
 Nvidia-smi: 1.3143310546875 GB
    Memory Allocated: 0.03145265579223633  GigaBytes
Max Memory Allocated: 0.03854227066040039  GigaBytes

-----------------------------------------after loss backward
 Nvidia-smi: 1.3143310546875 GB
    Memory Allocated: 0.018707752227783203  GigaBytes
Max Memory Allocated: 0.03854227066040039  GigaBytes

pseudo mini batch 4 input nodes size: 1974
----------------------------------------before load block subtensor 
 Nvidia-smi: 1.3143310546875 GB
    Memory Allocated: 0.018450260162353516  GigaBytes
Max Memory Allocated: 0.03854227066040039  GigaBytes

----------------------------------------before batch input features to device
 Nvidia-smi: 1.3143310546875 GB
    Memory Allocated: 0.018450260162353516  GigaBytes
Max Memory Allocated: 0.03854227066040039  GigaBytes

----------------------------------------after batch input features to device
 Nvidia-smi: 1.3143310546875 GB
    Memory Allocated: 0.028988361358642578  GigaBytes
Max Memory Allocated: 0.03854227066040039  GigaBytes

----------------------------------------after  batch labels to device
 Nvidia-smi: 1.3143310546875 GB
    Memory Allocated: 0.02898883819580078  GigaBytes
Max Memory Allocated: 0.03854227066040039  GigaBytes

----------------------------------------after load block subtensor  
 Nvidia-smi: 1.3143310546875 GB
    Memory Allocated: 0.018962860107421875  GigaBytes
Max Memory Allocated: 0.03854227066040039  GigaBytes

----------------------------------------after blocks to device 
 Nvidia-smi: 1.3143310546875 GB
    Memory Allocated: 0.019049644470214844  GigaBytes
Max Memory Allocated: 0.03854227066040039  GigaBytes

----------------------------------------before batch_pred = model(blocks, batch_inputs) 
 Nvidia-smi: 1.3143310546875 GB
    Memory Allocated: 0.019049644470214844  GigaBytes
Max Memory Allocated: 0.03854227066040039  GigaBytes

first layer input nodes number: 1974
first layer output nodes number: 1354
edges number: 5796
----------------------------------------before model layer 0
 Nvidia-smi: 1.3143310546875 GB
    Memory Allocated: 0.01907491683959961  GigaBytes
Max Memory Allocated: 0.03854227066040039  GigaBytes

torch.Size([1974, 1433])
----------------------------------------before mean aggregator
 Nvidia-smi: 1.3143310546875 GB
    Memory Allocated: 0.01907491683959961  GigaBytes
Max Memory Allocated: 0.03854227066040039  GigaBytes

----------------------------------------after mean aggregator-------
 Nvidia-smi: 1.3143310546875 GB
    Memory Allocated: 0.027643680572509766  GigaBytes
Max Memory Allocated: 0.03854227066040039  GigaBytes

torch.Size([1354, 256])
torch.Size([1354, 256])
----------------------------------------after rst
 Nvidia-smi: 1.3143310546875 GB
    Memory Allocated: 0.028934955596923828  GigaBytes
Max Memory Allocated: 0.03854227066040039  GigaBytes

----------------------------------------after model layer 0 x = layer(block, x)
 Nvidia-smi: 1.3143310546875 GB
    Memory Allocated: 0.027643680572509766  GigaBytes
Max Memory Allocated: 0.03854227066040039  GigaBytes

torch.Size([1354, 256])
----------------------------------------after model layer 0 x = self.activation(x)
 Nvidia-smi: 1.3143310546875 GB
    Memory Allocated: 0.028934955596923828  GigaBytes
Max Memory Allocated: 0.03854227066040039  GigaBytes

----------------------------------------after model layer 0 x = self.dropout(x)
 Nvidia-smi: 1.3143310546875 GB
    Memory Allocated: 0.029635906219482422  GigaBytes
Max Memory Allocated: 0.03854227066040039  GigaBytes

input nodes number: 1354
output nodes number: 678
edges number: 3332
----------------------------------------before model layer 1
 Nvidia-smi: 1.3143310546875 GB
    Memory Allocated: 0.029651641845703125  GigaBytes
Max Memory Allocated: 0.03854227066040039  GigaBytes

torch.Size([1354, 256])
----------------------------------------before mean aggregator
 Nvidia-smi: 1.3143310546875 GB
    Memory Allocated: 0.029651641845703125  GigaBytes
Max Memory Allocated: 0.03854227066040039  GigaBytes

----------------------------------------after mean aggregator-------
 Nvidia-smi: 1.3143310546875 GB
    Memory Allocated: 0.030976295471191406  GigaBytes
Max Memory Allocated: 0.03854227066040039  GigaBytes

torch.Size([678, 256])
torch.Size([678, 256])
----------------------------------------after rst
 Nvidia-smi: 1.3143310546875 GB
    Memory Allocated: 0.031622886657714844  GigaBytes
Max Memory Allocated: 0.03854227066040039  GigaBytes

----------------------------------------after model layer 1 x = layer(block, x)
 Nvidia-smi: 1.3143310546875 GB
    Memory Allocated: 0.030976295471191406  GigaBytes
Max Memory Allocated: 0.03854227066040039  GigaBytes

torch.Size([678, 256])
----------------------------------------after model layer 1 x = self.activation(x)
 Nvidia-smi: 1.3143310546875 GB
    Memory Allocated: 0.031622886657714844  GigaBytes
Max Memory Allocated: 0.03854227066040039  GigaBytes

----------------------------------------after model layer 1 x = self.dropout(x)
 Nvidia-smi: 1.3143310546875 GB
    Memory Allocated: 0.0317845344543457  GigaBytes
Max Memory Allocated: 0.03854227066040039  GigaBytes

input nodes number: 678
output nodes number: 250
edges number: 1513
----------------------------------------before model layer 2
 Nvidia-smi: 1.3143310546875 GB
    Memory Allocated: 0.03179168701171875  GigaBytes
Max Memory Allocated: 0.03854227066040039  GigaBytes

torch.Size([678, 256])
----------------------------------------before mean aggregator
 Nvidia-smi: 1.3143310546875 GB
    Memory Allocated: 0.03179168701171875  GigaBytes
Max Memory Allocated: 0.03854227066040039  GigaBytes

----------------------------------------after mean aggregator-------
 Nvidia-smi: 1.3143310546875 GB
    Memory Allocated: 0.03228187561035156  GigaBytes
Max Memory Allocated: 0.03854227066040039  GigaBytes

torch.Size([250, 256])
torch.Size([250, 256])
----------------------------------------after rst
 Nvidia-smi: 1.3143310546875 GB
    Memory Allocated: 0.032520294189453125  GigaBytes
Max Memory Allocated: 0.03854227066040039  GigaBytes

----------------------------------------after model layer 2 x = layer(block, x)
 Nvidia-smi: 1.3143310546875 GB
    Memory Allocated: 0.03228187561035156  GigaBytes
Max Memory Allocated: 0.03854227066040039  GigaBytes

torch.Size([250, 256])
----------------------------------------after model layer 2 x = self.activation(x)
 Nvidia-smi: 1.3143310546875 GB
    Memory Allocated: 0.032520294189453125  GigaBytes
Max Memory Allocated: 0.03854227066040039  GigaBytes

----------------------------------------after model layer 2 x = self.dropout(x)
 Nvidia-smi: 1.3143310546875 GB
    Memory Allocated: 0.032579898834228516  GigaBytes
Max Memory Allocated: 0.03854227066040039  GigaBytes

input nodes number: 250
output nodes number: 100
edges number: 629
----------------------------------------before model layer 3
 Nvidia-smi: 1.3143310546875 GB
    Memory Allocated: 0.032582759857177734  GigaBytes
Max Memory Allocated: 0.03854227066040039  GigaBytes

torch.Size([250, 256])
----------------------------------------before mean aggregator
 Nvidia-smi: 1.3143310546875 GB
    Memory Allocated: 0.032582759857177734  GigaBytes
Max Memory Allocated: 0.03854227066040039  GigaBytes

----------------------------------------after mean aggregator-------
 Nvidia-smi: 1.3143310546875 GB
    Memory Allocated: 0.03277921676635742  GigaBytes
Max Memory Allocated: 0.03854227066040039  GigaBytes

torch.Size([100, 256])
torch.Size([100, 256])
----------------------------------------after rst
 Nvidia-smi: 1.3143310546875 GB
    Memory Allocated: 0.03287458419799805  GigaBytes
Max Memory Allocated: 0.03854227066040039  GigaBytes

----------------------------------------after model layer 3 x = layer(block, x)
 Nvidia-smi: 1.3143310546875 GB
    Memory Allocated: 0.03277921676635742  GigaBytes
Max Memory Allocated: 0.03854227066040039  GigaBytes

torch.Size([100, 256])
----------------------------------------after model layer 3 x = self.activation(x)
 Nvidia-smi: 1.3143310546875 GB
    Memory Allocated: 0.03287458419799805  GigaBytes
Max Memory Allocated: 0.03854227066040039  GigaBytes

----------------------------------------after model layer 3 x = self.dropout(x)
 Nvidia-smi: 1.3143310546875 GB
    Memory Allocated: 0.0328984260559082  GigaBytes
Max Memory Allocated: 0.03854227066040039  GigaBytes

----------------input nodes number: 100
----------------output nodes number: 18
----------------edges number: 114
----------------------------------------before mean aggregator
 Nvidia-smi: 1.3143310546875 GB
    Memory Allocated: 0.03289985656738281  GigaBytes
Max Memory Allocated: 0.03854227066040039  GigaBytes

----------------------------------------after mean aggregator-------
 Nvidia-smi: 1.3143310546875 GB
    Memory Allocated: 0.03291940689086914  GigaBytes
Max Memory Allocated: 0.03854227066040039  GigaBytes

torch.Size([18, 7])
torch.Size([18, 7])
----------------------------------------after rst
 Nvidia-smi: 1.3143310546875 GB
    Memory Allocated: 0.032919883728027344  GigaBytes
Max Memory Allocated: 0.03854227066040039  GigaBytes

----------------------------------------end of model layers  after x = self.layers[-1](blocks[-1], x)
 Nvidia-smi: 1.3143310546875 GB
    Memory Allocated: 0.03291940689086914  GigaBytes
Max Memory Allocated: 0.03854227066040039  GigaBytes

torch.Size([18, 7])
----------------------------------------- after batch_pred = model(blocks, batch_inputs) 
 Nvidia-smi: 1.3143310546875 GB
    Memory Allocated: 0.03291940689086914  GigaBytes
Max Memory Allocated: 0.03854227066040039  GigaBytes

-----------------------------------------after loss calculation
 Nvidia-smi: 1.3143310546875 GB
    Memory Allocated: 0.03292036056518555  GigaBytes
Max Memory Allocated: 0.03854227066040039  GigaBytes

-----------------------------------------after loss backward
 Nvidia-smi: 1.3143310546875 GB
    Memory Allocated: 0.019251346588134766  GigaBytes
Max Memory Allocated: 0.03854227066040039  GigaBytes

pseudo mini batch 5 input nodes size: 1888
----------------------------------------before load block subtensor 
 Nvidia-smi: 1.3143310546875 GB
    Memory Allocated: 0.018962860107421875  GigaBytes
Max Memory Allocated: 0.03854227066040039  GigaBytes

----------------------------------------before batch input features to device
 Nvidia-smi: 1.3143310546875 GB
    Memory Allocated: 0.018962860107421875  GigaBytes
Max Memory Allocated: 0.03854227066040039  GigaBytes

----------------------------------------after batch input features to device
 Nvidia-smi: 1.3143310546875 GB
    Memory Allocated: 0.029041767120361328  GigaBytes
Max Memory Allocated: 0.03854227066040039  GigaBytes

----------------------------------------after  batch labels to device
 Nvidia-smi: 1.3143310546875 GB
    Memory Allocated: 0.02904224395751953  GigaBytes
Max Memory Allocated: 0.03854227066040039  GigaBytes

----------------------------------------after load block subtensor  
 Nvidia-smi: 1.3143310546875 GB
    Memory Allocated: 0.018503665924072266  GigaBytes
Max Memory Allocated: 0.03854227066040039  GigaBytes

----------------------------------------after blocks to device 
 Nvidia-smi: 1.3143310546875 GB
    Memory Allocated: 0.01858663558959961  GigaBytes
Max Memory Allocated: 0.03854227066040039  GigaBytes

----------------------------------------before batch_pred = model(blocks, batch_inputs) 
 Nvidia-smi: 1.3143310546875 GB
    Memory Allocated: 0.01858663558959961  GigaBytes
Max Memory Allocated: 0.03854227066040039  GigaBytes

first layer input nodes number: 1888
first layer output nodes number: 1351
edges number: 5636
----------------------------------------before model layer 0
 Nvidia-smi: 1.3143310546875 GB
    Memory Allocated: 0.018611431121826172  GigaBytes
Max Memory Allocated: 0.03854227066040039  GigaBytes

torch.Size([1888, 1433])
----------------------------------------before mean aggregator
 Nvidia-smi: 1.3143310546875 GB
    Memory Allocated: 0.018611431121826172  GigaBytes
Max Memory Allocated: 0.03854227066040039  GigaBytes

----------------------------------------after mean aggregator-------
 Nvidia-smi: 1.3143310546875 GB
    Memory Allocated: 0.027160167694091797  GigaBytes
Max Memory Allocated: 0.03854227066040039  GigaBytes

torch.Size([1351, 256])
torch.Size([1351, 256])
----------------------------------------after rst
 Nvidia-smi: 1.3143310546875 GB
    Memory Allocated: 0.02844858169555664  GigaBytes
Max Memory Allocated: 0.03854227066040039  GigaBytes

----------------------------------------after model layer 0 x = layer(block, x)
 Nvidia-smi: 1.3143310546875 GB
    Memory Allocated: 0.027160167694091797  GigaBytes
Max Memory Allocated: 0.03854227066040039  GigaBytes

torch.Size([1351, 256])
----------------------------------------after model layer 0 x = self.activation(x)
 Nvidia-smi: 1.3143310546875 GB
    Memory Allocated: 0.02844858169555664  GigaBytes
Max Memory Allocated: 0.03854227066040039  GigaBytes

----------------------------------------after model layer 0 x = self.dropout(x)
 Nvidia-smi: 1.3143310546875 GB
    Memory Allocated: 0.02915477752685547  GigaBytes
Max Memory Allocated: 0.03854227066040039  GigaBytes

input nodes number: 1351
output nodes number: 660
edges number: 3437
----------------------------------------before model layer 1
 Nvidia-smi: 1.3143310546875 GB
    Memory Allocated: 0.029170513153076172  GigaBytes
Max Memory Allocated: 0.03854227066040039  GigaBytes

torch.Size([1351, 256])
----------------------------------------before mean aggregator
 Nvidia-smi: 1.3143310546875 GB
    Memory Allocated: 0.029170513153076172  GigaBytes
Max Memory Allocated: 0.03854227066040039  GigaBytes

----------------------------------------after mean aggregator-------
 Nvidia-smi: 1.3143310546875 GB
    Memory Allocated: 0.030460834503173828  GigaBytes
Max Memory Allocated: 0.03854227066040039  GigaBytes

torch.Size([660, 256])
torch.Size([660, 256])
----------------------------------------after rst
 Nvidia-smi: 1.3143310546875 GB
    Memory Allocated: 0.031090259552001953  GigaBytes
Max Memory Allocated: 0.03854227066040039  GigaBytes

----------------------------------------after model layer 1 x = layer(block, x)
 Nvidia-smi: 1.3143310546875 GB
    Memory Allocated: 0.030460834503173828  GigaBytes
Max Memory Allocated: 0.03854227066040039  GigaBytes

torch.Size([660, 256])
----------------------------------------after model layer 1 x = self.activation(x)
 Nvidia-smi: 1.3143310546875 GB
    Memory Allocated: 0.031090259552001953  GigaBytes
Max Memory Allocated: 0.03854227066040039  GigaBytes

----------------------------------------after model layer 1 x = self.dropout(x)
 Nvidia-smi: 1.3143310546875 GB
    Memory Allocated: 0.031247615814208984  GigaBytes
Max Memory Allocated: 0.03854227066040039  GigaBytes

input nodes number: 660
output nodes number: 242
edges number: 1309
----------------------------------------before model layer 2
 Nvidia-smi: 1.3143310546875 GB
    Memory Allocated: 0.03125476837158203  GigaBytes
Max Memory Allocated: 0.03854227066040039  GigaBytes

torch.Size([660, 256])
----------------------------------------before mean aggregator
 Nvidia-smi: 1.3143310546875 GB
    Memory Allocated: 0.03125476837158203  GigaBytes
Max Memory Allocated: 0.03854227066040039  GigaBytes

----------------------------------------after mean aggregator-------
 Nvidia-smi: 1.3143310546875 GB
    Memory Allocated: 0.03172874450683594  GigaBytes
Max Memory Allocated: 0.03854227066040039  GigaBytes

torch.Size([242, 256])
torch.Size([242, 256])
----------------------------------------after rst
 Nvidia-smi: 1.3143310546875 GB
    Memory Allocated: 0.03195953369140625  GigaBytes
Max Memory Allocated: 0.03854227066040039  GigaBytes

----------------------------------------after model layer 2 x = layer(block, x)
 Nvidia-smi: 1.3143310546875 GB
    Memory Allocated: 0.03172874450683594  GigaBytes
Max Memory Allocated: 0.03854227066040039  GigaBytes

torch.Size([242, 256])
----------------------------------------after model layer 2 x = self.activation(x)
 Nvidia-smi: 1.3143310546875 GB
    Memory Allocated: 0.03195953369140625  GigaBytes
Max Memory Allocated: 0.03854227066040039  GigaBytes

----------------------------------------after model layer 2 x = self.dropout(x)
 Nvidia-smi: 1.3143310546875 GB
    Memory Allocated: 0.03201723098754883  GigaBytes
Max Memory Allocated: 0.03854227066040039  GigaBytes

input nodes number: 242
output nodes number: 61
edges number: 362
----------------------------------------before model layer 3
 Nvidia-smi: 1.3143310546875 GB
    Memory Allocated: 0.032019615173339844  GigaBytes
Max Memory Allocated: 0.03854227066040039  GigaBytes

torch.Size([242, 256])
----------------------------------------before mean aggregator
 Nvidia-smi: 1.3143310546875 GB
    Memory Allocated: 0.032019615173339844  GigaBytes
Max Memory Allocated: 0.03854227066040039  GigaBytes

----------------------------------------after mean aggregator-------
 Nvidia-smi: 1.3143310546875 GB
    Memory Allocated: 0.03213977813720703  GigaBytes
Max Memory Allocated: 0.03854227066040039  GigaBytes

torch.Size([61, 256])
torch.Size([61, 256])
----------------------------------------after rst
 Nvidia-smi: 1.3143310546875 GB
    Memory Allocated: 0.03219795227050781  GigaBytes
Max Memory Allocated: 0.03854227066040039  GigaBytes

----------------------------------------after model layer 3 x = layer(block, x)
 Nvidia-smi: 1.3143310546875 GB
    Memory Allocated: 0.03213977813720703  GigaBytes
Max Memory Allocated: 0.03854227066040039  GigaBytes

torch.Size([61, 256])
----------------------------------------after model layer 3 x = self.activation(x)
 Nvidia-smi: 1.3143310546875 GB
    Memory Allocated: 0.03219795227050781  GigaBytes
Max Memory Allocated: 0.03854227066040039  GigaBytes

----------------------------------------after model layer 3 x = self.dropout(x)
 Nvidia-smi: 1.3143310546875 GB
    Memory Allocated: 0.03221273422241211  GigaBytes
Max Memory Allocated: 0.03854227066040039  GigaBytes

----------------input nodes number: 61
----------------output nodes number: 18
----------------edges number: 61
----------------------------------------before mean aggregator
 Nvidia-smi: 1.3143310546875 GB
    Memory Allocated: 0.032213687896728516  GigaBytes
Max Memory Allocated: 0.03854227066040039  GigaBytes

----------------------------------------after mean aggregator-------
 Nvidia-smi: 1.3143310546875 GB
    Memory Allocated: 0.032233238220214844  GigaBytes
Max Memory Allocated: 0.03854227066040039  GigaBytes

torch.Size([18, 7])
torch.Size([18, 7])
----------------------------------------after rst
 Nvidia-smi: 1.3143310546875 GB
    Memory Allocated: 0.03223371505737305  GigaBytes
Max Memory Allocated: 0.03854227066040039  GigaBytes

----------------------------------------end of model layers  after x = self.layers[-1](blocks[-1], x)
 Nvidia-smi: 1.3143310546875 GB
    Memory Allocated: 0.032233238220214844  GigaBytes
Max Memory Allocated: 0.03854227066040039  GigaBytes

torch.Size([18, 7])
----------------------------------------- after batch_pred = model(blocks, batch_inputs) 
 Nvidia-smi: 1.3143310546875 GB
    Memory Allocated: 0.032233238220214844  GigaBytes
Max Memory Allocated: 0.03854227066040039  GigaBytes

-----------------------------------------after loss calculation
 Nvidia-smi: 1.3143310546875 GB
    Memory Allocated: 0.03223419189453125  GigaBytes
Max Memory Allocated: 0.03854227066040039  GigaBytes

-----------------------------------------after loss backward
 Nvidia-smi: 1.3143310546875 GB
    Memory Allocated: 0.018780231475830078  GigaBytes
Max Memory Allocated: 0.03854227066040039  GigaBytes

pseudo mini batch 6 input nodes size: 1933
----------------------------------------before load block subtensor 
 Nvidia-smi: 1.3143310546875 GB
    Memory Allocated: 0.018503665924072266  GigaBytes
Max Memory Allocated: 0.03854227066040039  GigaBytes

----------------------------------------before batch input features to device
 Nvidia-smi: 1.3143310546875 GB
    Memory Allocated: 0.018503665924072266  GigaBytes
Max Memory Allocated: 0.03854227066040039  GigaBytes

----------------------------------------after batch input features to device
 Nvidia-smi: 1.3143310546875 GB
    Memory Allocated: 0.028822898864746094  GigaBytes
Max Memory Allocated: 0.03854227066040039  GigaBytes

----------------------------------------after  batch labels to device
 Nvidia-smi: 1.3143310546875 GB
    Memory Allocated: 0.028823375701904297  GigaBytes
Max Memory Allocated: 0.03854227066040039  GigaBytes

----------------------------------------after load block subtensor  
 Nvidia-smi: 1.3143310546875 GB
    Memory Allocated: 0.01874399185180664  GigaBytes
Max Memory Allocated: 0.03854227066040039  GigaBytes

----------------------------------------after blocks to device 
 Nvidia-smi: 1.3143310546875 GB
    Memory Allocated: 0.018824100494384766  GigaBytes
Max Memory Allocated: 0.03854227066040039  GigaBytes

----------------------------------------before batch_pred = model(blocks, batch_inputs) 
 Nvidia-smi: 1.3143310546875 GB
    Memory Allocated: 0.018824100494384766  GigaBytes
Max Memory Allocated: 0.03854227066040039  GigaBytes

first layer input nodes number: 1933
first layer output nodes number: 1320
edges number: 5710
----------------------------------------before model layer 0
 Nvidia-smi: 1.3143310546875 GB
    Memory Allocated: 0.018848896026611328  GigaBytes
Max Memory Allocated: 0.03854227066040039  GigaBytes

torch.Size([1933, 1433])
----------------------------------------before mean aggregator
 Nvidia-smi: 1.3143310546875 GB
    Memory Allocated: 0.018848896026611328  GigaBytes
Max Memory Allocated: 0.03854227066040039  GigaBytes

----------------------------------------after mean aggregator-------
 Nvidia-smi: 1.3143310546875 GB
    Memory Allocated: 0.027343273162841797  GigaBytes
Max Memory Allocated: 0.03854227066040039  GigaBytes

torch.Size([1320, 256])
torch.Size([1320, 256])
----------------------------------------after rst
 Nvidia-smi: 1.3143310546875 GB
    Memory Allocated: 0.02904510498046875  GigaBytes
Max Memory Allocated: 0.03854227066040039  GigaBytes

----------------------------------------after model layer 0 x = layer(block, x)
 Nvidia-smi: 1.3143310546875 GB
    Memory Allocated: 0.027645587921142578  GigaBytes
Max Memory Allocated: 0.03854227066040039  GigaBytes

torch.Size([1320, 256])
----------------------------------------after model layer 0 x = self.activation(x)
 Nvidia-smi: 1.3143310546875 GB
    Memory Allocated: 0.028904438018798828  GigaBytes
Max Memory Allocated: 0.03854227066040039  GigaBytes

----------------------------------------after model layer 0 x = self.dropout(x)
 Nvidia-smi: 1.3143310546875 GB
    Memory Allocated: 0.029359817504882812  GigaBytes
Max Memory Allocated: 0.03854227066040039  GigaBytes

input nodes number: 1320
output nodes number: 610
edges number: 3182
----------------------------------------before model layer 1
 Nvidia-smi: 1.3143310546875 GB
    Memory Allocated: 0.02937459945678711  GigaBytes
Max Memory Allocated: 0.03854227066040039  GigaBytes

torch.Size([1320, 256])
----------------------------------------before mean aggregator
 Nvidia-smi: 1.3143310546875 GB
    Memory Allocated: 0.02937459945678711  GigaBytes
Max Memory Allocated: 0.03854227066040039  GigaBytes

----------------------------------------after mean aggregator-------
 Nvidia-smi: 1.3143310546875 GB
    Memory Allocated: 0.030566692352294922  GigaBytes
Max Memory Allocated: 0.03854227066040039  GigaBytes

torch.Size([610, 256])
torch.Size([610, 256])
----------------------------------------after rst
 Nvidia-smi: 1.3143310546875 GB
    Memory Allocated: 0.031148433685302734  GigaBytes
Max Memory Allocated: 0.03854227066040039  GigaBytes

----------------------------------------after model layer 1 x = layer(block, x)
 Nvidia-smi: 1.3143310546875 GB
    Memory Allocated: 0.030566692352294922  GigaBytes
Max Memory Allocated: 0.03854227066040039  GigaBytes

torch.Size([610, 256])
----------------------------------------after model layer 1 x = self.activation(x)
 Nvidia-smi: 1.3143310546875 GB
    Memory Allocated: 0.031148433685302734  GigaBytes
Max Memory Allocated: 0.03854227066040039  GigaBytes

----------------------------------------after model layer 1 x = self.dropout(x)
 Nvidia-smi: 1.3143310546875 GB
    Memory Allocated: 0.03129386901855469  GigaBytes
Max Memory Allocated: 0.03854227066040039  GigaBytes

input nodes number: 610
output nodes number: 210
edges number: 1154
----------------------------------------before model layer 2
 Nvidia-smi: 1.3143310546875 GB
    Memory Allocated: 0.03130054473876953  GigaBytes
Max Memory Allocated: 0.03854227066040039  GigaBytes

torch.Size([610, 256])
----------------------------------------before mean aggregator
 Nvidia-smi: 1.3143310546875 GB
    Memory Allocated: 0.03130054473876953  GigaBytes
Max Memory Allocated: 0.03854227066040039  GigaBytes

----------------------------------------after mean aggregator-------
 Nvidia-smi: 1.3143310546875 GB
    Memory Allocated: 0.03171253204345703  GigaBytes
Max Memory Allocated: 0.03854227066040039  GigaBytes

torch.Size([210, 256])
torch.Size([210, 256])
----------------------------------------after rst
 Nvidia-smi: 1.3143310546875 GB
    Memory Allocated: 0.031912803649902344  GigaBytes
Max Memory Allocated: 0.03854227066040039  GigaBytes

----------------------------------------after model layer 2 x = layer(block, x)
 Nvidia-smi: 1.3143310546875 GB
    Memory Allocated: 0.03171253204345703  GigaBytes
Max Memory Allocated: 0.03854227066040039  GigaBytes

torch.Size([210, 256])
----------------------------------------after model layer 2 x = self.activation(x)
 Nvidia-smi: 1.3143310546875 GB
    Memory Allocated: 0.031912803649902344  GigaBytes
Max Memory Allocated: 0.03854227066040039  GigaBytes

----------------------------------------after model layer 2 x = self.dropout(x)
 Nvidia-smi: 1.3143310546875 GB
    Memory Allocated: 0.03196287155151367  GigaBytes
Max Memory Allocated: 0.03854227066040039  GigaBytes

input nodes number: 210
output nodes number: 71
edges number: 353
----------------------------------------before model layer 3
 Nvidia-smi: 1.3143310546875 GB
    Memory Allocated: 0.03196573257446289  GigaBytes
Max Memory Allocated: 0.03854227066040039  GigaBytes

torch.Size([210, 256])
----------------------------------------before mean aggregator
 Nvidia-smi: 1.3143310546875 GB
    Memory Allocated: 0.03196573257446289  GigaBytes
Max Memory Allocated: 0.03854227066040039  GigaBytes

----------------------------------------after mean aggregator-------
 Nvidia-smi: 1.3143310546875 GB
    Memory Allocated: 0.0321049690246582  GigaBytes
Max Memory Allocated: 0.03854227066040039  GigaBytes

torch.Size([71, 256])
torch.Size([71, 256])
----------------------------------------after rst
 Nvidia-smi: 1.3143310546875 GB
    Memory Allocated: 0.03217267990112305  GigaBytes
Max Memory Allocated: 0.03854227066040039  GigaBytes

----------------------------------------after model layer 3 x = layer(block, x)
 Nvidia-smi: 1.3143310546875 GB
    Memory Allocated: 0.0321049690246582  GigaBytes
Max Memory Allocated: 0.03854227066040039  GigaBytes

torch.Size([71, 256])
----------------------------------------after model layer 3 x = self.activation(x)
 Nvidia-smi: 1.3143310546875 GB
    Memory Allocated: 0.03217267990112305  GigaBytes
Max Memory Allocated: 0.03854227066040039  GigaBytes

----------------------------------------after model layer 3 x = self.dropout(x)
 Nvidia-smi: 1.3143310546875 GB
    Memory Allocated: 0.03218984603881836  GigaBytes
Max Memory Allocated: 0.03854227066040039  GigaBytes

----------------input nodes number: 71
----------------output nodes number: 17
----------------edges number: 60
----------------------------------------before mean aggregator
 Nvidia-smi: 1.3143310546875 GB
    Memory Allocated: 0.03219127655029297  GigaBytes
Max Memory Allocated: 0.03854227066040039  GigaBytes

----------------------------------------after mean aggregator-------
 Nvidia-smi: 1.3143310546875 GB
    Memory Allocated: 0.03220987319946289  GigaBytes
Max Memory Allocated: 0.03854227066040039  GigaBytes

torch.Size([17, 7])
torch.Size([17, 7])
----------------------------------------after rst
 Nvidia-smi: 1.3143310546875 GB
    Memory Allocated: 0.032210350036621094  GigaBytes
Max Memory Allocated: 0.03854227066040039  GigaBytes

----------------------------------------end of model layers  after x = self.layers[-1](blocks[-1], x)
 Nvidia-smi: 1.3143310546875 GB
    Memory Allocated: 0.03220987319946289  GigaBytes
Max Memory Allocated: 0.03854227066040039  GigaBytes

torch.Size([17, 7])
----------------------------------------- after batch_pred = model(blocks, batch_inputs) 
 Nvidia-smi: 1.3143310546875 GB
    Memory Allocated: 0.03220987319946289  GigaBytes
Max Memory Allocated: 0.03854227066040039  GigaBytes

-----------------------------------------after loss calculation
 Nvidia-smi: 1.3143310546875 GB
    Memory Allocated: 0.0322108268737793  GigaBytes
Max Memory Allocated: 0.03854227066040039  GigaBytes

-----------------------------------------after loss backward
 Nvidia-smi: 1.3143310546875 GB
    Memory Allocated: 0.019010543823242188  GigaBytes
Max Memory Allocated: 0.03854227066040039  GigaBytes

pseudo mini batch 7 input nodes size: 1927
----------------------------------------before load block subtensor 
 Nvidia-smi: 1.3143310546875 GB
    Memory Allocated: 0.01874399185180664  GigaBytes
Max Memory Allocated: 0.03854227066040039  GigaBytes

----------------------------------------before batch input features to device
 Nvidia-smi: 1.3143310546875 GB
    Memory Allocated: 0.01874399185180664  GigaBytes
Max Memory Allocated: 0.03854227066040039  GigaBytes

----------------------------------------after batch input features to device
 Nvidia-smi: 1.3143310546875 GB
    Memory Allocated: 0.029848098754882812  GigaBytes
Max Memory Allocated: 0.03854227066040039  GigaBytes

----------------------------------------after  batch labels to device
 Nvidia-smi: 1.3143310546875 GB
    Memory Allocated: 0.029848575592041016  GigaBytes
Max Memory Allocated: 0.03854227066040039  GigaBytes

----------------------------------------after load block subtensor  
 Nvidia-smi: 1.3143310546875 GB
    Memory Allocated: 0.019528865814208984  GigaBytes
Max Memory Allocated: 0.03854227066040039  GigaBytes

----------------------------------------after blocks to device 
 Nvidia-smi: 1.3143310546875 GB
    Memory Allocated: 0.019608020782470703  GigaBytes
Max Memory Allocated: 0.03854227066040039  GigaBytes

----------------------------------------before batch_pred = model(blocks, batch_inputs) 
 Nvidia-smi: 1.3143310546875 GB
    Memory Allocated: 0.019608020782470703  GigaBytes
Max Memory Allocated: 0.03854227066040039  GigaBytes

first layer input nodes number: 1927
first layer output nodes number: 1342
edges number: 5752
----------------------------------------before model layer 0
 Nvidia-smi: 1.3143310546875 GB
    Memory Allocated: 0.019632816314697266  GigaBytes
Max Memory Allocated: 0.03854227066040039  GigaBytes

torch.Size([1927, 1433])
----------------------------------------before mean aggregator
 Nvidia-smi: 1.3143310546875 GB
    Memory Allocated: 0.019632816314697266  GigaBytes
Max Memory Allocated: 0.03854227066040039  GigaBytes

----------------------------------------after mean aggregator-------
 Nvidia-smi: 1.3143310546875 GB
    Memory Allocated: 0.028125286102294922  GigaBytes
Max Memory Allocated: 0.03854227066040039  GigaBytes

torch.Size([1342, 256])
torch.Size([1342, 256])
----------------------------------------after rst
 Nvidia-smi: 1.3143310546875 GB
    Memory Allocated: 0.02940511703491211  GigaBytes
Max Memory Allocated: 0.03854227066040039  GigaBytes

----------------------------------------after model layer 0 x = layer(block, x)
 Nvidia-smi: 1.3143310546875 GB
    Memory Allocated: 0.028125286102294922  GigaBytes
Max Memory Allocated: 0.03854227066040039  GigaBytes

torch.Size([1342, 256])
----------------------------------------after model layer 0 x = self.activation(x)
 Nvidia-smi: 1.3143310546875 GB
    Memory Allocated: 0.02940511703491211  GigaBytes
Max Memory Allocated: 0.03854227066040039  GigaBytes

----------------------------------------after model layer 0 x = self.dropout(x)
 Nvidia-smi: 1.3143310546875 GB
    Memory Allocated: 0.030126094818115234  GigaBytes
Max Memory Allocated: 0.03854227066040039  GigaBytes

input nodes number: 1342
output nodes number: 594
edges number: 3137
----------------------------------------before model layer 1
 Nvidia-smi: 1.3143310546875 GB
    Memory Allocated: 0.03014087677001953  GigaBytes
Max Memory Allocated: 0.03854227066040039  GigaBytes

torch.Size([1342, 256])
----------------------------------------before mean aggregator
 Nvidia-smi: 1.3143310546875 GB
    Memory Allocated: 0.03014087677001953  GigaBytes
Max Memory Allocated: 0.03854227066040039  GigaBytes

----------------------------------------after mean aggregator-------
 Nvidia-smi: 1.3143310546875 GB
    Memory Allocated: 0.031302452087402344  GigaBytes
Max Memory Allocated: 0.03854227066040039  GigaBytes

torch.Size([594, 256])
torch.Size([594, 256])
----------------------------------------after rst
 Nvidia-smi: 1.3143310546875 GB
    Memory Allocated: 0.031868934631347656  GigaBytes
Max Memory Allocated: 0.03854227066040039  GigaBytes

----------------------------------------after model layer 1 x = layer(block, x)
 Nvidia-smi: 1.3143310546875 GB
    Memory Allocated: 0.031302452087402344  GigaBytes
Max Memory Allocated: 0.03854227066040039  GigaBytes

torch.Size([594, 256])
----------------------------------------after model layer 1 x = self.activation(x)
 Nvidia-smi: 1.3143310546875 GB
    Memory Allocated: 0.031868934631347656  GigaBytes
Max Memory Allocated: 0.03854227066040039  GigaBytes

----------------------------------------after model layer 1 x = self.dropout(x)
 Nvidia-smi: 1.3143310546875 GB
    Memory Allocated: 0.032010555267333984  GigaBytes
Max Memory Allocated: 0.03854227066040039  GigaBytes

input nodes number: 594
output nodes number: 183
edges number: 1034
----------------------------------------before model layer 2
 Nvidia-smi: 1.3143310546875 GB
    Memory Allocated: 0.032016754150390625  GigaBytes
Max Memory Allocated: 0.03854227066040039  GigaBytes

torch.Size([594, 256])
----------------------------------------before mean aggregator
 Nvidia-smi: 1.3143310546875 GB
    Memory Allocated: 0.032016754150390625  GigaBytes
Max Memory Allocated: 0.03854227066040039  GigaBytes

----------------------------------------after mean aggregator-------
 Nvidia-smi: 1.3143310546875 GB
    Memory Allocated: 0.03237628936767578  GigaBytes
Max Memory Allocated: 0.03854227066040039  GigaBytes

torch.Size([183, 256])
torch.Size([183, 256])
----------------------------------------after rst
 Nvidia-smi: 1.3143310546875 GB
    Memory Allocated: 0.032550811767578125  GigaBytes
Max Memory Allocated: 0.03854227066040039  GigaBytes

----------------------------------------after model layer 2 x = layer(block, x)
 Nvidia-smi: 1.3143310546875 GB
    Memory Allocated: 0.03237628936767578  GigaBytes
Max Memory Allocated: 0.03854227066040039  GigaBytes

torch.Size([183, 256])
----------------------------------------after model layer 2 x = self.activation(x)
 Nvidia-smi: 1.3143310546875 GB
    Memory Allocated: 0.032550811767578125  GigaBytes
Max Memory Allocated: 0.03854227066040039  GigaBytes

----------------------------------------after model layer 2 x = self.dropout(x)
 Nvidia-smi: 1.3143310546875 GB
    Memory Allocated: 0.03259468078613281  GigaBytes
Max Memory Allocated: 0.03854227066040039  GigaBytes

input nodes number: 183
output nodes number: 68
edges number: 285
----------------------------------------before model layer 3
 Nvidia-smi: 1.3143310546875 GB
    Memory Allocated: 0.03259706497192383  GigaBytes
Max Memory Allocated: 0.03854227066040039  GigaBytes

torch.Size([183, 256])
----------------------------------------before mean aggregator
 Nvidia-smi: 1.3143310546875 GB
    Memory Allocated: 0.03259706497192383  GigaBytes
Max Memory Allocated: 0.03854227066040039  GigaBytes

----------------------------------------after mean aggregator-------
 Nvidia-smi: 1.3143310546875 GB
    Memory Allocated: 0.0327305793762207  GigaBytes
Max Memory Allocated: 0.03854227066040039  GigaBytes

torch.Size([68, 256])
torch.Size([68, 256])
----------------------------------------after rst
 Nvidia-smi: 1.3143310546875 GB
    Memory Allocated: 0.03279542922973633  GigaBytes
Max Memory Allocated: 0.03854227066040039  GigaBytes

----------------------------------------after model layer 3 x = layer(block, x)
 Nvidia-smi: 1.3143310546875 GB
    Memory Allocated: 0.0327305793762207  GigaBytes
Max Memory Allocated: 0.03854227066040039  GigaBytes

torch.Size([68, 256])
----------------------------------------after model layer 3 x = self.activation(x)
 Nvidia-smi: 1.3143310546875 GB
    Memory Allocated: 0.03279542922973633  GigaBytes
Max Memory Allocated: 0.03854227066040039  GigaBytes

----------------------------------------after model layer 3 x = self.dropout(x)
 Nvidia-smi: 1.3143310546875 GB
    Memory Allocated: 0.032811641693115234  GigaBytes
Max Memory Allocated: 0.03854227066040039  GigaBytes

----------------input nodes number: 68
----------------output nodes number: 18
----------------edges number: 52
----------------------------------------before mean aggregator
 Nvidia-smi: 1.3143310546875 GB
    Memory Allocated: 0.032813072204589844  GigaBytes
Max Memory Allocated: 0.03854227066040039  GigaBytes

----------------------------------------after mean aggregator-------
 Nvidia-smi: 1.3143310546875 GB
    Memory Allocated: 0.03283262252807617  GigaBytes
Max Memory Allocated: 0.03854227066040039  GigaBytes

torch.Size([18, 7])
torch.Size([18, 7])
----------------------------------------after rst
 Nvidia-smi: 1.3143310546875 GB
    Memory Allocated: 0.032833099365234375  GigaBytes
Max Memory Allocated: 0.03854227066040039  GigaBytes

----------------------------------------end of model layers  after x = self.layers[-1](blocks[-1], x)
 Nvidia-smi: 1.3143310546875 GB
    Memory Allocated: 0.03283262252807617  GigaBytes
Max Memory Allocated: 0.03854227066040039  GigaBytes

torch.Size([18, 7])
----------------------------------------- after batch_pred = model(blocks, batch_inputs) 
 Nvidia-smi: 1.3143310546875 GB
    Memory Allocated: 0.03283262252807617  GigaBytes
Max Memory Allocated: 0.03854227066040039  GigaBytes

-----------------------------------------after loss calculation
 Nvidia-smi: 1.3143310546875 GB
    Memory Allocated: 0.03283357620239258  GigaBytes
Max Memory Allocated: 0.03854227066040039  GigaBytes

-----------------------------------------after loss backward
 Nvidia-smi: 1.3143310546875 GB
    Memory Allocated: 0.019791603088378906  GigaBytes
Max Memory Allocated: 0.03854227066040039  GigaBytes

-----------------------------------------after optimizer step
 Nvidia-smi: 1.3143310546875 GB
    Memory Allocated: 0.028441905975341797  GigaBytes
Max Memory Allocated: 0.03854227066040039  GigaBytes

-----------------------------------------after optimizer zero grad
 Nvidia-smi: 1.3143310546875 GB
    Memory Allocated: 0.028441905975341797  GigaBytes
Max Memory Allocated: 0.03854227066040039  GigaBytes

times | data loading | block to device | model prediction | loss calculation | loss backward |  optimizer step |
      |0.006323456764221191 |0.0435330867767334 |0.11521768569946289 |0.00013130903244018555 |0.005529522895812988 |0.0018966197967529297 |
----------------------------------------------------------pseudo_mini_loss sum 1.9528547525405884
Total (block generation + training)time/epoch 1.635028600692749
Training time/epoch 1.3953397274017334
Training time without block to device /epoch 1.0470750331878662
Training time without total dataloading part /epoch 0.9689247608184814
load block tensor time/epoch 0.05058765411376953
block to device time/epoch 0.3482646942138672
input features size transfer per epoch 1.0728836059570312e-06
blocks size to device per epoch 9.5367431640625e-07
 Run 0| Epoch 0 |
Number of nodes for computation during this epoch:  35811
Number of first layer input nodes during this epoch:  15696
Number of first layer output nodes during this epoch:  11354
GraphSAGE(
  (layers): ModuleList(
    (0): SAGEConv(
      (fc_self): Linear(in_features=1433, out_features=256, bias=False)
      (fc_neigh): Linear(in_features=1433, out_features=256, bias=False)
    )
    (1): SAGEConv(
      (fc_self): Linear(in_features=256, out_features=256, bias=False)
      (fc_neigh): Linear(in_features=256, out_features=256, bias=False)
    )
    (2): SAGEConv(
      (fc_self): Linear(in_features=256, out_features=256, bias=False)
      (fc_neigh): Linear(in_features=256, out_features=256, bias=False)
    )
    (3): SAGEConv(
      (fc_self): Linear(in_features=256, out_features=256, bias=False)
      (fc_neigh): Linear(in_features=256, out_features=256, bias=False)
    )
    (4): SAGEConv(
      (fc_self): Linear(in_features=256, out_features=7, bias=False)
      (fc_neigh): Linear(in_features=256, out_features=7, bias=False)
    )
  )
  (dropout): Dropout(p=0.5, inplace=False)
)
total model parameters size  1130496
trainable parameters
layers.0.fc_self.weight, torch.Size([256, 1433])
layers.0.fc_neigh.weight, torch.Size([256, 1433])
layers.1.fc_self.weight, torch.Size([256, 256])
layers.1.fc_neigh.weight, torch.Size([256, 256])
layers.2.fc_self.weight, torch.Size([256, 256])
layers.2.fc_neigh.weight, torch.Size([256, 256])
layers.3.fc_self.weight, torch.Size([256, 256])
layers.3.fc_neigh.weight, torch.Size([256, 256])
layers.4.fc_self.weight, torch.Size([7, 256])
layers.4.fc_neigh.weight, torch.Size([7, 256])
----------------------------------------
un-trainable parameters
