main start at this time 1657074147.6676915
-----------------------------------------before load data 
 Nvidia-smi: 0.1717529296875 GB
    Memory Allocated: 0.0  GigaBytes
Max Memory Allocated: 0.0  GigaBytes

  NumNodes: 19717
  NumEdges: 88651
  NumFeats: 500
  NumClasses: 3
  NumTrainingSamples: 60
  NumValidationSamples: 500
  NumTestSamples: 1000
Done loading data from cached files.
success----------------------------------------
60
500
19157
# Nodes: 19717
# Edges: 88648
# Train: 60
# Val: 500
# Test: 19157
# Classes: 3

----------------------------------------start of run function 
 Nvidia-smi: 0.1717529296875 GB
    Memory Allocated: 0.0  GigaBytes
Max Memory Allocated: 0.0  GigaBytes

in feats:  500
----------------------------------------before model to device 
 Nvidia-smi: 0.1717529296875 GB
    Memory Allocated: 0.0  GigaBytes
Max Memory Allocated: 0.0  GigaBytes

----------------------------------------after model to device
 Nvidia-smi: 1.0174560546875 GB
    Memory Allocated: 0.0014476776123046875  GigaBytes
Max Memory Allocated: 0.0014476776123046875  GigaBytes

----------------------------------------before generate dataloader block 
 Nvidia-smi: 1.0174560546875 GB
    Memory Allocated: 0.0014476776123046875  GigaBytes
Max Memory Allocated: 0.0014476776123046875  GigaBytes

The real block id is  2
get_global_graph_edges_ids_block function  spend 0.0009446144104003906
global_2_local spend time (sec) 6.747245788574219e-05
----------------------------  graph partition start---------------------
g = dgl.graph((u,v))  spent  0.0003407001495361328
the counter of in-degree current block !!!!!!!!!!!!!!_______________!!!!!!!!!!
Counter({0: 293, 1: 26, 3: 6, 2: 6, 6: 4, 4: 3, 8: 3, 5: 2, 17: 2, 7: 1, 18: 1, 22: 1, 9: 1, 30: 1, 11: 1, 10: 1, 29: 1})

A = g.adjacency_matrix() spent  0.0003256797790527344
auxiliary_graph
Graph(num_nodes=353, num_edges=66,
      ndata_schemes={}
      edata_schemes={'w': Scheme(shape=(), dtype=torch.float32)})
get remove nodes spent  0.0003802776336669922
remove nodes length  293

auxiliary_graph.remove_nodes spent  0.0015137195587158203
after remove non output nodes the auxiliary_graph
Graph(num_nodes=60, num_edges=66,
      ndata_schemes={}
      edata_schemes={'w': Scheme(shape=(), dtype=torch.float32)})
auxiliary_graph_no_diag generation spent  0.0007810592651367188

the counter of shared neighbor distribution
Counter({1.0: 6})
6
Convert a graph into a bidirected graph: 0.000 seconds
Metis partitioning: 0.000 seconds
Split the graph: 0.000 seconds
Construct subgraphs: 0.000 seconds
auxiliary_graph_no_diag dgl.metis_partition spent  0.0013990402221679688
30
30
total k batches seeds list generation spend  0.007910966873168945
after graph partition
graph partition algorithm spend time 0.046961069107055664
30
30
partition_len_list
[191, 162]
REG selection method  spend 0.0471498966217041
time for parepare:  4.2438507080078125e-05
local_output_nid generation:  3.814697265625e-06
local_in_edges_tensor generation:  0.0001289844512939453
mini_batch_src_global generation:  3.218650817871094e-05
r_  generation:  8.082389831542969e-05
local_output_nid generation:  4.76837158203125e-06
local_in_edges_tensor generation:  0.0001270771026611328
mini_batch_src_global generation:  2.3603439331054688e-05
r_  generation:  6.318092346191406e-05
----------------------check_connections_block total spend ----------------------------- 0.0006580352783203125
generate_one_block  0.00247955322265625
generate_one_block  0.001294851303100586
The real block id is  1
get_global_graph_edges_ids_block function  spend 0.0005927085876464844
gen group dst list time:  2.765655517578125e-05
time for parepare:  0.0002453327178955078
local_output_nid generation:  1.8835067749023438e-05
local_in_edges_tensor generation:  0.00021529197692871094
mini_batch_src_global generation:  6.413459777832031e-05
r_  generation:  0.0005974769592285156
local_output_nid generation:  1.6689300537109375e-05
local_in_edges_tensor generation:  0.0001609325408935547
mini_batch_src_global generation:  0.00010395050048828125
r_  generation:  0.0007033348083496094
----------------------check_connections_block total spend ----------------------------- 0.002486705780029297
generate_one_block  0.0019392967224121094
generate_one_block  0.001856088638305664
The real block id is  0
get_global_graph_edges_ids_block function  spend 0.0008327960968017578
gen group dst list time:  5.5789947509765625e-05
time for parepare:  0.0005481243133544922
local_output_nid generation:  7.939338684082031e-05
local_in_edges_tensor generation:  0.00034046173095703125
mini_batch_src_global generation:  0.00015282630920410156
r_  generation:  0.0019309520721435547
local_output_nid generation:  9.250640869140625e-05
local_in_edges_tensor generation:  0.0002880096435546875
mini_batch_src_global generation:  0.00024962425231933594
r_  generation:  0.0025680065155029297
----------------------check_connections_block total spend ----------------------------- 0.007434844970703125
generate_one_block  0.003932952880859375
generate_one_block  0.004663705825805664
----------===============-------------===============-------------the number of batches *****---- 2

original number of batches:  2
re graph partition time:  0

-----------------------------------------after block dataloader generation 
 Nvidia-smi: 1.0174560546875 GB
    Memory Allocated: 0.0014476776123046875  GigaBytes
Max Memory Allocated: 0.0014476776123046875  GigaBytes

connection checking time:  0.010579586029052734
block generation total time  0.01616644859313965
average batch blocks generation time:  0.002694408098856608
block dataloader generation time/epoch 0.08087849617004395
pseudo mini batch 0 input nodes size: 3257
----------------------------------------before load block subtensor 
 Nvidia-smi: 1.0174560546875 GB
    Memory Allocated: 0.0014476776123046875  GigaBytes
Max Memory Allocated: 0.0014476776123046875  GigaBytes

----------------------------------------before batch input features to device
 Nvidia-smi: 1.0174560546875 GB
    Memory Allocated: 0.0014476776123046875  GigaBytes
Max Memory Allocated: 0.0014476776123046875  GigaBytes

----------------------------------------after batch input features to device
 Nvidia-smi: 1.0369873046875 GB
    Memory Allocated: 0.007514476776123047  GigaBytes
Max Memory Allocated: 0.007514476776123047  GigaBytes

----------------------------------------after  batch labels to device
 Nvidia-smi: 1.0369873046875 GB
    Memory Allocated: 0.00751495361328125  GigaBytes
Max Memory Allocated: 0.00751495361328125  GigaBytes

----------------------------------------after load block subtensor  
 Nvidia-smi: 1.0369873046875 GB
    Memory Allocated: 0.00751495361328125  GigaBytes
Max Memory Allocated: 0.00751495361328125  GigaBytes

----------------------------------------after blocks to device 
 Nvidia-smi: 1.1014404296875 GB
    Memory Allocated: 0.007572174072265625  GigaBytes
Max Memory Allocated: 0.007572174072265625  GigaBytes

----------------------------------------before batch_pred = model(blocks, batch_inputs) 
 Nvidia-smi: 1.1014404296875 GB
    Memory Allocated: 0.007572174072265625  GigaBytes
Max Memory Allocated: 0.007572174072265625  GigaBytes

first layer input nodes number: 3257
first layer output nodes number: 1153
edges number: 5680
----------------------------------------before model layer 0
 Nvidia-smi: 1.1014404296875 GB
    Memory Allocated: 0.007605552673339844  GigaBytes
Max Memory Allocated: 0.007627010345458984  GigaBytes

torch.Size([3257, 500])
----------------------------------------before mean aggregator
 Nvidia-smi: 1.1014404296875 GB
    Memory Allocated: 0.007605552673339844  GigaBytes
Max Memory Allocated: 0.007627010345458984  GigaBytes

----------------------------------------after mean aggregator-------
 Nvidia-smi: 1.2655029296875 GB
    Memory Allocated: 0.010900497436523438  GigaBytes
Max Memory Allocated: 0.011953353881835938  GigaBytes

torch.Size([1153, 256])
torch.Size([1153, 256])
----------------------------------------after rst
 Nvidia-smi: 1.2655029296875 GB
    Memory Allocated: 0.012000083923339844  GigaBytes
Max Memory Allocated: 0.01309967041015625  GigaBytes

----------------------------------------after model layer 0 x = layer(block, x)
 Nvidia-smi: 1.2655029296875 GB
    Memory Allocated: 0.010900497436523438  GigaBytes
Max Memory Allocated: 0.01309967041015625  GigaBytes

torch.Size([1153, 256])
----------------------------------------after model layer 0 x = self.activation(x)
 Nvidia-smi: 1.2655029296875 GB
    Memory Allocated: 0.012000083923339844  GigaBytes
Max Memory Allocated: 0.01309967041015625  GigaBytes

----------------------------------------after model layer 0 x = self.dropout(x)
 Nvidia-smi: 1.2655029296875 GB
    Memory Allocated: 0.012275218963623047  GigaBytes
Max Memory Allocated: 0.013374805450439453  GigaBytes

input nodes number: 1153
output nodes number: 191
edges number: 1567
----------------------------------------before model layer 1
 Nvidia-smi: 1.2655029296875 GB
    Memory Allocated: 0.012285709381103516  GigaBytes
Max Memory Allocated: 0.013374805450439453  GigaBytes

torch.Size([1153, 256])
----------------------------------------before mean aggregator
 Nvidia-smi: 1.2655029296875 GB
    Memory Allocated: 0.012285709381103516  GigaBytes
Max Memory Allocated: 0.013374805450439453  GigaBytes

----------------------------------------after mean aggregator-------
 Nvidia-smi: 1.2674560546875 GB
    Memory Allocated: 0.012664318084716797  GigaBytes
Max Memory Allocated: 0.013374805450439453  GigaBytes

torch.Size([191, 256])
torch.Size([191, 256])
----------------------------------------after rst
 Nvidia-smi: 1.2674560546875 GB
    Memory Allocated: 0.01284646987915039  GigaBytes
Max Memory Allocated: 0.013374805450439453  GigaBytes

----------------------------------------after model layer 1 x = layer(block, x)
 Nvidia-smi: 1.2674560546875 GB
    Memory Allocated: 0.012664318084716797  GigaBytes
Max Memory Allocated: 0.013374805450439453  GigaBytes

torch.Size([191, 256])
----------------------------------------after model layer 1 x = self.activation(x)
 Nvidia-smi: 1.2674560546875 GB
    Memory Allocated: 0.01284646987915039  GigaBytes
Max Memory Allocated: 0.013374805450439453  GigaBytes

----------------------------------------after model layer 1 x = self.dropout(x)
 Nvidia-smi: 1.2674560546875 GB
    Memory Allocated: 0.01289224624633789  GigaBytes
Max Memory Allocated: 0.013374805450439453  GigaBytes

----------------input nodes number: 191
----------------output nodes number: 30
----------------edges number: 164
----------------------------------------before mean aggregator
 Nvidia-smi: 1.2674560546875 GB
    Memory Allocated: 0.012894153594970703  GigaBytes
Max Memory Allocated: 0.013374805450439453  GigaBytes

----------------------------------------after mean aggregator-------
 Nvidia-smi: 1.2674560546875 GB
    Memory Allocated: 0.012926101684570312  GigaBytes
Max Memory Allocated: 0.013374805450439453  GigaBytes

torch.Size([30, 3])
torch.Size([30, 3])
----------------------------------------after rst
 Nvidia-smi: 1.2674560546875 GB
    Memory Allocated: 0.012926578521728516  GigaBytes
Max Memory Allocated: 0.013374805450439453  GigaBytes

----------------------------------------end of model layers  after x = self.layers[-1](blocks[-1], x)
 Nvidia-smi: 1.2674560546875 GB
    Memory Allocated: 0.012926101684570312  GigaBytes
Max Memory Allocated: 0.013374805450439453  GigaBytes

torch.Size([30, 3])
----------------------------------------- after batch_pred = model(blocks, batch_inputs) 
 Nvidia-smi: 1.2674560546875 GB
    Memory Allocated: 0.012926578521728516  GigaBytes
Max Memory Allocated: 0.013374805450439453  GigaBytes

-----------------------------------------after loss calculation
 Nvidia-smi: 1.2674560546875 GB
    Memory Allocated: 0.012928009033203125  GigaBytes
Max Memory Allocated: 0.013374805450439453  GigaBytes

-----------------------------------------after loss backward
 Nvidia-smi: 1.2713623046875 GB
    Memory Allocated: 0.009150505065917969  GigaBytes
Max Memory Allocated: 0.015017986297607422  GigaBytes

pseudo mini batch 1 input nodes size: 3775
----------------------------------------before load block subtensor 
 Nvidia-smi: 1.2713623046875 GB
    Memory Allocated: 0.008964061737060547  GigaBytes
Max Memory Allocated: 0.015017986297607422  GigaBytes

----------------------------------------before batch input features to device
 Nvidia-smi: 1.2713623046875 GB
    Memory Allocated: 0.008964061737060547  GigaBytes
Max Memory Allocated: 0.015017986297607422  GigaBytes

----------------------------------------after batch input features to device
 Nvidia-smi: 1.2713623046875 GB
    Memory Allocated: 0.01599597930908203  GigaBytes
Max Memory Allocated: 0.01599597930908203  GigaBytes

----------------------------------------after  batch labels to device
 Nvidia-smi: 1.2713623046875 GB
    Memory Allocated: 0.015996456146240234  GigaBytes
Max Memory Allocated: 0.015996456146240234  GigaBytes

----------------------------------------after load block subtensor  
 Nvidia-smi: 1.2713623046875 GB
    Memory Allocated: 0.009929180145263672  GigaBytes
Max Memory Allocated: 0.015996456146240234  GigaBytes

----------------------------------------after blocks to device 
 Nvidia-smi: 1.2713623046875 GB
    Memory Allocated: 0.010004520416259766  GigaBytes
Max Memory Allocated: 0.015996456146240234  GigaBytes

----------------------------------------before batch_pred = model(blocks, batch_inputs) 
 Nvidia-smi: 1.2713623046875 GB
    Memory Allocated: 0.010004520416259766  GigaBytes
Max Memory Allocated: 0.015996456146240234  GigaBytes

first layer input nodes number: 3775
first layer output nodes number: 1298
edges number: 7925
----------------------------------------before model layer 0
 Nvidia-smi: 1.2713623046875 GB
    Memory Allocated: 0.010042667388916016  GigaBytes
Max Memory Allocated: 0.015996456146240234  GigaBytes

torch.Size([3775, 500])
----------------------------------------before mean aggregator
 Nvidia-smi: 1.2713623046875 GB
    Memory Allocated: 0.010042667388916016  GigaBytes
Max Memory Allocated: 0.015996456146240234  GigaBytes

----------------------------------------after mean aggregator-------
 Nvidia-smi: 1.2713623046875 GB
    Memory Allocated: 0.013762950897216797  GigaBytes
Max Memory Allocated: 0.015996456146240234  GigaBytes

torch.Size([1298, 256])
torch.Size([1298, 256])
----------------------------------------after rst
 Nvidia-smi: 1.2713623046875 GB
    Memory Allocated: 0.01500082015991211  GigaBytes
Max Memory Allocated: 0.016238689422607422  GigaBytes

----------------------------------------after model layer 0 x = layer(block, x)
 Nvidia-smi: 1.2713623046875 GB
    Memory Allocated: 0.013762950897216797  GigaBytes
Max Memory Allocated: 0.016238689422607422  GigaBytes

torch.Size([1298, 256])
----------------------------------------after model layer 0 x = self.activation(x)
 Nvidia-smi: 1.2713623046875 GB
    Memory Allocated: 0.01500082015991211  GigaBytes
Max Memory Allocated: 0.016238689422607422  GigaBytes

----------------------------------------after model layer 0 x = self.dropout(x)
 Nvidia-smi: 1.2713623046875 GB
    Memory Allocated: 0.015310287475585938  GigaBytes
Max Memory Allocated: 0.01654815673828125  GigaBytes

input nodes number: 1298
output nodes number: 162
edges number: 1863
----------------------------------------before model layer 1
 Nvidia-smi: 1.2713623046875 GB
    Memory Allocated: 0.015321731567382812  GigaBytes
Max Memory Allocated: 0.01654815673828125  GigaBytes

torch.Size([1298, 256])
----------------------------------------before mean aggregator
 Nvidia-smi: 1.2713623046875 GB
    Memory Allocated: 0.015321731567382812  GigaBytes
Max Memory Allocated: 0.01654815673828125  GigaBytes

----------------------------------------after mean aggregator-------
 Nvidia-smi: 1.2713623046875 GB
    Memory Allocated: 0.015646934509277344  GigaBytes
Max Memory Allocated: 0.01654815673828125  GigaBytes

torch.Size([162, 256])
torch.Size([162, 256])
----------------------------------------after rst
 Nvidia-smi: 1.2713623046875 GB
    Memory Allocated: 0.015801429748535156  GigaBytes
Max Memory Allocated: 0.01654815673828125  GigaBytes

----------------------------------------after model layer 1 x = layer(block, x)
 Nvidia-smi: 1.2713623046875 GB
    Memory Allocated: 0.015646934509277344  GigaBytes
Max Memory Allocated: 0.01654815673828125  GigaBytes

torch.Size([162, 256])
----------------------------------------after model layer 1 x = self.activation(x)
 Nvidia-smi: 1.2713623046875 GB
    Memory Allocated: 0.015801429748535156  GigaBytes
Max Memory Allocated: 0.01654815673828125  GigaBytes

----------------------------------------after model layer 1 x = self.dropout(x)
 Nvidia-smi: 1.2713623046875 GB
    Memory Allocated: 0.01584005355834961  GigaBytes
Max Memory Allocated: 0.01654815673828125  GigaBytes

----------------input nodes number: 162
----------------output nodes number: 30
----------------edges number: 132
----------------------------------------before mean aggregator
 Nvidia-smi: 1.2713623046875 GB
    Memory Allocated: 0.015841960906982422  GigaBytes
Max Memory Allocated: 0.01654815673828125  GigaBytes

----------------------------------------after mean aggregator-------
 Nvidia-smi: 1.2713623046875 GB
    Memory Allocated: 0.01587390899658203  GigaBytes
Max Memory Allocated: 0.01654815673828125  GigaBytes

torch.Size([30, 3])
torch.Size([30, 3])
----------------------------------------after rst
 Nvidia-smi: 1.2713623046875 GB
    Memory Allocated: 0.015874385833740234  GigaBytes
Max Memory Allocated: 0.01654815673828125  GigaBytes

----------------------------------------end of model layers  after x = self.layers[-1](blocks[-1], x)
 Nvidia-smi: 1.2713623046875 GB
    Memory Allocated: 0.01587390899658203  GigaBytes
Max Memory Allocated: 0.01654815673828125  GigaBytes

torch.Size([30, 3])
----------------------------------------- after batch_pred = model(blocks, batch_inputs) 
 Nvidia-smi: 1.2713623046875 GB
    Memory Allocated: 0.01587390899658203  GigaBytes
Max Memory Allocated: 0.01654815673828125  GigaBytes

-----------------------------------------after loss calculation
 Nvidia-smi: 1.2713623046875 GB
    Memory Allocated: 0.015874862670898438  GigaBytes
Max Memory Allocated: 0.01654815673828125  GigaBytes

-----------------------------------------after loss backward
 Nvidia-smi: 1.2713623046875 GB
    Memory Allocated: 0.010160446166992188  GigaBytes
Max Memory Allocated: 0.017839908599853516  GigaBytes

-----------------------------------------after optimizer step
 Nvidia-smi: 1.2733154296875 GB
    Memory Allocated: 0.013055801391601562  GigaBytes
Max Memory Allocated: 0.017839908599853516  GigaBytes

-----------------------------------------after optimizer zero grad
 Nvidia-smi: 1.2733154296875 GB
    Memory Allocated: 0.013055801391601562  GigaBytes
Max Memory Allocated: 0.017839908599853516  GigaBytes

times | data loading | block to device | model prediction | loss calculation | loss backward |  optimizer step |
      |0.005510807037353516 |0.17110371589660645 |0.39909064769744873 |0.00019097328186035156 |0.004737973213195801 |0.0017533302307128906 |
----------------------------------------------------------pseudo_mini_loss sum 1.1130661964416504
Total (block generation + training)time/epoch 1.2517027854919434
Training time/epoch 1.1704928874969482
Training time without block to device /epoch 0.8282854557037354
Training time without total dataloading part /epoch 0.8097925186157227
load block tensor time/epoch 0.011021614074707031
block to device time/epoch 0.3422074317932129
input features size transfer per epoch 2.682209014892578e-07
blocks size to device per epoch 1.7881393432617188e-07
 Run 0| Epoch 0 |
Number of nodes for computation during this epoch:  9836
Number of first layer input nodes during this epoch:  7032
Number of first layer output nodes during this epoch:  2451
GraphSAGE(
  (layers): ModuleList(
    (0): SAGEConv(
      (fc_self): Linear(in_features=500, out_features=256, bias=False)
      (fc_neigh): Linear(in_features=500, out_features=256, bias=False)
    )
    (1): SAGEConv(
      (fc_self): Linear(in_features=256, out_features=256, bias=False)
      (fc_neigh): Linear(in_features=256, out_features=256, bias=False)
    )
    (2): SAGEConv(
      (fc_self): Linear(in_features=256, out_features=3, bias=False)
      (fc_neigh): Linear(in_features=256, out_features=3, bias=False)
    )
  )
  (dropout): Dropout(p=0.5, inplace=False)
)
total model parameters size  388608
trainable parameters
layers.0.fc_self.weight, torch.Size([256, 500])
layers.0.fc_neigh.weight, torch.Size([256, 500])
layers.1.fc_self.weight, torch.Size([256, 256])
layers.1.fc_neigh.weight, torch.Size([256, 256])
layers.2.fc_self.weight, torch.Size([3, 256])
layers.2.fc_neigh.weight, torch.Size([3, 256])
----------------------------------------
un-trainable parameters
