main start at this time 1657101425.7921026
-----------------------------------------before load data 
 Nvidia-smi: 0.1717529296875 GB
    Memory Allocated: 0.0  GigaBytes
Max Memory Allocated: 0.0  GigaBytes

  NumNodes: 19717
  NumEdges: 88651
  NumFeats: 500
  NumClasses: 3
  NumTrainingSamples: 60
  NumValidationSamples: 500
  NumTestSamples: 1000
Done loading data from cached files.
success----------------------------------------
60
500
19157
# Nodes: 19717
# Edges: 88648
# Train: 60
# Val: 500
# Test: 19157
# Classes: 3

----------------------------------------start of run function 
 Nvidia-smi: 0.1717529296875 GB
    Memory Allocated: 0.0  GigaBytes
Max Memory Allocated: 0.0  GigaBytes

in feats:  500
----------------------------------------before model to device 
 Nvidia-smi: 0.1717529296875 GB
    Memory Allocated: 0.0  GigaBytes
Max Memory Allocated: 0.0  GigaBytes

----------------------------------------after model to device
 Nvidia-smi: 1.0174560546875 GB
    Memory Allocated: 0.0019359588623046875  GigaBytes
Max Memory Allocated: 0.0019359588623046875  GigaBytes

----------------------------------------before generate dataloader block 
 Nvidia-smi: 1.0174560546875 GB
    Memory Allocated: 0.0019359588623046875  GigaBytes
Max Memory Allocated: 0.0019359588623046875  GigaBytes

The real block id is  3
get_global_graph_edges_ids_block function  spend 0.0025496482849121094
number of batches is  2
batch size is  30
random selection method spend 0.0005536079406738281
time for parepare:  4.458427429199219e-05
local_output_nid generation:  4.076957702636719e-05
local_in_edges_tensor generation:  0.00032067298889160156
mini_batch_src_global generation:  2.8133392333984375e-05
r_  generation:  0.0017099380493164062
local_output_nid generation:  1.2874603271484375e-05
local_in_edges_tensor generation:  0.0001571178436279297
mini_batch_src_global generation:  2.6226043701171875e-05
r_  generation:  5.650520324707031e-05
----------------------check_connections_block total spend ----------------------------- 0.002557039260864258
generate_one_block  0.0037326812744140625
generate_one_block  0.0012006759643554688
The real block id is  2
get_global_graph_edges_ids_block function  spend 0.0013248920440673828
gen group dst list time:  2.4318695068359375e-05
time for parepare:  0.00023126602172851562
local_output_nid generation:  1.6689300537109375e-05
local_in_edges_tensor generation:  0.00020813941955566406
mini_batch_src_global generation:  6.508827209472656e-05
r_  generation:  0.0006711483001708984
local_output_nid generation:  1.5020370483398438e-05
local_in_edges_tensor generation:  0.00014162063598632812
mini_batch_src_global generation:  7.772445678710938e-05
r_  generation:  0.0005245208740234375
----------------------check_connections_block total spend ----------------------------- 0.0022776126861572266
generate_one_block  0.001986980438232422
generate_one_block  0.0017325878143310547
The real block id is  1
get_global_graph_edges_ids_block function  spend 0.0009696483612060547
gen group dst list time:  5.91278076171875e-05
time for parepare:  0.0006856918334960938
local_output_nid generation:  0.00010514259338378906
local_in_edges_tensor generation:  0.00040602684020996094
mini_batch_src_global generation:  0.00029158592224121094
r_  generation:  0.0037412643432617188
local_output_nid generation:  9.465217590332031e-05
local_in_edges_tensor generation:  0.0002713203430175781
mini_batch_src_global generation:  0.0004279613494873047
r_  generation:  0.0032722949981689453
----------------------check_connections_block total spend ----------------------------- 0.011207818984985352
generate_one_block  0.006554126739501953
generate_one_block  0.00519561767578125
The real block id is  0
get_global_graph_edges_ids_block function  spend 0.0016052722930908203
gen group dst list time:  0.00017762184143066406
time for parepare:  0.0011563301086425781
local_output_nid generation:  0.0003685951232910156
local_in_edges_tensor generation:  0.0009276866912841797
mini_batch_src_global generation:  0.00102996826171875
r_  generation:  0.009227514266967773
local_output_nid generation:  0.0003485679626464844
local_in_edges_tensor generation:  0.0006461143493652344
mini_batch_src_global generation:  0.0009529590606689453
r_  generation:  0.007803440093994141
----------------------check_connections_block total spend ----------------------------- 0.026997804641723633
generate_one_block  0.01356363296508789
generate_one_block  0.011152982711791992
-----------------------------------------after block dataloader generation 
 Nvidia-smi: 1.0174560546875 GB
    Memory Allocated: 0.0019359588623046875  GigaBytes
Max Memory Allocated: 0.0019359588623046875  GigaBytes

connection checking time:  0.04048323631286621
block generation total time  0.04018592834472656
average batch blocks generation time:  0.02009296417236328
block dataloader generation time/epoch 0.10333704948425293
pseudo mini batch 0 input nodes size: 11295
----------------------------------------before load block subtensor 
 Nvidia-smi: 1.0174560546875 GB
    Memory Allocated: 0.0019359588623046875  GigaBytes
Max Memory Allocated: 0.0019359588623046875  GigaBytes

----------------------------------------before batch input features to device
 Nvidia-smi: 1.0174560546875 GB
    Memory Allocated: 0.0019359588623046875  GigaBytes
Max Memory Allocated: 0.0019359588623046875  GigaBytes

----------------------------------------after batch input features to device
 Nvidia-smi: 1.0389404296875 GB
    Memory Allocated: 0.023420333862304688  GigaBytes
Max Memory Allocated: 0.023420333862304688  GigaBytes

----------------------------------------after  batch labels to device
 Nvidia-smi: 1.0389404296875 GB
    Memory Allocated: 0.02342081069946289  GigaBytes
Max Memory Allocated: 0.02342081069946289  GigaBytes

----------------------------------------after load block subtensor  
 Nvidia-smi: 1.0389404296875 GB
    Memory Allocated: 0.02342081069946289  GigaBytes
Max Memory Allocated: 0.02342081069946289  GigaBytes

----------------------------------------after blocks to device 
 Nvidia-smi: 1.1053466796875 GB
    Memory Allocated: 0.023755550384521484  GigaBytes
Max Memory Allocated: 0.023755550384521484  GigaBytes

----------------------------------------before batch_pred = model(blocks, batch_inputs) 
 Nvidia-smi: 1.1053466796875 GB
    Memory Allocated: 0.023755550384521484  GigaBytes
Max Memory Allocated: 0.023755550384521484  GigaBytes

first layer input nodes number: 11295
first layer output nodes number: 5267
edges number: 29787
----------------------------------------before model layer 0
 Nvidia-smi: 1.1053466796875 GB
    Memory Allocated: 0.023879528045654297  GigaBytes
Max Memory Allocated: 0.023990631103515625  GigaBytes

torch.Size([11295, 500])
----------------------------------------before mean aggregator
 Nvidia-smi: 1.1053466796875 GB
    Memory Allocated: 0.023879528045654297  GigaBytes
Max Memory Allocated: 0.023990631103515625  GigaBytes

----------------------------------------after mean aggregator-------
 Nvidia-smi: 1.3006591796875 GB
    Memory Allocated: 0.0389556884765625  GigaBytes
Max Memory Allocated: 0.04376363754272461  GigaBytes

torch.Size([5267, 256])
torch.Size([5267, 256])
----------------------------------------after rst
 Nvidia-smi: 1.3201904296875 GB
    Memory Allocated: 0.04397869110107422  GigaBytes
Max Memory Allocated: 0.04900169372558594  GigaBytes

----------------------------------------after model layer 0 x = layer(block, x)
 Nvidia-smi: 1.3201904296875 GB
    Memory Allocated: 0.0389556884765625  GigaBytes
Max Memory Allocated: 0.04900169372558594  GigaBytes

torch.Size([5267, 256])
----------------------------------------after model layer 0 x = self.activation(x)
 Nvidia-smi: 1.3201904296875 GB
    Memory Allocated: 0.04397869110107422  GigaBytes
Max Memory Allocated: 0.04900169372558594  GigaBytes

----------------------------------------after model layer 0 x = self.dropout(x)
 Nvidia-smi: 1.3201904296875 GB
    Memory Allocated: 0.04565143585205078  GigaBytes
Max Memory Allocated: 0.0506744384765625  GigaBytes

input nodes number: 5267
output nodes number: 1432
edges number: 12632
----------------------------------------before model layer 1
 Nvidia-smi: 1.3201904296875 GB
    Memory Allocated: 0.04570198059082031  GigaBytes
Max Memory Allocated: 0.0506744384765625  GigaBytes

torch.Size([5267, 256])
----------------------------------------before mean aggregator
 Nvidia-smi: 1.3201904296875 GB
    Memory Allocated: 0.04570198059082031  GigaBytes
Max Memory Allocated: 0.0506744384765625  GigaBytes

----------------------------------------after mean aggregator-------
 Nvidia-smi: 1.3201904296875 GB
    Memory Allocated: 0.04908132553100586  GigaBytes
Max Memory Allocated: 0.0506744384765625  GigaBytes

torch.Size([1432, 256])
torch.Size([1432, 256])
----------------------------------------after rst
 Nvidia-smi: 1.3201904296875 GB
    Memory Allocated: 0.05137300491333008  GigaBytes
Max Memory Allocated: 0.05273866653442383  GigaBytes

----------------------------------------after model layer 1 x = layer(block, x)
 Nvidia-smi: 1.3201904296875 GB
    Memory Allocated: 0.049465179443359375  GigaBytes
Max Memory Allocated: 0.05273866653442383  GigaBytes

torch.Size([1432, 256])
----------------------------------------after model layer 1 x = self.activation(x)
 Nvidia-smi: 1.3201904296875 GB
    Memory Allocated: 0.050830841064453125  GigaBytes
Max Memory Allocated: 0.05273866653442383  GigaBytes

----------------------------------------after model layer 1 x = self.dropout(x)
 Nvidia-smi: 1.3201904296875 GB
    Memory Allocated: 0.051714420318603516  GigaBytes
Max Memory Allocated: 0.053080081939697266  GigaBytes

input nodes number: 1432
output nodes number: 196
edges number: 2060
----------------------------------------before model layer 2
 Nvidia-smi: 1.3201904296875 GB
    Memory Allocated: 0.051727294921875  GigaBytes
Max Memory Allocated: 0.053080081939697266  GigaBytes

torch.Size([1432, 256])
----------------------------------------before mean aggregator
 Nvidia-smi: 1.3201904296875 GB
    Memory Allocated: 0.051727294921875  GigaBytes
Max Memory Allocated: 0.053080081939697266  GigaBytes

----------------------------------------after mean aggregator-------
 Nvidia-smi: 1.3201904296875 GB
    Memory Allocated: 0.05211925506591797  GigaBytes
Max Memory Allocated: 0.053080081939697266  GigaBytes

torch.Size([196, 256])
torch.Size([196, 256])
----------------------------------------after rst
 Nvidia-smi: 1.3221435546875 GB
    Memory Allocated: 0.052306175231933594  GigaBytes
Max Memory Allocated: 0.053080081939697266  GigaBytes

----------------------------------------after model layer 2 x = layer(block, x)
 Nvidia-smi: 1.3221435546875 GB
    Memory Allocated: 0.05211925506591797  GigaBytes
Max Memory Allocated: 0.053080081939697266  GigaBytes

torch.Size([196, 256])
----------------------------------------after model layer 2 x = self.activation(x)
 Nvidia-smi: 1.3221435546875 GB
    Memory Allocated: 0.052306175231933594  GigaBytes
Max Memory Allocated: 0.053080081939697266  GigaBytes

----------------------------------------after model layer 2 x = self.dropout(x)
 Nvidia-smi: 1.3221435546875 GB
    Memory Allocated: 0.0523529052734375  GigaBytes
Max Memory Allocated: 0.053080081939697266  GigaBytes

----------------input nodes number: 196
----------------output nodes number: 30
----------------edges number: 167
----------------------------------------before mean aggregator
 Nvidia-smi: 1.3221435546875 GB
    Memory Allocated: 0.052355289459228516  GigaBytes
Max Memory Allocated: 0.053080081939697266  GigaBytes

----------------------------------------after mean aggregator-------
 Nvidia-smi: 1.3221435546875 GB
    Memory Allocated: 0.052387237548828125  GigaBytes
Max Memory Allocated: 0.053080081939697266  GigaBytes

torch.Size([30, 3])
torch.Size([30, 3])
----------------------------------------after rst
 Nvidia-smi: 1.3221435546875 GB
    Memory Allocated: 0.05238771438598633  GigaBytes
Max Memory Allocated: 0.053080081939697266  GigaBytes

----------------------------------------end of model layers  after x = self.layers[-1](blocks[-1], x)
 Nvidia-smi: 1.3221435546875 GB
    Memory Allocated: 0.052387237548828125  GigaBytes
Max Memory Allocated: 0.053080081939697266  GigaBytes

torch.Size([30, 3])
----------------------------------------- after batch_pred = model(blocks, batch_inputs) 
 Nvidia-smi: 1.3221435546875 GB
    Memory Allocated: 0.05238771438598633  GigaBytes
Max Memory Allocated: 0.053080081939697266  GigaBytes

-----------------------------------------after loss calculation
 Nvidia-smi: 1.3221435546875 GB
    Memory Allocated: 0.05238914489746094  GigaBytes
Max Memory Allocated: 0.053080081939697266  GigaBytes

-----------------------------------------after loss backward
 Nvidia-smi: 1.3280029296875 GB
    Memory Allocated: 0.02638387680053711  GigaBytes
Max Memory Allocated: 0.057005882263183594  GigaBytes

pseudo mini batch 1 input nodes size: 10034
----------------------------------------before load block subtensor 
 Nvidia-smi: 1.3280029296875 GB
    Memory Allocated: 0.025358200073242188  GigaBytes
Max Memory Allocated: 0.057005882263183594  GigaBytes

----------------------------------------before batch input features to device
 Nvidia-smi: 1.3280029296875 GB
    Memory Allocated: 0.025358200073242188  GigaBytes
Max Memory Allocated: 0.057005882263183594  GigaBytes

----------------------------------------after batch input features to device
 Nvidia-smi: 1.3280029296875 GB
    Memory Allocated: 0.04488945007324219  GigaBytes
Max Memory Allocated: 0.057005882263183594  GigaBytes

----------------------------------------after  batch labels to device
 Nvidia-smi: 1.3280029296875 GB
    Memory Allocated: 0.04488992691040039  GigaBytes
Max Memory Allocated: 0.057005882263183594  GigaBytes

----------------------------------------after load block subtensor  
 Nvidia-smi: 1.3280029296875 GB
    Memory Allocated: 0.023405075073242188  GigaBytes
Max Memory Allocated: 0.057005882263183594  GigaBytes

----------------------------------------after blocks to device 
 Nvidia-smi: 1.3280029296875 GB
    Memory Allocated: 0.02369403839111328  GigaBytes
Max Memory Allocated: 0.057005882263183594  GigaBytes

----------------------------------------before batch_pred = model(blocks, batch_inputs) 
 Nvidia-smi: 1.3280029296875 GB
    Memory Allocated: 0.02369403839111328  GigaBytes
Max Memory Allocated: 0.057005882263183594  GigaBytes

first layer input nodes number: 10034
first layer output nodes number: 4545
edges number: 26284
----------------------------------------before model layer 0
 Nvidia-smi: 1.3280029296875 GB
    Memory Allocated: 0.023803234100341797  GigaBytes
Max Memory Allocated: 0.057005882263183594  GigaBytes

torch.Size([10034, 500])
----------------------------------------before mean aggregator
 Nvidia-smi: 1.3280029296875 GB
    Memory Allocated: 0.023803234100341797  GigaBytes
Max Memory Allocated: 0.057005882263183594  GigaBytes

----------------------------------------after mean aggregator-------
 Nvidia-smi: 1.3280029296875 GB
    Memory Allocated: 0.036817073822021484  GigaBytes
Max Memory Allocated: 0.057005882263183594  GigaBytes

torch.Size([4545, 256])
torch.Size([4545, 256])
----------------------------------------after rst
 Nvidia-smi: 1.3280029296875 GB
    Memory Allocated: 0.04115152359008789  GigaBytes
Max Memory Allocated: 0.057005882263183594  GigaBytes

----------------------------------------after model layer 0 x = layer(block, x)
 Nvidia-smi: 1.3280029296875 GB
    Memory Allocated: 0.036817073822021484  GigaBytes
Max Memory Allocated: 0.057005882263183594  GigaBytes

torch.Size([4545, 256])
----------------------------------------after model layer 0 x = self.activation(x)
 Nvidia-smi: 1.3280029296875 GB
    Memory Allocated: 0.04115152359008789  GigaBytes
Max Memory Allocated: 0.057005882263183594  GigaBytes

----------------------------------------after model layer 0 x = self.dropout(x)
 Nvidia-smi: 1.3280029296875 GB
    Memory Allocated: 0.042235374450683594  GigaBytes
Max Memory Allocated: 0.057005882263183594  GigaBytes

input nodes number: 4545
output nodes number: 1201
edges number: 10476
----------------------------------------before model layer 1
 Nvidia-smi: 1.3280029296875 GB
    Memory Allocated: 0.04227876663208008  GigaBytes
Max Memory Allocated: 0.057005882263183594  GigaBytes

torch.Size([4545, 256])
----------------------------------------before mean aggregator
 Nvidia-smi: 1.3280029296875 GB
    Memory Allocated: 0.04227876663208008  GigaBytes
Max Memory Allocated: 0.057005882263183594  GigaBytes

----------------------------------------after mean aggregator-------
 Nvidia-smi: 1.3280029296875 GB
    Memory Allocated: 0.045477867126464844  GigaBytes
Max Memory Allocated: 0.057005882263183594  GigaBytes

torch.Size([1201, 256])
torch.Size([1201, 256])
----------------------------------------after rst
 Nvidia-smi: 1.3280029296875 GB
    Memory Allocated: 0.04662322998046875  GigaBytes
Max Memory Allocated: 0.057005882263183594  GigaBytes

----------------------------------------after model layer 1 x = layer(block, x)
 Nvidia-smi: 1.3280029296875 GB
    Memory Allocated: 0.044657230377197266  GigaBytes
Max Memory Allocated: 0.057005882263183594  GigaBytes

torch.Size([1201, 256])
----------------------------------------after model layer 1 x = self.activation(x)
 Nvidia-smi: 1.3280029296875 GB
    Memory Allocated: 0.04662322998046875  GigaBytes
Max Memory Allocated: 0.057005882263183594  GigaBytes

----------------------------------------after model layer 1 x = self.dropout(x)
 Nvidia-smi: 1.3280029296875 GB
    Memory Allocated: 0.047051429748535156  GigaBytes
Max Memory Allocated: 0.057005882263183594  GigaBytes

input nodes number: 1201
output nodes number: 159
edges number: 1580
----------------------------------------before model layer 2
 Nvidia-smi: 1.3280029296875 GB
    Memory Allocated: 0.047061920166015625  GigaBytes
Max Memory Allocated: 0.057005882263183594  GigaBytes

torch.Size([1201, 256])
----------------------------------------before mean aggregator
 Nvidia-smi: 1.3280029296875 GB
    Memory Allocated: 0.047061920166015625  GigaBytes
Max Memory Allocated: 0.057005882263183594  GigaBytes

----------------------------------------after mean aggregator-------
 Nvidia-smi: 1.3280029296875 GB
    Memory Allocated: 0.047379493713378906  GigaBytes
Max Memory Allocated: 0.057005882263183594  GigaBytes

torch.Size([159, 256])
torch.Size([159, 256])
----------------------------------------after rst
 Nvidia-smi: 1.3280029296875 GB
    Memory Allocated: 0.0475311279296875  GigaBytes
Max Memory Allocated: 0.057005882263183594  GigaBytes

----------------------------------------after model layer 2 x = layer(block, x)
 Nvidia-smi: 1.3280029296875 GB
    Memory Allocated: 0.047379493713378906  GigaBytes
Max Memory Allocated: 0.057005882263183594  GigaBytes

torch.Size([159, 256])
----------------------------------------after model layer 2 x = self.activation(x)
 Nvidia-smi: 1.3280029296875 GB
    Memory Allocated: 0.0475311279296875  GigaBytes
Max Memory Allocated: 0.057005882263183594  GigaBytes

----------------------------------------after model layer 2 x = self.dropout(x)
 Nvidia-smi: 1.3280029296875 GB
    Memory Allocated: 0.04756927490234375  GigaBytes
Max Memory Allocated: 0.057005882263183594  GigaBytes

----------------input nodes number: 159
----------------output nodes number: 30
----------------edges number: 130
----------------------------------------before mean aggregator
 Nvidia-smi: 1.3280029296875 GB
    Memory Allocated: 0.04757118225097656  GigaBytes
Max Memory Allocated: 0.057005882263183594  GigaBytes

----------------------------------------after mean aggregator-------
 Nvidia-smi: 1.3280029296875 GB
    Memory Allocated: 0.04760313034057617  GigaBytes
Max Memory Allocated: 0.057005882263183594  GigaBytes

torch.Size([30, 3])
torch.Size([30, 3])
----------------------------------------after rst
 Nvidia-smi: 1.3280029296875 GB
    Memory Allocated: 0.047603607177734375  GigaBytes
Max Memory Allocated: 0.057005882263183594  GigaBytes

----------------------------------------end of model layers  after x = self.layers[-1](blocks[-1], x)
 Nvidia-smi: 1.3280029296875 GB
    Memory Allocated: 0.04760313034057617  GigaBytes
Max Memory Allocated: 0.057005882263183594  GigaBytes

torch.Size([30, 3])
----------------------------------------- after batch_pred = model(blocks, batch_inputs) 
 Nvidia-smi: 1.3280029296875 GB
    Memory Allocated: 0.04760313034057617  GigaBytes
Max Memory Allocated: 0.057005882263183594  GigaBytes

-----------------------------------------after loss calculation
 Nvidia-smi: 1.3280029296875 GB
    Memory Allocated: 0.04760408401489258  GigaBytes
Max Memory Allocated: 0.057005882263183594  GigaBytes

-----------------------------------------after loss backward
 Nvidia-smi: 1.3280029296875 GB
    Memory Allocated: 0.024286746978759766  GigaBytes
Max Memory Allocated: 0.057005882263183594  GigaBytes

-----------------------------------------after optimizer step
 Nvidia-smi: 1.3338623046875 GB
    Memory Allocated: 0.02815866470336914  GigaBytes
Max Memory Allocated: 0.057005882263183594  GigaBytes

-----------------------------------------after optimizer zero grad
 Nvidia-smi: 1.3338623046875 GB
    Memory Allocated: 0.02815866470336914  GigaBytes
Max Memory Allocated: 0.057005882263183594  GigaBytes

times | data loading | block to device | model prediction | loss calculation | loss backward |  optimizer step |
      |0.00837087631225586 |0.16959726810455322 |0.3974100351333618 |0.00026917457580566406 |0.006011009216308594 |0.0048410892486572266 |
----------------------------------------------------------pseudo_mini_loss sum 1.0929234027862549
Total (block generation + training)time/epoch 1.2817010879516602
Training time/epoch 1.1780099868774414
Training time without block to device /epoch 0.838815450668335
Training time without total dataloading part /epoch 0.8122215270996094
load block tensor time/epoch 0.01674175262451172
block to device time/epoch 0.33919453620910645
input features size transfer per epoch 2.682209014892578e-07
blocks size to device per epoch 1.7881393432617188e-07
 Run 0| Epoch 0 |
Number of nodes for computation during this epoch:  34129
Number of first layer input nodes during this epoch:  21329
Number of first layer output nodes during this epoch:  9812
GraphSAGE(
  (layers): ModuleList(
    (0): SAGEConv(
      (fc_self): Linear(in_features=500, out_features=256, bias=False)
      (fc_neigh): Linear(in_features=500, out_features=256, bias=False)
    )
    (1): SAGEConv(
      (fc_self): Linear(in_features=256, out_features=256, bias=False)
      (fc_neigh): Linear(in_features=256, out_features=256, bias=False)
    )
    (2): SAGEConv(
      (fc_self): Linear(in_features=256, out_features=256, bias=False)
      (fc_neigh): Linear(in_features=256, out_features=256, bias=False)
    )
    (3): SAGEConv(
      (fc_self): Linear(in_features=256, out_features=3, bias=False)
      (fc_neigh): Linear(in_features=256, out_features=3, bias=False)
    )
  )
  (dropout): Dropout(p=0.5, inplace=False)
)
total model parameters size  519680
trainable parameters
layers.0.fc_self.weight, torch.Size([256, 500])
layers.0.fc_neigh.weight, torch.Size([256, 500])
layers.1.fc_self.weight, torch.Size([256, 256])
layers.1.fc_neigh.weight, torch.Size([256, 256])
layers.2.fc_self.weight, torch.Size([256, 256])
layers.2.fc_neigh.weight, torch.Size([256, 256])
layers.3.fc_self.weight, torch.Size([3, 256])
layers.3.fc_neigh.weight, torch.Size([3, 256])
----------------------------------------
un-trainable parameters
