main start at this time 1658957240.3997905
-----------------------------------------before load data 
 Nvidia-smi: 0.1717529296875 GB
    Memory Allocated: 0.0  GigaBytes
Max Memory Allocated: 0.0  GigaBytes

  NumNodes: 19717
  NumEdges: 88651
  NumFeats: 500
  NumClasses: 3
  NumTrainingSamples: 60
  NumValidationSamples: 500
  NumTestSamples: 1000
Done loading data from cached files.
success----------------------------------------
60
500
19157
# Nodes: 19717
# Edges: 88648
# Train: 60
# Val: 500
# Test: 19157
# Classes: 3

----------------------------------------start of run function 
 Nvidia-smi: 0.1717529296875 GB
    Memory Allocated: 0.0  GigaBytes
Max Memory Allocated: 0.0  GigaBytes

in feats:  500
----------------------------------------before model to device 
 Nvidia-smi: 0.1717529296875 GB
    Memory Allocated: 0.0  GigaBytes
Max Memory Allocated: 0.0  GigaBytes

----------------------------------------after model to device
 Nvidia-smi: 1.0174560546875 GB
    Memory Allocated: 0.0009450912475585938  GigaBytes
Max Memory Allocated: 0.0009450912475585938  GigaBytes

----------------------------------------before generate dataloader block 
 Nvidia-smi: 1.0174560546875 GB
    Memory Allocated: 0.0009450912475585938  GigaBytes
Max Memory Allocated: 0.0009450912475585938  GigaBytes

-----------------------------------------after block dataloader generation 
 Nvidia-smi: 1.0174560546875 GB
    Memory Allocated: 0.0009450912475585938  GigaBytes
Max Memory Allocated: 0.0009450912475585938  GigaBytes

connection checking time:  0
block generation total time  0
average batch blocks generation time:  0
block dataloader generation time/epoch 0.0023298263549804688
pseudo mini batch 0 input nodes size: 120
----------------------------------------before load block subtensor 
 Nvidia-smi: 1.0174560546875 GB
    Memory Allocated: 0.0009450912475585938  GigaBytes
Max Memory Allocated: 0.0009450912475585938  GigaBytes

----------------------------------------before batch input features to device
 Nvidia-smi: 1.0174560546875 GB
    Memory Allocated: 0.0009450912475585938  GigaBytes
Max Memory Allocated: 0.0009450912475585938  GigaBytes

----------------------------------------after batch input features to device
 Nvidia-smi: 1.0174560546875 GB
    Memory Allocated: 0.0011687278747558594  GigaBytes
Max Memory Allocated: 0.0011687278747558594  GigaBytes

----------------------------------------after  batch labels to device
 Nvidia-smi: 1.0174560546875 GB
    Memory Allocated: 0.0011692047119140625  GigaBytes
Max Memory Allocated: 0.0011692047119140625  GigaBytes

----------------------------------------after load block subtensor  
 Nvidia-smi: 1.0174560546875 GB
    Memory Allocated: 0.0011692047119140625  GigaBytes
Max Memory Allocated: 0.0011692047119140625  GigaBytes

----------------------------------------after blocks to device 
 Nvidia-smi: 1.0819091796875 GB
    Memory Allocated: 0.0011701583862304688  GigaBytes
Max Memory Allocated: 0.0011701583862304688  GigaBytes

----------------------------------------before batch_pred = model(blocks, batch_inputs) 
 Nvidia-smi: 1.0819091796875 GB
    Memory Allocated: 0.0011701583862304688  GigaBytes
Max Memory Allocated: 0.0011701583862304688  GigaBytes

----------------input nodes number: 120
----------------output nodes number: 60
----------------edges number: 60
----------------------------------------start pool aggregator-------
 Nvidia-smi: 1.0819091796875 GB
    Memory Allocated: 0.0011715888977050781  GigaBytes
Max Memory Allocated: 0.0011720657348632812  GigaBytes

----------------------------------------self.fc_pool(feat_src)
 Nvidia-smi: 1.0838623046875 GB
    Memory Allocated: 0.0013952255249023438  GigaBytes
Max Memory Allocated: 0.0013952255249023438  GigaBytes

----------------------------------------F.relu(tmp)
 Nvidia-smi: 1.0838623046875 GB
    Memory Allocated: 0.0016188621520996094  GigaBytes
Max Memory Allocated: 0.0016188621520996094  GigaBytes

----------------------------------------graph.srcdata['h'] = tmp2
 Nvidia-smi: 1.0838623046875 GB
    Memory Allocated: 0.0016188621520996094  GigaBytes
Max Memory Allocated: 0.0016188621520996094  GigaBytes

----------------------------------------graph.update_all(msg_fn, fn.max('m', 'neigh'))
 Nvidia-smi: 1.1854248046875 GB
    Memory Allocated: 0.0018725395202636719  GigaBytes
Max Memory Allocated: 0.0019845962524414062  GigaBytes

----------------------------------------h_neigh = self.fc_neigh(graph.dstdata['neigh'])
 Nvidia-smi: 1.1854248046875 GB
    Memory Allocated: 0.0018734931945800781  GigaBytes
Max Memory Allocated: 0.0019845962524414062  GigaBytes

h_self size  torch.Size([60, 500])
----------------------------------------before rst
 Nvidia-smi: 1.1854248046875 GB
    Memory Allocated: 0.0018734931945800781  GigaBytes
Max Memory Allocated: 0.0019845962524414062  GigaBytes

torch.Size([60, 3])
----------------------------------------after rst (rst = self.fc_self(h_self) + h_neigh)
 Nvidia-smi: 1.1854248046875 GB
    Memory Allocated: 0.0018744468688964844  GigaBytes
Max Memory Allocated: 0.0019845962524414062  GigaBytes

----------------------------------------end of model layers  after x = self.layers[-1](blocks[-1], x)
 Nvidia-smi: 1.1854248046875 GB
    Memory Allocated: 0.0016498565673828125  GigaBytes
Max Memory Allocated: 0.0019845962524414062  GigaBytes

torch.Size([60, 3])
----------------------------------------- after batch_pred = model(blocks, batch_inputs) 
 Nvidia-smi: 1.1854248046875 GB
    Memory Allocated: 0.0016508102416992188  GigaBytes
Max Memory Allocated: 0.0019845962524414062  GigaBytes

-----------------------------------------after loss calculation
 Nvidia-smi: 1.1854248046875 GB
    Memory Allocated: 0.0016527175903320312  GigaBytes
Max Memory Allocated: 0.0019845962524414062  GigaBytes

-----------------------------------------after loss backward
 Nvidia-smi: 1.1854248046875 GB
    Memory Allocated: 0.0021200180053710938  GigaBytes
Max Memory Allocated: 0.0023436546325683594  GigaBytes

-----------------------------------------after optimizer step
 Nvidia-smi: 1.1893310546875 GB
    Memory Allocated: 0.004010200500488281  GigaBytes
Max Memory Allocated: 0.005873680114746094  GigaBytes

-----------------------------------------after optimizer zero grad
 Nvidia-smi: 1.1893310546875 GB
    Memory Allocated: 0.004010200500488281  GigaBytes
Max Memory Allocated: 0.005873680114746094  GigaBytes

times | data loading | block to device | model prediction | loss calculation | loss backward |  optimizer step |
      |0.0016734600067138672 |0.35083842277526855 |0.47524070739746094 |0.00038170814514160156 |0.0036056041717529297 |0.0034940242767333984 |
----------------------------------------------------------pseudo_mini_loss sum 1.1015256643295288
Total (block generation + training)time/epoch 0.8423943519592285
Training time/epoch 0.8396484851837158
Training time without block to device /epoch 0.48881006240844727
Training time without total dataloading part /epoch 0.48272204399108887
load block tensor time/epoch 0.0016734600067138672
block to device time/epoch 0.35083842277526855
input features size transfer per epoch 1.341104507446289e-07
blocks size to device per epoch 8.940696716308594e-08
 Run 0| Epoch 0 |
Number of nodes for computation during this epoch:  120
Number of first layer input nodes during this epoch:  120
Number of first layer output nodes during this epoch:  60
GraphSAGE(
  (layers): ModuleList(
    (0): SAGEConv(
      (fc_pool): Linear(in_features=500, out_features=500, bias=True)
      (fc_self): Linear(in_features=500, out_features=3, bias=False)
      (fc_neigh): Linear(in_features=500, out_features=3, bias=False)
    )
  )
  (dropout): Dropout(p=0.5, inplace=False)
)
total model parameters size  253500
trainable parameters
layers.0.fc_pool.weight, torch.Size([500, 500])
layers.0.fc_pool.bias, torch.Size([500])
layers.0.fc_self.weight, torch.Size([3, 500])
layers.0.fc_neigh.weight, torch.Size([3, 500])
----------------------------------------
un-trainable parameters
