main start at this time 1658957328.1525216
-----------------------------------------before load data 
 Nvidia-smi: 0.1717529296875 GB
    Memory Allocated: 0.0  GigaBytes
Max Memory Allocated: 0.0  GigaBytes

  NumNodes: 19717
  NumEdges: 88651
  NumFeats: 500
  NumClasses: 3
  NumTrainingSamples: 60
  NumValidationSamples: 500
  NumTestSamples: 1000
Done loading data from cached files.
success----------------------------------------
60
500
19157
# Nodes: 19717
# Edges: 88648
# Train: 60
# Val: 500
# Test: 19157
# Classes: 3

----------------------------------------start of run function 
 Nvidia-smi: 0.1717529296875 GB
    Memory Allocated: 0.0  GigaBytes
Max Memory Allocated: 0.0  GigaBytes

in feats:  500
----------------------------------------before model to device 
 Nvidia-smi: 0.1717529296875 GB
    Memory Allocated: 0.0  GigaBytes
Max Memory Allocated: 0.0  GigaBytes

----------------------------------------after model to device
 Nvidia-smi: 1.0174560546875 GB
    Memory Allocated: 0.0009450912475585938  GigaBytes
Max Memory Allocated: 0.0009450912475585938  GigaBytes

----------------------------------------before generate dataloader block 
 Nvidia-smi: 1.0174560546875 GB
    Memory Allocated: 0.0009450912475585938  GigaBytes
Max Memory Allocated: 0.0009450912475585938  GigaBytes

-----------------------------------------after block dataloader generation 
 Nvidia-smi: 1.0174560546875 GB
    Memory Allocated: 0.0009450912475585938  GigaBytes
Max Memory Allocated: 0.0009450912475585938  GigaBytes

connection checking time:  0
block generation total time  0
average batch blocks generation time:  0
block dataloader generation time/epoch 0.0022974014282226562
pseudo mini batch 0 input nodes size: 287
----------------------------------------before load block subtensor 
 Nvidia-smi: 1.0174560546875 GB
    Memory Allocated: 0.0009450912475585938  GigaBytes
Max Memory Allocated: 0.0009450912475585938  GigaBytes

----------------------------------------before batch input features to device
 Nvidia-smi: 1.0174560546875 GB
    Memory Allocated: 0.0009450912475585938  GigaBytes
Max Memory Allocated: 0.0009450912475585938  GigaBytes

----------------------------------------after batch input features to device
 Nvidia-smi: 1.0174560546875 GB
    Memory Allocated: 0.0014801025390625  GigaBytes
Max Memory Allocated: 0.0014801025390625  GigaBytes

----------------------------------------after  batch labels to device
 Nvidia-smi: 1.0174560546875 GB
    Memory Allocated: 0.0014805793762207031  GigaBytes
Max Memory Allocated: 0.0014805793762207031  GigaBytes

----------------------------------------after load block subtensor  
 Nvidia-smi: 1.0174560546875 GB
    Memory Allocated: 0.0014805793762207031  GigaBytes
Max Memory Allocated: 0.0014805793762207031  GigaBytes

----------------------------------------after blocks to device 
 Nvidia-smi: 1.0819091796875 GB
    Memory Allocated: 0.0014824867248535156  GigaBytes
Max Memory Allocated: 0.0014824867248535156  GigaBytes

----------------------------------------before batch_pred = model(blocks, batch_inputs) 
 Nvidia-smi: 1.0819091796875 GB
    Memory Allocated: 0.0014824867248535156  GigaBytes
Max Memory Allocated: 0.0014824867248535156  GigaBytes

----------------input nodes number: 287
----------------output nodes number: 60
----------------edges number: 229
----------------------------------------start pool aggregator-------
 Nvidia-smi: 1.0819091796875 GB
    Memory Allocated: 0.0014853477478027344  GigaBytes
Max Memory Allocated: 0.0014863014221191406  GigaBytes

----------------------------------------self.fc_pool(feat_src)
 Nvidia-smi: 1.0858154296875 GB
    Memory Allocated: 0.0020203590393066406  GigaBytes
Max Memory Allocated: 0.0020203590393066406  GigaBytes

----------------------------------------F.relu(tmp)
 Nvidia-smi: 1.0858154296875 GB
    Memory Allocated: 0.002555370330810547  GigaBytes
Max Memory Allocated: 0.002555370330810547  GigaBytes

----------------------------------------graph.srcdata['h'] = tmp2
 Nvidia-smi: 1.0858154296875 GB
    Memory Allocated: 0.002555370330810547  GigaBytes
Max Memory Allocated: 0.002555370330810547  GigaBytes

----------------------------------------graph.update_all(msg_fn, fn.max('m', 'neigh'))
 Nvidia-smi: 1.1854248046875 GB
    Memory Allocated: 0.0028100013732910156  GigaBytes
Max Memory Allocated: 0.00292205810546875  GigaBytes

----------------------------------------h_neigh = self.fc_neigh(graph.dstdata['neigh'])
 Nvidia-smi: 1.1854248046875 GB
    Memory Allocated: 0.002810955047607422  GigaBytes
Max Memory Allocated: 0.00292205810546875  GigaBytes

h_self size  torch.Size([60, 500])
----------------------------------------before rst
 Nvidia-smi: 1.1854248046875 GB
    Memory Allocated: 0.002810955047607422  GigaBytes
Max Memory Allocated: 0.00292205810546875  GigaBytes

torch.Size([60, 3])
----------------------------------------after rst (rst = self.fc_self(h_self) + h_neigh)
 Nvidia-smi: 1.1854248046875 GB
    Memory Allocated: 0.002811908721923828  GigaBytes
Max Memory Allocated: 0.00292205810546875  GigaBytes

----------------------------------------end of model layers  after x = self.layers[-1](blocks[-1], x)
 Nvidia-smi: 1.1854248046875 GB
    Memory Allocated: 0.0022759437561035156  GigaBytes
Max Memory Allocated: 0.00292205810546875  GigaBytes

torch.Size([60, 3])
----------------------------------------- after batch_pred = model(blocks, batch_inputs) 
 Nvidia-smi: 1.1854248046875 GB
    Memory Allocated: 0.002276897430419922  GigaBytes
Max Memory Allocated: 0.00292205810546875  GigaBytes

-----------------------------------------after loss calculation
 Nvidia-smi: 1.1854248046875 GB
    Memory Allocated: 0.0022788047790527344  GigaBytes
Max Memory Allocated: 0.00292205810546875  GigaBytes

-----------------------------------------after loss backward
 Nvidia-smi: 1.1854248046875 GB
    Memory Allocated: 0.0024347305297851562  GigaBytes
Max Memory Allocated: 0.0031061172485351562  GigaBytes

-----------------------------------------after optimizer step
 Nvidia-smi: 1.1893310546875 GB
    Memory Allocated: 0.004324913024902344  GigaBytes
Max Memory Allocated: 0.006188392639160156  GigaBytes

-----------------------------------------after optimizer zero grad
 Nvidia-smi: 1.1893310546875 GB
    Memory Allocated: 0.004324913024902344  GigaBytes
Max Memory Allocated: 0.006188392639160156  GigaBytes

times | data loading | block to device | model prediction | loss calculation | loss backward |  optimizer step |
      |0.0018007755279541016 |0.36810994148254395 |0.46488451957702637 |0.0004093647003173828 |0.003683328628540039 |0.004029989242553711 |
----------------------------------------------------------pseudo_mini_loss sum 1.1025961637496948
Total (block generation + training)time/epoch 0.8500399589538574
Training time/epoch 0.8473408222198486
Training time without block to device /epoch 0.4792308807373047
Training time without total dataloading part /epoch 0.4730072021484375
load block tensor time/epoch 0.0018007755279541016
block to device time/epoch 0.36810994148254395
input features size transfer per epoch 1.341104507446289e-07
blocks size to device per epoch 8.940696716308594e-08
 Run 0| Epoch 0 |
Number of nodes for computation during this epoch:  287
Number of first layer input nodes during this epoch:  287
Number of first layer output nodes during this epoch:  60
GraphSAGE(
  (layers): ModuleList(
    (0): SAGEConv(
      (fc_pool): Linear(in_features=500, out_features=500, bias=True)
      (fc_self): Linear(in_features=500, out_features=3, bias=False)
      (fc_neigh): Linear(in_features=500, out_features=3, bias=False)
    )
  )
  (dropout): Dropout(p=0.5, inplace=False)
)
total model parameters size  253500
trainable parameters
layers.0.fc_pool.weight, torch.Size([500, 500])
layers.0.fc_pool.bias, torch.Size([500])
layers.0.fc_self.weight, torch.Size([3, 500])
layers.0.fc_neigh.weight, torch.Size([3, 500])
----------------------------------------
un-trainable parameters
