main start at this time 1658957363.4388497
-----------------------------------------before load data 
 Nvidia-smi: 0.1717529296875 GB
    Memory Allocated: 0.0  GigaBytes
Max Memory Allocated: 0.0  GigaBytes

  NumNodes: 19717
  NumEdges: 88651
  NumFeats: 500
  NumClasses: 3
  NumTrainingSamples: 60
  NumValidationSamples: 500
  NumTestSamples: 1000
Done loading data from cached files.
success----------------------------------------
60
500
19157
# Nodes: 19717
# Edges: 88648
# Train: 60
# Val: 500
# Test: 19157
# Classes: 3

----------------------------------------start of run function 
 Nvidia-smi: 0.1717529296875 GB
    Memory Allocated: 0.0  GigaBytes
Max Memory Allocated: 0.0  GigaBytes

in feats:  500
----------------------------------------before model to device 
 Nvidia-smi: 0.1717529296875 GB
    Memory Allocated: 0.0  GigaBytes
Max Memory Allocated: 0.0  GigaBytes

----------------------------------------after model to device
 Nvidia-smi: 1.0174560546875 GB
    Memory Allocated: 0.0009450912475585938  GigaBytes
Max Memory Allocated: 0.0009450912475585938  GigaBytes

----------------------------------------before generate dataloader block 
 Nvidia-smi: 1.0174560546875 GB
    Memory Allocated: 0.0009450912475585938  GigaBytes
Max Memory Allocated: 0.0009450912475585938  GigaBytes

-----------------------------------------after block dataloader generation 
 Nvidia-smi: 1.0174560546875 GB
    Memory Allocated: 0.0009450912475585938  GigaBytes
Max Memory Allocated: 0.0009450912475585938  GigaBytes

connection checking time:  0
block generation total time  0
average batch blocks generation time:  0
block dataloader generation time/epoch 0.0023186206817626953
pseudo mini batch 0 input nodes size: 353
----------------------------------------before load block subtensor 
 Nvidia-smi: 1.0174560546875 GB
    Memory Allocated: 0.0009450912475585938  GigaBytes
Max Memory Allocated: 0.0009450912475585938  GigaBytes

----------------------------------------before batch input features to device
 Nvidia-smi: 1.0174560546875 GB
    Memory Allocated: 0.0009450912475585938  GigaBytes
Max Memory Allocated: 0.0009450912475585938  GigaBytes

----------------------------------------after batch input features to device
 Nvidia-smi: 1.0174560546875 GB
    Memory Allocated: 0.0016026496887207031  GigaBytes
Max Memory Allocated: 0.0016026496887207031  GigaBytes

----------------------------------------after  batch labels to device
 Nvidia-smi: 1.0174560546875 GB
    Memory Allocated: 0.0016031265258789062  GigaBytes
Max Memory Allocated: 0.0016031265258789062  GigaBytes

----------------------------------------after load block subtensor  
 Nvidia-smi: 1.0174560546875 GB
    Memory Allocated: 0.0016031265258789062  GigaBytes
Max Memory Allocated: 0.0016031265258789062  GigaBytes

----------------------------------------after blocks to device 
 Nvidia-smi: 1.0819091796875 GB
    Memory Allocated: 0.001605987548828125  GigaBytes
Max Memory Allocated: 0.001605987548828125  GigaBytes

----------------------------------------before batch_pred = model(blocks, batch_inputs) 
 Nvidia-smi: 1.0819091796875 GB
    Memory Allocated: 0.001605987548828125  GigaBytes
Max Memory Allocated: 0.001605987548828125  GigaBytes

----------------input nodes number: 353
----------------output nodes number: 60
----------------edges number: 296
----------------------------------------start pool aggregator-------
 Nvidia-smi: 1.0819091796875 GB
    Memory Allocated: 0.0016093254089355469  GigaBytes
Max Memory Allocated: 0.0016107559204101562  GigaBytes

----------------------------------------self.fc_pool(feat_src)
 Nvidia-smi: 1.0858154296875 GB
    Memory Allocated: 0.0022668838500976562  GigaBytes
Max Memory Allocated: 0.0022668838500976562  GigaBytes

----------------------------------------F.relu(tmp)
 Nvidia-smi: 1.0858154296875 GB
    Memory Allocated: 0.0029244422912597656  GigaBytes
Max Memory Allocated: 0.0029244422912597656  GigaBytes

----------------------------------------graph.srcdata['h'] = tmp2
 Nvidia-smi: 1.0858154296875 GB
    Memory Allocated: 0.0029244422912597656  GigaBytes
Max Memory Allocated: 0.0029244422912597656  GigaBytes

----------------------------------------graph.update_all(msg_fn, fn.max('m', 'neigh'))
 Nvidia-smi: 1.1854248046875 GB
    Memory Allocated: 0.0031800270080566406  GigaBytes
Max Memory Allocated: 0.003292083740234375  GigaBytes

----------------------------------------h_neigh = self.fc_neigh(graph.dstdata['neigh'])
 Nvidia-smi: 1.1854248046875 GB
    Memory Allocated: 0.003180980682373047  GigaBytes
Max Memory Allocated: 0.003292083740234375  GigaBytes

h_self size  torch.Size([60, 500])
----------------------------------------before rst
 Nvidia-smi: 1.1854248046875 GB
    Memory Allocated: 0.003180980682373047  GigaBytes
Max Memory Allocated: 0.003292083740234375  GigaBytes

torch.Size([60, 3])
----------------------------------------after rst (rst = self.fc_self(h_self) + h_neigh)
 Nvidia-smi: 1.1854248046875 GB
    Memory Allocated: 0.003181934356689453  GigaBytes
Max Memory Allocated: 0.003292083740234375  GigaBytes

----------------------------------------end of model layers  after x = self.layers[-1](blocks[-1], x)
 Nvidia-smi: 1.1854248046875 GB
    Memory Allocated: 0.0025234222412109375  GigaBytes
Max Memory Allocated: 0.003292083740234375  GigaBytes

torch.Size([60, 3])
----------------------------------------- after batch_pred = model(blocks, batch_inputs) 
 Nvidia-smi: 1.1854248046875 GB
    Memory Allocated: 0.0025243759155273438  GigaBytes
Max Memory Allocated: 0.003292083740234375  GigaBytes

-----------------------------------------after loss calculation
 Nvidia-smi: 1.1854248046875 GB
    Memory Allocated: 0.0025262832641601562  GigaBytes
Max Memory Allocated: 0.003292083740234375  GigaBytes

-----------------------------------------after loss backward
 Nvidia-smi: 1.1873779296875 GB
    Memory Allocated: 0.002559661865234375  GigaBytes
Max Memory Allocated: 0.0035986900329589844  GigaBytes

-----------------------------------------after optimizer step
 Nvidia-smi: 1.1893310546875 GB
    Memory Allocated: 0.0044498443603515625  GigaBytes
Max Memory Allocated: 0.006313323974609375  GigaBytes

-----------------------------------------after optimizer zero grad
 Nvidia-smi: 1.1893310546875 GB
    Memory Allocated: 0.0044498443603515625  GigaBytes
Max Memory Allocated: 0.006313323974609375  GigaBytes

times | data loading | block to device | model prediction | loss calculation | loss backward |  optimizer step |
      |0.0018720626831054688 |0.34682464599609375 |0.47849607467651367 |0.00038552284240722656 |0.004276275634765625 |0.0035524368286132812 |
----------------------------------------------------------pseudo_mini_loss sum 1.1032061576843262
Total (block generation + training)time/epoch 0.8425321578979492
Training time/epoch 0.8398067951202393
Training time without block to device /epoch 0.4929821491241455
Training time without total dataloading part /epoch 0.4867103099822998
load block tensor time/epoch 0.0018720626831054688
block to device time/epoch 0.34682464599609375
input features size transfer per epoch 1.341104507446289e-07
blocks size to device per epoch 8.940696716308594e-08
 Run 0| Epoch 0 |
Number of nodes for computation during this epoch:  353
Number of first layer input nodes during this epoch:  353
Number of first layer output nodes during this epoch:  60
GraphSAGE(
  (layers): ModuleList(
    (0): SAGEConv(
      (fc_pool): Linear(in_features=500, out_features=500, bias=True)
      (fc_self): Linear(in_features=500, out_features=3, bias=False)
      (fc_neigh): Linear(in_features=500, out_features=3, bias=False)
    )
  )
  (dropout): Dropout(p=0.5, inplace=False)
)
total model parameters size  253500
trainable parameters
layers.0.fc_pool.weight, torch.Size([500, 500])
layers.0.fc_pool.bias, torch.Size([500])
layers.0.fc_self.weight, torch.Size([3, 500])
layers.0.fc_neigh.weight, torch.Size([3, 500])
----------------------------------------
un-trainable parameters
