main start at this time 1658272911.0303931
-----------------------------------------before load data 
 Nvidia-smi: 0.1717529296875 GB
    Memory Allocated: 0.0  GigaBytes
Max Memory Allocated: 0.0  GigaBytes

#nodes: 2449029
#edges: 123718024
#classes: 47
success----------------------------------------
196571
39255
2164782
# Nodes: 2400608
# Edges: 123718024
# Train: 196571
# Val: 39255
# Test: 2164782
# Classes: 47

----------------------------------------start of run function 
 Nvidia-smi: 0.1717529296875 GB
    Memory Allocated: 0.0  GigaBytes
Max Memory Allocated: 0.0  GigaBytes

in feats:  100
----------------------------------------before model to device 
 Nvidia-smi: 0.1717529296875 GB
    Memory Allocated: 0.0  GigaBytes
Max Memory Allocated: 0.0  GigaBytes

----------------------------------------after model to device
 Nvidia-smi: 1.0174560546875 GB
    Memory Allocated: 3.528594970703125e-05  GigaBytes
Max Memory Allocated: 3.528594970703125e-05  GigaBytes

----------------------------------------before generate dataloader block 
 Nvidia-smi: 1.0174560546875 GB
    Memory Allocated: 3.528594970703125e-05  GigaBytes
Max Memory Allocated: 3.528594970703125e-05  GigaBytes

-----------------------------------------after block dataloader generation 
 Nvidia-smi: 1.0174560546875 GB
    Memory Allocated: 3.528594970703125e-05  GigaBytes
Max Memory Allocated: 3.528594970703125e-05  GigaBytes

connection checking time:  0
block generation total time  0
average batch blocks generation time:  0
block dataloader generation time/epoch 0.06522297859191895
pseudo mini batch 0 input nodes size: 719006
----------------------------------------before load block subtensor 
 Nvidia-smi: 1.0174560546875 GB
    Memory Allocated: 3.528594970703125e-05  GigaBytes
Max Memory Allocated: 3.528594970703125e-05  GigaBytes

----------------------------------------before batch input features to device
 Nvidia-smi: 1.0174560546875 GB
    Memory Allocated: 3.528594970703125e-05  GigaBytes
Max Memory Allocated: 3.528594970703125e-05  GigaBytes

----------------------------------------after batch input features to device
 Nvidia-smi: 1.2869873046875 GB
    Memory Allocated: 0.2678861618041992  GigaBytes
Max Memory Allocated: 0.2678861618041992  GigaBytes

----------------------------------------after  batch labels to device
 Nvidia-smi: 1.2869873046875 GB
    Memory Allocated: 0.26956653594970703  GigaBytes
Max Memory Allocated: 0.26956653594970703  GigaBytes

----------------------------------------after load block subtensor  
 Nvidia-smi: 1.2869873046875 GB
    Memory Allocated: 0.26956653594970703  GigaBytes
Max Memory Allocated: 0.26956653594970703  GigaBytes

----------------------------------------after blocks to device 
 Nvidia-smi: 1.3709716796875 GB
    Memory Allocated: 0.2797708511352539  GigaBytes
Max Memory Allocated: 0.2797708511352539  GigaBytes

----------------------------------------before batch_pred = model(blocks, batch_inputs) 
 Nvidia-smi: 1.3709716796875 GB
    Memory Allocated: 0.2797708511352539  GigaBytes
Max Memory Allocated: 0.2797708511352539  GigaBytes

----------------input nodes number: 719006
----------------output nodes number: 196571
----------------edges number: 1369550
----------------------------------------before mean aggregator
 Nvidia-smi: 1.3905029296875 GB
    Memory Allocated: 0.286592960357666  GigaBytes
Max Memory Allocated: 0.29169511795043945  GigaBytes

----------------------------------------graph.srcdata['h'] =  feat_src-------
 Nvidia-smi: 1.3905029296875 GB
    Memory Allocated: 0.286592960357666  GigaBytes
Max Memory Allocated: 0.29169511795043945  GigaBytes

----------------------------------------graph.update_all(msg_fn, fn.mean('m', 'neigh'))-------
 Nvidia-smi: 1.8143310546875 GB
    Memory Allocated: 0.3707585334777832  GigaBytes
Max Memory Allocated: 0.4447197914123535  GigaBytes

----------------------------------------h_neigh = graph.dstdata['neigh']-------
 Nvidia-smi: 1.8143310546875 GB
    Memory Allocated: 0.3707585334777832  GigaBytes
Max Memory Allocated: 0.4447197914123535  GigaBytes

----------------------------------------after mean aggregator-------h_neigh = self.fc_neigh(h_neigh)-
 Nvidia-smi: 1.8143310546875 GB
    Memory Allocated: 0.40517616271972656  GigaBytes
Max Memory Allocated: 0.4447197914123535  GigaBytes

h_neigh size torch.Size([196571, 47])
h_self size  torch.Size([196571, 100])
----------------------------------------before rst
 Nvidia-smi: 1.8143310546875 GB
    Memory Allocated: 0.40517616271972656  GigaBytes
Max Memory Allocated: 0.4447197914123535  GigaBytes

torch.Size([196571, 47])
----------------------------------------after rst (rst = self.fc_self(h_self) + h_neigh)
 Nvidia-smi: 1.8494873046875 GB
    Memory Allocated: 0.44033241271972656  GigaBytes
Max Memory Allocated: 0.4747500419616699  GigaBytes

----------------------------------------end of model layers  after x = self.layers[-1](blocks[-1], x)
 Nvidia-smi: 1.8494873046875 GB
    Memory Allocated: 0.4059147834777832  GigaBytes
Max Memory Allocated: 0.4747500419616699  GigaBytes

torch.Size([196571, 47])
----------------------------------------- after batch_pred = model(blocks, batch_inputs) 
 Nvidia-smi: 1.8494873046875 GB
    Memory Allocated: 0.44033241271972656  GigaBytes
Max Memory Allocated: 0.4747500419616699  GigaBytes

-----------------------------------------after loss calculation
 Nvidia-smi: 1.8494873046875 GB
    Memory Allocated: 0.47475099563598633  GigaBytes
Max Memory Allocated: 0.47475147247314453  GigaBytes

-----------------------------------------after loss backward
 Nvidia-smi: 1.9197998046875 GB
    Memory Allocated: 0.3319835662841797  GigaBytes
Max Memory Allocated: 0.5450634956359863  GigaBytes

-----------------------------------------after optimizer step
 Nvidia-smi: 1.9197998046875 GB
    Memory Allocated: 0.33205413818359375  GigaBytes
Max Memory Allocated: 0.5450634956359863  GigaBytes

-----------------------------------------after optimizer zero grad
 Nvidia-smi: 1.9197998046875 GB
    Memory Allocated: 0.33205413818359375  GigaBytes
Max Memory Allocated: 0.5450634956359863  GigaBytes

times | data loading | block to device | model prediction | loss calculation | loss backward |  optimizer step |
      |0.16435933113098145 |0.3372230529785156 |0.7637662887573242 |0.00031876564025878906 |0.008768558502197266 |0.002033710479736328 |
----------------------------------------------------------pseudo_mini_loss sum 5.160825729370117
Total (block generation + training)time/epoch 1.3460824489593506
Training time/epoch 1.2805521488189697
Training time without block to device /epoch 0.9433290958404541
Training time without total dataloading part /epoch 0.7748873233795166
load block tensor time/epoch 0.16435933113098145
block to device time/epoch 0.3372230529785156
input features size transfer per epoch 1.341104507446289e-07
blocks size to device per epoch 8.940696716308594e-08
 Run 0| Epoch 0 |
Number of nodes for computation during this epoch:  719006
Number of first layer input nodes during this epoch:  719006
Number of first layer output nodes during this epoch:  196571
GraphSAGE(
  (layers): ModuleList(
    (0): SAGEConv(
      (fc_self): Linear(in_features=100, out_features=47, bias=False)
      (fc_neigh): Linear(in_features=100, out_features=47, bias=False)
    )
  )
  (dropout): Dropout(p=0.5, inplace=False)
)
total model parameters size  9400
trainable parameters
layers.0.fc_self.weight, torch.Size([47, 100])
layers.0.fc_neigh.weight, torch.Size([47, 100])
----------------------------------------
un-trainable parameters
