main start at this time 1657104980.6875913
-----------------------------------------before load data 
 Nvidia-smi: 0.1717529296875 GB
    Memory Allocated: 0.0  GigaBytes
Max Memory Allocated: 0.0  GigaBytes

  NumNodes: 2708
  NumEdges: 10556
  NumFeats: 1433
  NumClasses: 7
  NumTrainingSamples: 140
  NumValidationSamples: 500
  NumTestSamples: 1000
Done loading data from cached files.
success----------------------------------------
140
500
2068
# Nodes: 2708
# Edges: 10556
# Train: 140
# Val: 500
# Test: 2068
# Classes: 7

----------------------------------------start of run function 
 Nvidia-smi: 0.1717529296875 GB
    Memory Allocated: 0.0  GigaBytes
Max Memory Allocated: 0.0  GigaBytes

in feats:  1433
----------------------------------------before model to device 
 Nvidia-smi: 0.1717529296875 GB
    Memory Allocated: 0.0  GigaBytes
Max Memory Allocated: 0.0  GigaBytes

----------------------------------------after model to device
 Nvidia-smi: 1.0428466796875 GB
    Memory Allocated: 0.0113525390625  GigaBytes
Max Memory Allocated: 0.0113525390625  GigaBytes

----------------------------------------before generate dataloader block 
 Nvidia-smi: 1.0428466796875 GB
    Memory Allocated: 0.0113525390625  GigaBytes
Max Memory Allocated: 0.0113525390625  GigaBytes

The real block id is  4
get_global_graph_edges_ids_block function  spend 0.0014624595642089844
global_2_local spend time (sec) 0.00010371208190917969
----------------------------  graph partition start---------------------
g = dgl.graph((u,v))  spent  0.0005483627319335938
the counter of in-degree current block !!!!!!!!!!!!!!_______________!!!!!!!!!!
Counter({0: 504, 3: 26, 2: 25, 4: 22, 1: 20, 5: 15, 6: 11, 9: 4, 7: 4, 10: 3, 8: 3, 12: 2, 21: 1, 11: 1, 36: 1, 19: 1, 32: 1})

A = g.adjacency_matrix() spent  0.0004124641418457031
auxiliary_graph
Graph(num_nodes=644, num_edges=438,
      ndata_schemes={}
      edata_schemes={'w': Scheme(shape=(), dtype=torch.float32)})
get remove nodes spent  0.0006954669952392578
remove nodes length  504

auxiliary_graph.remove_nodes spent  0.0009338855743408203
after remove non output nodes the auxiliary_graph
Graph(num_nodes=140, num_edges=438,
      ndata_schemes={}
      edata_schemes={'w': Scheme(shape=(), dtype=torch.float32)})
auxiliary_graph_no_diag generation spent  0.0008866786956787109

the counter of shared neighbor distribution
Counter({1.0: 252, 2.0: 30, 3.0: 14, 4.0: 2})
298
Convert a graph into a bidirected graph: 0.000 seconds
Metis partitioning: 0.000 seconds
Split the graph: 0.001 seconds
Construct subgraphs: 0.001 seconds
auxiliary_graph_no_diag dgl.metis_partition spent  0.0029821395874023438
18
18
17
16
18
18
17
18
total k batches seeds list generation spend  0.011633634567260742
after graph partition
graph partition algorithm spend time 0.022182941436767578
18
18
17
16
18
18
17
18
partition_len_list
[87, 104, 109, 67, 100, 61, 71, 68]
REG selection method  spend 0.022456645965576172
time for parepare:  5.91278076171875e-05
local_output_nid generation:  2.384185791015625e-06
local_in_edges_tensor generation:  0.00011014938354492188
mini_batch_src_global generation:  2.8133392333984375e-05
r_  generation:  5.698204040527344e-05
local_output_nid generation:  3.0994415283203125e-06
local_in_edges_tensor generation:  0.00010824203491210938
mini_batch_src_global generation:  2.0503997802734375e-05
r_  generation:  4.935264587402344e-05
local_output_nid generation:  2.6226043701171875e-06
local_in_edges_tensor generation:  0.00010228157043457031
mini_batch_src_global generation:  1.9788742065429688e-05
r_  generation:  5.030632019042969e-05
local_output_nid generation:  2.86102294921875e-06
local_in_edges_tensor generation:  0.0001010894775390625
mini_batch_src_global generation:  1.71661376953125e-05
r_  generation:  3.075599670410156e-05
local_output_nid generation:  3.0994415283203125e-06
local_in_edges_tensor generation:  9.965896606445312e-05
mini_batch_src_global generation:  1.8358230590820312e-05
r_  generation:  5.14984130859375e-05
local_output_nid generation:  2.6226043701171875e-06
local_in_edges_tensor generation:  9.894371032714844e-05
mini_batch_src_global generation:  1.71661376953125e-05
r_  generation:  3.4809112548828125e-05
local_output_nid generation:  2.86102294921875e-06
local_in_edges_tensor generation:  9.894371032714844e-05
mini_batch_src_global generation:  1.5974044799804688e-05
r_  generation:  3.266334533691406e-05
local_output_nid generation:  2.86102294921875e-06
local_in_edges_tensor generation:  9.751319885253906e-05
mini_batch_src_global generation:  1.5974044799804688e-05
r_  generation:  3.0517578125e-05
----------------------check_connections_block total spend ----------------------------- 0.0017452239990234375
generate_one_block  0.0019915103912353516
generate_one_block  0.0011990070343017578
generate_one_block  0.0010771751403808594
generate_one_block  0.0010471343994140625
generate_one_block  0.0010724067687988281
generate_one_block  0.0010526180267333984
generate_one_block  0.001050710678100586
generate_one_block  0.001093149185180664
The real block id is  3
get_global_graph_edges_ids_block function  spend 0.0005891323089599609
gen group dst list time:  7.152557373046875e-05
time for parepare:  0.0001857280731201172
local_output_nid generation:  1.1205673217773438e-05
local_in_edges_tensor generation:  0.00018739700317382812
mini_batch_src_global generation:  4.649162292480469e-05
r_  generation:  0.00023651123046875
local_output_nid generation:  1.0013580322265625e-05
local_in_edges_tensor generation:  0.00012946128845214844
mini_batch_src_global generation:  4.506111145019531e-05
r_  generation:  0.0002357959747314453
local_output_nid generation:  1.0251998901367188e-05
local_in_edges_tensor generation:  0.00012874603271484375
mini_batch_src_global generation:  3.743171691894531e-05
r_  generation:  0.0002357959747314453
local_output_nid generation:  6.9141387939453125e-06
local_in_edges_tensor generation:  0.00011897087097167969
mini_batch_src_global generation:  3.0279159545898438e-05
r_  generation:  0.0001327991485595703
local_output_nid generation:  1.049041748046875e-05
local_in_edges_tensor generation:  0.00011992454528808594
mini_batch_src_global generation:  3.409385681152344e-05
r_  generation:  0.00021958351135253906
local_output_nid generation:  6.67572021484375e-06
local_in_edges_tensor generation:  0.00011444091796875
mini_batch_src_global generation:  3.123283386230469e-05
r_  generation:  0.00014138221740722656
local_output_nid generation:  7.3909759521484375e-06
local_in_edges_tensor generation:  0.00011515617370605469
mini_batch_src_global generation:  2.8133392333984375e-05
r_  generation:  0.00014853477478027344
local_output_nid generation:  6.9141387939453125e-06
local_in_edges_tensor generation:  0.00011348724365234375
mini_batch_src_global generation:  2.5987625122070312e-05
r_  generation:  0.00012564659118652344
----------------------check_connections_block total spend ----------------------------- 0.003663778305053711
generate_one_block  0.001506805419921875
generate_one_block  0.0013113021850585938
generate_one_block  0.00130462646484375
generate_one_block  0.0011696815490722656
generate_one_block  0.0012676715850830078
generate_one_block  0.0011773109436035156
generate_one_block  0.0011811256408691406
generate_one_block  0.0011560916900634766
The real block id is  2
get_global_graph_edges_ids_block function  spend 0.0007729530334472656
gen group dst list time:  9.417533874511719e-05
time for parepare:  0.00020933151245117188
local_output_nid generation:  3.2901763916015625e-05
local_in_edges_tensor generation:  0.0002484321594238281
mini_batch_src_global generation:  7.176399230957031e-05
r_  generation:  0.0007050037384033203
local_output_nid generation:  3.933906555175781e-05
local_in_edges_tensor generation:  0.0001914501190185547
mini_batch_src_global generation:  8.320808410644531e-05
r_  generation:  0.0006401538848876953
local_output_nid generation:  3.3855438232421875e-05
local_in_edges_tensor generation:  0.00016617774963378906
mini_batch_src_global generation:  8.177757263183594e-05
r_  generation:  0.0006871223449707031
local_output_nid generation:  1.8596649169921875e-05
local_in_edges_tensor generation:  0.0001735687255859375
mini_batch_src_global generation:  6.699562072753906e-05
r_  generation:  0.000408172607421875
local_output_nid generation:  2.3603439331054688e-05
local_in_edges_tensor generation:  0.00015091896057128906
mini_batch_src_global generation:  6.222724914550781e-05
r_  generation:  0.0005261898040771484
local_output_nid generation:  2.1696090698242188e-05
local_in_edges_tensor generation:  0.00024008750915527344
mini_batch_src_global generation:  6.0558319091796875e-05
r_  generation:  0.0004596710205078125
local_output_nid generation:  3.504753112792969e-05
local_in_edges_tensor generation:  0.00016117095947265625
mini_batch_src_global generation:  5.507469177246094e-05
r_  generation:  0.0004165172576904297
local_output_nid generation:  1.7642974853515625e-05
local_in_edges_tensor generation:  0.00014090538024902344
mini_batch_src_global generation:  5.221366882324219e-05
r_  generation:  0.00038552284240722656
----------------------check_connections_block total spend ----------------------------- 0.00805807113647461
generate_one_block  0.0022416114807128906
generate_one_block  0.0017888545989990234
generate_one_block  0.0019097328186035156
generate_one_block  0.0015492439270019531
generate_one_block  0.001661539077758789
generate_one_block  0.0015590190887451172
generate_one_block  0.0014874935150146484
generate_one_block  0.0015330314636230469
The real block id is  1
get_global_graph_edges_ids_block function  spend 0.0008525848388671875
gen group dst list time:  0.00017547607421875
time for parepare:  0.00020623207092285156
local_output_nid generation:  6.771087646484375e-05
local_in_edges_tensor generation:  0.000347137451171875
mini_batch_src_global generation:  0.0002033710479736328
r_  generation:  0.0015366077423095703
local_output_nid generation:  7.486343383789062e-05
local_in_edges_tensor generation:  0.00022554397583007812
mini_batch_src_global generation:  0.00014543533325195312
r_  generation:  0.0012884140014648438
local_output_nid generation:  8.440017700195312e-05
local_in_edges_tensor generation:  0.00023698806762695312
mini_batch_src_global generation:  0.0001537799835205078
r_  generation:  0.0016791820526123047
local_output_nid generation:  5.459785461425781e-05
local_in_edges_tensor generation:  0.00019669532775878906
mini_batch_src_global generation:  0.00012159347534179688
r_  generation:  0.0010533332824707031
local_output_nid generation:  6.198883056640625e-05
local_in_edges_tensor generation:  0.00019860267639160156
mini_batch_src_global generation:  0.00011229515075683594
r_  generation:  0.001135110855102539
local_output_nid generation:  5.602836608886719e-05
local_in_edges_tensor generation:  0.00020074844360351562
mini_batch_src_global generation:  0.0001227855682373047
r_  generation:  0.0011985301971435547
local_output_nid generation:  5.078315734863281e-05
local_in_edges_tensor generation:  0.00019550323486328125
mini_batch_src_global generation:  0.00011467933654785156
r_  generation:  0.001081705093383789
local_output_nid generation:  6.413459777832031e-05
local_in_edges_tensor generation:  0.0001895427703857422
mini_batch_src_global generation:  0.00011110305786132812
r_  generation:  0.0010318756103515625
----------------------check_connections_block total spend ----------------------------- 0.016254901885986328
generate_one_block  0.0030670166015625
generate_one_block  0.0024068355560302734
generate_one_block  0.0027942657470703125
generate_one_block  0.002213716506958008
generate_one_block  0.0021851062774658203
generate_one_block  0.002246379852294922
generate_one_block  0.0023441314697265625
generate_one_block  0.002087116241455078
The real block id is  0
get_global_graph_edges_ids_block function  spend 0.0008547306060791016
gen group dst list time:  0.0002665519714355469
time for parepare:  0.00019025802612304688
local_output_nid generation:  0.00010967254638671875
local_in_edges_tensor generation:  0.00042438507080078125
mini_batch_src_global generation:  0.00023055076599121094
r_  generation:  0.002242565155029297
local_output_nid generation:  0.00011277198791503906
local_in_edges_tensor generation:  0.00028586387634277344
mini_batch_src_global generation:  0.00022459030151367188
r_  generation:  0.0019681453704833984
local_output_nid generation:  0.00012636184692382812
local_in_edges_tensor generation:  0.0003170967102050781
mini_batch_src_global generation:  0.00020432472229003906
r_  generation:  0.0023725032806396484
local_output_nid generation:  0.0001049041748046875
local_in_edges_tensor generation:  0.00026297569274902344
mini_batch_src_global generation:  0.0001735687255859375
r_  generation:  0.0018520355224609375
local_output_nid generation:  0.00010824203491210938
local_in_edges_tensor generation:  0.00026869773864746094
mini_batch_src_global generation:  0.00017523765563964844
r_  generation:  0.0019769668579101562
local_output_nid generation:  0.00010824203491210938
local_in_edges_tensor generation:  0.0002675056457519531
mini_batch_src_global generation:  0.00017595291137695312
r_  generation:  0.001909017562866211
local_output_nid generation:  0.00010347366333007812
local_in_edges_tensor generation:  0.0002880096435546875
mini_batch_src_global generation:  0.0001780986785888672
r_  generation:  0.0018994808197021484
local_output_nid generation:  0.0001010894775390625
local_in_edges_tensor generation:  0.0002484321594238281
mini_batch_src_global generation:  0.0001926422119140625
r_  generation:  0.0019631385803222656
----------------------check_connections_block total spend ----------------------------- 0.025255203247070312
generate_one_block  0.0035462379455566406
generate_one_block  0.003063678741455078
generate_one_block  0.003444194793701172
generate_one_block  0.0029420852661132812
generate_one_block  0.0031614303588867188
generate_one_block  0.003278970718383789
generate_one_block  0.0031044483184814453
generate_one_block  0.0031442642211914062
----------===============-------------===============-------------the number of batches *****---- 8

original number of batches:  8
re graph partition time:  0

-----------------------------------------after block dataloader generation 
 Nvidia-smi: 1.0428466796875 GB
    Memory Allocated: 0.0113525390625  GigaBytes
Max Memory Allocated: 0.0113525390625  GigaBytes

connection checking time:  0.0549771785736084
block generation total time  0.07841873168945312
average batch blocks generation time:  0.001960468292236328
block dataloader generation time/epoch 0.1760411262512207
pseudo mini batch 0 input nodes size: 2080
----------------------------------------before load block subtensor 
 Nvidia-smi: 1.0428466796875 GB
    Memory Allocated: 0.0113525390625  GigaBytes
Max Memory Allocated: 0.0113525390625  GigaBytes

----------------------------------------before batch input features to device
 Nvidia-smi: 1.0428466796875 GB
    Memory Allocated: 0.0113525390625  GigaBytes
Max Memory Allocated: 0.0113525390625  GigaBytes

----------------------------------------after batch input features to device
 Nvidia-smi: 1.0428466796875 GB
    Memory Allocated: 0.022456645965576172  GigaBytes
Max Memory Allocated: 0.022456645965576172  GigaBytes

----------------------------------------after  batch labels to device
 Nvidia-smi: 1.0428466796875 GB
    Memory Allocated: 0.022457122802734375  GigaBytes
Max Memory Allocated: 0.022457122802734375  GigaBytes

----------------------------------------after load block subtensor  
 Nvidia-smi: 1.0428466796875 GB
    Memory Allocated: 0.022457122802734375  GigaBytes
Max Memory Allocated: 0.022457122802734375  GigaBytes

----------------------------------------after blocks to device 
 Nvidia-smi: 1.1072998046875 GB
    Memory Allocated: 0.02256298065185547  GigaBytes
Max Memory Allocated: 0.02256298065185547  GigaBytes

----------------------------------------before batch_pred = model(blocks, batch_inputs) 
 Nvidia-smi: 1.1072998046875 GB
    Memory Allocated: 0.02256298065185547  GigaBytes
Max Memory Allocated: 0.02256298065185547  GigaBytes

first layer input nodes number: 2080
first layer output nodes number: 1610
edges number: 6560
----------------------------------------before model layer 0
 Nvidia-smi: 1.1072998046875 GB
    Memory Allocated: 0.022591114044189453  GigaBytes
Max Memory Allocated: 0.022615909576416016  GigaBytes

torch.Size([2080, 1433])
----------------------------------------before mean aggregator
 Nvidia-smi: 1.1072998046875 GB
    Memory Allocated: 0.022591114044189453  GigaBytes
Max Memory Allocated: 0.022615909576416016  GigaBytes

----------------------------------------after mean aggregator-------
 Nvidia-smi: 1.2967529296875 GB
    Memory Allocated: 0.03431272506713867  GigaBytes
Max Memory Allocated: 0.039843082427978516  GigaBytes

torch.Size([1610, 512])
torch.Size([1610, 512])
----------------------------------------after rst
 Nvidia-smi: 1.3162841796875 GB
    Memory Allocated: 0.0373835563659668  GigaBytes
Max Memory Allocated: 0.04045438766479492  GigaBytes

----------------------------------------after model layer 0 x = layer(block, x)
 Nvidia-smi: 1.3162841796875 GB
    Memory Allocated: 0.03431272506713867  GigaBytes
Max Memory Allocated: 0.04045438766479492  GigaBytes

torch.Size([1610, 512])
----------------------------------------after model layer 0 x = self.activation(x)
 Nvidia-smi: 1.3162841796875 GB
    Memory Allocated: 0.0373835563659668  GigaBytes
Max Memory Allocated: 0.04045438766479492  GigaBytes

----------------------------------------after model layer 0 x = self.dropout(x)
 Nvidia-smi: 1.3162841796875 GB
    Memory Allocated: 0.03815126419067383  GigaBytes
Max Memory Allocated: 0.04122209548950195  GigaBytes

input nodes number: 1610
output nodes number: 934
edges number: 4394
----------------------------------------before model layer 1
 Nvidia-smi: 1.3162841796875 GB
    Memory Allocated: 0.038170814514160156  GigaBytes
Max Memory Allocated: 0.04122209548950195  GigaBytes

torch.Size([1610, 512])
----------------------------------------before mean aggregator
 Nvidia-smi: 1.3162841796875 GB
    Memory Allocated: 0.038170814514160156  GigaBytes
Max Memory Allocated: 0.04122209548950195  GigaBytes

----------------------------------------after mean aggregator-------
 Nvidia-smi: 1.3162841796875 GB
    Memory Allocated: 0.04300642013549805  GigaBytes
Max Memory Allocated: 0.04300642013549805  GigaBytes

torch.Size([934, 512])
torch.Size([934, 512])
----------------------------------------after rst
 Nvidia-smi: 1.3162841796875 GB
    Memory Allocated: 0.04478788375854492  GigaBytes
Max Memory Allocated: 0.0465693473815918  GigaBytes

----------------------------------------after model layer 1 x = layer(block, x)
 Nvidia-smi: 1.3162841796875 GB
    Memory Allocated: 0.04244661331176758  GigaBytes
Max Memory Allocated: 0.0465693473815918  GigaBytes

torch.Size([934, 512])
----------------------------------------after model layer 1 x = self.activation(x)
 Nvidia-smi: 1.3162841796875 GB
    Memory Allocated: 0.04478788375854492  GigaBytes
Max Memory Allocated: 0.0465693473815918  GigaBytes

----------------------------------------after model layer 1 x = self.dropout(x)
 Nvidia-smi: 1.3162841796875 GB
    Memory Allocated: 0.04467344284057617  GigaBytes
Max Memory Allocated: 0.047014713287353516  GigaBytes

input nodes number: 934
output nodes number: 428
edges number: 2098
----------------------------------------before model layer 2
 Nvidia-smi: 1.3162841796875 GB
    Memory Allocated: 0.04468393325805664  GigaBytes
Max Memory Allocated: 0.047014713287353516  GigaBytes

torch.Size([934, 512])
----------------------------------------before mean aggregator
 Nvidia-smi: 1.3162841796875 GB
    Memory Allocated: 0.04468393325805664  GigaBytes
Max Memory Allocated: 0.047014713287353516  GigaBytes

----------------------------------------after mean aggregator-------
 Nvidia-smi: 1.3182373046875 GB
    Memory Allocated: 0.04633665084838867  GigaBytes
Max Memory Allocated: 0.047014713287353516  GigaBytes

torch.Size([428, 512])
torch.Size([428, 512])
----------------------------------------after rst
 Nvidia-smi: 1.3201904296875 GB
    Memory Allocated: 0.04715299606323242  GigaBytes
Max Memory Allocated: 0.04796934127807617  GigaBytes

----------------------------------------after model layer 2 x = layer(block, x)
 Nvidia-smi: 1.3201904296875 GB
    Memory Allocated: 0.04633665084838867  GigaBytes
Max Memory Allocated: 0.04796934127807617  GigaBytes

torch.Size([428, 512])
----------------------------------------after model layer 2 x = self.activation(x)
 Nvidia-smi: 1.3201904296875 GB
    Memory Allocated: 0.04715299606323242  GigaBytes
Max Memory Allocated: 0.04796934127807617  GigaBytes

----------------------------------------after model layer 2 x = self.dropout(x)
 Nvidia-smi: 1.3201904296875 GB
    Memory Allocated: 0.04735708236694336  GigaBytes
Max Memory Allocated: 0.04817342758178711  GigaBytes

input nodes number: 428
output nodes number: 87
edges number: 654
----------------------------------------before model layer 3
 Nvidia-smi: 1.3201904296875 GB
    Memory Allocated: 0.04736137390136719  GigaBytes
Max Memory Allocated: 0.04817342758178711  GigaBytes

torch.Size([428, 512])
----------------------------------------before mean aggregator
 Nvidia-smi: 1.3201904296875 GB
    Memory Allocated: 0.04736137390136719  GigaBytes
Max Memory Allocated: 0.04817342758178711  GigaBytes

----------------------------------------after mean aggregator-------
 Nvidia-smi: 1.3201904296875 GB
    Memory Allocated: 0.047699928283691406  GigaBytes
Max Memory Allocated: 0.04817342758178711  GigaBytes

torch.Size([87, 512])
torch.Size([87, 512])
----------------------------------------after rst
 Nvidia-smi: 1.3201904296875 GB
    Memory Allocated: 0.047865867614746094  GigaBytes
Max Memory Allocated: 0.04817342758178711  GigaBytes

----------------------------------------after model layer 3 x = layer(block, x)
 Nvidia-smi: 1.3201904296875 GB
    Memory Allocated: 0.047699928283691406  GigaBytes
Max Memory Allocated: 0.04817342758178711  GigaBytes

torch.Size([87, 512])
----------------------------------------after model layer 3 x = self.activation(x)
 Nvidia-smi: 1.3201904296875 GB
    Memory Allocated: 0.047865867614746094  GigaBytes
Max Memory Allocated: 0.04817342758178711  GigaBytes

----------------------------------------after model layer 3 x = self.dropout(x)
 Nvidia-smi: 1.3201904296875 GB
    Memory Allocated: 0.047907352447509766  GigaBytes
Max Memory Allocated: 0.04817342758178711  GigaBytes

----------------input nodes number: 87
----------------output nodes number: 18
----------------edges number: 89
----------------------------------------before mean aggregator
 Nvidia-smi: 1.3201904296875 GB
    Memory Allocated: 0.047908782958984375  GigaBytes
Max Memory Allocated: 0.04817342758178711  GigaBytes

----------------------------------------after mean aggregator-------
 Nvidia-smi: 1.3201904296875 GB
    Memory Allocated: 0.047945499420166016  GigaBytes
Max Memory Allocated: 0.04817342758178711  GigaBytes

torch.Size([18, 7])
torch.Size([18, 7])
----------------------------------------after rst
 Nvidia-smi: 1.3201904296875 GB
    Memory Allocated: 0.04794597625732422  GigaBytes
Max Memory Allocated: 0.04817342758178711  GigaBytes

----------------------------------------end of model layers  after x = self.layers[-1](blocks[-1], x)
 Nvidia-smi: 1.3201904296875 GB
    Memory Allocated: 0.047945499420166016  GigaBytes
Max Memory Allocated: 0.04817342758178711  GigaBytes

torch.Size([18, 7])
----------------------------------------- after batch_pred = model(blocks, batch_inputs) 
 Nvidia-smi: 1.3201904296875 GB
    Memory Allocated: 0.04794597625732422  GigaBytes
Max Memory Allocated: 0.04817342758178711  GigaBytes

-----------------------------------------after loss calculation
 Nvidia-smi: 1.3201904296875 GB
    Memory Allocated: 0.04794740676879883  GigaBytes
Max Memory Allocated: 0.04817342758178711  GigaBytes

-----------------------------------------after loss backward
 Nvidia-smi: 1.3280029296875 GB
    Memory Allocated: 0.03473329544067383  GigaBytes
Max Memory Allocated: 0.05280160903930664  GigaBytes

pseudo mini batch 1 input nodes size: 1871
----------------------------------------before load block subtensor 
 Nvidia-smi: 1.3280029296875 GB
    Memory Allocated: 0.03437614440917969  GigaBytes
Max Memory Allocated: 0.05280160903930664  GigaBytes

----------------------------------------before batch input features to device
 Nvidia-smi: 1.3280029296875 GB
    Memory Allocated: 0.03437614440917969  GigaBytes
Max Memory Allocated: 0.05280160903930664  GigaBytes

----------------------------------------after batch input features to device
 Nvidia-smi: 1.3280029296875 GB
    Memory Allocated: 0.04436445236206055  GigaBytes
Max Memory Allocated: 0.05280160903930664  GigaBytes

----------------------------------------after  batch labels to device
 Nvidia-smi: 1.3280029296875 GB
    Memory Allocated: 0.04436492919921875  GigaBytes
Max Memory Allocated: 0.05280160903930664  GigaBytes

----------------------------------------after load block subtensor  
 Nvidia-smi: 1.3280029296875 GB
    Memory Allocated: 0.033260345458984375  GigaBytes
Max Memory Allocated: 0.05280160903930664  GigaBytes

----------------------------------------after blocks to device 
 Nvidia-smi: 1.3280029296875 GB
    Memory Allocated: 0.033351898193359375  GigaBytes
Max Memory Allocated: 0.05280160903930664  GigaBytes

----------------------------------------before batch_pred = model(blocks, batch_inputs) 
 Nvidia-smi: 1.3280029296875 GB
    Memory Allocated: 0.033351898193359375  GigaBytes
Max Memory Allocated: 0.05280160903930664  GigaBytes

first layer input nodes number: 1871
first layer output nodes number: 1394
edges number: 5768
----------------------------------------before model layer 0
 Nvidia-smi: 1.3280029296875 GB
    Memory Allocated: 0.03337669372558594  GigaBytes
Max Memory Allocated: 0.05280160903930664  GigaBytes

torch.Size([1871, 1433])
----------------------------------------before mean aggregator
 Nvidia-smi: 1.3280029296875 GB
    Memory Allocated: 0.03337669372558594  GigaBytes
Max Memory Allocated: 0.05280160903930664  GigaBytes

----------------------------------------after mean aggregator-------
 Nvidia-smi: 1.3280029296875 GB
    Memory Allocated: 0.043526649475097656  GigaBytes
Max Memory Allocated: 0.05280160903930664  GigaBytes

torch.Size([1394, 512])
torch.Size([1394, 512])
----------------------------------------after rst
 Nvidia-smi: 1.3280029296875 GB
    Memory Allocated: 0.04618549346923828  GigaBytes
Max Memory Allocated: 0.05280160903930664  GigaBytes

----------------------------------------after model layer 0 x = layer(block, x)
 Nvidia-smi: 1.3280029296875 GB
    Memory Allocated: 0.043526649475097656  GigaBytes
Max Memory Allocated: 0.05280160903930664  GigaBytes

torch.Size([1394, 512])
----------------------------------------after model layer 0 x = self.activation(x)
 Nvidia-smi: 1.3280029296875 GB
    Memory Allocated: 0.04618549346923828  GigaBytes
Max Memory Allocated: 0.05280160903930664  GigaBytes

----------------------------------------after model layer 0 x = self.dropout(x)
 Nvidia-smi: 1.3280029296875 GB
    Memory Allocated: 0.04685020446777344  GigaBytes
Max Memory Allocated: 0.05280160903930664  GigaBytes

input nodes number: 1394
output nodes number: 779
edges number: 3804
----------------------------------------before model layer 1
 Nvidia-smi: 1.3280029296875 GB
    Memory Allocated: 0.04686689376831055  GigaBytes
Max Memory Allocated: 0.05280160903930664  GigaBytes

torch.Size([1394, 512])
----------------------------------------before mean aggregator
 Nvidia-smi: 1.3280029296875 GB
    Memory Allocated: 0.04686689376831055  GigaBytes
Max Memory Allocated: 0.05280160903930664  GigaBytes

----------------------------------------after mean aggregator-------
 Nvidia-smi: 1.3280029296875 GB
    Memory Allocated: 0.04987382888793945  GigaBytes
Max Memory Allocated: 0.05280160903930664  GigaBytes

torch.Size([779, 512])
torch.Size([779, 512])
----------------------------------------after rst
 Nvidia-smi: 1.3280029296875 GB
    Memory Allocated: 0.05135965347290039  GigaBytes
Max Memory Allocated: 0.05284547805786133  GigaBytes

----------------------------------------after model layer 1 x = layer(block, x)
 Nvidia-smi: 1.3280029296875 GB
    Memory Allocated: 0.04987382888793945  GigaBytes
Max Memory Allocated: 0.05284547805786133  GigaBytes

torch.Size([779, 512])
----------------------------------------after model layer 1 x = self.activation(x)
 Nvidia-smi: 1.3280029296875 GB
    Memory Allocated: 0.05135965347290039  GigaBytes
Max Memory Allocated: 0.05284547805786133  GigaBytes

----------------------------------------after model layer 1 x = self.dropout(x)
 Nvidia-smi: 1.3280029296875 GB
    Memory Allocated: 0.051731109619140625  GigaBytes
Max Memory Allocated: 0.05321693420410156  GigaBytes

input nodes number: 779
output nodes number: 338
edges number: 1771
----------------------------------------before model layer 2
 Nvidia-smi: 1.3280029296875 GB
    Memory Allocated: 0.051740169525146484  GigaBytes
Max Memory Allocated: 0.05321693420410156  GigaBytes

torch.Size([779, 512])
----------------------------------------before mean aggregator
 Nvidia-smi: 1.3280029296875 GB
    Memory Allocated: 0.051740169525146484  GigaBytes
Max Memory Allocated: 0.05321693420410156  GigaBytes

----------------------------------------after mean aggregator-------
 Nvidia-smi: 1.3280029296875 GB
    Memory Allocated: 0.05304574966430664  GigaBytes
Max Memory Allocated: 0.05321693420410156  GigaBytes

torch.Size([338, 512])
torch.Size([338, 512])
----------------------------------------after rst
 Nvidia-smi: 1.3299560546875 GB
    Memory Allocated: 0.053690433502197266  GigaBytes
Max Memory Allocated: 0.05433511734008789  GigaBytes

----------------------------------------after model layer 2 x = layer(block, x)
 Nvidia-smi: 1.3299560546875 GB
    Memory Allocated: 0.05304574966430664  GigaBytes
Max Memory Allocated: 0.05433511734008789  GigaBytes

torch.Size([338, 512])
----------------------------------------after model layer 2 x = self.activation(x)
 Nvidia-smi: 1.3299560546875 GB
    Memory Allocated: 0.053690433502197266  GigaBytes
Max Memory Allocated: 0.05433511734008789  GigaBytes

----------------------------------------after model layer 2 x = self.dropout(x)
 Nvidia-smi: 1.3299560546875 GB
    Memory Allocated: 0.05385160446166992  GigaBytes
Max Memory Allocated: 0.05449628829956055  GigaBytes

input nodes number: 338
output nodes number: 104
edges number: 636
----------------------------------------before model layer 3
 Nvidia-smi: 1.3299560546875 GB
    Memory Allocated: 0.05385541915893555  GigaBytes
Max Memory Allocated: 0.05449628829956055  GigaBytes

torch.Size([338, 512])
----------------------------------------before mean aggregator
 Nvidia-smi: 1.3299560546875 GB
    Memory Allocated: 0.05385541915893555  GigaBytes
Max Memory Allocated: 0.05449628829956055  GigaBytes

----------------------------------------after mean aggregator-------
 Nvidia-smi: 1.3299560546875 GB
    Memory Allocated: 0.054257869720458984  GigaBytes
Max Memory Allocated: 0.05449628829956055  GigaBytes

torch.Size([104, 512])
torch.Size([104, 512])
----------------------------------------after rst
 Nvidia-smi: 1.3299560546875 GB
    Memory Allocated: 0.054456233978271484  GigaBytes
Max Memory Allocated: 0.054654598236083984  GigaBytes

----------------------------------------after model layer 3 x = layer(block, x)
 Nvidia-smi: 1.3299560546875 GB
    Memory Allocated: 0.054257869720458984  GigaBytes
Max Memory Allocated: 0.054654598236083984  GigaBytes

torch.Size([104, 512])
----------------------------------------after model layer 3 x = self.activation(x)
 Nvidia-smi: 1.3299560546875 GB
    Memory Allocated: 0.054456233978271484  GigaBytes
Max Memory Allocated: 0.054654598236083984  GigaBytes

----------------------------------------after model layer 3 x = self.dropout(x)
 Nvidia-smi: 1.3299560546875 GB
    Memory Allocated: 0.05450582504272461  GigaBytes
Max Memory Allocated: 0.05470418930053711  GigaBytes

----------------input nodes number: 104
----------------output nodes number: 18
----------------edges number: 104
----------------------------------------before mean aggregator
 Nvidia-smi: 1.3299560546875 GB
    Memory Allocated: 0.05450725555419922  GigaBytes
Max Memory Allocated: 0.05470418930053711  GigaBytes

----------------------------------------after mean aggregator-------
 Nvidia-smi: 1.3299560546875 GB
    Memory Allocated: 0.05454397201538086  GigaBytes
Max Memory Allocated: 0.05470418930053711  GigaBytes

torch.Size([18, 7])
torch.Size([18, 7])
----------------------------------------after rst
 Nvidia-smi: 1.3299560546875 GB
    Memory Allocated: 0.05454444885253906  GigaBytes
Max Memory Allocated: 0.05470418930053711  GigaBytes

----------------------------------------end of model layers  after x = self.layers[-1](blocks[-1], x)
 Nvidia-smi: 1.3299560546875 GB
    Memory Allocated: 0.05454397201538086  GigaBytes
Max Memory Allocated: 0.05470418930053711  GigaBytes

torch.Size([18, 7])
----------------------------------------- after batch_pred = model(blocks, batch_inputs) 
 Nvidia-smi: 1.3299560546875 GB
    Memory Allocated: 0.05454397201538086  GigaBytes
Max Memory Allocated: 0.05470418930053711  GigaBytes

-----------------------------------------after loss calculation
 Nvidia-smi: 1.3299560546875 GB
    Memory Allocated: 0.054544925689697266  GigaBytes
Max Memory Allocated: 0.05470418930053711  GigaBytes

-----------------------------------------after loss backward
 Nvidia-smi: 1.3319091796875 GB
    Memory Allocated: 0.033568382263183594  GigaBytes
Max Memory Allocated: 0.055437564849853516  GigaBytes

pseudo mini batch 2 input nodes size: 2145
----------------------------------------before load block subtensor 
 Nvidia-smi: 1.3319091796875 GB
    Memory Allocated: 0.033260345458984375  GigaBytes
Max Memory Allocated: 0.055437564849853516  GigaBytes

----------------------------------------before batch input features to device
 Nvidia-smi: 1.3319091796875 GB
    Memory Allocated: 0.033260345458984375  GigaBytes
Max Memory Allocated: 0.055437564849853516  GigaBytes

----------------------------------------after batch input features to device
 Nvidia-smi: 1.3319091796875 GB
    Memory Allocated: 0.04471111297607422  GigaBytes
Max Memory Allocated: 0.055437564849853516  GigaBytes

----------------------------------------after  batch labels to device
 Nvidia-smi: 1.3319091796875 GB
    Memory Allocated: 0.04471158981323242  GigaBytes
Max Memory Allocated: 0.055437564849853516  GigaBytes

----------------------------------------after load block subtensor  
 Nvidia-smi: 1.3319091796875 GB
    Memory Allocated: 0.03472280502319336  GigaBytes
Max Memory Allocated: 0.055437564849853516  GigaBytes

----------------------------------------after blocks to device 
 Nvidia-smi: 1.3319091796875 GB
    Memory Allocated: 0.034833431243896484  GigaBytes
Max Memory Allocated: 0.055437564849853516  GigaBytes

----------------------------------------before batch_pred = model(blocks, batch_inputs) 
 Nvidia-smi: 1.3319091796875 GB
    Memory Allocated: 0.034833431243896484  GigaBytes
Max Memory Allocated: 0.055437564849853516  GigaBytes

first layer input nodes number: 2145
first layer output nodes number: 1704
edges number: 6924
----------------------------------------before model layer 0
 Nvidia-smi: 1.3319091796875 GB
    Memory Allocated: 0.034862518310546875  GigaBytes
Max Memory Allocated: 0.055437564849853516  GigaBytes

torch.Size([2145, 1433])
----------------------------------------before mean aggregator
 Nvidia-smi: 1.3319091796875 GB
    Memory Allocated: 0.034862518310546875  GigaBytes
Max Memory Allocated: 0.055437564849853516  GigaBytes

----------------------------------------after mean aggregator-------
 Nvidia-smi: 1.3319091796875 GB
    Memory Allocated: 0.04726839065551758  GigaBytes
Max Memory Allocated: 0.055437564849853516  GigaBytes

torch.Size([1704, 512])
torch.Size([1704, 512])
----------------------------------------after rst
 Nvidia-smi: 1.3319091796875 GB
    Memory Allocated: 0.05051851272583008  GigaBytes
Max Memory Allocated: 0.055437564849853516  GigaBytes

----------------------------------------after model layer 0 x = layer(block, x)
 Nvidia-smi: 1.3319091796875 GB
    Memory Allocated: 0.04726839065551758  GigaBytes
Max Memory Allocated: 0.055437564849853516  GigaBytes

torch.Size([1704, 512])
----------------------------------------after model layer 0 x = self.activation(x)
 Nvidia-smi: 1.3319091796875 GB
    Memory Allocated: 0.05051851272583008  GigaBytes
Max Memory Allocated: 0.055437564849853516  GigaBytes

----------------------------------------after model layer 0 x = self.dropout(x)
 Nvidia-smi: 1.3319091796875 GB
    Memory Allocated: 0.0513310432434082  GigaBytes
Max Memory Allocated: 0.055437564849853516  GigaBytes

input nodes number: 1704
output nodes number: 1017
edges number: 4861
----------------------------------------before model layer 1
 Nvidia-smi: 1.3319091796875 GB
    Memory Allocated: 0.05135154724121094  GigaBytes
Max Memory Allocated: 0.055437564849853516  GigaBytes

torch.Size([1704, 512])
----------------------------------------before mean aggregator
 Nvidia-smi: 1.3319091796875 GB
    Memory Allocated: 0.05135154724121094  GigaBytes
Max Memory Allocated: 0.055437564849853516  GigaBytes

----------------------------------------after mean aggregator-------
 Nvidia-smi: 1.3319091796875 GB
    Memory Allocated: 0.055509090423583984  GigaBytes
Max Memory Allocated: 0.055509090423583984  GigaBytes

torch.Size([1017, 512])
torch.Size([1017, 512])
----------------------------------------after rst
 Nvidia-smi: 1.3319091796875 GB
    Memory Allocated: 0.05839967727661133  GigaBytes
Max Memory Allocated: 0.06033945083618164  GigaBytes

----------------------------------------after model layer 1 x = layer(block, x)
 Nvidia-smi: 1.3319091796875 GB
    Memory Allocated: 0.056459903717041016  GigaBytes
Max Memory Allocated: 0.06033945083618164  GigaBytes

torch.Size([1017, 512])
----------------------------------------after model layer 1 x = self.activation(x)
 Nvidia-smi: 1.3319091796875 GB
    Memory Allocated: 0.05839967727661133  GigaBytes
Max Memory Allocated: 0.06033945083618164  GigaBytes

----------------------------------------after model layer 1 x = self.dropout(x)
 Nvidia-smi: 1.3319091796875 GB
    Memory Allocated: 0.058884620666503906  GigaBytes
Max Memory Allocated: 0.06082439422607422  GigaBytes

input nodes number: 1017
output nodes number: 375
edges number: 2070
----------------------------------------before model layer 2
 Nvidia-smi: 1.3319091796875 GB
    Memory Allocated: 0.058895111083984375  GigaBytes
Max Memory Allocated: 0.06082439422607422  GigaBytes

torch.Size([1017, 512])
----------------------------------------before mean aggregator
 Nvidia-smi: 1.3319091796875 GB
    Memory Allocated: 0.058895111083984375  GigaBytes
Max Memory Allocated: 0.06082439422607422  GigaBytes

----------------------------------------after mean aggregator-------
 Nvidia-smi: 1.3319091796875 GB
    Memory Allocated: 0.060344696044921875  GigaBytes
Max Memory Allocated: 0.06082439422607422  GigaBytes

torch.Size([375, 512])
torch.Size([375, 512])
----------------------------------------after rst
 Nvidia-smi: 1.3319091796875 GB
    Memory Allocated: 0.06105995178222656  GigaBytes
Max Memory Allocated: 0.06177520751953125  GigaBytes

----------------------------------------after model layer 2 x = layer(block, x)
 Nvidia-smi: 1.3319091796875 GB
    Memory Allocated: 0.060344696044921875  GigaBytes
Max Memory Allocated: 0.06177520751953125  GigaBytes

torch.Size([375, 512])
----------------------------------------after model layer 2 x = self.activation(x)
 Nvidia-smi: 1.3319091796875 GB
    Memory Allocated: 0.06105995178222656  GigaBytes
Max Memory Allocated: 0.06177520751953125  GigaBytes

----------------------------------------after model layer 2 x = self.dropout(x)
 Nvidia-smi: 1.3319091796875 GB
    Memory Allocated: 0.061238765716552734  GigaBytes
Max Memory Allocated: 0.06195402145385742  GigaBytes

input nodes number: 375
output nodes number: 109
edges number: 638
----------------------------------------before model layer 3
 Nvidia-smi: 1.3319091796875 GB
    Memory Allocated: 0.06124258041381836  GigaBytes
Max Memory Allocated: 0.06195402145385742  GigaBytes

torch.Size([375, 512])
----------------------------------------before mean aggregator
 Nvidia-smi: 1.3319091796875 GB
    Memory Allocated: 0.06124258041381836  GigaBytes
Max Memory Allocated: 0.06195402145385742  GigaBytes

----------------------------------------after mean aggregator-------
 Nvidia-smi: 1.3319091796875 GB
    Memory Allocated: 0.06166410446166992  GigaBytes
Max Memory Allocated: 0.06195402145385742  GigaBytes

torch.Size([109, 512])
torch.Size([109, 512])
----------------------------------------after rst
 Nvidia-smi: 1.3319091796875 GB
    Memory Allocated: 0.061872005462646484  GigaBytes
Max Memory Allocated: 0.06207990646362305  GigaBytes

----------------------------------------after model layer 3 x = layer(block, x)
 Nvidia-smi: 1.3319091796875 GB
    Memory Allocated: 0.06166410446166992  GigaBytes
Max Memory Allocated: 0.06207990646362305  GigaBytes

torch.Size([109, 512])
----------------------------------------after model layer 3 x = self.activation(x)
 Nvidia-smi: 1.3319091796875 GB
    Memory Allocated: 0.061872005462646484  GigaBytes
Max Memory Allocated: 0.06207990646362305  GigaBytes

----------------------------------------after model layer 3 x = self.dropout(x)
 Nvidia-smi: 1.3319091796875 GB
    Memory Allocated: 0.061923980712890625  GigaBytes
Max Memory Allocated: 0.06213188171386719  GigaBytes

----------------input nodes number: 109
----------------output nodes number: 17
----------------edges number: 106
----------------------------------------before mean aggregator
 Nvidia-smi: 1.3319091796875 GB
    Memory Allocated: 0.061925411224365234  GigaBytes
Max Memory Allocated: 0.06213188171386719  GigaBytes

----------------------------------------after mean aggregator-------
 Nvidia-smi: 1.3319091796875 GB
    Memory Allocated: 0.06196022033691406  GigaBytes
Max Memory Allocated: 0.06213188171386719  GigaBytes

torch.Size([17, 7])
torch.Size([17, 7])
----------------------------------------after rst
 Nvidia-smi: 1.3319091796875 GB
    Memory Allocated: 0.061960697174072266  GigaBytes
Max Memory Allocated: 0.06213188171386719  GigaBytes

----------------------------------------end of model layers  after x = self.layers[-1](blocks[-1], x)
 Nvidia-smi: 1.3319091796875 GB
    Memory Allocated: 0.06196022033691406  GigaBytes
Max Memory Allocated: 0.06213188171386719  GigaBytes

torch.Size([17, 7])
----------------------------------------- after batch_pred = model(blocks, batch_inputs) 
 Nvidia-smi: 1.3319091796875 GB
    Memory Allocated: 0.06196022033691406  GigaBytes
Max Memory Allocated: 0.06213188171386719  GigaBytes

-----------------------------------------after loss calculation
 Nvidia-smi: 1.3319091796875 GB
    Memory Allocated: 0.06196117401123047  GigaBytes
Max Memory Allocated: 0.06213188171386719  GigaBytes

-----------------------------------------after loss backward
 Nvidia-smi: 1.3319091796875 GB
    Memory Allocated: 0.035092830657958984  GigaBytes
Max Memory Allocated: 0.06285333633422852  GigaBytes

pseudo mini batch 3 input nodes size: 1878
----------------------------------------before load block subtensor 
 Nvidia-smi: 1.3319091796875 GB
    Memory Allocated: 0.03472280502319336  GigaBytes
Max Memory Allocated: 0.06285333633422852  GigaBytes

----------------------------------------before batch input features to device
 Nvidia-smi: 1.3319091796875 GB
    Memory Allocated: 0.03472280502319336  GigaBytes
Max Memory Allocated: 0.06285333633422852  GigaBytes

----------------------------------------after batch input features to device
 Nvidia-smi: 1.3319091796875 GB
    Memory Allocated: 0.04474830627441406  GigaBytes
Max Memory Allocated: 0.06285333633422852  GigaBytes

----------------------------------------after  batch labels to device
 Nvidia-smi: 1.3319091796875 GB
    Memory Allocated: 0.044748783111572266  GigaBytes
Max Memory Allocated: 0.06285333633422852  GigaBytes

----------------------------------------after load block subtensor  
 Nvidia-smi: 1.3319091796875 GB
    Memory Allocated: 0.03329753875732422  GigaBytes
Max Memory Allocated: 0.06285333633422852  GigaBytes

----------------------------------------after blocks to device 
 Nvidia-smi: 1.3319091796875 GB
    Memory Allocated: 0.033374786376953125  GigaBytes
Max Memory Allocated: 0.06285333633422852  GigaBytes

----------------------------------------before batch_pred = model(blocks, batch_inputs) 
 Nvidia-smi: 1.3319091796875 GB
    Memory Allocated: 0.033374786376953125  GigaBytes
Max Memory Allocated: 0.06285333633422852  GigaBytes

first layer input nodes number: 1878
first layer output nodes number: 1279
edges number: 5421
----------------------------------------before model layer 0
 Nvidia-smi: 1.3319091796875 GB
    Memory Allocated: 0.03339862823486328  GigaBytes
Max Memory Allocated: 0.06285333633422852  GigaBytes

torch.Size([1878, 1433])
----------------------------------------before mean aggregator
 Nvidia-smi: 1.3319091796875 GB
    Memory Allocated: 0.03339862823486328  GigaBytes
Max Memory Allocated: 0.06285333633422852  GigaBytes

----------------------------------------after mean aggregator-------
 Nvidia-smi: 1.3319091796875 GB
    Memory Allocated: 0.04307699203491211  GigaBytes
Max Memory Allocated: 0.06285333633422852  GigaBytes

torch.Size([1279, 512])
torch.Size([1279, 512])
----------------------------------------after rst
 Nvidia-smi: 1.3319091796875 GB
    Memory Allocated: 0.0455164909362793  GigaBytes
Max Memory Allocated: 0.06285333633422852  GigaBytes

----------------------------------------after model layer 0 x = layer(block, x)
 Nvidia-smi: 1.3319091796875 GB
    Memory Allocated: 0.042711734771728516  GigaBytes
Max Memory Allocated: 0.06285333633422852  GigaBytes

torch.Size([1279, 512])
----------------------------------------after model layer 0 x = self.activation(x)
 Nvidia-smi: 1.3319091796875 GB
    Memory Allocated: 0.0451512336730957  GigaBytes
Max Memory Allocated: 0.06285333633422852  GigaBytes

----------------------------------------after model layer 0 x = self.dropout(x)
 Nvidia-smi: 1.3319091796875 GB
    Memory Allocated: 0.046126365661621094  GigaBytes
Max Memory Allocated: 0.06285333633422852  GigaBytes

input nodes number: 1279
output nodes number: 598
edges number: 3113
----------------------------------------before model layer 1
 Nvidia-smi: 1.3319091796875 GB
    Memory Allocated: 0.04614067077636719  GigaBytes
Max Memory Allocated: 0.06285333633422852  GigaBytes

torch.Size([1279, 512])
----------------------------------------before mean aggregator
 Nvidia-smi: 1.3319091796875 GB
    Memory Allocated: 0.04614067077636719  GigaBytes
Max Memory Allocated: 0.06285333633422852  GigaBytes

----------------------------------------after mean aggregator-------
 Nvidia-smi: 1.3319091796875 GB
    Memory Allocated: 0.04860877990722656  GigaBytes
Max Memory Allocated: 0.06285333633422852  GigaBytes

torch.Size([598, 512])
torch.Size([598, 512])
----------------------------------------after rst
 Nvidia-smi: 1.3319091796875 GB
    Memory Allocated: 0.04974937438964844  GigaBytes
Max Memory Allocated: 0.06285333633422852  GigaBytes

----------------------------------------after model layer 1 x = layer(block, x)
 Nvidia-smi: 1.3319091796875 GB
    Memory Allocated: 0.048450469970703125  GigaBytes
Max Memory Allocated: 0.06285333633422852  GigaBytes

torch.Size([598, 512])
----------------------------------------after model layer 1 x = self.activation(x)
 Nvidia-smi: 1.3319091796875 GB
    Memory Allocated: 0.04974937438964844  GigaBytes
Max Memory Allocated: 0.06285333633422852  GigaBytes

----------------------------------------after model layer 1 x = self.dropout(x)
 Nvidia-smi: 1.3319091796875 GB
    Memory Allocated: 0.050684452056884766  GigaBytes
Max Memory Allocated: 0.06285333633422852  GigaBytes

input nodes number: 598
output nodes number: 198
edges number: 1095
----------------------------------------before model layer 2
 Nvidia-smi: 1.3319091796875 GB
    Memory Allocated: 0.05069112777709961  GigaBytes
Max Memory Allocated: 0.06285333633422852  GigaBytes

torch.Size([598, 512])
----------------------------------------before mean aggregator
 Nvidia-smi: 1.3319091796875 GB
    Memory Allocated: 0.05069112777709961  GigaBytes
Max Memory Allocated: 0.06285333633422852  GigaBytes

----------------------------------------after mean aggregator-------
 Nvidia-smi: 1.3319091796875 GB
    Memory Allocated: 0.05145692825317383  GigaBytes
Max Memory Allocated: 0.06285333633422852  GigaBytes

torch.Size([198, 512])
torch.Size([198, 512])
----------------------------------------after rst
 Nvidia-smi: 1.3319091796875 GB
    Memory Allocated: 0.0518345832824707  GigaBytes
Max Memory Allocated: 0.06285333633422852  GigaBytes

----------------------------------------after model layer 2 x = layer(block, x)
 Nvidia-smi: 1.3319091796875 GB
    Memory Allocated: 0.05145692825317383  GigaBytes
Max Memory Allocated: 0.06285333633422852  GigaBytes

torch.Size([198, 512])
----------------------------------------after model layer 2 x = self.activation(x)
 Nvidia-smi: 1.3319091796875 GB
    Memory Allocated: 0.0518345832824707  GigaBytes
Max Memory Allocated: 0.06285333633422852  GigaBytes

----------------------------------------after model layer 2 x = self.dropout(x)
 Nvidia-smi: 1.3319091796875 GB
    Memory Allocated: 0.05192899703979492  GigaBytes
Max Memory Allocated: 0.06285333633422852  GigaBytes

input nodes number: 198
output nodes number: 67
edges number: 309
----------------------------------------before model layer 3
 Nvidia-smi: 1.3319091796875 GB
    Memory Allocated: 0.05193185806274414  GigaBytes
Max Memory Allocated: 0.06285333633422852  GigaBytes

torch.Size([198, 512])
----------------------------------------before mean aggregator
 Nvidia-smi: 1.3319091796875 GB
    Memory Allocated: 0.05193185806274414  GigaBytes
Max Memory Allocated: 0.06285333633422852  GigaBytes

----------------------------------------after mean aggregator-------
 Nvidia-smi: 1.3319091796875 GB
    Memory Allocated: 0.05219125747680664  GigaBytes
Max Memory Allocated: 0.06285333633422852  GigaBytes

torch.Size([67, 512])
torch.Size([67, 512])
----------------------------------------after rst
 Nvidia-smi: 1.3319091796875 GB
    Memory Allocated: 0.05231904983520508  GigaBytes
Max Memory Allocated: 0.06285333633422852  GigaBytes

----------------------------------------after model layer 3 x = layer(block, x)
 Nvidia-smi: 1.3319091796875 GB
    Memory Allocated: 0.05219125747680664  GigaBytes
Max Memory Allocated: 0.06285333633422852  GigaBytes

torch.Size([67, 512])
----------------------------------------after model layer 3 x = self.activation(x)
 Nvidia-smi: 1.3319091796875 GB
    Memory Allocated: 0.05231904983520508  GigaBytes
Max Memory Allocated: 0.06285333633422852  GigaBytes

----------------------------------------after model layer 3 x = self.dropout(x)
 Nvidia-smi: 1.3319091796875 GB
    Memory Allocated: 0.05235099792480469  GigaBytes
Max Memory Allocated: 0.06285333633422852  GigaBytes

----------------input nodes number: 67
----------------output nodes number: 16
----------------edges number: 52
----------------------------------------before mean aggregator
 Nvidia-smi: 1.3319091796875 GB
    Memory Allocated: 0.0523524284362793  GigaBytes
Max Memory Allocated: 0.06285333633422852  GigaBytes

----------------------------------------after mean aggregator-------
 Nvidia-smi: 1.3319091796875 GB
    Memory Allocated: 0.05238533020019531  GigaBytes
Max Memory Allocated: 0.06285333633422852  GigaBytes

torch.Size([16, 7])
torch.Size([16, 7])
----------------------------------------after rst
 Nvidia-smi: 1.3319091796875 GB
    Memory Allocated: 0.052385807037353516  GigaBytes
Max Memory Allocated: 0.06285333633422852  GigaBytes

----------------------------------------end of model layers  after x = self.layers[-1](blocks[-1], x)
 Nvidia-smi: 1.3319091796875 GB
    Memory Allocated: 0.05238533020019531  GigaBytes
Max Memory Allocated: 0.06285333633422852  GigaBytes

torch.Size([16, 7])
----------------------------------------- after batch_pred = model(blocks, batch_inputs) 
 Nvidia-smi: 1.3319091796875 GB
    Memory Allocated: 0.05238533020019531  GigaBytes
Max Memory Allocated: 0.06285333633422852  GigaBytes

-----------------------------------------after loss calculation
 Nvidia-smi: 1.3319091796875 GB
    Memory Allocated: 0.05238628387451172  GigaBytes
Max Memory Allocated: 0.06285333633422852  GigaBytes

-----------------------------------------after loss backward
 Nvidia-smi: 1.3319091796875 GB
    Memory Allocated: 0.033555030822753906  GigaBytes
Max Memory Allocated: 0.06285333633422852  GigaBytes

pseudo mini batch 4 input nodes size: 1974
----------------------------------------before load block subtensor 
 Nvidia-smi: 1.3319091796875 GB
    Memory Allocated: 0.03329753875732422  GigaBytes
Max Memory Allocated: 0.06285333633422852  GigaBytes

----------------------------------------before batch input features to device
 Nvidia-smi: 1.3319091796875 GB
    Memory Allocated: 0.03329753875732422  GigaBytes
Max Memory Allocated: 0.06285333633422852  GigaBytes

----------------------------------------after batch input features to device
 Nvidia-smi: 1.3319091796875 GB
    Memory Allocated: 0.04383563995361328  GigaBytes
Max Memory Allocated: 0.06285333633422852  GigaBytes

----------------------------------------after  batch labels to device
 Nvidia-smi: 1.3319091796875 GB
    Memory Allocated: 0.043836116790771484  GigaBytes
Max Memory Allocated: 0.06285333633422852  GigaBytes

----------------------------------------after load block subtensor  
 Nvidia-smi: 1.3319091796875 GB
    Memory Allocated: 0.03381013870239258  GigaBytes
Max Memory Allocated: 0.06285333633422852  GigaBytes

----------------------------------------after blocks to device 
 Nvidia-smi: 1.3319091796875 GB
    Memory Allocated: 0.03389692306518555  GigaBytes
Max Memory Allocated: 0.06285333633422852  GigaBytes

----------------------------------------before batch_pred = model(blocks, batch_inputs) 
 Nvidia-smi: 1.3319091796875 GB
    Memory Allocated: 0.03389692306518555  GigaBytes
Max Memory Allocated: 0.06285333633422852  GigaBytes

first layer input nodes number: 1974
first layer output nodes number: 1354
edges number: 5796
----------------------------------------before model layer 0
 Nvidia-smi: 1.3319091796875 GB
    Memory Allocated: 0.03392219543457031  GigaBytes
Max Memory Allocated: 0.06285333633422852  GigaBytes

torch.Size([1974, 1433])
----------------------------------------before mean aggregator
 Nvidia-smi: 1.3319091796875 GB
    Memory Allocated: 0.03392219543457031  GigaBytes
Max Memory Allocated: 0.06285333633422852  GigaBytes

----------------------------------------after mean aggregator-------
 Nvidia-smi: 1.3319091796875 GB
    Memory Allocated: 0.04378223419189453  GigaBytes
Max Memory Allocated: 0.06285333633422852  GigaBytes

torch.Size([1354, 512])
torch.Size([1354, 512])
----------------------------------------after rst
 Nvidia-smi: 1.3319091796875 GB
    Memory Allocated: 0.046364784240722656  GigaBytes
Max Memory Allocated: 0.06285333633422852  GigaBytes

----------------------------------------after model layer 0 x = layer(block, x)
 Nvidia-smi: 1.3319091796875 GB
    Memory Allocated: 0.04378223419189453  GigaBytes
Max Memory Allocated: 0.06285333633422852  GigaBytes

torch.Size([1354, 512])
----------------------------------------after model layer 0 x = self.activation(x)
 Nvidia-smi: 1.3319091796875 GB
    Memory Allocated: 0.046364784240722656  GigaBytes
Max Memory Allocated: 0.06285333633422852  GigaBytes

----------------------------------------after model layer 0 x = self.dropout(x)
 Nvidia-smi: 1.3319091796875 GB
    Memory Allocated: 0.04776763916015625  GigaBytes
Max Memory Allocated: 0.06285333633422852  GigaBytes

input nodes number: 1354
output nodes number: 678
edges number: 3332
----------------------------------------before model layer 1
 Nvidia-smi: 1.3319091796875 GB
    Memory Allocated: 0.04778337478637695  GigaBytes
Max Memory Allocated: 0.06285333633422852  GigaBytes

torch.Size([1354, 512])
----------------------------------------before mean aggregator
 Nvidia-smi: 1.3319091796875 GB
    Memory Allocated: 0.04778337478637695  GigaBytes
Max Memory Allocated: 0.06285333633422852  GigaBytes

----------------------------------------after mean aggregator-------
 Nvidia-smi: 1.3319091796875 GB
    Memory Allocated: 0.05040121078491211  GigaBytes
Max Memory Allocated: 0.06285333633422852  GigaBytes

torch.Size([678, 512])
torch.Size([678, 512])
----------------------------------------after rst
 Nvidia-smi: 1.3319091796875 GB
    Memory Allocated: 0.051694393157958984  GigaBytes
Max Memory Allocated: 0.06285333633422852  GigaBytes

----------------------------------------after model layer 1 x = layer(block, x)
 Nvidia-smi: 1.3319091796875 GB
    Memory Allocated: 0.05040121078491211  GigaBytes
Max Memory Allocated: 0.06285333633422852  GigaBytes

torch.Size([678, 512])
----------------------------------------after model layer 1 x = self.activation(x)
 Nvidia-smi: 1.3319091796875 GB
    Memory Allocated: 0.051694393157958984  GigaBytes
Max Memory Allocated: 0.06285333633422852  GigaBytes

----------------------------------------after model layer 1 x = self.dropout(x)
 Nvidia-smi: 1.3319091796875 GB
    Memory Allocated: 0.0520176887512207  GigaBytes
Max Memory Allocated: 0.06285333633422852  GigaBytes

input nodes number: 678
output nodes number: 250
edges number: 1513
----------------------------------------before model layer 2
 Nvidia-smi: 1.3319091796875 GB
    Memory Allocated: 0.05202484130859375  GigaBytes
Max Memory Allocated: 0.06285333633422852  GigaBytes

torch.Size([678, 512])
----------------------------------------before mean aggregator
 Nvidia-smi: 1.3319091796875 GB
    Memory Allocated: 0.05202484130859375  GigaBytes
Max Memory Allocated: 0.06285333633422852  GigaBytes

----------------------------------------after mean aggregator-------
 Nvidia-smi: 1.3319091796875 GB
    Memory Allocated: 0.05299186706542969  GigaBytes
Max Memory Allocated: 0.06285333633422852  GigaBytes

torch.Size([250, 512])
torch.Size([250, 512])
----------------------------------------after rst
 Nvidia-smi: 1.3319091796875 GB
    Memory Allocated: 0.05346870422363281  GigaBytes
Max Memory Allocated: 0.06285333633422852  GigaBytes

----------------------------------------after model layer 2 x = layer(block, x)
 Nvidia-smi: 1.3319091796875 GB
    Memory Allocated: 0.05299186706542969  GigaBytes
Max Memory Allocated: 0.06285333633422852  GigaBytes

torch.Size([250, 512])
----------------------------------------after model layer 2 x = self.activation(x)
 Nvidia-smi: 1.3319091796875 GB
    Memory Allocated: 0.05346870422363281  GigaBytes
Max Memory Allocated: 0.06285333633422852  GigaBytes

----------------------------------------after model layer 2 x = self.dropout(x)
 Nvidia-smi: 1.3319091796875 GB
    Memory Allocated: 0.053587913513183594  GigaBytes
Max Memory Allocated: 0.06285333633422852  GigaBytes

input nodes number: 250
output nodes number: 100
edges number: 629
----------------------------------------before model layer 3
 Nvidia-smi: 1.3319091796875 GB
    Memory Allocated: 0.05359077453613281  GigaBytes
Max Memory Allocated: 0.06285333633422852  GigaBytes

torch.Size([250, 512])
----------------------------------------before mean aggregator
 Nvidia-smi: 1.3319091796875 GB
    Memory Allocated: 0.05359077453613281  GigaBytes
Max Memory Allocated: 0.06285333633422852  GigaBytes

----------------------------------------after mean aggregator-------
 Nvidia-smi: 1.3319091796875 GB
    Memory Allocated: 0.05397796630859375  GigaBytes
Max Memory Allocated: 0.06285333633422852  GigaBytes

torch.Size([100, 512])
torch.Size([100, 512])
----------------------------------------after rst
 Nvidia-smi: 1.3319091796875 GB
    Memory Allocated: 0.054168701171875  GigaBytes
Max Memory Allocated: 0.06285333633422852  GigaBytes

----------------------------------------after model layer 3 x = layer(block, x)
 Nvidia-smi: 1.3319091796875 GB
    Memory Allocated: 0.05397796630859375  GigaBytes
Max Memory Allocated: 0.06285333633422852  GigaBytes

torch.Size([100, 512])
----------------------------------------after model layer 3 x = self.activation(x)
 Nvidia-smi: 1.3319091796875 GB
    Memory Allocated: 0.054168701171875  GigaBytes
Max Memory Allocated: 0.06285333633422852  GigaBytes

----------------------------------------after model layer 3 x = self.dropout(x)
 Nvidia-smi: 1.3319091796875 GB
    Memory Allocated: 0.05421638488769531  GigaBytes
Max Memory Allocated: 0.06285333633422852  GigaBytes

----------------input nodes number: 100
----------------output nodes number: 18
----------------edges number: 114
----------------------------------------before mean aggregator
 Nvidia-smi: 1.3319091796875 GB
    Memory Allocated: 0.05421781539916992  GigaBytes
Max Memory Allocated: 0.06285333633422852  GigaBytes

----------------------------------------after mean aggregator-------
 Nvidia-smi: 1.3319091796875 GB
    Memory Allocated: 0.05425453186035156  GigaBytes
Max Memory Allocated: 0.06285333633422852  GigaBytes

torch.Size([18, 7])
torch.Size([18, 7])
----------------------------------------after rst
 Nvidia-smi: 1.3319091796875 GB
    Memory Allocated: 0.054255008697509766  GigaBytes
Max Memory Allocated: 0.06285333633422852  GigaBytes

----------------------------------------end of model layers  after x = self.layers[-1](blocks[-1], x)
 Nvidia-smi: 1.3319091796875 GB
    Memory Allocated: 0.05425453186035156  GigaBytes
Max Memory Allocated: 0.06285333633422852  GigaBytes

torch.Size([18, 7])
----------------------------------------- after batch_pred = model(blocks, batch_inputs) 
 Nvidia-smi: 1.3319091796875 GB
    Memory Allocated: 0.05425453186035156  GigaBytes
Max Memory Allocated: 0.06285333633422852  GigaBytes

-----------------------------------------after loss calculation
 Nvidia-smi: 1.3319091796875 GB
    Memory Allocated: 0.05425548553466797  GigaBytes
Max Memory Allocated: 0.06285333633422852  GigaBytes

-----------------------------------------after loss backward
 Nvidia-smi: 1.3319091796875 GB
    Memory Allocated: 0.03409862518310547  GigaBytes
Max Memory Allocated: 0.06285333633422852  GigaBytes

pseudo mini batch 5 input nodes size: 1888
----------------------------------------before load block subtensor 
 Nvidia-smi: 1.3319091796875 GB
    Memory Allocated: 0.03381013870239258  GigaBytes
Max Memory Allocated: 0.06285333633422852  GigaBytes

----------------------------------------before batch input features to device
 Nvidia-smi: 1.3319091796875 GB
    Memory Allocated: 0.03381013870239258  GigaBytes
Max Memory Allocated: 0.06285333633422852  GigaBytes

----------------------------------------after batch input features to device
 Nvidia-smi: 1.3319091796875 GB
    Memory Allocated: 0.04388904571533203  GigaBytes
Max Memory Allocated: 0.06285333633422852  GigaBytes

----------------------------------------after  batch labels to device
 Nvidia-smi: 1.3319091796875 GB
    Memory Allocated: 0.043889522552490234  GigaBytes
Max Memory Allocated: 0.06285333633422852  GigaBytes

----------------------------------------after load block subtensor  
 Nvidia-smi: 1.3319091796875 GB
    Memory Allocated: 0.03335094451904297  GigaBytes
Max Memory Allocated: 0.06285333633422852  GigaBytes

----------------------------------------after blocks to device 
 Nvidia-smi: 1.3319091796875 GB
    Memory Allocated: 0.03343391418457031  GigaBytes
Max Memory Allocated: 0.06285333633422852  GigaBytes

----------------------------------------before batch_pred = model(blocks, batch_inputs) 
 Nvidia-smi: 1.3319091796875 GB
    Memory Allocated: 0.03343391418457031  GigaBytes
Max Memory Allocated: 0.06285333633422852  GigaBytes

first layer input nodes number: 1888
first layer output nodes number: 1351
edges number: 5636
----------------------------------------before model layer 0
 Nvidia-smi: 1.3319091796875 GB
    Memory Allocated: 0.033458709716796875  GigaBytes
Max Memory Allocated: 0.06285333633422852  GigaBytes

torch.Size([1888, 1433])
----------------------------------------before mean aggregator
 Nvidia-smi: 1.3319091796875 GB
    Memory Allocated: 0.033458709716796875  GigaBytes
Max Memory Allocated: 0.06285333633422852  GigaBytes

----------------------------------------after mean aggregator-------
 Nvidia-smi: 1.3319091796875 GB
    Memory Allocated: 0.043295860290527344  GigaBytes
Max Memory Allocated: 0.06285333633422852  GigaBytes

torch.Size([1351, 512])
torch.Size([1351, 512])
----------------------------------------after rst
 Nvidia-smi: 1.3319091796875 GB
    Memory Allocated: 0.04587268829345703  GigaBytes
Max Memory Allocated: 0.06285333633422852  GigaBytes

----------------------------------------after model layer 0 x = layer(block, x)
 Nvidia-smi: 1.3319091796875 GB
    Memory Allocated: 0.043295860290527344  GigaBytes
Max Memory Allocated: 0.06285333633422852  GigaBytes

torch.Size([1351, 512])
----------------------------------------after model layer 0 x = self.activation(x)
 Nvidia-smi: 1.3319091796875 GB
    Memory Allocated: 0.04587268829345703  GigaBytes
Max Memory Allocated: 0.06285333633422852  GigaBytes

----------------------------------------after model layer 0 x = self.dropout(x)
 Nvidia-smi: 1.3319091796875 GB
    Memory Allocated: 0.04651689529418945  GigaBytes
Max Memory Allocated: 0.06285333633422852  GigaBytes

input nodes number: 1351
output nodes number: 660
edges number: 3437
----------------------------------------before model layer 1
 Nvidia-smi: 1.3319091796875 GB
    Memory Allocated: 0.046532630920410156  GigaBytes
Max Memory Allocated: 0.06285333633422852  GigaBytes

torch.Size([1351, 512])
----------------------------------------before mean aggregator
 Nvidia-smi: 1.3319091796875 GB
    Memory Allocated: 0.046532630920410156  GigaBytes
Max Memory Allocated: 0.06285333633422852  GigaBytes

----------------------------------------after mean aggregator-------
 Nvidia-smi: 1.3319091796875 GB
    Memory Allocated: 0.0506587028503418  GigaBytes
Max Memory Allocated: 0.06285333633422852  GigaBytes

torch.Size([660, 512])
torch.Size([660, 512])
----------------------------------------after rst
 Nvidia-smi: 1.3319091796875 GB
    Memory Allocated: 0.051976680755615234  GigaBytes
Max Memory Allocated: 0.06285333633422852  GigaBytes

----------------------------------------after model layer 1 x = layer(block, x)
 Nvidia-smi: 1.3319091796875 GB
    Memory Allocated: 0.04994058609008789  GigaBytes
Max Memory Allocated: 0.06285333633422852  GigaBytes

torch.Size([660, 512])
----------------------------------------after model layer 1 x = self.activation(x)
 Nvidia-smi: 1.3319091796875 GB
    Memory Allocated: 0.05119943618774414  GigaBytes
Max Memory Allocated: 0.06285333633422852  GigaBytes

----------------------------------------after model layer 1 x = self.dropout(x)
 Nvidia-smi: 1.3319091796875 GB
    Memory Allocated: 0.0522913932800293  GigaBytes
Max Memory Allocated: 0.06285333633422852  GigaBytes

input nodes number: 660
output nodes number: 242
edges number: 1309
----------------------------------------before model layer 2
 Nvidia-smi: 1.3319091796875 GB
    Memory Allocated: 0.052298545837402344  GigaBytes
Max Memory Allocated: 0.06285333633422852  GigaBytes

torch.Size([660, 512])
----------------------------------------before mean aggregator
 Nvidia-smi: 1.3319091796875 GB
    Memory Allocated: 0.052298545837402344  GigaBytes
Max Memory Allocated: 0.06285333633422852  GigaBytes

----------------------------------------after mean aggregator-------
 Nvidia-smi: 1.3319091796875 GB
    Memory Allocated: 0.053234100341796875  GigaBytes
Max Memory Allocated: 0.06285333633422852  GigaBytes

torch.Size([242, 512])
torch.Size([242, 512])
----------------------------------------after rst
 Nvidia-smi: 1.3319091796875 GB
    Memory Allocated: 0.0536956787109375  GigaBytes
Max Memory Allocated: 0.06285333633422852  GigaBytes

----------------------------------------after model layer 2 x = layer(block, x)
 Nvidia-smi: 1.3319091796875 GB
    Memory Allocated: 0.053234100341796875  GigaBytes
Max Memory Allocated: 0.06285333633422852  GigaBytes

torch.Size([242, 512])
----------------------------------------after model layer 2 x = self.activation(x)
 Nvidia-smi: 1.3319091796875 GB
    Memory Allocated: 0.0536956787109375  GigaBytes
Max Memory Allocated: 0.06285333633422852  GigaBytes

----------------------------------------after model layer 2 x = self.dropout(x)
 Nvidia-smi: 1.3319091796875 GB
    Memory Allocated: 0.053811073303222656  GigaBytes
Max Memory Allocated: 0.06285333633422852  GigaBytes

input nodes number: 242
output nodes number: 61
edges number: 362
----------------------------------------before model layer 3
 Nvidia-smi: 1.3319091796875 GB
    Memory Allocated: 0.05381345748901367  GigaBytes
Max Memory Allocated: 0.06285333633422852  GigaBytes

torch.Size([242, 512])
----------------------------------------before mean aggregator
 Nvidia-smi: 1.3319091796875 GB
    Memory Allocated: 0.05381345748901367  GigaBytes
Max Memory Allocated: 0.06285333633422852  GigaBytes

----------------------------------------after mean aggregator-------
 Nvidia-smi: 1.3319091796875 GB
    Memory Allocated: 0.05404996871948242  GigaBytes
Max Memory Allocated: 0.06285333633422852  GigaBytes

torch.Size([61, 512])
torch.Size([61, 512])
----------------------------------------after rst
 Nvidia-smi: 1.3319091796875 GB
    Memory Allocated: 0.054166316986083984  GigaBytes
Max Memory Allocated: 0.06285333633422852  GigaBytes

----------------------------------------after model layer 3 x = layer(block, x)
 Nvidia-smi: 1.3319091796875 GB
    Memory Allocated: 0.05404996871948242  GigaBytes
Max Memory Allocated: 0.06285333633422852  GigaBytes

torch.Size([61, 512])
----------------------------------------after model layer 3 x = self.activation(x)
 Nvidia-smi: 1.3319091796875 GB
    Memory Allocated: 0.054166316986083984  GigaBytes
Max Memory Allocated: 0.06285333633422852  GigaBytes

----------------------------------------after model layer 3 x = self.dropout(x)
 Nvidia-smi: 1.3319091796875 GB
    Memory Allocated: 0.054195404052734375  GigaBytes
Max Memory Allocated: 0.06285333633422852  GigaBytes

----------------input nodes number: 61
----------------output nodes number: 18
----------------edges number: 61
----------------------------------------before mean aggregator
 Nvidia-smi: 1.3319091796875 GB
    Memory Allocated: 0.05419635772705078  GigaBytes
Max Memory Allocated: 0.06285333633422852  GigaBytes

----------------------------------------after mean aggregator-------
 Nvidia-smi: 1.3319091796875 GB
    Memory Allocated: 0.05423307418823242  GigaBytes
Max Memory Allocated: 0.06285333633422852  GigaBytes

torch.Size([18, 7])
torch.Size([18, 7])
----------------------------------------after rst
 Nvidia-smi: 1.3319091796875 GB
    Memory Allocated: 0.054233551025390625  GigaBytes
Max Memory Allocated: 0.06285333633422852  GigaBytes

----------------------------------------end of model layers  after x = self.layers[-1](blocks[-1], x)
 Nvidia-smi: 1.3319091796875 GB
    Memory Allocated: 0.05423307418823242  GigaBytes
Max Memory Allocated: 0.06285333633422852  GigaBytes

torch.Size([18, 7])
----------------------------------------- after batch_pred = model(blocks, batch_inputs) 
 Nvidia-smi: 1.3319091796875 GB
    Memory Allocated: 0.05423307418823242  GigaBytes
Max Memory Allocated: 0.06285333633422852  GigaBytes

-----------------------------------------after loss calculation
 Nvidia-smi: 1.3319091796875 GB
    Memory Allocated: 0.05423402786254883  GigaBytes
Max Memory Allocated: 0.06285333633422852  GigaBytes

-----------------------------------------after loss backward
 Nvidia-smi: 1.3319091796875 GB
    Memory Allocated: 0.03362751007080078  GigaBytes
Max Memory Allocated: 0.06285333633422852  GigaBytes

pseudo mini batch 6 input nodes size: 1933
----------------------------------------before load block subtensor 
 Nvidia-smi: 1.3319091796875 GB
    Memory Allocated: 0.03335094451904297  GigaBytes
Max Memory Allocated: 0.06285333633422852  GigaBytes

----------------------------------------before batch input features to device
 Nvidia-smi: 1.3319091796875 GB
    Memory Allocated: 0.03335094451904297  GigaBytes
Max Memory Allocated: 0.06285333633422852  GigaBytes

----------------------------------------after batch input features to device
 Nvidia-smi: 1.3319091796875 GB
    Memory Allocated: 0.0436701774597168  GigaBytes
Max Memory Allocated: 0.06285333633422852  GigaBytes

----------------------------------------after  batch labels to device
 Nvidia-smi: 1.3319091796875 GB
    Memory Allocated: 0.043670654296875  GigaBytes
Max Memory Allocated: 0.06285333633422852  GigaBytes

----------------------------------------after load block subtensor  
 Nvidia-smi: 1.3319091796875 GB
    Memory Allocated: 0.033591270446777344  GigaBytes
Max Memory Allocated: 0.06285333633422852  GigaBytes

----------------------------------------after blocks to device 
 Nvidia-smi: 1.3319091796875 GB
    Memory Allocated: 0.03367137908935547  GigaBytes
Max Memory Allocated: 0.06285333633422852  GigaBytes

----------------------------------------before batch_pred = model(blocks, batch_inputs) 
 Nvidia-smi: 1.3319091796875 GB
    Memory Allocated: 0.03367137908935547  GigaBytes
Max Memory Allocated: 0.06285333633422852  GigaBytes

first layer input nodes number: 1933
first layer output nodes number: 1320
edges number: 5710
----------------------------------------before model layer 0
 Nvidia-smi: 1.3319091796875 GB
    Memory Allocated: 0.03369617462158203  GigaBytes
Max Memory Allocated: 0.06285333633422852  GigaBytes

torch.Size([1933, 1433])
----------------------------------------before mean aggregator
 Nvidia-smi: 1.3319091796875 GB
    Memory Allocated: 0.03369617462158203  GigaBytes
Max Memory Allocated: 0.06285333633422852  GigaBytes

----------------------------------------after mean aggregator-------
 Nvidia-smi: 1.3319091796875 GB
    Memory Allocated: 0.04330873489379883  GigaBytes
Max Memory Allocated: 0.06285333633422852  GigaBytes

torch.Size([1320, 512])
torch.Size([1320, 512])
----------------------------------------after rst
 Nvidia-smi: 1.3319091796875 GB
    Memory Allocated: 0.04582643508911133  GigaBytes
Max Memory Allocated: 0.06285333633422852  GigaBytes

----------------------------------------after model layer 0 x = layer(block, x)
 Nvidia-smi: 1.3319091796875 GB
    Memory Allocated: 0.04330873489379883  GigaBytes
Max Memory Allocated: 0.06285333633422852  GigaBytes

torch.Size([1320, 512])
----------------------------------------after model layer 0 x = self.activation(x)
 Nvidia-smi: 1.3319091796875 GB
    Memory Allocated: 0.04582643508911133  GigaBytes
Max Memory Allocated: 0.06285333633422852  GigaBytes

----------------------------------------after model layer 0 x = self.dropout(x)
 Nvidia-smi: 1.3319091796875 GB
    Memory Allocated: 0.04645586013793945  GigaBytes
Max Memory Allocated: 0.06285333633422852  GigaBytes

input nodes number: 1320
output nodes number: 610
edges number: 3182
----------------------------------------before model layer 1
 Nvidia-smi: 1.3319091796875 GB
    Memory Allocated: 0.04647064208984375  GigaBytes
Max Memory Allocated: 0.06285333633422852  GigaBytes

torch.Size([1320, 512])
----------------------------------------before mean aggregator
 Nvidia-smi: 1.3319091796875 GB
    Memory Allocated: 0.04647064208984375  GigaBytes
Max Memory Allocated: 0.06285333633422852  GigaBytes

----------------------------------------after mean aggregator-------
 Nvidia-smi: 1.3319091796875 GB
    Memory Allocated: 0.04901695251464844  GigaBytes
Max Memory Allocated: 0.06285333633422852  GigaBytes

torch.Size([610, 512])
torch.Size([610, 512])
----------------------------------------after rst
 Nvidia-smi: 1.3319091796875 GB
    Memory Allocated: 0.05018043518066406  GigaBytes
Max Memory Allocated: 0.06285333633422852  GigaBytes

----------------------------------------after model layer 1 x = layer(block, x)
 Nvidia-smi: 1.3319091796875 GB
    Memory Allocated: 0.04901695251464844  GigaBytes
Max Memory Allocated: 0.06285333633422852  GigaBytes

torch.Size([610, 512])
----------------------------------------after model layer 1 x = self.activation(x)
 Nvidia-smi: 1.3319091796875 GB
    Memory Allocated: 0.05018043518066406  GigaBytes
Max Memory Allocated: 0.06285333633422852  GigaBytes

----------------------------------------after model layer 1 x = self.dropout(x)
 Nvidia-smi: 1.3319091796875 GB
    Memory Allocated: 0.05047130584716797  GigaBytes
Max Memory Allocated: 0.06285333633422852  GigaBytes

input nodes number: 610
output nodes number: 210
edges number: 1154
----------------------------------------before model layer 2
 Nvidia-smi: 1.3319091796875 GB
    Memory Allocated: 0.05047798156738281  GigaBytes
Max Memory Allocated: 0.06285333633422852  GigaBytes

torch.Size([610, 512])
----------------------------------------before mean aggregator
 Nvidia-smi: 1.3319091796875 GB
    Memory Allocated: 0.05047798156738281  GigaBytes
Max Memory Allocated: 0.06285333633422852  GigaBytes

----------------------------------------after mean aggregator-------
 Nvidia-smi: 1.3319091796875 GB
    Memory Allocated: 0.05129051208496094  GigaBytes
Max Memory Allocated: 0.06285333633422852  GigaBytes

torch.Size([210, 512])
torch.Size([210, 512])
----------------------------------------after rst
 Nvidia-smi: 1.3319091796875 GB
    Memory Allocated: 0.05169105529785156  GigaBytes
Max Memory Allocated: 0.06285333633422852  GigaBytes

----------------------------------------after model layer 2 x = layer(block, x)
 Nvidia-smi: 1.3319091796875 GB
    Memory Allocated: 0.05129051208496094  GigaBytes
Max Memory Allocated: 0.06285333633422852  GigaBytes

torch.Size([210, 512])
----------------------------------------after model layer 2 x = self.activation(x)
 Nvidia-smi: 1.3319091796875 GB
    Memory Allocated: 0.05169105529785156  GigaBytes
Max Memory Allocated: 0.06285333633422852  GigaBytes

----------------------------------------after model layer 2 x = self.dropout(x)
 Nvidia-smi: 1.3319091796875 GB
    Memory Allocated: 0.05179119110107422  GigaBytes
Max Memory Allocated: 0.06285333633422852  GigaBytes

input nodes number: 210
output nodes number: 71
edges number: 353
----------------------------------------before model layer 3
 Nvidia-smi: 1.3319091796875 GB
    Memory Allocated: 0.05179405212402344  GigaBytes
Max Memory Allocated: 0.06285333633422852  GigaBytes

torch.Size([210, 512])
----------------------------------------before mean aggregator
 Nvidia-smi: 1.3319091796875 GB
    Memory Allocated: 0.05179405212402344  GigaBytes
Max Memory Allocated: 0.06285333633422852  GigaBytes

----------------------------------------after mean aggregator-------
 Nvidia-smi: 1.3319091796875 GB
    Memory Allocated: 0.05206871032714844  GigaBytes
Max Memory Allocated: 0.06285333633422852  GigaBytes

torch.Size([71, 512])
torch.Size([71, 512])
----------------------------------------after rst
 Nvidia-smi: 1.3319091796875 GB
    Memory Allocated: 0.052204132080078125  GigaBytes
Max Memory Allocated: 0.06285333633422852  GigaBytes

----------------------------------------after model layer 3 x = layer(block, x)
 Nvidia-smi: 1.3319091796875 GB
    Memory Allocated: 0.05206871032714844  GigaBytes
Max Memory Allocated: 0.06285333633422852  GigaBytes

torch.Size([71, 512])
----------------------------------------after model layer 3 x = self.activation(x)
 Nvidia-smi: 1.3319091796875 GB
    Memory Allocated: 0.052204132080078125  GigaBytes
Max Memory Allocated: 0.06285333633422852  GigaBytes

----------------------------------------after model layer 3 x = self.dropout(x)
 Nvidia-smi: 1.3319091796875 GB
    Memory Allocated: 0.05223798751831055  GigaBytes
Max Memory Allocated: 0.06285333633422852  GigaBytes

----------------input nodes number: 71
----------------output nodes number: 17
----------------edges number: 60
----------------------------------------before mean aggregator
 Nvidia-smi: 1.3319091796875 GB
    Memory Allocated: 0.052239418029785156  GigaBytes
Max Memory Allocated: 0.06285333633422852  GigaBytes

----------------------------------------after mean aggregator-------
 Nvidia-smi: 1.3319091796875 GB
    Memory Allocated: 0.052274227142333984  GigaBytes
Max Memory Allocated: 0.06285333633422852  GigaBytes

torch.Size([17, 7])
torch.Size([17, 7])
----------------------------------------after rst
 Nvidia-smi: 1.3319091796875 GB
    Memory Allocated: 0.05227470397949219  GigaBytes
Max Memory Allocated: 0.06285333633422852  GigaBytes

----------------------------------------end of model layers  after x = self.layers[-1](blocks[-1], x)
 Nvidia-smi: 1.3319091796875 GB
    Memory Allocated: 0.052274227142333984  GigaBytes
Max Memory Allocated: 0.06285333633422852  GigaBytes

torch.Size([17, 7])
----------------------------------------- after batch_pred = model(blocks, batch_inputs) 
 Nvidia-smi: 1.3319091796875 GB
    Memory Allocated: 0.052274227142333984  GigaBytes
Max Memory Allocated: 0.06285333633422852  GigaBytes

-----------------------------------------after loss calculation
 Nvidia-smi: 1.3319091796875 GB
    Memory Allocated: 0.05227518081665039  GigaBytes
Max Memory Allocated: 0.06285333633422852  GigaBytes

-----------------------------------------after loss backward
 Nvidia-smi: 1.3319091796875 GB
    Memory Allocated: 0.03385782241821289  GigaBytes
Max Memory Allocated: 0.06285333633422852  GigaBytes

pseudo mini batch 7 input nodes size: 1927
----------------------------------------before load block subtensor 
 Nvidia-smi: 1.3319091796875 GB
    Memory Allocated: 0.033591270446777344  GigaBytes
Max Memory Allocated: 0.06285333633422852  GigaBytes

----------------------------------------before batch input features to device
 Nvidia-smi: 1.3319091796875 GB
    Memory Allocated: 0.033591270446777344  GigaBytes
Max Memory Allocated: 0.06285333633422852  GigaBytes

----------------------------------------after batch input features to device
 Nvidia-smi: 1.3319091796875 GB
    Memory Allocated: 0.044695377349853516  GigaBytes
Max Memory Allocated: 0.06285333633422852  GigaBytes

----------------------------------------after  batch labels to device
 Nvidia-smi: 1.3319091796875 GB
    Memory Allocated: 0.04469585418701172  GigaBytes
Max Memory Allocated: 0.06285333633422852  GigaBytes

----------------------------------------after load block subtensor  
 Nvidia-smi: 1.3319091796875 GB
    Memory Allocated: 0.03437614440917969  GigaBytes
Max Memory Allocated: 0.06285333633422852  GigaBytes

----------------------------------------after blocks to device 
 Nvidia-smi: 1.3319091796875 GB
    Memory Allocated: 0.034455299377441406  GigaBytes
Max Memory Allocated: 0.06285333633422852  GigaBytes

----------------------------------------before batch_pred = model(blocks, batch_inputs) 
 Nvidia-smi: 1.3319091796875 GB
    Memory Allocated: 0.034455299377441406  GigaBytes
Max Memory Allocated: 0.06285333633422852  GigaBytes

first layer input nodes number: 1927
first layer output nodes number: 1342
edges number: 5752
----------------------------------------before model layer 0
 Nvidia-smi: 1.3319091796875 GB
    Memory Allocated: 0.03448009490966797  GigaBytes
Max Memory Allocated: 0.06285333633422852  GigaBytes

torch.Size([1927, 1433])
----------------------------------------before mean aggregator
 Nvidia-smi: 1.3319091796875 GB
    Memory Allocated: 0.03448009490966797  GigaBytes
Max Memory Allocated: 0.06285333633422852  GigaBytes

----------------------------------------after mean aggregator-------
 Nvidia-smi: 1.3319091796875 GB
    Memory Allocated: 0.04425239562988281  GigaBytes
Max Memory Allocated: 0.06285333633422852  GigaBytes

torch.Size([1342, 512])
torch.Size([1342, 512])
----------------------------------------after rst
 Nvidia-smi: 1.3319091796875 GB
    Memory Allocated: 0.04681205749511719  GigaBytes
Max Memory Allocated: 0.06285333633422852  GigaBytes

----------------------------------------after model layer 0 x = layer(block, x)
 Nvidia-smi: 1.3319091796875 GB
    Memory Allocated: 0.04425239562988281  GigaBytes
Max Memory Allocated: 0.06285333633422852  GigaBytes

torch.Size([1342, 512])
----------------------------------------after model layer 0 x = self.activation(x)
 Nvidia-smi: 1.3319091796875 GB
    Memory Allocated: 0.04681205749511719  GigaBytes
Max Memory Allocated: 0.06285333633422852  GigaBytes

----------------------------------------after model layer 0 x = self.dropout(x)
 Nvidia-smi: 1.3319091796875 GB
    Memory Allocated: 0.04745197296142578  GigaBytes
Max Memory Allocated: 0.06285333633422852  GigaBytes

input nodes number: 1342
output nodes number: 594
edges number: 3137
----------------------------------------before model layer 1
 Nvidia-smi: 1.3319091796875 GB
    Memory Allocated: 0.04746675491333008  GigaBytes
Max Memory Allocated: 0.06285333633422852  GigaBytes

torch.Size([1342, 512])
----------------------------------------before mean aggregator
 Nvidia-smi: 1.3319091796875 GB
    Memory Allocated: 0.04746675491333008  GigaBytes
Max Memory Allocated: 0.06285333633422852  GigaBytes

----------------------------------------after mean aggregator-------
 Nvidia-smi: 1.3319091796875 GB
    Memory Allocated: 0.050673484802246094  GigaBytes
Max Memory Allocated: 0.06285333633422852  GigaBytes

torch.Size([594, 512])
torch.Size([594, 512])
----------------------------------------after rst
 Nvidia-smi: 1.3319091796875 GB
    Memory Allocated: 0.052100181579589844  GigaBytes
Max Memory Allocated: 0.06285333633422852  GigaBytes

----------------------------------------after model layer 1 x = layer(block, x)
 Nvidia-smi: 1.3319091796875 GB
    Memory Allocated: 0.05005502700805664  GigaBytes
Max Memory Allocated: 0.06285333633422852  GigaBytes

torch.Size([594, 512])
----------------------------------------after model layer 1 x = self.activation(x)
 Nvidia-smi: 1.3319091796875 GB
    Memory Allocated: 0.051187992095947266  GigaBytes
Max Memory Allocated: 0.06285333633422852  GigaBytes

----------------------------------------after model layer 1 x = self.dropout(x)
 Nvidia-smi: 1.3319091796875 GB
    Memory Allocated: 0.0523834228515625  GigaBytes
Max Memory Allocated: 0.06285333633422852  GigaBytes

input nodes number: 594
output nodes number: 183
edges number: 1034
----------------------------------------before model layer 2
 Nvidia-smi: 1.3319091796875 GB
    Memory Allocated: 0.05238962173461914  GigaBytes
Max Memory Allocated: 0.06285333633422852  GigaBytes

torch.Size([594, 512])
----------------------------------------before mean aggregator
 Nvidia-smi: 1.3319091796875 GB
    Memory Allocated: 0.05238962173461914  GigaBytes
Max Memory Allocated: 0.06285333633422852  GigaBytes

----------------------------------------after mean aggregator-------
 Nvidia-smi: 1.3319091796875 GB
    Memory Allocated: 0.053098201751708984  GigaBytes
Max Memory Allocated: 0.06285333633422852  GigaBytes

torch.Size([183, 512])
torch.Size([183, 512])
----------------------------------------after rst
 Nvidia-smi: 1.3319091796875 GB
    Memory Allocated: 0.05344724655151367  GigaBytes
Max Memory Allocated: 0.06285333633422852  GigaBytes

----------------------------------------after model layer 2 x = layer(block, x)
 Nvidia-smi: 1.3319091796875 GB
    Memory Allocated: 0.053098201751708984  GigaBytes
Max Memory Allocated: 0.06285333633422852  GigaBytes

torch.Size([183, 512])
----------------------------------------after model layer 2 x = self.activation(x)
 Nvidia-smi: 1.3319091796875 GB
    Memory Allocated: 0.05344724655151367  GigaBytes
Max Memory Allocated: 0.06285333633422852  GigaBytes

----------------------------------------after model layer 2 x = self.dropout(x)
 Nvidia-smi: 1.3319091796875 GB
    Memory Allocated: 0.053534507751464844  GigaBytes
Max Memory Allocated: 0.06285333633422852  GigaBytes

input nodes number: 183
output nodes number: 68
edges number: 285
----------------------------------------before model layer 3
 Nvidia-smi: 1.3319091796875 GB
    Memory Allocated: 0.05353689193725586  GigaBytes
Max Memory Allocated: 0.06285333633422852  GigaBytes

torch.Size([183, 512])
----------------------------------------before mean aggregator
 Nvidia-smi: 1.3319091796875 GB
    Memory Allocated: 0.05353689193725586  GigaBytes
Max Memory Allocated: 0.06285333633422852  GigaBytes

----------------------------------------after mean aggregator-------
 Nvidia-smi: 1.3319091796875 GB
    Memory Allocated: 0.053800106048583984  GigaBytes
Max Memory Allocated: 0.06285333633422852  GigaBytes

torch.Size([68, 512])
torch.Size([68, 512])
----------------------------------------after rst
 Nvidia-smi: 1.3319091796875 GB
    Memory Allocated: 0.053929805755615234  GigaBytes
Max Memory Allocated: 0.06285333633422852  GigaBytes

----------------------------------------after model layer 3 x = layer(block, x)
 Nvidia-smi: 1.3319091796875 GB
    Memory Allocated: 0.053800106048583984  GigaBytes
Max Memory Allocated: 0.06285333633422852  GigaBytes

torch.Size([68, 512])
----------------------------------------after model layer 3 x = self.activation(x)
 Nvidia-smi: 1.3319091796875 GB
    Memory Allocated: 0.053929805755615234  GigaBytes
Max Memory Allocated: 0.06285333633422852  GigaBytes

----------------------------------------after model layer 3 x = self.dropout(x)
 Nvidia-smi: 1.3319091796875 GB
    Memory Allocated: 0.05396223068237305  GigaBytes
Max Memory Allocated: 0.06285333633422852  GigaBytes

----------------input nodes number: 68
----------------output nodes number: 18
----------------edges number: 52
----------------------------------------before mean aggregator
 Nvidia-smi: 1.3319091796875 GB
    Memory Allocated: 0.053963661193847656  GigaBytes
Max Memory Allocated: 0.06285333633422852  GigaBytes

----------------------------------------after mean aggregator-------
 Nvidia-smi: 1.3319091796875 GB
    Memory Allocated: 0.0540003776550293  GigaBytes
Max Memory Allocated: 0.06285333633422852  GigaBytes

torch.Size([18, 7])
torch.Size([18, 7])
----------------------------------------after rst
 Nvidia-smi: 1.3319091796875 GB
    Memory Allocated: 0.0540008544921875  GigaBytes
Max Memory Allocated: 0.06285333633422852  GigaBytes

----------------------------------------end of model layers  after x = self.layers[-1](blocks[-1], x)
 Nvidia-smi: 1.3319091796875 GB
    Memory Allocated: 0.0540003776550293  GigaBytes
Max Memory Allocated: 0.06285333633422852  GigaBytes

torch.Size([18, 7])
----------------------------------------- after batch_pred = model(blocks, batch_inputs) 
 Nvidia-smi: 1.3319091796875 GB
    Memory Allocated: 0.0540003776550293  GigaBytes
Max Memory Allocated: 0.06285333633422852  GigaBytes

-----------------------------------------after loss calculation
 Nvidia-smi: 1.3319091796875 GB
    Memory Allocated: 0.0540013313293457  GigaBytes
Max Memory Allocated: 0.06285333633422852  GigaBytes

-----------------------------------------after loss backward
 Nvidia-smi: 1.3319091796875 GB
    Memory Allocated: 0.03463888168334961  GigaBytes
Max Memory Allocated: 0.06285333633422852  GigaBytes

-----------------------------------------after optimizer step
 Nvidia-smi: 1.3416748046875 GB
    Memory Allocated: 0.05734395980834961  GigaBytes
Max Memory Allocated: 0.06560468673706055  GigaBytes

-----------------------------------------after optimizer zero grad
 Nvidia-smi: 1.3416748046875 GB
    Memory Allocated: 0.05734395980834961  GigaBytes
Max Memory Allocated: 0.06560468673706055  GigaBytes

times | data loading | block to device | model prediction | loss calculation | loss backward |  optimizer step |
      |0.006573110818862915 |0.04462486505508423 |0.11551672220230103 |0.0001342296600341797 |0.0049499571323394775 |0.0061604976654052734 |
----------------------------------------------------------pseudo_mini_loss sum 1.9560296535491943
Total (block generation + training)time/epoch 1.5845398902893066
Training time/epoch 1.4081933498382568
Training time without block to device /epoch 1.051194429397583
Training time without total dataloading part /epoch 0.9709677696228027
load block tensor time/epoch 0.05258488655090332
block to device time/epoch 0.35699892044067383
input features size transfer per epoch 1.0728836059570312e-06
blocks size to device per epoch 9.5367431640625e-07
 Run 0| Epoch 0 |
Number of nodes for computation during this epoch:  35811
Number of first layer input nodes during this epoch:  15696
Number of first layer output nodes during this epoch:  11354
GraphSAGE(
  (layers): ModuleList(
    (0): SAGEConv(
      (fc_self): Linear(in_features=1433, out_features=512, bias=False)
      (fc_neigh): Linear(in_features=1433, out_features=512, bias=False)
    )
    (1): SAGEConv(
      (fc_self): Linear(in_features=512, out_features=512, bias=False)
      (fc_neigh): Linear(in_features=512, out_features=512, bias=False)
    )
    (2): SAGEConv(
      (fc_self): Linear(in_features=512, out_features=512, bias=False)
      (fc_neigh): Linear(in_features=512, out_features=512, bias=False)
    )
    (3): SAGEConv(
      (fc_self): Linear(in_features=512, out_features=512, bias=False)
      (fc_neigh): Linear(in_features=512, out_features=512, bias=False)
    )
    (4): SAGEConv(
      (fc_self): Linear(in_features=512, out_features=7, bias=False)
      (fc_neigh): Linear(in_features=512, out_features=7, bias=False)
    )
  )
  (dropout): Dropout(p=0.5, inplace=False)
)
total model parameters size  3047424
trainable parameters
layers.0.fc_self.weight, torch.Size([512, 1433])
layers.0.fc_neigh.weight, torch.Size([512, 1433])
layers.1.fc_self.weight, torch.Size([512, 512])
layers.1.fc_neigh.weight, torch.Size([512, 512])
layers.2.fc_self.weight, torch.Size([512, 512])
layers.2.fc_neigh.weight, torch.Size([512, 512])
layers.3.fc_self.weight, torch.Size([512, 512])
layers.3.fc_neigh.weight, torch.Size([512, 512])
layers.4.fc_self.weight, torch.Size([7, 512])
layers.4.fc_neigh.weight, torch.Size([7, 512])
----------------------------------------
un-trainable parameters
