main start at this time 1658363289.9611373
-----------------------------------------before load data 
 Nvidia-smi: 0.1717529296875 GB
    Memory Allocated: 0.0  GigaBytes
Max Memory Allocated: 0.0  GigaBytes

ogbn-arxiv
# Nodes: 169343
# Edges: 2315598
# Train: 90941
# Val: 29799
# Test: 48603
# Classes: 40

----------------------------------------start of run function 
 Nvidia-smi: 0.1717529296875 GB
    Memory Allocated: 0.0  GigaBytes
Max Memory Allocated: 0.0  GigaBytes

in feats:  128
----------------------------------------before model to device 
 Nvidia-smi: 0.1717529296875 GB
    Memory Allocated: 0.0  GigaBytes
Max Memory Allocated: 0.0  GigaBytes

----------------------------------------after model to device
 Nvidia-smi: 1.0174560546875 GB
    Memory Allocated: 3.814697265625e-05  GigaBytes
Max Memory Allocated: 3.814697265625e-05  GigaBytes

----------------------------------------before generate dataloader block 
 Nvidia-smi: 1.0174560546875 GB
    Memory Allocated: 3.814697265625e-05  GigaBytes
Max Memory Allocated: 3.814697265625e-05  GigaBytes

-----------------------------------------after block dataloader generation 
 Nvidia-smi: 1.0174560546875 GB
    Memory Allocated: 3.814697265625e-05  GigaBytes
Max Memory Allocated: 3.814697265625e-05  GigaBytes

connection checking time:  0
block generation total time  0
average batch blocks generation time:  0
block dataloader generation time/epoch 0.014439582824707031
pseudo mini batch 0 input nodes size: 133768
----------------------------------------before load block subtensor 
 Nvidia-smi: 1.0174560546875 GB
    Memory Allocated: 3.814697265625e-05  GigaBytes
Max Memory Allocated: 3.814697265625e-05  GigaBytes

----------------------------------------before batch input features to device
 Nvidia-smi: 1.0174560546875 GB
    Memory Allocated: 3.814697265625e-05  GigaBytes
Max Memory Allocated: 3.814697265625e-05  GigaBytes

----------------------------------------after batch input features to device
 Nvidia-smi: 1.0819091796875 GB
    Memory Allocated: 0.06449127197265625  GigaBytes
Max Memory Allocated: 0.06449127197265625  GigaBytes

----------------------------------------after  batch labels to device
 Nvidia-smi: 1.0819091796875 GB
    Memory Allocated: 0.06516885757446289  GigaBytes
Max Memory Allocated: 0.06516885757446289  GigaBytes

----------------------------------------after load block subtensor  
 Nvidia-smi: 1.0819091796875 GB
    Memory Allocated: 0.06516885757446289  GigaBytes
Max Memory Allocated: 0.06516885757446289  GigaBytes

----------------------------------------after blocks to device 
 Nvidia-smi: 1.1658935546875 GB
    Memory Allocated: 0.0677027702331543  GigaBytes
Max Memory Allocated: 0.0677027702331543  GigaBytes

----------------------------------------before batch_pred = model(blocks, batch_inputs) 
 Nvidia-smi: 1.1658935546875 GB
    Memory Allocated: 0.0677027702331543  GigaBytes
Max Memory Allocated: 0.0677027702331543  GigaBytes

----------------input nodes number: 133768
----------------output nodes number: 90941
----------------edges number: 340001
----------------------------------------before mean aggregator
 Nvidia-smi: 1.1658935546875 GB
    Memory Allocated: 0.06937742233276367  GigaBytes
Max Memory Allocated: 0.07064437866210938  GigaBytes

----------------------------------------graph.srcdata['h'] =  feat_src-------
 Nvidia-smi: 1.1658935546875 GB
    Memory Allocated: 0.06937742233276367  GigaBytes
Max Memory Allocated: 0.07064437866210938  GigaBytes

----------------------------------------graph.update_all(msg_fn, fn.mean('m', 'neigh'))-------
 Nvidia-smi: 1.4686279296875 GB
    Memory Allocated: 0.1159052848815918  GigaBytes
Max Memory Allocated: 0.1596083641052246  GigaBytes

----------------------------------------h_neigh = graph.dstdata['neigh']-------
 Nvidia-smi: 1.4686279296875 GB
    Memory Allocated: 0.1159052848815918  GigaBytes
Max Memory Allocated: 0.1596083641052246  GigaBytes

----------------------------------------after mean aggregator-------h_neigh = self.fc_neigh(h_neigh)-
 Nvidia-smi: 1.4686279296875 GB
    Memory Allocated: 0.1294569969177246  GigaBytes
Max Memory Allocated: 0.1596083641052246  GigaBytes

h_neigh size torch.Size([90941, 40])
h_self size  torch.Size([90941, 128])
----------------------------------------before rst
 Nvidia-smi: 1.4686279296875 GB
    Memory Allocated: 0.1294569969177246  GigaBytes
Max Memory Allocated: 0.1596083641052246  GigaBytes

torch.Size([90941, 40])
----------------------------------------after rst (rst = self.fc_self(h_self) + h_neigh)
 Nvidia-smi: 1.4686279296875 GB
    Memory Allocated: 0.14300870895385742  GigaBytes
Max Memory Allocated: 0.1596083641052246  GigaBytes

----------------------------------------end of model layers  after x = self.layers[-1](blocks[-1], x)
 Nvidia-smi: 1.4686279296875 GB
    Memory Allocated: 0.1294569969177246  GigaBytes
Max Memory Allocated: 0.1596083641052246  GigaBytes

torch.Size([90941, 40])
----------------------------------------- after batch_pred = model(blocks, batch_inputs) 
 Nvidia-smi: 1.4686279296875 GB
    Memory Allocated: 0.14300870895385742  GigaBytes
Max Memory Allocated: 0.1596083641052246  GigaBytes

-----------------------------------------after loss calculation
 Nvidia-smi: 1.4686279296875 GB
    Memory Allocated: 0.15656137466430664  GigaBytes
Max Memory Allocated: 0.1596083641052246  GigaBytes

-----------------------------------------after loss backward
 Nvidia-smi: 1.4822998046875 GB
    Memory Allocated: 0.08613204956054688  GigaBytes
Max Memory Allocated: 0.18378496170043945  GigaBytes

-----------------------------------------after optimizer step
 Nvidia-smi: 1.4822998046875 GB
    Memory Allocated: 0.08620834350585938  GigaBytes
Max Memory Allocated: 0.18378496170043945  GigaBytes

-----------------------------------------after optimizer zero grad
 Nvidia-smi: 1.4822998046875 GB
    Memory Allocated: 0.08620834350585938  GigaBytes
Max Memory Allocated: 0.18378496170043945  GigaBytes

times | data loading | block to device | model prediction | loss calculation | loss backward |  optimizer step |
      |0.02630901336669922 |0.3502771854400635 |0.7634029388427734 |0.0003325939178466797 |0.0046236515045166016 |0.0020720958709716797 |
----------------------------------------------------------pseudo_mini_loss sum 3.8574178218841553
Total (block generation + training)time/epoch 1.166257381439209
Training time/epoch 1.1513309478759766
Training time without block to device /epoch 0.8010537624359131
Training time without total dataloading part /epoch 0.7704312801361084
load block tensor time/epoch 0.02630901336669922
block to device time/epoch 0.3502771854400635
input features size transfer per epoch 1.341104507446289e-07
blocks size to device per epoch 8.940696716308594e-08
 Run 0| Epoch 0 |
Number of nodes for computation during this epoch:  133768
Number of first layer input nodes during this epoch:  133768
Number of first layer output nodes during this epoch:  90941
GraphSAGE(
  (layers): ModuleList(
    (0): SAGEConv(
      (fc_self): Linear(in_features=128, out_features=40, bias=False)
      (fc_neigh): Linear(in_features=128, out_features=40, bias=False)
    )
  )
  (dropout): Dropout(p=0.5, inplace=False)
)
total model parameters size  10240
trainable parameters
layers.0.fc_self.weight, torch.Size([40, 128])
layers.0.fc_neigh.weight, torch.Size([40, 128])
----------------------------------------
un-trainable parameters
