main start at this time 1658363401.50134
-----------------------------------------before load data 
 Nvidia-smi: 0.1717529296875 GB
    Memory Allocated: 0.0  GigaBytes
Max Memory Allocated: 0.0  GigaBytes

ogbn-arxiv
# Nodes: 169343
# Edges: 2315598
# Train: 90941
# Val: 29799
# Test: 48603
# Classes: 40

----------------------------------------start of run function 
 Nvidia-smi: 0.1717529296875 GB
    Memory Allocated: 0.0  GigaBytes
Max Memory Allocated: 0.0  GigaBytes

in feats:  128
----------------------------------------before model to device 
 Nvidia-smi: 0.1717529296875 GB
    Memory Allocated: 0.0  GigaBytes
Max Memory Allocated: 0.0  GigaBytes

----------------------------------------after model to device
 Nvidia-smi: 1.0174560546875 GB
    Memory Allocated: 3.814697265625e-05  GigaBytes
Max Memory Allocated: 3.814697265625e-05  GigaBytes

----------------------------------------before generate dataloader block 
 Nvidia-smi: 1.0174560546875 GB
    Memory Allocated: 3.814697265625e-05  GigaBytes
Max Memory Allocated: 3.814697265625e-05  GigaBytes

-----------------------------------------after block dataloader generation 
 Nvidia-smi: 1.0174560546875 GB
    Memory Allocated: 3.814697265625e-05  GigaBytes
Max Memory Allocated: 3.814697265625e-05  GigaBytes

connection checking time:  0
block generation total time  0
average batch blocks generation time:  0
block dataloader generation time/epoch 0.03477191925048828
pseudo mini batch 0 input nodes size: 157322
----------------------------------------before load block subtensor 
 Nvidia-smi: 1.0174560546875 GB
    Memory Allocated: 3.814697265625e-05  GigaBytes
Max Memory Allocated: 3.814697265625e-05  GigaBytes

----------------------------------------before batch input features to device
 Nvidia-smi: 1.0174560546875 GB
    Memory Allocated: 3.814697265625e-05  GigaBytes
Max Memory Allocated: 3.814697265625e-05  GigaBytes

----------------------------------------after batch input features to device
 Nvidia-smi: 1.0936279296875 GB
    Memory Allocated: 0.07505512237548828  GigaBytes
Max Memory Allocated: 0.07505512237548828  GigaBytes

----------------------------------------after  batch labels to device
 Nvidia-smi: 1.0936279296875 GB
    Memory Allocated: 0.07573270797729492  GigaBytes
Max Memory Allocated: 0.07573270797729492  GigaBytes

----------------------------------------after load block subtensor  
 Nvidia-smi: 1.0936279296875 GB
    Memory Allocated: 0.07573270797729492  GigaBytes
Max Memory Allocated: 0.07573270797729492  GigaBytes

----------------------------------------after blocks to device 
 Nvidia-smi: 1.1776123046875 GB
    Memory Allocated: 0.08203840255737305  GigaBytes
Max Memory Allocated: 0.08203840255737305  GigaBytes

----------------------------------------before batch_pred = model(blocks, batch_inputs) 
 Nvidia-smi: 1.1776123046875 GB
    Memory Allocated: 0.08203840255737305  GigaBytes
Max Memory Allocated: 0.08203840255737305  GigaBytes

----------------input nodes number: 157322
----------------output nodes number: 90941
----------------edges number: 846279
----------------------------------------before mean aggregator
 Nvidia-smi: 1.1776123046875 GB
    Memory Allocated: 0.08388853073120117  GigaBytes
Max Memory Allocated: 0.08704137802124023  GigaBytes

----------------------------------------graph.srcdata['h'] =  feat_src-------
 Nvidia-smi: 1.1776123046875 GB
    Memory Allocated: 0.08388853073120117  GigaBytes
Max Memory Allocated: 0.08704137802124023  GigaBytes

----------------------------------------graph.update_all(msg_fn, fn.mean('m', 'neigh'))-------
 Nvidia-smi: 1.5037841796875 GB
    Memory Allocated: 0.1338973045349121  GigaBytes
Max Memory Allocated: 0.17760038375854492  GigaBytes

----------------------------------------h_neigh = graph.dstdata['neigh']-------
 Nvidia-smi: 1.5037841796875 GB
    Memory Allocated: 0.1338973045349121  GigaBytes
Max Memory Allocated: 0.17760038375854492  GigaBytes

----------------------------------------after mean aggregator-------h_neigh = self.fc_neigh(h_neigh)-
 Nvidia-smi: 1.5037841796875 GB
    Memory Allocated: 0.14744901657104492  GigaBytes
Max Memory Allocated: 0.17760038375854492  GigaBytes

h_neigh size torch.Size([90941, 40])
h_self size  torch.Size([90941, 128])
----------------------------------------before rst
 Nvidia-smi: 1.5037841796875 GB
    Memory Allocated: 0.14744901657104492  GigaBytes
Max Memory Allocated: 0.17760038375854492  GigaBytes

torch.Size([90941, 40])
----------------------------------------after rst (rst = self.fc_self(h_self) + h_neigh)
 Nvidia-smi: 1.5037841796875 GB
    Memory Allocated: 0.16100072860717773  GigaBytes
Max Memory Allocated: 0.17760038375854492  GigaBytes

----------------------------------------end of model layers  after x = self.layers[-1](blocks[-1], x)
 Nvidia-smi: 1.5037841796875 GB
    Memory Allocated: 0.14744901657104492  GigaBytes
Max Memory Allocated: 0.17760038375854492  GigaBytes

torch.Size([90941, 40])
----------------------------------------- after batch_pred = model(blocks, batch_inputs) 
 Nvidia-smi: 1.5037841796875 GB
    Memory Allocated: 0.16100072860717773  GigaBytes
Max Memory Allocated: 0.17760038375854492  GigaBytes

-----------------------------------------after loss calculation
 Nvidia-smi: 1.5037841796875 GB
    Memory Allocated: 0.17455339431762695  GigaBytes
Max Memory Allocated: 0.17760038375854492  GigaBytes

-----------------------------------------after loss backward
 Nvidia-smi: 1.5174560546875 GB
    Memory Allocated: 0.10412406921386719  GigaBytes
Max Memory Allocated: 0.20177698135375977  GigaBytes

-----------------------------------------after optimizer step
 Nvidia-smi: 1.5174560546875 GB
    Memory Allocated: 0.10420036315917969  GigaBytes
Max Memory Allocated: 0.20177698135375977  GigaBytes

-----------------------------------------after optimizer zero grad
 Nvidia-smi: 1.5174560546875 GB
    Memory Allocated: 0.10420036315917969  GigaBytes
Max Memory Allocated: 0.20177698135375977  GigaBytes

times | data loading | block to device | model prediction | loss calculation | loss backward |  optimizer step |
      |0.03287768363952637 |0.33910346031188965 |0.7641339302062988 |0.0003345012664794922 |0.004618167877197266 |0.002291440963745117 |
----------------------------------------------------------pseudo_mini_loss sum 3.8567607402801514
Total (block generation + training)time/epoch 1.18284273147583
Training time/epoch 1.147639274597168
Training time without block to device /epoch 0.8085358142852783
Training time without total dataloading part /epoch 0.7713780403137207
load block tensor time/epoch 0.03287768363952637
block to device time/epoch 0.33910346031188965
input features size transfer per epoch 1.341104507446289e-07
blocks size to device per epoch 8.940696716308594e-08
 Run 0| Epoch 0 |
Number of nodes for computation during this epoch:  157322
Number of first layer input nodes during this epoch:  157322
Number of first layer output nodes during this epoch:  90941
GraphSAGE(
  (layers): ModuleList(
    (0): SAGEConv(
      (fc_self): Linear(in_features=128, out_features=40, bias=False)
      (fc_neigh): Linear(in_features=128, out_features=40, bias=False)
    )
  )
  (dropout): Dropout(p=0.5, inplace=False)
)
total model parameters size  10240
trainable parameters
layers.0.fc_self.weight, torch.Size([40, 128])
layers.0.fc_neigh.weight, torch.Size([40, 128])
----------------------------------------
un-trainable parameters
