main start at this time 1658363333.1863637
-----------------------------------------before load data 
 Nvidia-smi: 0.1717529296875 GB
    Memory Allocated: 0.0  GigaBytes
Max Memory Allocated: 0.0  GigaBytes

ogbn-arxiv
# Nodes: 169343
# Edges: 2315598
# Train: 90941
# Val: 29799
# Test: 48603
# Classes: 40

----------------------------------------start of run function 
 Nvidia-smi: 0.1717529296875 GB
    Memory Allocated: 0.0  GigaBytes
Max Memory Allocated: 0.0  GigaBytes

in feats:  128
----------------------------------------before model to device 
 Nvidia-smi: 0.1717529296875 GB
    Memory Allocated: 0.0  GigaBytes
Max Memory Allocated: 0.0  GigaBytes

----------------------------------------after model to device
 Nvidia-smi: 1.0174560546875 GB
    Memory Allocated: 3.814697265625e-05  GigaBytes
Max Memory Allocated: 3.814697265625e-05  GigaBytes

----------------------------------------before generate dataloader block 
 Nvidia-smi: 1.0174560546875 GB
    Memory Allocated: 3.814697265625e-05  GigaBytes
Max Memory Allocated: 3.814697265625e-05  GigaBytes

-----------------------------------------after block dataloader generation 
 Nvidia-smi: 1.0174560546875 GB
    Memory Allocated: 3.814697265625e-05  GigaBytes
Max Memory Allocated: 3.814697265625e-05  GigaBytes

connection checking time:  0
block generation total time  0
average batch blocks generation time:  0
block dataloader generation time/epoch 0.02276897430419922
pseudo mini batch 0 input nodes size: 145054
----------------------------------------before load block subtensor 
 Nvidia-smi: 1.0174560546875 GB
    Memory Allocated: 3.814697265625e-05  GigaBytes
Max Memory Allocated: 3.814697265625e-05  GigaBytes

----------------------------------------before batch input features to device
 Nvidia-smi: 1.0174560546875 GB
    Memory Allocated: 3.814697265625e-05  GigaBytes
Max Memory Allocated: 3.814697265625e-05  GigaBytes

----------------------------------------after batch input features to device
 Nvidia-smi: 1.0877685546875 GB
    Memory Allocated: 0.06920528411865234  GigaBytes
Max Memory Allocated: 0.06920528411865234  GigaBytes

----------------------------------------after  batch labels to device
 Nvidia-smi: 1.0877685546875 GB
    Memory Allocated: 0.06988286972045898  GigaBytes
Max Memory Allocated: 0.06988286972045898  GigaBytes

----------------------------------------after load block subtensor  
 Nvidia-smi: 1.0877685546875 GB
    Memory Allocated: 0.06988286972045898  GigaBytes
Max Memory Allocated: 0.06988286972045898  GigaBytes

----------------------------------------after blocks to device 
 Nvidia-smi: 1.1717529296875 GB
    Memory Allocated: 0.07370901107788086  GigaBytes
Max Memory Allocated: 0.07370901107788086  GigaBytes

----------------------------------------before batch_pred = model(blocks, batch_inputs) 
 Nvidia-smi: 1.1717529296875 GB
    Memory Allocated: 0.07370901107788086  GigaBytes
Max Memory Allocated: 0.07370901107788086  GigaBytes

----------------input nodes number: 145054
----------------output nodes number: 90941
----------------edges number: 513414
----------------------------------------before mean aggregator
 Nvidia-smi: 1.1717529296875 GB
    Memory Allocated: 0.0755319595336914  GigaBytes
Max Memory Allocated: 0.07744503021240234  GigaBytes

----------------------------------------graph.srcdata['h'] =  feat_src-------
 Nvidia-smi: 1.1717529296875 GB
    Memory Allocated: 0.0755319595336914  GigaBytes
Max Memory Allocated: 0.07744503021240234  GigaBytes

----------------------------------------graph.update_all(msg_fn, fn.mean('m', 'neigh'))-------
 Nvidia-smi: 1.4764404296875 GB
    Memory Allocated: 0.12346267700195312  GigaBytes
Max Memory Allocated: 0.16716575622558594  GigaBytes

----------------------------------------h_neigh = graph.dstdata['neigh']-------
 Nvidia-smi: 1.4764404296875 GB
    Memory Allocated: 0.12346267700195312  GigaBytes
Max Memory Allocated: 0.16716575622558594  GigaBytes

----------------------------------------after mean aggregator-------h_neigh = self.fc_neigh(h_neigh)-
 Nvidia-smi: 1.4764404296875 GB
    Memory Allocated: 0.13701438903808594  GigaBytes
Max Memory Allocated: 0.16716575622558594  GigaBytes

h_neigh size torch.Size([90941, 40])
h_self size  torch.Size([90941, 128])
----------------------------------------before rst
 Nvidia-smi: 1.4764404296875 GB
    Memory Allocated: 0.13701438903808594  GigaBytes
Max Memory Allocated: 0.16716575622558594  GigaBytes

torch.Size([90941, 40])
----------------------------------------after rst (rst = self.fc_self(h_self) + h_neigh)
 Nvidia-smi: 1.4764404296875 GB
    Memory Allocated: 0.15056610107421875  GigaBytes
Max Memory Allocated: 0.16716575622558594  GigaBytes

----------------------------------------end of model layers  after x = self.layers[-1](blocks[-1], x)
 Nvidia-smi: 1.4764404296875 GB
    Memory Allocated: 0.13701438903808594  GigaBytes
Max Memory Allocated: 0.16716575622558594  GigaBytes

torch.Size([90941, 40])
----------------------------------------- after batch_pred = model(blocks, batch_inputs) 
 Nvidia-smi: 1.4764404296875 GB
    Memory Allocated: 0.15056610107421875  GigaBytes
Max Memory Allocated: 0.16716575622558594  GigaBytes

-----------------------------------------after loss calculation
 Nvidia-smi: 1.4764404296875 GB
    Memory Allocated: 0.16411876678466797  GigaBytes
Max Memory Allocated: 0.16716575622558594  GigaBytes

-----------------------------------------after loss backward
 Nvidia-smi: 1.5037841796875 GB
    Memory Allocated: 0.0936894416809082  GigaBytes
Max Memory Allocated: 0.19146251678466797  GigaBytes

-----------------------------------------after optimizer step
 Nvidia-smi: 1.5037841796875 GB
    Memory Allocated: 0.0937657356262207  GigaBytes
Max Memory Allocated: 0.19146251678466797  GigaBytes

-----------------------------------------after optimizer zero grad
 Nvidia-smi: 1.5037841796875 GB
    Memory Allocated: 0.0937657356262207  GigaBytes
Max Memory Allocated: 0.19146251678466797  GigaBytes

times | data loading | block to device | model prediction | loss calculation | loss backward |  optimizer step |
      |0.0574498176574707 |0.3521144390106201 |0.7618308067321777 |0.0002624988555908203 |0.004624366760253906 |0.0020856857299804688 |
----------------------------------------------------------pseudo_mini_loss sum 3.8569300174713135
Total (block generation + training)time/epoch 1.2061851024627686
Training time/epoch 1.183060646057129
Training time without block to device /epoch 0.8309462070465088
Training time without total dataloading part /epoch 0.7688033580780029
load block tensor time/epoch 0.0574498176574707
block to device time/epoch 0.3521144390106201
input features size transfer per epoch 1.341104507446289e-07
blocks size to device per epoch 8.940696716308594e-08
 Run 0| Epoch 0 |
Number of nodes for computation during this epoch:  145054
Number of first layer input nodes during this epoch:  145054
Number of first layer output nodes during this epoch:  90941
GraphSAGE(
  (layers): ModuleList(
    (0): SAGEConv(
      (fc_self): Linear(in_features=128, out_features=40, bias=False)
      (fc_neigh): Linear(in_features=128, out_features=40, bias=False)
    )
  )
  (dropout): Dropout(p=0.5, inplace=False)
)
total model parameters size  10240
trainable parameters
layers.0.fc_self.weight, torch.Size([40, 128])
layers.0.fc_neigh.weight, torch.Size([40, 128])
----------------------------------------
un-trainable parameters
