main start at this time 1657103100.170885
-----------------------------------------before load data 
 Nvidia-smi: 0.1717529296875 GB
    Memory Allocated: 0.0  GigaBytes
Max Memory Allocated: 0.0  GigaBytes

  NumNodes: 19717
  NumEdges: 88651
  NumFeats: 500
  NumClasses: 3
  NumTrainingSamples: 60
  NumValidationSamples: 500
  NumTestSamples: 1000
Done loading data from cached files.
success----------------------------------------
60
500
19157
# Nodes: 19717
# Edges: 88648
# Train: 60
# Val: 500
# Test: 19157
# Classes: 3

----------------------------------------start of run function 
 Nvidia-smi: 0.1717529296875 GB
    Memory Allocated: 0.0  GigaBytes
Max Memory Allocated: 0.0  GigaBytes

in feats:  500
----------------------------------------before model to device 
 Nvidia-smi: 0.1717529296875 GB
    Memory Allocated: 0.0  GigaBytes
Max Memory Allocated: 0.0  GigaBytes

----------------------------------------after model to device
 Nvidia-smi: 1.0194091796875 GB
    Memory Allocated: 0.0024242401123046875  GigaBytes
Max Memory Allocated: 0.0024242401123046875  GigaBytes

----------------------------------------before generate dataloader block 
 Nvidia-smi: 1.0194091796875 GB
    Memory Allocated: 0.0024242401123046875  GigaBytes
Max Memory Allocated: 0.0024242401123046875  GigaBytes

The real block id is  4
get_global_graph_edges_ids_block function  spend 0.0025873184204101562
number of batches is  2
batch size is  30
random selection method spend 0.0005273818969726562
time for parepare:  4.3392181396484375e-05
local_output_nid generation:  4.3392181396484375e-05
local_in_edges_tensor generation:  0.0002512931823730469
mini_batch_src_global generation:  2.7894973754882812e-05
r_  generation:  0.0011892318725585938
local_output_nid generation:  1.2874603271484375e-05
local_in_edges_tensor generation:  0.0001392364501953125
mini_batch_src_global generation:  2.6941299438476562e-05
r_  generation:  5.817413330078125e-05
----------------------check_connections_block total spend ----------------------------- 0.0019490718841552734
generate_one_block  0.0034224987030029297
generate_one_block  0.0011997222900390625
The real block id is  3
get_global_graph_edges_ids_block function  spend 0.0011870861053466797
gen group dst list time:  2.5510787963867188e-05
time for parepare:  0.00022983551025390625
local_output_nid generation:  1.9788742065429688e-05
local_in_edges_tensor generation:  0.00020956993103027344
mini_batch_src_global generation:  6.318092346191406e-05
r_  generation:  0.0006337165832519531
local_output_nid generation:  1.5020370483398438e-05
local_in_edges_tensor generation:  0.00014352798461914062
mini_batch_src_global generation:  9.608268737792969e-05
r_  generation:  0.0006120204925537109
----------------------check_connections_block total spend ----------------------------- 0.0023589134216308594
generate_one_block  0.0019910335540771484
generate_one_block  0.0018603801727294922
The real block id is  2
get_global_graph_edges_ids_block function  spend 0.0010161399841308594
gen group dst list time:  6.341934204101562e-05
time for parepare:  0.0006635189056396484
local_output_nid generation:  9.846687316894531e-05
local_in_edges_tensor generation:  0.0005710124969482422
mini_batch_src_global generation:  0.0002906322479248047
r_  generation:  0.003669261932373047
local_output_nid generation:  0.00010323524475097656
local_in_edges_tensor generation:  0.0003066062927246094
mini_batch_src_global generation:  0.0005013942718505859
r_  generation:  0.003841400146484375
----------------------check_connections_block total spend ----------------------------- 0.012137413024902344
generate_one_block  0.00595855712890625
generate_one_block  0.005703926086425781
The real block id is  1
get_global_graph_edges_ids_block function  spend 0.00173187255859375
gen group dst list time:  0.00018906593322753906
time for parepare:  0.0013158321380615234
local_output_nid generation:  0.00035691261291503906
local_in_edges_tensor generation:  0.0010876655578613281
mini_batch_src_global generation:  0.0012013912200927734
r_  generation:  0.01209568977355957
local_output_nid generation:  0.0003733634948730469
local_in_edges_tensor generation:  0.0012199878692626953
mini_batch_src_global generation:  0.0015575885772705078
r_  generation:  0.012971162796020508
----------------------check_connections_block total spend ----------------------------- 0.03842639923095703
generate_one_block  0.01633596420288086
generate_one_block  0.018655776977539062
The real block id is  0
get_global_graph_edges_ids_block function  spend 0.001462697982788086
gen group dst list time:  0.0004897117614746094
time for parepare:  0.0014998912811279297
local_output_nid generation:  0.0009379386901855469
local_in_edges_tensor generation:  0.0019309520721435547
mini_batch_src_global generation:  0.0014576911926269531
r_  generation:  0.017036914825439453
local_output_nid generation:  0.0009717941284179688
local_in_edges_tensor generation:  0.001600503921508789
mini_batch_src_global generation:  0.001810312271118164
r_  generation:  0.017858028411865234
----------------------check_connections_block total spend ----------------------------- 0.05353665351867676
generate_one_block  0.021305561065673828
generate_one_block  0.023331642150878906
-----------------------------------------after block dataloader generation 
 Nvidia-smi: 1.0194091796875 GB
    Memory Allocated: 0.0024242401123046875  GigaBytes
Max Memory Allocated: 0.0024242401123046875  GigaBytes

connection checking time:  0.10645937919616699
block generation total time  0.09514284133911133
average batch blocks generation time:  0.047571420669555664
block dataloader generation time/epoch 0.2298119068145752
pseudo mini batch 0 input nodes size: 16089
----------------------------------------before load block subtensor 
 Nvidia-smi: 1.0194091796875 GB
    Memory Allocated: 0.0024242401123046875  GigaBytes
Max Memory Allocated: 0.0024242401123046875  GigaBytes

----------------------------------------before batch input features to device
 Nvidia-smi: 1.0194091796875 GB
    Memory Allocated: 0.0024242401123046875  GigaBytes
Max Memory Allocated: 0.0024242401123046875  GigaBytes

----------------------------------------after batch input features to device
 Nvidia-smi: 1.0506591796875 GB
    Memory Allocated: 0.03239250183105469  GigaBytes
Max Memory Allocated: 0.03239250183105469  GigaBytes

----------------------------------------after  batch labels to device
 Nvidia-smi: 1.0506591796875 GB
    Memory Allocated: 0.03239297866821289  GigaBytes
Max Memory Allocated: 0.03239297866821289  GigaBytes

----------------------------------------after load block subtensor  
 Nvidia-smi: 1.0506591796875 GB
    Memory Allocated: 0.03239297866821289  GigaBytes
Max Memory Allocated: 0.03239297866821289  GigaBytes

----------------------------------------after blocks to device 
 Nvidia-smi: 1.1151123046875 GB
    Memory Allocated: 0.0331883430480957  GigaBytes
Max Memory Allocated: 0.0331883430480957  GigaBytes

----------------------------------------before batch_pred = model(blocks, batch_inputs) 
 Nvidia-smi: 1.1151123046875 GB
    Memory Allocated: 0.0331883430480957  GigaBytes
Max Memory Allocated: 0.0331883430480957  GigaBytes

first layer input nodes number: 16089
first layer output nodes number: 12353
edges number: 51424
----------------------------------------before model layer 0
 Nvidia-smi: 1.1151123046875 GB
    Memory Allocated: 0.0334010124206543  GigaBytes
Max Memory Allocated: 0.03359270095825195  GigaBytes

torch.Size([16089, 500])
----------------------------------------before mean aggregator
 Nvidia-smi: 1.1151123046875 GB
    Memory Allocated: 0.0334010124206543  GigaBytes
Max Memory Allocated: 0.03359270095825195  GigaBytes

----------------------------------------after mean aggregator-------
 Nvidia-smi: 1.3475341796875 GB
    Memory Allocated: 0.06904888153076172  GigaBytes
Max Memory Allocated: 0.08075189590454102  GigaBytes

torch.Size([12353, 256])
torch.Size([12353, 256])
----------------------------------------after rst
 Nvidia-smi: 1.3748779296875 GB
    Memory Allocated: 0.08082962036132812  GigaBytes
Max Memory Allocated: 0.09261035919189453  GigaBytes

----------------------------------------after model layer 0 x = layer(block, x)
 Nvidia-smi: 1.3748779296875 GB
    Memory Allocated: 0.06904888153076172  GigaBytes
Max Memory Allocated: 0.09261035919189453  GigaBytes

torch.Size([12353, 256])
----------------------------------------after model layer 0 x = self.activation(x)
 Nvidia-smi: 1.3748779296875 GB
    Memory Allocated: 0.08082962036132812  GigaBytes
Max Memory Allocated: 0.09261035919189453  GigaBytes

----------------------------------------after model layer 0 x = self.dropout(x)
 Nvidia-smi: 1.3748779296875 GB
    Memory Allocated: 0.08377504348754883  GigaBytes
Max Memory Allocated: 0.09555578231811523  GigaBytes

input nodes number: 12353
output nodes number: 4980
edges number: 40732
----------------------------------------before model layer 1
 Nvidia-smi: 1.3748779296875 GB
    Memory Allocated: 0.08390474319458008  GigaBytes
Max Memory Allocated: 0.09555578231811523  GigaBytes

torch.Size([12353, 256])
----------------------------------------before mean aggregator
 Nvidia-smi: 1.3748779296875 GB
    Memory Allocated: 0.08390474319458008  GigaBytes
Max Memory Allocated: 0.09555578231811523  GigaBytes

----------------------------------------after mean aggregator-------
 Nvidia-smi: 1.3748779296875 GB
    Memory Allocated: 0.09374475479125977  GigaBytes
Max Memory Allocated: 0.09555578231811523  GigaBytes

torch.Size([4980, 256])
torch.Size([4980, 256])
----------------------------------------after rst
 Nvidia-smi: 1.3944091796875 GB
    Memory Allocated: 0.09849405288696289  GigaBytes
Max Memory Allocated: 0.10324335098266602  GigaBytes

----------------------------------------after model layer 1 x = layer(block, x)
 Nvidia-smi: 1.3944091796875 GB
    Memory Allocated: 0.09374475479125977  GigaBytes
Max Memory Allocated: 0.10324335098266602  GigaBytes

torch.Size([4980, 256])
----------------------------------------after model layer 1 x = self.activation(x)
 Nvidia-smi: 1.3944091796875 GB
    Memory Allocated: 0.09849405288696289  GigaBytes
Max Memory Allocated: 0.10324335098266602  GigaBytes

----------------------------------------after model layer 1 x = self.dropout(x)
 Nvidia-smi: 1.3944091796875 GB
    Memory Allocated: 0.09977579116821289  GigaBytes
Max Memory Allocated: 0.10452508926391602  GigaBytes

input nodes number: 4980
output nodes number: 1347
edges number: 12100
----------------------------------------before model layer 2
 Nvidia-smi: 1.3944091796875 GB
    Memory Allocated: 0.0998234748840332  GigaBytes
Max Memory Allocated: 0.10452508926391602  GigaBytes

torch.Size([4980, 256])
----------------------------------------before mean aggregator
 Nvidia-smi: 1.3944091796875 GB
    Memory Allocated: 0.0998234748840332  GigaBytes
Max Memory Allocated: 0.10452508926391602  GigaBytes

----------------------------------------after mean aggregator-------
 Nvidia-smi: 1.3944091796875 GB
    Memory Allocated: 0.10310029983520508  GigaBytes
Max Memory Allocated: 0.10452508926391602  GigaBytes

torch.Size([1347, 256])
torch.Size([1347, 256])
----------------------------------------after rst
 Nvidia-smi: 1.3944091796875 GB
    Memory Allocated: 0.10470438003540039  GigaBytes
Max Memory Allocated: 0.10598897933959961  GigaBytes

----------------------------------------after model layer 2 x = layer(block, x)
 Nvidia-smi: 1.3944091796875 GB
    Memory Allocated: 0.1028132438659668  GigaBytes
Max Memory Allocated: 0.10598897933959961  GigaBytes

torch.Size([1347, 256])
----------------------------------------after model layer 2 x = self.activation(x)
 Nvidia-smi: 1.3944091796875 GB
    Memory Allocated: 0.10409784317016602  GigaBytes
Max Memory Allocated: 0.10598897933959961  GigaBytes

----------------------------------------after model layer 2 x = self.dropout(x)
 Nvidia-smi: 1.3944091796875 GB
    Memory Allocated: 0.1050257682800293  GigaBytes
Max Memory Allocated: 0.10631036758422852  GigaBytes

input nodes number: 1347
output nodes number: 197
edges number: 1955
----------------------------------------before model layer 3
 Nvidia-smi: 1.3944091796875 GB
    Memory Allocated: 0.10503816604614258  GigaBytes
Max Memory Allocated: 0.10631036758422852  GigaBytes

torch.Size([1347, 256])
----------------------------------------before mean aggregator
 Nvidia-smi: 1.3944091796875 GB
    Memory Allocated: 0.10503816604614258  GigaBytes
Max Memory Allocated: 0.10631036758422852  GigaBytes

----------------------------------------after mean aggregator-------
 Nvidia-smi: 1.3944091796875 GB
    Memory Allocated: 0.10543107986450195  GigaBytes
Max Memory Allocated: 0.10631036758422852  GigaBytes

torch.Size([197, 256])
torch.Size([197, 256])
----------------------------------------after rst
 Nvidia-smi: 1.3944091796875 GB
    Memory Allocated: 0.10561895370483398  GigaBytes
Max Memory Allocated: 0.10631036758422852  GigaBytes

----------------------------------------after model layer 3 x = layer(block, x)
 Nvidia-smi: 1.3944091796875 GB
    Memory Allocated: 0.10543107986450195  GigaBytes
Max Memory Allocated: 0.10631036758422852  GigaBytes

torch.Size([197, 256])
----------------------------------------after model layer 3 x = self.activation(x)
 Nvidia-smi: 1.3944091796875 GB
    Memory Allocated: 0.10561895370483398  GigaBytes
Max Memory Allocated: 0.10631036758422852  GigaBytes

----------------------------------------after model layer 3 x = self.dropout(x)
 Nvidia-smi: 1.3944091796875 GB
    Memory Allocated: 0.1056661605834961  GigaBytes
Max Memory Allocated: 0.10631036758422852  GigaBytes

----------------input nodes number: 197
----------------output nodes number: 30
----------------edges number: 168
----------------------------------------before mean aggregator
 Nvidia-smi: 1.3944091796875 GB
    Memory Allocated: 0.10566854476928711  GigaBytes
Max Memory Allocated: 0.10631036758422852  GigaBytes

----------------------------------------after mean aggregator-------
 Nvidia-smi: 1.3944091796875 GB
    Memory Allocated: 0.10570049285888672  GigaBytes
Max Memory Allocated: 0.10631036758422852  GigaBytes

torch.Size([30, 3])
torch.Size([30, 3])
----------------------------------------after rst
 Nvidia-smi: 1.3944091796875 GB
    Memory Allocated: 0.10570096969604492  GigaBytes
Max Memory Allocated: 0.10631036758422852  GigaBytes

----------------------------------------end of model layers  after x = self.layers[-1](blocks[-1], x)
 Nvidia-smi: 1.3944091796875 GB
    Memory Allocated: 0.10570049285888672  GigaBytes
Max Memory Allocated: 0.10631036758422852  GigaBytes

torch.Size([30, 3])
----------------------------------------- after batch_pred = model(blocks, batch_inputs) 
 Nvidia-smi: 1.3944091796875 GB
    Memory Allocated: 0.10570096969604492  GigaBytes
Max Memory Allocated: 0.10631036758422852  GigaBytes

-----------------------------------------after loss calculation
 Nvidia-smi: 1.3944091796875 GB
    Memory Allocated: 0.10570240020751953  GigaBytes
Max Memory Allocated: 0.10631036758422852  GigaBytes

-----------------------------------------after loss backward
 Nvidia-smi: 1.4100341796875 GB
    Memory Allocated: 0.0373687744140625  GigaBytes
Max Memory Allocated: 0.11056756973266602  GigaBytes

pseudo mini batch 1 input nodes size: 16476
----------------------------------------before load block subtensor 
 Nvidia-smi: 1.4100341796875 GB
    Memory Allocated: 0.03481864929199219  GigaBytes
Max Memory Allocated: 0.11056756973266602  GigaBytes

----------------------------------------before batch input features to device
 Nvidia-smi: 1.4100341796875 GB
    Memory Allocated: 0.03481864929199219  GigaBytes
Max Memory Allocated: 0.11056756973266602  GigaBytes

----------------------------------------after batch input features to device
 Nvidia-smi: 1.4412841796875 GB
    Memory Allocated: 0.06606864929199219  GigaBytes
Max Memory Allocated: 0.11056756973266602  GigaBytes

----------------------------------------after  batch labels to device
 Nvidia-smi: 1.4412841796875 GB
    Memory Allocated: 0.06606912612915039  GigaBytes
Max Memory Allocated: 0.11056756973266602  GigaBytes

----------------------------------------after load block subtensor  
 Nvidia-smi: 1.4412841796875 GB
    Memory Allocated: 0.03610038757324219  GigaBytes
Max Memory Allocated: 0.11056756973266602  GigaBytes

----------------------------------------after blocks to device 
 Nvidia-smi: 1.4412841796875 GB
    Memory Allocated: 0.03694343566894531  GigaBytes
Max Memory Allocated: 0.11056756973266602  GigaBytes

----------------------------------------before batch_pred = model(blocks, batch_inputs) 
 Nvidia-smi: 1.4412841796875 GB
    Memory Allocated: 0.03694343566894531  GigaBytes
Max Memory Allocated: 0.11056756973266602  GigaBytes

first layer input nodes number: 16476
first layer output nodes number: 13416
edges number: 53293
----------------------------------------before model layer 0
 Nvidia-smi: 1.4412841796875 GB
    Memory Allocated: 0.037166595458984375  GigaBytes
Max Memory Allocated: 0.11056756973266602  GigaBytes

torch.Size([16476, 500])
----------------------------------------before mean aggregator
 Nvidia-smi: 1.4412841796875 GB
    Memory Allocated: 0.037166595458984375  GigaBytes
Max Memory Allocated: 0.11056756973266602  GigaBytes

----------------------------------------after mean aggregator-------
 Nvidia-smi: 1.4686279296875 GB
    Memory Allocated: 0.07667684555053711  GigaBytes
Max Memory Allocated: 0.11056756973266602  GigaBytes

torch.Size([13416, 256])
torch.Size([13416, 256])
----------------------------------------after rst
 Nvidia-smi: 1.4686279296875 GB
    Memory Allocated: 0.08947134017944336  GigaBytes
Max Memory Allocated: 0.11056756973266602  GigaBytes

----------------------------------------after model layer 0 x = layer(block, x)
 Nvidia-smi: 1.4686279296875 GB
    Memory Allocated: 0.07579946517944336  GigaBytes
Max Memory Allocated: 0.11056756973266602  GigaBytes

torch.Size([13416, 256])
----------------------------------------after model layer 0 x = self.activation(x)
 Nvidia-smi: 1.4686279296875 GB
    Memory Allocated: 0.08947134017944336  GigaBytes
Max Memory Allocated: 0.11056756973266602  GigaBytes

----------------------------------------after model layer 0 x = self.dropout(x)
 Nvidia-smi: 1.4686279296875 GB
    Memory Allocated: 0.09266996383666992  GigaBytes
Max Memory Allocated: 0.11056756973266602  GigaBytes

input nodes number: 13416
output nodes number: 5174
edges number: 44537
----------------------------------------before model layer 1
 Nvidia-smi: 1.4686279296875 GB
    Memory Allocated: 0.09280872344970703  GigaBytes
Max Memory Allocated: 0.11056756973266602  GigaBytes

torch.Size([13416, 256])
----------------------------------------before mean aggregator
 Nvidia-smi: 1.4686279296875 GB
    Memory Allocated: 0.09280872344970703  GigaBytes
Max Memory Allocated: 0.11056756973266602  GigaBytes

----------------------------------------after mean aggregator-------
 Nvidia-smi: 1.4705810546875 GB
    Memory Allocated: 0.10304832458496094  GigaBytes
Max Memory Allocated: 0.11056756973266602  GigaBytes

torch.Size([5174, 256])
torch.Size([5174, 256])
----------------------------------------after rst
 Nvidia-smi: 1.4705810546875 GB
    Memory Allocated: 0.10798263549804688  GigaBytes
Max Memory Allocated: 0.11291694641113281  GigaBytes

----------------------------------------after model layer 1 x = layer(block, x)
 Nvidia-smi: 1.4705810546875 GB
    Memory Allocated: 0.10304832458496094  GigaBytes
Max Memory Allocated: 0.11291694641113281  GigaBytes

torch.Size([5174, 256])
----------------------------------------after model layer 1 x = self.activation(x)
 Nvidia-smi: 1.4705810546875 GB
    Memory Allocated: 0.10798263549804688  GigaBytes
Max Memory Allocated: 0.11291694641113281  GigaBytes

----------------------------------------after model layer 1 x = self.dropout(x)
 Nvidia-smi: 1.4705810546875 GB
    Memory Allocated: 0.10921621322631836  GigaBytes
Max Memory Allocated: 0.1141505241394043  GigaBytes

input nodes number: 5174
output nodes number: 1397
edges number: 12961
----------------------------------------before model layer 2
 Nvidia-smi: 1.4705810546875 GB
    Memory Allocated: 0.10926532745361328  GigaBytes
Max Memory Allocated: 0.1141505241394043  GigaBytes

torch.Size([5174, 256])
----------------------------------------before mean aggregator
 Nvidia-smi: 1.4705810546875 GB
    Memory Allocated: 0.10926532745361328  GigaBytes
Max Memory Allocated: 0.1141505241394043  GigaBytes

----------------------------------------after mean aggregator-------
 Nvidia-smi: 1.4705810546875 GB
    Memory Allocated: 0.11300992965698242  GigaBytes
Max Memory Allocated: 0.1141505241394043  GigaBytes

torch.Size([1397, 256])
torch.Size([1397, 256])
----------------------------------------after rst
 Nvidia-smi: 1.4705810546875 GB
    Memory Allocated: 0.11434221267700195  GigaBytes
Max Memory Allocated: 0.11567449569702148  GigaBytes

----------------------------------------after model layer 2 x = layer(block, x)
 Nvidia-smi: 1.4705810546875 GB
    Memory Allocated: 0.11203765869140625  GigaBytes
Max Memory Allocated: 0.11567449569702148  GigaBytes

torch.Size([1397, 256])
----------------------------------------after model layer 2 x = self.activation(x)
 Nvidia-smi: 1.4705810546875 GB
    Memory Allocated: 0.11434221267700195  GigaBytes
Max Memory Allocated: 0.11567449569702148  GigaBytes

----------------------------------------after model layer 2 x = self.dropout(x)
 Nvidia-smi: 1.4705810546875 GB
    Memory Allocated: 0.11370325088500977  GigaBytes
Max Memory Allocated: 0.11600780487060547  GigaBytes

input nodes number: 1397
output nodes number: 158
edges number: 1858
----------------------------------------before model layer 3
 Nvidia-smi: 1.4705810546875 GB
    Memory Allocated: 0.11371517181396484  GigaBytes
Max Memory Allocated: 0.11600780487060547  GigaBytes

torch.Size([1397, 256])
----------------------------------------before mean aggregator
 Nvidia-smi: 1.4705810546875 GB
    Memory Allocated: 0.11371517181396484  GigaBytes
Max Memory Allocated: 0.11600780487060547  GigaBytes

----------------------------------------after mean aggregator-------
 Nvidia-smi: 1.4705810546875 GB
    Memory Allocated: 0.11403274536132812  GigaBytes
Max Memory Allocated: 0.11600780487060547  GigaBytes

torch.Size([158, 256])
torch.Size([158, 256])
----------------------------------------after rst
 Nvidia-smi: 1.4705810546875 GB
    Memory Allocated: 0.11418342590332031  GigaBytes
Max Memory Allocated: 0.11600780487060547  GigaBytes

----------------------------------------after model layer 3 x = layer(block, x)
 Nvidia-smi: 1.4705810546875 GB
    Memory Allocated: 0.11403274536132812  GigaBytes
Max Memory Allocated: 0.11600780487060547  GigaBytes

torch.Size([158, 256])
----------------------------------------after model layer 3 x = self.activation(x)
 Nvidia-smi: 1.4705810546875 GB
    Memory Allocated: 0.11418342590332031  GigaBytes
Max Memory Allocated: 0.11600780487060547  GigaBytes

----------------------------------------after model layer 3 x = self.dropout(x)
 Nvidia-smi: 1.4705810546875 GB
    Memory Allocated: 0.11422109603881836  GigaBytes
Max Memory Allocated: 0.11600780487060547  GigaBytes

----------------input nodes number: 158
----------------output nodes number: 30
----------------edges number: 129
----------------------------------------before mean aggregator
 Nvidia-smi: 1.4705810546875 GB
    Memory Allocated: 0.11422300338745117  GigaBytes
Max Memory Allocated: 0.11600780487060547  GigaBytes

----------------------------------------after mean aggregator-------
 Nvidia-smi: 1.4705810546875 GB
    Memory Allocated: 0.11425495147705078  GigaBytes
Max Memory Allocated: 0.11600780487060547  GigaBytes

torch.Size([30, 3])
torch.Size([30, 3])
----------------------------------------after rst
 Nvidia-smi: 1.4705810546875 GB
    Memory Allocated: 0.11425542831420898  GigaBytes
Max Memory Allocated: 0.11600780487060547  GigaBytes

----------------------------------------end of model layers  after x = self.layers[-1](blocks[-1], x)
 Nvidia-smi: 1.4705810546875 GB
    Memory Allocated: 0.11425495147705078  GigaBytes
Max Memory Allocated: 0.11600780487060547  GigaBytes

torch.Size([30, 3])
----------------------------------------- after batch_pred = model(blocks, batch_inputs) 
 Nvidia-smi: 1.4705810546875 GB
    Memory Allocated: 0.11425495147705078  GigaBytes
Max Memory Allocated: 0.11600780487060547  GigaBytes

-----------------------------------------after loss calculation
 Nvidia-smi: 1.4705810546875 GB
    Memory Allocated: 0.11425590515136719  GigaBytes
Max Memory Allocated: 0.11600780487060547  GigaBytes

-----------------------------------------after loss backward
 Nvidia-smi: 1.4705810546875 GB
    Memory Allocated: 0.03880882263183594  GigaBytes
Max Memory Allocated: 0.1203312873840332  GigaBytes

-----------------------------------------after optimizer step
 Nvidia-smi: 1.4764404296875 GB
    Memory Allocated: 0.04365730285644531  GigaBytes
Max Memory Allocated: 0.1203312873840332  GigaBytes

-----------------------------------------after optimizer zero grad
 Nvidia-smi: 1.4764404296875 GB
    Memory Allocated: 0.04365730285644531  GigaBytes
Max Memory Allocated: 0.1203312873840332  GigaBytes

times | data loading | block to device | model prediction | loss calculation | loss backward |  optimizer step |
      |0.014266252517700195 |0.17266273498535156 |0.39841604232788086 |0.0001976490020751953 |0.00713038444519043 |0.0025773048400878906 |
----------------------------------------------------------pseudo_mini_loss sum 1.1304147243499756
Total (block generation + training)time/epoch 1.4254481792449951
Training time/epoch 1.19517183303833
Training time without block to device /epoch 0.849846363067627
Training time without total dataloading part /epoch 0.8140654563903809
load block tensor time/epoch 0.02853250503540039
block to device time/epoch 0.3453254699707031
input features size transfer per epoch 2.682209014892578e-07
blocks size to device per epoch 2.384185791015625e-07
 Run 0| Epoch 0 |
Number of nodes for computation during this epoch:  71587
Number of first layer input nodes during this epoch:  32565
Number of first layer output nodes during this epoch:  25769
GraphSAGE(
  (layers): ModuleList(
    (0): SAGEConv(
      (fc_self): Linear(in_features=500, out_features=256, bias=False)
      (fc_neigh): Linear(in_features=500, out_features=256, bias=False)
    )
    (1): SAGEConv(
      (fc_self): Linear(in_features=256, out_features=256, bias=False)
      (fc_neigh): Linear(in_features=256, out_features=256, bias=False)
    )
    (2): SAGEConv(
      (fc_self): Linear(in_features=256, out_features=256, bias=False)
      (fc_neigh): Linear(in_features=256, out_features=256, bias=False)
    )
    (3): SAGEConv(
      (fc_self): Linear(in_features=256, out_features=256, bias=False)
      (fc_neigh): Linear(in_features=256, out_features=256, bias=False)
    )
    (4): SAGEConv(
      (fc_self): Linear(in_features=256, out_features=3, bias=False)
      (fc_neigh): Linear(in_features=256, out_features=3, bias=False)
    )
  )
  (dropout): Dropout(p=0.5, inplace=False)
)
total model parameters size  650752
trainable parameters
layers.0.fc_self.weight, torch.Size([256, 500])
layers.0.fc_neigh.weight, torch.Size([256, 500])
layers.1.fc_self.weight, torch.Size([256, 256])
layers.1.fc_neigh.weight, torch.Size([256, 256])
layers.2.fc_self.weight, torch.Size([256, 256])
layers.2.fc_neigh.weight, torch.Size([256, 256])
layers.3.fc_self.weight, torch.Size([256, 256])
layers.3.fc_neigh.weight, torch.Size([256, 256])
layers.4.fc_self.weight, torch.Size([3, 256])
layers.4.fc_neigh.weight, torch.Size([3, 256])
----------------------------------------
un-trainable parameters
