main start at this time 1655414970.073346
-----------------------------------------before load data 
 Nvidia-smi: 0.1717529296875 GB
    Memory Allocated: 0.0  GigaBytes
Max Memory Allocated: 0.0  GigaBytes

#nodes: 2449029
#edges: 123718024
#classes: 47
success----------------------------------------
196571
39255
2164782
# Nodes: 2400608
# Edges: 123718024
# Train: 196571
# Val: 39255
# Test: 2164782
# Classes: 47

----------------------------------------start of run function 
 Nvidia-smi: 0.1717529296875 GB
    Memory Allocated: 0.0  GigaBytes
Max Memory Allocated: 0.0  GigaBytes

in feats:  100
----------------------------------------before model to device 
 Nvidia-smi: 0.1717529296875 GB
    Memory Allocated: 0.0  GigaBytes
Max Memory Allocated: 0.0  GigaBytes

----------------------------------------after model to device
 Nvidia-smi: 1.0174560546875 GB
    Memory Allocated: 0.0003376007080078125  GigaBytes
Max Memory Allocated: 0.0003376007080078125  GigaBytes

step  0
----------------------------------------before batch input features to device
 Nvidia-smi: 1.0174560546875 GB
    Memory Allocated: 0.0003376007080078125  GigaBytes
Max Memory Allocated: 0.0003376007080078125  GigaBytes

----------------------------------------after batch input features to device
 Nvidia-smi: 1.3924560546875 GB
    Memory Allocated: 0.3753376007080078  GigaBytes
Max Memory Allocated: 0.3753376007080078  GigaBytes

<class 'torch.Tensor'>
----------------------------------------after  batch labels to device
 Nvidia-smi: 1.4119873046875 GB
    Memory Allocated: 0.3768024444580078  GigaBytes
Max Memory Allocated: 0.3768024444580078  GigaBytes

torch.Size([196571, 47])
-----------------------------------------after optimizer zero grad
 Nvidia-smi: 20.4901123046875 GB
    Memory Allocated: 0.4589357376098633  GigaBytes
Max Memory Allocated: 19.123348236083984  GigaBytes

Total (block generation + training)time/epoch 23.167160749435425
* Pure training time/epoch 1.4033043384552002
Training time/epoch 1655415015.3736832
Training time without block to device /epoch 1655415015.048409
Training time without total dataloading part /epoch 0.7776429653167725
load block tensor time/epoch 0.3003871440887451
block to device time/epoch 0.3252742290496826
input features size transfer per epoch 0.0
blocks size to device per epoch 0.0
 Run 0| Epoch 0 |
Number of nodes for computation during this epoch:  0
Number of first layer input nodes during this epoch:  0
Number of first layer output nodes during this epoch:  0
GraphSAGE(
  (layers): ModuleList(
    (0): SAGEConv(
      (lstm): LSTM(100, 100, batch_first=True)
      (fc_self): Linear(in_features=100, out_features=47, bias=False)
      (fc_neigh): Linear(in_features=100, out_features=47, bias=False)
    )
  )
  (dropout): Dropout(p=0.5, inplace=False)
)
total model parameters size  90200
trainable parameters
layers.0.lstm.weight_ih_l0, torch.Size([400, 100])
layers.0.lstm.weight_hh_l0, torch.Size([400, 100])
layers.0.lstm.bias_ih_l0, torch.Size([400])
layers.0.lstm.bias_hh_l0, torch.Size([400])
layers.0.fc_self.weight, torch.Size([47, 100])
layers.0.fc_neigh.weight, torch.Size([47, 100])
----------------------------------------
un-trainable parameters
