main start at this time 1657101289.9897408
-----------------------------------------before load data 
 Nvidia-smi: 0.1717529296875 GB
    Memory Allocated: 0.0  GigaBytes
Max Memory Allocated: 0.0  GigaBytes

  NumNodes: 2708
  NumEdges: 10556
  NumFeats: 1433
  NumClasses: 7
  NumTrainingSamples: 140
  NumValidationSamples: 500
  NumTestSamples: 1000
Done loading data from cached files.
success----------------------------------------
140
500
2068
# Nodes: 2708
# Edges: 10556
# Train: 140
# Val: 500
# Test: 2068
# Classes: 7

----------------------------------------start of run function 
 Nvidia-smi: 0.1717529296875 GB
    Memory Allocated: 0.0  GigaBytes
Max Memory Allocated: 0.0  GigaBytes

in feats:  1433
----------------------------------------before model to device 
 Nvidia-smi: 0.1717529296875 GB
    Memory Allocated: 0.0  GigaBytes
Max Memory Allocated: 0.0  GigaBytes

----------------------------------------after model to device
 Nvidia-smi: 1.0369873046875 GB
    Memory Allocated: 0.00372314453125  GigaBytes
Max Memory Allocated: 0.00372314453125  GigaBytes

----------------------------------------before generate dataloader block 
 Nvidia-smi: 1.0369873046875 GB
    Memory Allocated: 0.00372314453125  GigaBytes
Max Memory Allocated: 0.00372314453125  GigaBytes

-----------------------------------------after block dataloader generation 
 Nvidia-smi: 1.0369873046875 GB
    Memory Allocated: 0.00372314453125  GigaBytes
Max Memory Allocated: 0.00372314453125  GigaBytes

connection checking time:  0
block generation total time  0
average batch blocks generation time:  0
block dataloader generation time/epoch 0.003894329071044922
pseudo mini batch 0 input nodes size: 2392
----------------------------------------before load block subtensor 
 Nvidia-smi: 1.0369873046875 GB
    Memory Allocated: 0.00372314453125  GigaBytes
Max Memory Allocated: 0.00372314453125  GigaBytes

----------------------------------------before batch input features to device
 Nvidia-smi: 1.0369873046875 GB
    Memory Allocated: 0.00372314453125  GigaBytes
Max Memory Allocated: 0.00372314453125  GigaBytes

----------------------------------------after batch input features to device
 Nvidia-smi: 1.0369873046875 GB
    Memory Allocated: 0.016492843627929688  GigaBytes
Max Memory Allocated: 0.016492843627929688  GigaBytes

----------------------------------------after  batch labels to device
 Nvidia-smi: 1.0369873046875 GB
    Memory Allocated: 0.016494274139404297  GigaBytes
Max Memory Allocated: 0.016494274139404297  GigaBytes

----------------------------------------after load block subtensor  
 Nvidia-smi: 1.0369873046875 GB
    Memory Allocated: 0.016494274139404297  GigaBytes
Max Memory Allocated: 0.016494274139404297  GigaBytes

----------------------------------------after blocks to device 
 Nvidia-smi: 1.1014404296875 GB
    Memory Allocated: 0.01664113998413086  GigaBytes
Max Memory Allocated: 0.01664113998413086  GigaBytes

----------------------------------------before batch_pred = model(blocks, batch_inputs) 
 Nvidia-smi: 1.1014404296875 GB
    Memory Allocated: 0.01664113998413086  GigaBytes
Max Memory Allocated: 0.01664113998413086  GigaBytes

first layer input nodes number: 2392
first layer output nodes number: 2142
edges number: 8361
----------------------------------------before model layer 0
 Nvidia-smi: 1.1014404296875 GB
    Memory Allocated: 0.016675472259521484  GigaBytes
Max Memory Allocated: 0.01670694351196289  GigaBytes

torch.Size([2392, 1433])
----------------------------------------before mean aggregator
 Nvidia-smi: 1.1014404296875 GB
    Memory Allocated: 0.016675472259521484  GigaBytes
Max Memory Allocated: 0.01670694351196289  GigaBytes

----------------------------------------after mean aggregator-------
 Nvidia-smi: 1.2967529296875 GB
    Memory Allocated: 0.030508041381835938  GigaBytes
Max Memory Allocated: 0.0401921272277832  GigaBytes

torch.Size([2142, 256])
torch.Size([2142, 256])
----------------------------------------after rst
 Nvidia-smi: 1.2967529296875 GB
    Memory Allocated: 0.032550811767578125  GigaBytes
Max Memory Allocated: 0.0401921272277832  GigaBytes

----------------------------------------after model layer 0 x = layer(block, x)
 Nvidia-smi: 1.2967529296875 GB
    Memory Allocated: 0.030508041381835938  GigaBytes
Max Memory Allocated: 0.0401921272277832  GigaBytes

torch.Size([2142, 256])
----------------------------------------after model layer 0 x = self.activation(x)
 Nvidia-smi: 1.2967529296875 GB
    Memory Allocated: 0.032550811767578125  GigaBytes
Max Memory Allocated: 0.0401921272277832  GigaBytes

----------------------------------------after model layer 0 x = self.dropout(x)
 Nvidia-smi: 1.2967529296875 GB
    Memory Allocated: 0.03306150436401367  GigaBytes
Max Memory Allocated: 0.0401921272277832  GigaBytes

input nodes number: 2142
output nodes number: 1546
edges number: 7021
----------------------------------------before model layer 1
 Nvidia-smi: 1.2967529296875 GB
    Memory Allocated: 0.033089637756347656  GigaBytes
Max Memory Allocated: 0.0401921272277832  GigaBytes

torch.Size([2142, 256])
----------------------------------------before mean aggregator
 Nvidia-smi: 1.2967529296875 GB
    Memory Allocated: 0.033089637756347656  GigaBytes
Max Memory Allocated: 0.0401921272277832  GigaBytes

----------------------------------------after mean aggregator-------
 Nvidia-smi: 1.2987060546875 GB
    Memory Allocated: 0.03718280792236328  GigaBytes
Max Memory Allocated: 0.0401921272277832  GigaBytes

torch.Size([1546, 256])
torch.Size([1546, 256])
----------------------------------------after rst
 Nvidia-smi: 1.2987060546875 GB
    Memory Allocated: 0.038657188415527344  GigaBytes
Max Memory Allocated: 0.0401921272277832  GigaBytes

----------------------------------------after model layer 1 x = layer(block, x)
 Nvidia-smi: 1.2987060546875 GB
    Memory Allocated: 0.03667163848876953  GigaBytes
Max Memory Allocated: 0.0401921272277832  GigaBytes

torch.Size([1546, 256])
----------------------------------------after model layer 1 x = self.activation(x)
 Nvidia-smi: 1.2987060546875 GB
    Memory Allocated: 0.038146018981933594  GigaBytes
Max Memory Allocated: 0.0401921272277832  GigaBytes

----------------------------------------after model layer 1 x = self.dropout(x)
 Nvidia-smi: 1.2987060546875 GB
    Memory Allocated: 0.03902578353881836  GigaBytes
Max Memory Allocated: 0.04050016403198242  GigaBytes

input nodes number: 1546
output nodes number: 644
edges number: 3515
----------------------------------------before model layer 2
 Nvidia-smi: 1.2987060546875 GB
    Memory Allocated: 0.03904294967651367  GigaBytes
Max Memory Allocated: 0.04050016403198242  GigaBytes

torch.Size([1546, 256])
----------------------------------------before mean aggregator
 Nvidia-smi: 1.2987060546875 GB
    Memory Allocated: 0.03904294967651367  GigaBytes
Max Memory Allocated: 0.04050016403198242  GigaBytes

----------------------------------------after mean aggregator-------
 Nvidia-smi: 1.2987060546875 GB
    Memory Allocated: 0.040303707122802734  GigaBytes
Max Memory Allocated: 0.04050016403198242  GigaBytes

torch.Size([644, 256])
torch.Size([644, 256])
----------------------------------------after rst
 Nvidia-smi: 1.3006591796875 GB
    Memory Allocated: 0.04091787338256836  GigaBytes
Max Memory Allocated: 0.041532039642333984  GigaBytes

----------------------------------------after model layer 2 x = layer(block, x)
 Nvidia-smi: 1.3006591796875 GB
    Memory Allocated: 0.040303707122802734  GigaBytes
Max Memory Allocated: 0.041532039642333984  GigaBytes

torch.Size([644, 256])
----------------------------------------after model layer 2 x = self.activation(x)
 Nvidia-smi: 1.3006591796875 GB
    Memory Allocated: 0.04091787338256836  GigaBytes
Max Memory Allocated: 0.041532039642333984  GigaBytes

----------------------------------------after model layer 2 x = self.dropout(x)
 Nvidia-smi: 1.3006591796875 GB
    Memory Allocated: 0.041071414947509766  GigaBytes
Max Memory Allocated: 0.04168558120727539  GigaBytes

----------------input nodes number: 644
----------------output nodes number: 140
----------------edges number: 638
----------------------------------------before mean aggregator
 Nvidia-smi: 1.3006591796875 GB
    Memory Allocated: 0.04107809066772461  GigaBytes
Max Memory Allocated: 0.04168558120727539  GigaBytes

----------------------------------------after mean aggregator-------
 Nvidia-smi: 1.3006591796875 GB
    Memory Allocated: 0.04122209548950195  GigaBytes
Max Memory Allocated: 0.04168558120727539  GigaBytes

torch.Size([140, 7])
torch.Size([140, 7])
----------------------------------------after rst
 Nvidia-smi: 1.3006591796875 GB
    Memory Allocated: 0.04122591018676758  GigaBytes
Max Memory Allocated: 0.04168558120727539  GigaBytes

----------------------------------------end of model layers  after x = self.layers[-1](blocks[-1], x)
 Nvidia-smi: 1.3006591796875 GB
    Memory Allocated: 0.04122209548950195  GigaBytes
Max Memory Allocated: 0.04168558120727539  GigaBytes

torch.Size([140, 7])
----------------------------------------- after batch_pred = model(blocks, batch_inputs) 
 Nvidia-smi: 1.3006591796875 GB
    Memory Allocated: 0.04122591018676758  GigaBytes
Max Memory Allocated: 0.04168558120727539  GigaBytes

-----------------------------------------after loss calculation
 Nvidia-smi: 1.3006591796875 GB
    Memory Allocated: 0.04123067855834961  GigaBytes
Max Memory Allocated: 0.04168558120727539  GigaBytes

-----------------------------------------after loss backward
 Nvidia-smi: 1.3045654296875 GB
    Memory Allocated: 0.021340370178222656  GigaBytes
Max Memory Allocated: 0.042580604553222656  GigaBytes

-----------------------------------------after optimizer step
 Nvidia-smi: 1.3045654296875 GB
    Memory Allocated: 0.029462814331054688  GigaBytes
Max Memory Allocated: 0.042580604553222656  GigaBytes

-----------------------------------------after optimizer zero grad
 Nvidia-smi: 1.3045654296875 GB
    Memory Allocated: 0.029462814331054688  GigaBytes
Max Memory Allocated: 0.042580604553222656  GigaBytes

times | data loading | block to device | model prediction | loss calculation | loss backward |  optimizer step |
      |0.0173494815826416 |0.3451855182647705 |0.7731850147247314 |0.000247955322265625 |0.008183479309082031 |0.0038580894470214844 |
----------------------------------------------------------pseudo_mini_loss sum 1.9551773071289062
Total (block generation + training)time/epoch 1.1564862728118896
Training time/epoch 1.1522202491760254
Training time without block to device /epoch 0.8070347309112549
Training time without total dataloading part /epoch 0.7854745388031006
load block tensor time/epoch 0.0173494815826416
block to device time/epoch 0.3451855182647705
input features size transfer per epoch 1.341104507446289e-07
blocks size to device per epoch 1.1175870895385742e-07
 Run 0| Epoch 0 |
Number of nodes for computation during this epoch:  6724
Number of first layer input nodes during this epoch:  2392
Number of first layer output nodes during this epoch:  2142
GraphSAGE(
  (layers): ModuleList(
    (0): SAGEConv(
      (fc_self): Linear(in_features=1433, out_features=256, bias=False)
      (fc_neigh): Linear(in_features=1433, out_features=256, bias=False)
    )
    (1): SAGEConv(
      (fc_self): Linear(in_features=256, out_features=256, bias=False)
      (fc_neigh): Linear(in_features=256, out_features=256, bias=False)
    )
    (2): SAGEConv(
      (fc_self): Linear(in_features=256, out_features=256, bias=False)
      (fc_neigh): Linear(in_features=256, out_features=256, bias=False)
    )
    (3): SAGEConv(
      (fc_self): Linear(in_features=256, out_features=7, bias=False)
      (fc_neigh): Linear(in_features=256, out_features=7, bias=False)
    )
  )
  (dropout): Dropout(p=0.5, inplace=False)
)
total model parameters size  999424
trainable parameters
layers.0.fc_self.weight, torch.Size([256, 1433])
layers.0.fc_neigh.weight, torch.Size([256, 1433])
layers.1.fc_self.weight, torch.Size([256, 256])
layers.1.fc_neigh.weight, torch.Size([256, 256])
layers.2.fc_self.weight, torch.Size([256, 256])
layers.2.fc_neigh.weight, torch.Size([256, 256])
layers.3.fc_self.weight, torch.Size([7, 256])
layers.3.fc_neigh.weight, torch.Size([7, 256])
----------------------------------------
un-trainable parameters
