main start at this time 1657101298.1374102
-----------------------------------------before load data 
 Nvidia-smi: 0.1717529296875 GB
    Memory Allocated: 0.0  GigaBytes
Max Memory Allocated: 0.0  GigaBytes

  NumNodes: 2708
  NumEdges: 10556
  NumFeats: 1433
  NumClasses: 7
  NumTrainingSamples: 140
  NumValidationSamples: 500
  NumTestSamples: 1000
Done loading data from cached files.
success----------------------------------------
140
500
2068
# Nodes: 2708
# Edges: 10556
# Train: 140
# Val: 500
# Test: 2068
# Classes: 7

----------------------------------------start of run function 
 Nvidia-smi: 0.1717529296875 GB
    Memory Allocated: 0.0  GigaBytes
Max Memory Allocated: 0.0  GigaBytes

in feats:  1433
----------------------------------------before model to device 
 Nvidia-smi: 0.1717529296875 GB
    Memory Allocated: 0.0  GigaBytes
Max Memory Allocated: 0.0  GigaBytes

----------------------------------------after model to device
 Nvidia-smi: 1.0369873046875 GB
    Memory Allocated: 0.00372314453125  GigaBytes
Max Memory Allocated: 0.00372314453125  GigaBytes

----------------------------------------before generate dataloader block 
 Nvidia-smi: 1.0369873046875 GB
    Memory Allocated: 0.00372314453125  GigaBytes
Max Memory Allocated: 0.00372314453125  GigaBytes

The real block id is  3
get_global_graph_edges_ids_block function  spend 0.0009684562683105469
number of batches is  2
batch size is  70
random selection method spend 0.0005154609680175781
time for parepare:  7.534027099609375e-05
local_output_nid generation:  5.435943603515625e-05
local_in_edges_tensor generation:  0.0002372264862060547
mini_batch_src_global generation:  3.0994415283203125e-05
r_  generation:  0.0013642311096191406
local_output_nid generation:  2.1219253540039062e-05
local_in_edges_tensor generation:  0.0001392364501953125
mini_batch_src_global generation:  3.719329833984375e-05
r_  generation:  0.0001456737518310547
----------------------check_connections_block total spend ----------------------------- 0.002295970916748047
generate_one_block  0.003633260726928711
generate_one_block  0.0013294219970703125
The real block id is  2
get_global_graph_edges_ids_block function  spend 0.0005104541778564453
gen group dst list time:  3.2901763916015625e-05
time for parepare:  0.00016188621520996094
local_output_nid generation:  3.0040740966796875e-05
local_in_edges_tensor generation:  0.00022840499877929688
mini_batch_src_global generation:  7.605552673339844e-05
r_  generation:  0.0006709098815917969
local_output_nid generation:  2.7894973754882812e-05
local_in_edges_tensor generation:  0.00015997886657714844
mini_batch_src_global generation:  8.058547973632812e-05
r_  generation:  0.0007140636444091797
----------------------check_connections_block total spend ----------------------------- 0.002552509307861328
generate_one_block  0.0018808841705322266
generate_one_block  0.0018463134765625
The real block id is  1
get_global_graph_edges_ids_block function  spend 0.0006177425384521484
gen group dst list time:  5.3882598876953125e-05
time for parepare:  0.00017404556274414062
local_output_nid generation:  7.176399230957031e-05
local_in_edges_tensor generation:  0.0003325939178466797
mini_batch_src_global generation:  0.0001399517059326172
r_  generation:  0.0017294883728027344
local_output_nid generation:  8.082389831542969e-05
local_in_edges_tensor generation:  0.0002522468566894531
mini_batch_src_global generation:  0.00018072128295898438
r_  generation:  0.0017375946044921875
----------------------check_connections_block total spend ----------------------------- 0.00551915168762207
generate_one_block  0.003069639205932617
generate_one_block  0.003043651580810547
The real block id is  0
get_global_graph_edges_ids_block function  spend 0.0006072521209716797
gen group dst list time:  8.630752563476562e-05
time for parepare:  0.00018548965454101562
local_output_nid generation:  0.0001201629638671875
local_in_edges_tensor generation:  0.0004143714904785156
mini_batch_src_global generation:  0.00018930435180664062
r_  generation:  0.0026111602783203125
local_output_nid generation:  0.0001277923583984375
local_in_edges_tensor generation:  0.0003237724304199219
mini_batch_src_global generation:  0.0002779960632324219
r_  generation:  0.002630949020385742
----------------------check_connections_block total spend ----------------------------- 0.00827789306640625
generate_one_block  0.00405120849609375
generate_one_block  0.0037887096405029297
-----------------------------------------after block dataloader generation 
 Nvidia-smi: 1.0369873046875 GB
    Memory Allocated: 0.00372314453125  GigaBytes
Max Memory Allocated: 0.00372314453125  GigaBytes

connection checking time:  0.01634955406188965
block generation total time  0.01768040657043457
average batch blocks generation time:  0.008840203285217285
block dataloader generation time/epoch 0.05044698715209961
pseudo mini batch 0 input nodes size: 2262
----------------------------------------before load block subtensor 
 Nvidia-smi: 1.0369873046875 GB
    Memory Allocated: 0.00372314453125  GigaBytes
Max Memory Allocated: 0.00372314453125  GigaBytes

----------------------------------------before batch input features to device
 Nvidia-smi: 1.0369873046875 GB
    Memory Allocated: 0.00372314453125  GigaBytes
Max Memory Allocated: 0.00372314453125  GigaBytes

----------------------------------------after batch input features to device
 Nvidia-smi: 1.0369873046875 GB
    Memory Allocated: 0.015798568725585938  GigaBytes
Max Memory Allocated: 0.015798568725585938  GigaBytes

----------------------------------------after  batch labels to device
 Nvidia-smi: 1.0369873046875 GB
    Memory Allocated: 0.015799522399902344  GigaBytes
Max Memory Allocated: 0.015799522399902344  GigaBytes

----------------------------------------after load block subtensor  
 Nvidia-smi: 1.0369873046875 GB
    Memory Allocated: 0.015799522399902344  GigaBytes
Max Memory Allocated: 0.015799522399902344  GigaBytes

----------------------------------------after blocks to device 
 Nvidia-smi: 1.1014404296875 GB
    Memory Allocated: 0.015913963317871094  GigaBytes
Max Memory Allocated: 0.015913963317871094  GigaBytes

----------------------------------------before batch_pred = model(blocks, batch_inputs) 
 Nvidia-smi: 1.1014404296875 GB
    Memory Allocated: 0.015913963317871094  GigaBytes
Max Memory Allocated: 0.015913963317871094  GigaBytes

first layer input nodes number: 2262
first layer output nodes number: 1851
edges number: 7502
----------------------------------------before model layer 0
 Nvidia-smi: 1.1014404296875 GB
    Memory Allocated: 0.015944957733154297  GigaBytes
Max Memory Allocated: 0.01597309112548828  GigaBytes

torch.Size([2262, 1433])
----------------------------------------before mean aggregator
 Nvidia-smi: 1.1014404296875 GB
    Memory Allocated: 0.015944957733154297  GigaBytes
Max Memory Allocated: 0.01597309112548828  GigaBytes

----------------------------------------after mean aggregator-------
 Nvidia-smi: 1.2967529296875 GB
    Memory Allocated: 0.027727127075195312  GigaBytes
Max Memory Allocated: 0.03577852249145508  GigaBytes

torch.Size([1851, 256])
torch.Size([1851, 256])
----------------------------------------after rst
 Nvidia-smi: 1.2967529296875 GB
    Memory Allocated: 0.02949237823486328  GigaBytes
Max Memory Allocated: 0.03577852249145508  GigaBytes

----------------------------------------after model layer 0 x = layer(block, x)
 Nvidia-smi: 1.2967529296875 GB
    Memory Allocated: 0.02765512466430664  GigaBytes
Max Memory Allocated: 0.03577852249145508  GigaBytes

torch.Size([1851, 256])
----------------------------------------after model layer 0 x = self.activation(x)
 Nvidia-smi: 1.2967529296875 GB
    Memory Allocated: 0.02942037582397461  GigaBytes
Max Memory Allocated: 0.03577852249145508  GigaBytes

----------------------------------------after model layer 0 x = self.dropout(x)
 Nvidia-smi: 1.2967529296875 GB
    Memory Allocated: 0.029933929443359375  GigaBytes
Max Memory Allocated: 0.03577852249145508  GigaBytes

input nodes number: 1851
output nodes number: 1068
edges number: 5190
----------------------------------------before model layer 1
 Nvidia-smi: 1.2967529296875 GB
    Memory Allocated: 0.02995586395263672  GigaBytes
Max Memory Allocated: 0.03577852249145508  GigaBytes

torch.Size([1851, 256])
----------------------------------------before mean aggregator
 Nvidia-smi: 1.2967529296875 GB
    Memory Allocated: 0.02995586395263672  GigaBytes
Max Memory Allocated: 0.03577852249145508  GigaBytes

----------------------------------------after mean aggregator-------
 Nvidia-smi: 1.2967529296875 GB
    Memory Allocated: 0.03296089172363281  GigaBytes
Max Memory Allocated: 0.03577852249145508  GigaBytes

torch.Size([1068, 256])
torch.Size([1068, 256])
----------------------------------------after rst
 Nvidia-smi: 1.2967529296875 GB
    Memory Allocated: 0.03397941589355469  GigaBytes
Max Memory Allocated: 0.03577852249145508  GigaBytes

----------------------------------------after model layer 1 x = layer(block, x)
 Nvidia-smi: 1.2967529296875 GB
    Memory Allocated: 0.032787322998046875  GigaBytes
Max Memory Allocated: 0.03577852249145508  GigaBytes

torch.Size([1068, 256])
----------------------------------------after model layer 1 x = self.activation(x)
 Nvidia-smi: 1.2967529296875 GB
    Memory Allocated: 0.03380584716796875  GigaBytes
Max Memory Allocated: 0.03577852249145508  GigaBytes

----------------------------------------after model layer 1 x = self.dropout(x)
 Nvidia-smi: 1.2987060546875 GB
    Memory Allocated: 0.034234046936035156  GigaBytes
Max Memory Allocated: 0.03577852249145508  GigaBytes

input nodes number: 1068
output nodes number: 346
edges number: 2057
----------------------------------------before model layer 2
 Nvidia-smi: 1.2987060546875 GB
    Memory Allocated: 0.03424501419067383  GigaBytes
Max Memory Allocated: 0.03577852249145508  GigaBytes

torch.Size([1068, 256])
----------------------------------------before mean aggregator
 Nvidia-smi: 1.2987060546875 GB
    Memory Allocated: 0.03424501419067383  GigaBytes
Max Memory Allocated: 0.03577852249145508  GigaBytes

----------------------------------------after mean aggregator-------
 Nvidia-smi: 1.2987060546875 GB
    Memory Allocated: 0.03492403030395508  GigaBytes
Max Memory Allocated: 0.03577852249145508  GigaBytes

torch.Size([346, 256])
torch.Size([346, 256])
----------------------------------------after rst
 Nvidia-smi: 1.2987060546875 GB
    Memory Allocated: 0.03525400161743164  GigaBytes
Max Memory Allocated: 0.03577852249145508  GigaBytes

----------------------------------------after model layer 2 x = layer(block, x)
 Nvidia-smi: 1.2987060546875 GB
    Memory Allocated: 0.03492403030395508  GigaBytes
Max Memory Allocated: 0.03577852249145508  GigaBytes

torch.Size([346, 256])
----------------------------------------after model layer 2 x = self.activation(x)
 Nvidia-smi: 1.2987060546875 GB
    Memory Allocated: 0.03525400161743164  GigaBytes
Max Memory Allocated: 0.03577852249145508  GigaBytes

----------------------------------------after model layer 2 x = self.dropout(x)
 Nvidia-smi: 1.2987060546875 GB
    Memory Allocated: 0.03533649444580078  GigaBytes
Max Memory Allocated: 0.03577852249145508  GigaBytes

----------------input nodes number: 346
----------------output nodes number: 70
----------------edges number: 323
----------------------------------------before mean aggregator
 Nvidia-smi: 1.2987060546875 GB
    Memory Allocated: 0.035340309143066406  GigaBytes
Max Memory Allocated: 0.03577852249145508  GigaBytes

----------------------------------------after mean aggregator-------
 Nvidia-smi: 1.2987060546875 GB
    Memory Allocated: 0.03541278839111328  GigaBytes
Max Memory Allocated: 0.03577852249145508  GigaBytes

torch.Size([70, 7])
torch.Size([70, 7])
----------------------------------------after rst
 Nvidia-smi: 1.2987060546875 GB
    Memory Allocated: 0.035414695739746094  GigaBytes
Max Memory Allocated: 0.03577852249145508  GigaBytes

----------------------------------------end of model layers  after x = self.layers[-1](blocks[-1], x)
 Nvidia-smi: 1.2987060546875 GB
    Memory Allocated: 0.03541278839111328  GigaBytes
Max Memory Allocated: 0.03577852249145508  GigaBytes

torch.Size([70, 7])
----------------------------------------- after batch_pred = model(blocks, batch_inputs) 
 Nvidia-smi: 1.2987060546875 GB
    Memory Allocated: 0.035414695739746094  GigaBytes
Max Memory Allocated: 0.03577852249145508  GigaBytes

-----------------------------------------after loss calculation
 Nvidia-smi: 1.2987060546875 GB
    Memory Allocated: 0.03541755676269531  GigaBytes
Max Memory Allocated: 0.03577852249145508  GigaBytes

-----------------------------------------after loss backward
 Nvidia-smi: 1.3026123046875 GB
    Memory Allocated: 0.01990652084350586  GigaBytes
Max Memory Allocated: 0.03683614730834961  GigaBytes

pseudo mini batch 1 input nodes size: 2257
----------------------------------------before load block subtensor 
 Nvidia-smi: 1.3026123046875 GB
    Memory Allocated: 0.019525527954101562  GigaBytes
Max Memory Allocated: 0.03683614730834961  GigaBytes

----------------------------------------before batch input features to device
 Nvidia-smi: 1.3026123046875 GB
    Memory Allocated: 0.019525527954101562  GigaBytes
Max Memory Allocated: 0.03683614730834961  GigaBytes

----------------------------------------after batch input features to device
 Nvidia-smi: 1.3162841796875 GB
    Memory Allocated: 0.031574249267578125  GigaBytes
Max Memory Allocated: 0.03683614730834961  GigaBytes

----------------------------------------after  batch labels to device
 Nvidia-smi: 1.3162841796875 GB
    Memory Allocated: 0.03157520294189453  GigaBytes
Max Memory Allocated: 0.03683614730834961  GigaBytes

----------------------------------------after load block subtensor  
 Nvidia-smi: 1.3162841796875 GB
    Memory Allocated: 0.019498825073242188  GigaBytes
Max Memory Allocated: 0.03683614730834961  GigaBytes

----------------------------------------after blocks to device 
 Nvidia-smi: 1.3162841796875 GB
    Memory Allocated: 0.01961231231689453  GigaBytes
Max Memory Allocated: 0.03683614730834961  GigaBytes

----------------------------------------before batch_pred = model(blocks, batch_inputs) 
 Nvidia-smi: 1.3162841796875 GB
    Memory Allocated: 0.01961231231689453  GigaBytes
Max Memory Allocated: 0.03683614730834961  GigaBytes

first layer input nodes number: 2257
first layer output nodes number: 1850
edges number: 7526
----------------------------------------before model layer 0
 Nvidia-smi: 1.3162841796875 GB
    Memory Allocated: 0.019643306732177734  GigaBytes
Max Memory Allocated: 0.03683614730834961  GigaBytes

torch.Size([2257, 1433])
----------------------------------------before mean aggregator
 Nvidia-smi: 1.3162841796875 GB
    Memory Allocated: 0.019643306732177734  GigaBytes
Max Memory Allocated: 0.03683614730834961  GigaBytes

----------------------------------------after mean aggregator-------
 Nvidia-smi: 1.3162841796875 GB
    Memory Allocated: 0.03142547607421875  GigaBytes
Max Memory Allocated: 0.03946638107299805  GigaBytes

torch.Size([1850, 256])
torch.Size([1850, 256])
----------------------------------------after rst
 Nvidia-smi: 1.3162841796875 GB
    Memory Allocated: 0.03318977355957031  GigaBytes
Max Memory Allocated: 0.03946638107299805  GigaBytes

----------------------------------------after model layer 0 x = layer(block, x)
 Nvidia-smi: 1.3162841796875 GB
    Memory Allocated: 0.03134727478027344  GigaBytes
Max Memory Allocated: 0.03946638107299805  GigaBytes

torch.Size([1850, 256])
----------------------------------------after model layer 0 x = self.activation(x)
 Nvidia-smi: 1.3162841796875 GB
    Memory Allocated: 0.03318977355957031  GigaBytes
Max Memory Allocated: 0.03946638107299805  GigaBytes

----------------------------------------after model layer 0 x = self.dropout(x)
 Nvidia-smi: 1.3162841796875 GB
    Memory Allocated: 0.033777713775634766  GigaBytes
Max Memory Allocated: 0.03946638107299805  GigaBytes

input nodes number: 1850
output nodes number: 1056
edges number: 5234
----------------------------------------before model layer 1
 Nvidia-smi: 1.3162841796875 GB
    Memory Allocated: 0.03379964828491211  GigaBytes
Max Memory Allocated: 0.03946638107299805  GigaBytes

torch.Size([1850, 256])
----------------------------------------before mean aggregator
 Nvidia-smi: 1.3162841796875 GB
    Memory Allocated: 0.03379964828491211  GigaBytes
Max Memory Allocated: 0.03946638107299805  GigaBytes

----------------------------------------after mean aggregator-------
 Nvidia-smi: 1.3162841796875 GB
    Memory Allocated: 0.037312984466552734  GigaBytes
Max Memory Allocated: 0.03946638107299805  GigaBytes

torch.Size([1056, 256])
torch.Size([1056, 256])
----------------------------------------after rst
 Nvidia-smi: 1.3162841796875 GB
    Memory Allocated: 0.038320064544677734  GigaBytes
Max Memory Allocated: 0.03946638107299805  GigaBytes

----------------------------------------after model layer 1 x = layer(block, x)
 Nvidia-smi: 1.3162841796875 GB
    Memory Allocated: 0.0366969108581543  GigaBytes
Max Memory Allocated: 0.03946638107299805  GigaBytes

torch.Size([1056, 256])
----------------------------------------after model layer 1 x = self.activation(x)
 Nvidia-smi: 1.3162841796875 GB
    Memory Allocated: 0.0377039909362793  GigaBytes
Max Memory Allocated: 0.03946638107299805  GigaBytes

----------------------------------------after model layer 1 x = self.dropout(x)
 Nvidia-smi: 1.3162841796875 GB
    Memory Allocated: 0.038571834564208984  GigaBytes
Max Memory Allocated: 0.039578914642333984  GigaBytes

input nodes number: 1056
output nodes number: 353
edges number: 2023
----------------------------------------before model layer 2
 Nvidia-smi: 1.3162841796875 GB
    Memory Allocated: 0.038582801818847656  GigaBytes
Max Memory Allocated: 0.039578914642333984  GigaBytes

torch.Size([1056, 256])
----------------------------------------before mean aggregator
 Nvidia-smi: 1.3162841796875 GB
    Memory Allocated: 0.038582801818847656  GigaBytes
Max Memory Allocated: 0.039578914642333984  GigaBytes

----------------------------------------after mean aggregator-------
 Nvidia-smi: 1.3162841796875 GB
    Memory Allocated: 0.03927421569824219  GigaBytes
Max Memory Allocated: 0.039578914642333984  GigaBytes

torch.Size([353, 256])
torch.Size([353, 256])
----------------------------------------after rst
 Nvidia-smi: 1.3162841796875 GB
    Memory Allocated: 0.039610862731933594  GigaBytes
Max Memory Allocated: 0.039947509765625  GigaBytes

----------------------------------------after model layer 2 x = layer(block, x)
 Nvidia-smi: 1.3162841796875 GB
    Memory Allocated: 0.03927421569824219  GigaBytes
Max Memory Allocated: 0.039947509765625  GigaBytes

torch.Size([353, 256])
----------------------------------------after model layer 2 x = self.activation(x)
 Nvidia-smi: 1.3162841796875 GB
    Memory Allocated: 0.039610862731933594  GigaBytes
Max Memory Allocated: 0.039947509765625  GigaBytes

----------------------------------------after model layer 2 x = self.dropout(x)
 Nvidia-smi: 1.3162841796875 GB
    Memory Allocated: 0.03969526290893555  GigaBytes
Max Memory Allocated: 0.04003190994262695  GigaBytes

----------------input nodes number: 353
----------------output nodes number: 70
----------------edges number: 315
----------------------------------------before mean aggregator
 Nvidia-smi: 1.3162841796875 GB
    Memory Allocated: 0.03969907760620117  GigaBytes
Max Memory Allocated: 0.04003190994262695  GigaBytes

----------------------------------------after mean aggregator-------
 Nvidia-smi: 1.3162841796875 GB
    Memory Allocated: 0.03977155685424805  GigaBytes
Max Memory Allocated: 0.04003190994262695  GigaBytes

torch.Size([70, 7])
torch.Size([70, 7])
----------------------------------------after rst
 Nvidia-smi: 1.3162841796875 GB
    Memory Allocated: 0.03977346420288086  GigaBytes
Max Memory Allocated: 0.04003190994262695  GigaBytes

----------------------------------------end of model layers  after x = self.layers[-1](blocks[-1], x)
 Nvidia-smi: 1.3162841796875 GB
    Memory Allocated: 0.03977155685424805  GigaBytes
Max Memory Allocated: 0.04003190994262695  GigaBytes

torch.Size([70, 7])
----------------------------------------- after batch_pred = model(blocks, batch_inputs) 
 Nvidia-smi: 1.3162841796875 GB
    Memory Allocated: 0.03977155685424805  GigaBytes
Max Memory Allocated: 0.04003190994262695  GigaBytes

-----------------------------------------after loss calculation
 Nvidia-smi: 1.3162841796875 GB
    Memory Allocated: 0.03977394104003906  GigaBytes
Max Memory Allocated: 0.04003190994262695  GigaBytes

-----------------------------------------after loss backward
 Nvidia-smi: 1.3162841796875 GB
    Memory Allocated: 0.019876956939697266  GigaBytes
Max Memory Allocated: 0.04064512252807617  GigaBytes

-----------------------------------------after optimizer step
 Nvidia-smi: 1.3162841796875 GB
    Memory Allocated: 0.028202533721923828  GigaBytes
Max Memory Allocated: 0.04064512252807617  GigaBytes

-----------------------------------------after optimizer zero grad
 Nvidia-smi: 1.3162841796875 GB
    Memory Allocated: 0.028202533721923828  GigaBytes
Max Memory Allocated: 0.04064512252807617  GigaBytes

times | data loading | block to device | model prediction | loss calculation | loss backward |  optimizer step |
      |0.01980602741241455 |0.17458367347717285 |0.3931150436401367 |0.00019061565399169922 |0.0054972171783447266 |0.0017781257629394531 |
----------------------------------------------------------pseudo_mini_loss sum 1.9412442445755005
Total (block generation + training)time/epoch 1.2465777397155762
Training time/epoch 1.195756435394287
Training time without block to device /epoch 0.8465890884399414
Training time without total dataloading part /epoch 0.7993838787078857
load block tensor time/epoch 0.0396120548248291
block to device time/epoch 0.3491673469543457
input features size transfer per epoch 2.682209014892578e-07
blocks size to device per epoch 1.7881393432617188e-07
 Run 0| Epoch 0 |
Number of nodes for computation during this epoch:  11043
Number of first layer input nodes during this epoch:  4519
Number of first layer output nodes during this epoch:  3701
GraphSAGE(
  (layers): ModuleList(
    (0): SAGEConv(
      (fc_self): Linear(in_features=1433, out_features=256, bias=False)
      (fc_neigh): Linear(in_features=1433, out_features=256, bias=False)
    )
    (1): SAGEConv(
      (fc_self): Linear(in_features=256, out_features=256, bias=False)
      (fc_neigh): Linear(in_features=256, out_features=256, bias=False)
    )
    (2): SAGEConv(
      (fc_self): Linear(in_features=256, out_features=256, bias=False)
      (fc_neigh): Linear(in_features=256, out_features=256, bias=False)
    )
    (3): SAGEConv(
      (fc_self): Linear(in_features=256, out_features=7, bias=False)
      (fc_neigh): Linear(in_features=256, out_features=7, bias=False)
    )
  )
  (dropout): Dropout(p=0.5, inplace=False)
)
total model parameters size  999424
trainable parameters
layers.0.fc_self.weight, torch.Size([256, 1433])
layers.0.fc_neigh.weight, torch.Size([256, 1433])
layers.1.fc_self.weight, torch.Size([256, 256])
layers.1.fc_neigh.weight, torch.Size([256, 256])
layers.2.fc_self.weight, torch.Size([256, 256])
layers.2.fc_neigh.weight, torch.Size([256, 256])
layers.3.fc_self.weight, torch.Size([7, 256])
layers.3.fc_neigh.weight, torch.Size([7, 256])
----------------------------------------
un-trainable parameters
