main start at this time 1661476540.6120882
-----------------------------------------before load data 
 Nvidia-smi: 6.2322998046875 GB
    Memory Allocated: 0.0  GigaBytes
Max Memory Allocated: 0.0  GigaBytes

#nodes: 2449029
#edges: 123718024
#classes: 47
success----------------------------------------
196571
39255
2164782
# Nodes: 2400608
# Edges: 123718024
# Train: 196571
# Val: 39255
# Test: 2164782
# Classes: 47

----------------------------------------start of run function 
 Nvidia-smi: 6.2322998046875 GB
    Memory Allocated: 0.0  GigaBytes
Max Memory Allocated: 0.0  GigaBytes

in feats:  100
----------------------------------------before model to device 
 Nvidia-smi: 6.2322998046875 GB
    Memory Allocated: 0.0  GigaBytes
Max Memory Allocated: 0.0  GigaBytes

----------------------------------------after model to device
 Nvidia-smi: 7.0780029296875 GB
    Memory Allocated: 0.0002803802490234375  GigaBytes
Max Memory Allocated: 0.0002803802490234375  GigaBytes

----------------------------------------before batch input features to device
 Nvidia-smi: 7.0780029296875 GB
    Memory Allocated: 0.0002803802490234375  GigaBytes
Max Memory Allocated: 0.0002803802490234375  GigaBytes

----------------------------------------after batch input features to device
 Nvidia-smi: 7.6209716796875 GB
    Memory Allocated: 0.5418314933776855  GigaBytes
Max Memory Allocated: 0.5418314933776855  GigaBytes

<class 'torch.Tensor'>
----------------------------------------after  batch labels to device
 Nvidia-smi: 7.6209716796875 GB
    Memory Allocated: 0.5421977043151855  GigaBytes
Max Memory Allocated: 0.5421977043151855  GigaBytes

first layer input nodes number: 1453714
first layer output nodes number: 638046
edges number: 6283544
torch.Size([1453714, 100])
torch.Size([638046, 256])
torch.Size([49143, 47])
----------------------------------------before batch input features to device
 Nvidia-smi: 11.9373779296875 GB
    Memory Allocated: 0.5516438484191895  GigaBytes
Max Memory Allocated: 3.5205864906311035  GigaBytes

----------------------------------------after batch input features to device
 Nvidia-smi: 11.9373779296875 GB
    Memory Allocated: 1.0920443534851074  GigaBytes
Max Memory Allocated: 3.5205864906311035  GigaBytes

<class 'torch.Tensor'>
----------------------------------------after  batch labels to device
 Nvidia-smi: 11.9373779296875 GB
    Memory Allocated: 1.0924105644226074  GigaBytes
Max Memory Allocated: 3.5205864906311035  GigaBytes

first layer input nodes number: 1450626
first layer output nodes number: 636815
edges number: 6270211
torch.Size([1450626, 100])
torch.Size([636815, 256])
torch.Size([49143, 47])
----------------------------------------before batch input features to device
 Nvidia-smi: 12.5447998046875 GB
    Memory Allocated: 0.5504932403564453  GigaBytes
Max Memory Allocated: 3.5205864906311035  GigaBytes

----------------------------------------after batch input features to device
 Nvidia-smi: 12.5447998046875 GB
    Memory Allocated: 1.0916752815246582  GigaBytes
Max Memory Allocated: 3.5205864906311035  GigaBytes

<class 'torch.Tensor'>
----------------------------------------after  batch labels to device
 Nvidia-smi: 12.5447998046875 GB
    Memory Allocated: 1.0920414924621582  GigaBytes
Max Memory Allocated: 3.5205864906311035  GigaBytes

first layer input nodes number: 1452724
first layer output nodes number: 637551
edges number: 6276677
torch.Size([1452724, 100])
torch.Size([637551, 256])
torch.Size([49143, 47])
----------------------------------------before batch input features to device
 Nvidia-smi: 13.1541748046875 GB
    Memory Allocated: 0.5512747764587402  GigaBytes
Max Memory Allocated: 3.5205864906311035  GigaBytes

----------------------------------------after batch input features to device
 Nvidia-smi: 13.1541748046875 GB
    Memory Allocated: 1.0926809310913086  GigaBytes
Max Memory Allocated: 3.5205864906311035  GigaBytes

<class 'torch.Tensor'>
----------------------------------------after  batch labels to device
 Nvidia-smi: 13.1541748046875 GB
    Memory Allocated: 1.0930471420288086  GigaBytes
Max Memory Allocated: 3.5205864906311035  GigaBytes

first layer input nodes number: 1453326
first layer output nodes number: 637062
edges number: 6270631
torch.Size([1453326, 100])
torch.Size([637062, 256])
torch.Size([49142, 47])
Number of first layer input nodes during this epoch:  5810390
----------------------------------------before batch input features to device
 Nvidia-smi: 13.1541748046875 GB
    Memory Allocated: 0.5514988899230957  GigaBytes
Max Memory Allocated: 3.5205864906311035  GigaBytes

----------------------------------------after batch input features to device
 Nvidia-smi: 13.1541748046875 GB
    Memory Allocated: 1.0927648544311523  GigaBytes
Max Memory Allocated: 3.5205864906311035  GigaBytes

<class 'torch.Tensor'>
----------------------------------------after  batch labels to device
 Nvidia-smi: 13.1541748046875 GB
    Memory Allocated: 1.0931310653686523  GigaBytes
Max Memory Allocated: 3.5205864906311035  GigaBytes

first layer input nodes number: 1452949
first layer output nodes number: 636554
edges number: 6266203
torch.Size([1452949, 100])
torch.Size([636554, 256])
torch.Size([49143, 47])
----------------------------------------before batch input features to device
 Nvidia-smi: 13.1541748046875 GB
    Memory Allocated: 0.551358699798584  GigaBytes
Max Memory Allocated: 3.5205864906311035  GigaBytes

----------------------------------------after batch input features to device
 Nvidia-smi: 13.1541748046875 GB
    Memory Allocated: 1.0927801132202148  GigaBytes
Max Memory Allocated: 3.5205864906311035  GigaBytes

<class 'torch.Tensor'>
----------------------------------------after  batch labels to device
 Nvidia-smi: 13.1541748046875 GB
    Memory Allocated: 1.0931463241577148  GigaBytes
Max Memory Allocated: 3.5205864906311035  GigaBytes

first layer input nodes number: 1453366
first layer output nodes number: 636986
edges number: 6271697
torch.Size([1453366, 100])
torch.Size([636986, 256])
torch.Size([49143, 47])
----------------------------------------before batch input features to device
 Nvidia-smi: 13.1541748046875 GB
    Memory Allocated: 0.5515141487121582  GigaBytes
Max Memory Allocated: 3.5205864906311035  GigaBytes

----------------------------------------after batch input features to device
 Nvidia-smi: 13.1541748046875 GB
    Memory Allocated: 1.092151165008545  GigaBytes
Max Memory Allocated: 3.5205864906311035  GigaBytes

<class 'torch.Tensor'>
----------------------------------------after  batch labels to device
 Nvidia-smi: 13.1541748046875 GB
    Memory Allocated: 1.092517375946045  GigaBytes
Max Memory Allocated: 3.5205864906311035  GigaBytes

first layer input nodes number: 1451261
first layer output nodes number: 636897
edges number: 6269043
torch.Size([1451261, 100])
torch.Size([636897, 256])
torch.Size([49143, 47])
----------------------------------------before batch input features to device
 Nvidia-smi: 13.1541748046875 GB
    Memory Allocated: 0.5507297515869141  GigaBytes
Max Memory Allocated: 3.5205864906311035  GigaBytes

----------------------------------------after batch input features to device
 Nvidia-smi: 13.1541748046875 GB
    Memory Allocated: 1.092902660369873  GigaBytes
Max Memory Allocated: 3.5205864906311035  GigaBytes

<class 'torch.Tensor'>
----------------------------------------after  batch labels to device
 Nvidia-smi: 13.1541748046875 GB
    Memory Allocated: 1.093268871307373  GigaBytes
Max Memory Allocated: 3.5205864906311035  GigaBytes

first layer input nodes number: 1455384
first layer output nodes number: 639247
edges number: 6295169
torch.Size([1455384, 100])
torch.Size([639247, 256])
torch.Size([49142, 47])
Number of first layer input nodes during this epoch:  5812960
----------------------------------------before batch input features to device
 Nvidia-smi: 15.6014404296875 GB
    Memory Allocated: 0.5522656440734863  GigaBytes
Max Memory Allocated: 3.522948741912842  GigaBytes

----------------------------------------after batch input features to device
 Nvidia-smi: 15.6014404296875 GB
    Memory Allocated: 1.0924568176269531  GigaBytes
Max Memory Allocated: 3.522948741912842  GigaBytes

<class 'torch.Tensor'>
----------------------------------------after  batch labels to device
 Nvidia-smi: 15.6014404296875 GB
    Memory Allocated: 1.0928230285644531  GigaBytes
Max Memory Allocated: 3.522948741912842  GigaBytes

first layer input nodes number: 1450064
first layer output nodes number: 635593
edges number: 6258187
torch.Size([1450064, 100])
torch.Size([635593, 256])
torch.Size([49143, 47])
----------------------------------------before batch input features to device
 Nvidia-smi: 15.6014404296875 GB
    Memory Allocated: 0.5502839088439941  GigaBytes
Max Memory Allocated: 3.522948741912842  GigaBytes

----------------------------------------after batch input features to device
 Nvidia-smi: 15.6014404296875 GB
    Memory Allocated: 1.091252326965332  GigaBytes
Max Memory Allocated: 3.522948741912842  GigaBytes

<class 'torch.Tensor'>
----------------------------------------after  batch labels to device
 Nvidia-smi: 15.6014404296875 GB
    Memory Allocated: 1.091618537902832  GigaBytes
Max Memory Allocated: 3.522948741912842  GigaBytes

first layer input nodes number: 1452150
first layer output nodes number: 637588
edges number: 6277758
torch.Size([1452150, 100])
torch.Size([637588, 256])
torch.Size([49143, 47])
----------------------------------------before batch input features to device
 Nvidia-smi: 15.6014404296875 GB
    Memory Allocated: 0.5510611534118652  GigaBytes
Max Memory Allocated: 3.522948741912842  GigaBytes

----------------------------------------after batch input features to device
 Nvidia-smi: 15.6014404296875 GB
    Memory Allocated: 1.0926599502563477  GigaBytes
Max Memory Allocated: 3.522948741912842  GigaBytes

<class 'torch.Tensor'>
----------------------------------------after  batch labels to device
 Nvidia-smi: 15.6014404296875 GB
    Memory Allocated: 1.0930261611938477  GigaBytes
Max Memory Allocated: 3.522948741912842  GigaBytes

first layer input nodes number: 1453842
first layer output nodes number: 637368
edges number: 6274923
torch.Size([1453842, 100])
torch.Size([637368, 256])
torch.Size([49143, 47])
----------------------------------------before batch input features to device
 Nvidia-smi: 15.6014404296875 GB
    Memory Allocated: 0.5516915321350098  GigaBytes
Max Memory Allocated: 3.522948741912842  GigaBytes

----------------------------------------after batch input features to device
 Nvidia-smi: 15.6014404296875 GB
    Memory Allocated: 1.0942211151123047  GigaBytes
Max Memory Allocated: 3.522948741912842  GigaBytes

<class 'torch.Tensor'>
----------------------------------------after  batch labels to device
 Nvidia-smi: 15.6014404296875 GB
    Memory Allocated: 1.0945873260498047  GigaBytes
Max Memory Allocated: 3.522948741912842  GigaBytes

first layer input nodes number: 1456341
first layer output nodes number: 638260
edges number: 6283874
torch.Size([1456341, 100])
torch.Size([638260, 256])
torch.Size([49142, 47])
* Pure training time/epoch 0.9598898887634277
Training time/epoch 5.247983455657959
Number of first layer input nodes during this epoch:  5812397
----------------------------------------before batch input features to device
 Nvidia-smi: 15.6014404296875 GB
    Memory Allocated: 0.5534400939941406  GigaBytes
Max Memory Allocated: 3.522948741912842  GigaBytes

----------------------------------------after batch input features to device
 Nvidia-smi: 15.6014404296875 GB
    Memory Allocated: 1.0943965911865234  GigaBytes
Max Memory Allocated: 3.522948741912842  GigaBytes

<class 'torch.Tensor'>
----------------------------------------after  batch labels to device
 Nvidia-smi: 15.6014404296875 GB
    Memory Allocated: 1.0947628021240234  GigaBytes
Max Memory Allocated: 3.522948741912842  GigaBytes

first layer input nodes number: 1452118
first layer output nodes number: 636496
edges number: 6266108
torch.Size([1452118, 100])
torch.Size([636496, 256])
torch.Size([49143, 47])
----------------------------------------before batch input features to device
 Nvidia-smi: 15.6014404296875 GB
    Memory Allocated: 0.5510492324829102  GigaBytes
Max Memory Allocated: 3.522948741912842  GigaBytes

----------------------------------------after batch input features to device
 Nvidia-smi: 15.6014404296875 GB
    Memory Allocated: 1.0922560691833496  GigaBytes
Max Memory Allocated: 3.522948741912842  GigaBytes

<class 'torch.Tensor'>
----------------------------------------after  batch labels to device
 Nvidia-smi: 15.6014404296875 GB
    Memory Allocated: 1.0926222801208496  GigaBytes
Max Memory Allocated: 3.522948741912842  GigaBytes

first layer input nodes number: 1452791
first layer output nodes number: 637712
edges number: 6278328
torch.Size([1452791, 100])
torch.Size([637712, 256])
torch.Size([49143, 47])
----------------------------------------before batch input features to device
 Nvidia-smi: 15.6014404296875 GB
    Memory Allocated: 0.5512995719909668  GigaBytes
Max Memory Allocated: 3.522948741912842  GigaBytes

----------------------------------------after batch input features to device
 Nvidia-smi: 15.6014404296875 GB
    Memory Allocated: 1.092576026916504  GigaBytes
Max Memory Allocated: 3.522948741912842  GigaBytes

<class 'torch.Tensor'>
----------------------------------------after  batch labels to device
 Nvidia-smi: 15.6014404296875 GB
    Memory Allocated: 1.092942237854004  GigaBytes
Max Memory Allocated: 3.522948741912842  GigaBytes

first layer input nodes number: 1452977
first layer output nodes number: 637536
edges number: 6277295
torch.Size([1452977, 100])
torch.Size([637536, 256])
torch.Size([49143, 47])
----------------------------------------before batch input features to device
 Nvidia-smi: 15.6014404296875 GB
    Memory Allocated: 0.5513691902160645  GigaBytes
Max Memory Allocated: 3.522948741912842  GigaBytes

----------------------------------------after batch input features to device
 Nvidia-smi: 15.6014404296875 GB
    Memory Allocated: 1.0929131507873535  GigaBytes
Max Memory Allocated: 3.522948741912842  GigaBytes

<class 'torch.Tensor'>
----------------------------------------after  batch labels to device
 Nvidia-smi: 15.6014404296875 GB
    Memory Allocated: 1.0932793617248535  GigaBytes
Max Memory Allocated: 3.522948741912842  GigaBytes

first layer input nodes number: 1453695
first layer output nodes number: 637043
edges number: 6272843
torch.Size([1453695, 100])
torch.Size([637043, 256])
torch.Size([49142, 47])
* Pure training time/epoch 1.0814380645751953
Training time/epoch 5.1329185962677
Number of first layer input nodes during this epoch:  5811581
----------------------------------------before batch input features to device
 Nvidia-smi: 15.6014404296875 GB
    Memory Allocated: 0.5516366958618164  GigaBytes
Max Memory Allocated: 3.522948741912842  GigaBytes

----------------------------------------after batch input features to device
 Nvidia-smi: 15.6014404296875 GB
    Memory Allocated: 1.0946054458618164  GigaBytes
Max Memory Allocated: 3.522948741912842  GigaBytes

<class 'torch.Tensor'>
----------------------------------------after  batch labels to device
 Nvidia-smi: 15.6014404296875 GB
    Memory Allocated: 1.0949716567993164  GigaBytes
Max Memory Allocated: 3.522948741912842  GigaBytes

first layer input nodes number: 1455922
first layer output nodes number: 637347
edges number: 6274347
torch.Size([1455922, 100])
torch.Size([637347, 256])
torch.Size([49143, 47])
----------------------------------------before batch input features to device
 Nvidia-smi: 15.6014404296875 GB
    Memory Allocated: 0.5530614852905273  GigaBytes
Max Memory Allocated: 3.522948741912842  GigaBytes

----------------------------------------after batch input features to device
 Nvidia-smi: 15.6014404296875 GB
    Memory Allocated: 1.0946331024169922  GigaBytes
Max Memory Allocated: 3.522948741912842  GigaBytes

<class 'torch.Tensor'>
----------------------------------------after  batch labels to device
 Nvidia-smi: 15.6014404296875 GB
    Memory Allocated: 1.0949993133544922  GigaBytes
Max Memory Allocated: 3.522948741912842  GigaBytes

first layer input nodes number: 1453770
first layer output nodes number: 638352
edges number: 6284576
torch.Size([1453770, 100])
torch.Size([638352, 256])
torch.Size([49143, 47])
----------------------------------------before batch input features to device
 Nvidia-smi: 15.6014404296875 GB
    Memory Allocated: 0.5516643524169922  GigaBytes
Max Memory Allocated: 3.522948741912842  GigaBytes

----------------------------------------after batch input features to device
 Nvidia-smi: 15.6014404296875 GB
    Memory Allocated: 1.0927433967590332  GigaBytes
Max Memory Allocated: 3.522948741912842  GigaBytes

<class 'torch.Tensor'>
----------------------------------------after  batch labels to device
 Nvidia-smi: 15.6014404296875 GB
    Memory Allocated: 1.0931096076965332  GigaBytes
Max Memory Allocated: 3.522948741912842  GigaBytes

first layer input nodes number: 1452448
first layer output nodes number: 637150
edges number: 6272515
torch.Size([1452448, 100])
torch.Size([637150, 256])
torch.Size([49143, 47])
----------------------------------------before batch input features to device
 Nvidia-smi: 15.6014404296875 GB
    Memory Allocated: 0.5511717796325684  GigaBytes
Max Memory Allocated: 3.522948741912842  GigaBytes

----------------------------------------after batch input features to device
 Nvidia-smi: 15.6014404296875 GB
    Memory Allocated: 1.0913686752319336  GigaBytes
Max Memory Allocated: 3.522948741912842  GigaBytes

<class 'torch.Tensor'>
----------------------------------------after  batch labels to device
 Nvidia-smi: 15.6014404296875 GB
    Memory Allocated: 1.0917348861694336  GigaBytes
Max Memory Allocated: 3.522948741912842  GigaBytes

first layer input nodes number: 1450080
first layer output nodes number: 636510
edges number: 6267914
torch.Size([1450080, 100])
torch.Size([636510, 256])
torch.Size([49142, 47])
* Pure training time/epoch 1.025545597076416
Training time/epoch 5.0705406665802
Number of first layer input nodes during this epoch:  5812220
mean Pure training time/epoch 1.0222911834716797
mean dataloder + train time/epoch 5.15048090616862
