main start at this time 1661476693.7550778
-----------------------------------------before load data 
 Nvidia-smi: 6.2322998046875 GB
    Memory Allocated: 0.0  GigaBytes
Max Memory Allocated: 0.0  GigaBytes

#nodes: 2449029
#edges: 123718024
#classes: 47
success----------------------------------------
196571
39255
2164782
# Nodes: 2400608
# Edges: 123718024
# Train: 196571
# Val: 39255
# Test: 2164782
# Classes: 47

----------------------------------------start of run function 
 Nvidia-smi: 6.2322998046875 GB
    Memory Allocated: 0.0  GigaBytes
Max Memory Allocated: 0.0  GigaBytes

in feats:  100
----------------------------------------before model to device 
 Nvidia-smi: 6.2322998046875 GB
    Memory Allocated: 0.0  GigaBytes
Max Memory Allocated: 0.0  GigaBytes

----------------------------------------after model to device
 Nvidia-smi: 7.0780029296875 GB
    Memory Allocated: 0.0002803802490234375  GigaBytes
Max Memory Allocated: 0.0002803802490234375  GigaBytes

----------------------------------------before batch input features to device
 Nvidia-smi: 7.0780029296875 GB
    Memory Allocated: 0.0002803802490234375  GigaBytes
Max Memory Allocated: 0.0002803802490234375  GigaBytes

----------------------------------------after batch input features to device
 Nvidia-smi: 7.4276123046875 GB
    Memory Allocated: 0.34988975524902344  GigaBytes
Max Memory Allocated: 0.34988975524902344  GigaBytes

<class 'torch.Tensor'>
----------------------------------------after  batch labels to device
 Nvidia-smi: 7.4276123046875 GB
    Memory Allocated: 0.34998130798339844  GigaBytes
Max Memory Allocated: 0.34998130798339844  GigaBytes

first layer input nodes number: 938467
first layer output nodes number: 239457
edges number: 2369449
torch.Size([938467, 100])
torch.Size([239457, 256])
torch.Size([12286, 47])
----------------------------------------before batch input features to device
 Nvidia-smi: 9.1971435546875 GB
    Memory Allocated: 0.35297441482543945  GigaBytes
Max Memory Allocated: 1.4673771858215332  GigaBytes

----------------------------------------after batch input features to device
 Nvidia-smi: 9.5467529296875 GB
    Memory Allocated: 0.7025837898254395  GigaBytes
Max Memory Allocated: 1.4673771858215332  GigaBytes

<class 'torch.Tensor'>
----------------------------------------after  batch labels to device
 Nvidia-smi: 9.5467529296875 GB
    Memory Allocated: 0.7026753425598145  GigaBytes
Max Memory Allocated: 1.4673771858215332  GigaBytes

first layer input nodes number: 937730
first layer output nodes number: 239562
edges number: 2370590
torch.Size([937730, 100])
torch.Size([239562, 256])
torch.Size([12286, 47])
----------------------------------------before batch input features to device
 Nvidia-smi: 9.5487060546875 GB
    Memory Allocated: 0.35297441482543945  GigaBytes
Max Memory Allocated: 1.468276023864746  GigaBytes

----------------------------------------after batch input features to device
 Nvidia-smi: 9.5487060546875 GB
    Memory Allocated: 0.7013106346130371  GigaBytes
Max Memory Allocated: 1.468276023864746  GigaBytes

<class 'torch.Tensor'>
----------------------------------------after  batch labels to device
 Nvidia-smi: 9.5487060546875 GB
    Memory Allocated: 0.7014021873474121  GigaBytes
Max Memory Allocated: 1.468276023864746  GigaBytes

first layer input nodes number: 935057
first layer output nodes number: 238873
edges number: 2364108
torch.Size([935057, 100])
torch.Size([238873, 256])
torch.Size([12286, 47])
----------------------------------------before batch input features to device
 Nvidia-smi: 9.5487060546875 GB
    Memory Allocated: 0.3517012596130371  GigaBytes
Max Memory Allocated: 1.468276023864746  GigaBytes

----------------------------------------after batch input features to device
 Nvidia-smi: 9.9002685546875 GB
    Memory Allocated: 0.7019162178039551  GigaBytes
Max Memory Allocated: 1.468276023864746  GigaBytes

<class 'torch.Tensor'>
----------------------------------------after  batch labels to device
 Nvidia-smi: 9.9002685546875 GB
    Memory Allocated: 0.7020077705383301  GigaBytes
Max Memory Allocated: 1.468276023864746  GigaBytes

first layer input nodes number: 940101
first layer output nodes number: 239741
edges number: 2371980
torch.Size([940101, 100])
torch.Size([239741, 256])
torch.Size([12286, 47])
----------------------------------------before batch input features to device
 Nvidia-smi: 10.3631591796875 GB
    Memory Allocated: 0.3535799980163574  GigaBytes
Max Memory Allocated: 1.4700121879577637  GigaBytes

----------------------------------------after batch input features to device
 Nvidia-smi: 10.3631591796875 GB
    Memory Allocated: 0.7020244598388672  GigaBytes
Max Memory Allocated: 1.4700121879577637  GigaBytes

<class 'torch.Tensor'>
----------------------------------------after  batch labels to device
 Nvidia-smi: 10.3631591796875 GB
    Memory Allocated: 0.7021160125732422  GigaBytes
Max Memory Allocated: 1.4700121879577637  GigaBytes

first layer input nodes number: 935348
first layer output nodes number: 238497
edges number: 2359564
torch.Size([935348, 100])
torch.Size([238497, 256])
torch.Size([12286, 47])
----------------------------------------before batch input features to device
 Nvidia-smi: 10.3631591796875 GB
    Memory Allocated: 0.3518095016479492  GigaBytes
Max Memory Allocated: 1.4700121879577637  GigaBytes

----------------------------------------after batch input features to device
 Nvidia-smi: 10.3631591796875 GB
    Memory Allocated: 0.7014188766479492  GigaBytes
Max Memory Allocated: 1.4700121879577637  GigaBytes

<class 'torch.Tensor'>
----------------------------------------after  batch labels to device
 Nvidia-smi: 10.3631591796875 GB
    Memory Allocated: 0.7015104293823242  GigaBytes
Max Memory Allocated: 1.4700121879577637  GigaBytes

first layer input nodes number: 937414
first layer output nodes number: 240076
edges number: 2374751
torch.Size([937414, 100])
torch.Size([240076, 256])
torch.Size([12286, 47])
----------------------------------------before batch input features to device
 Nvidia-smi: 10.3631591796875 GB
    Memory Allocated: 0.35297441482543945  GigaBytes
Max Memory Allocated: 1.4704270362854004  GigaBytes

----------------------------------------after batch input features to device
 Nvidia-smi: 10.3631591796875 GB
    Memory Allocated: 0.7025837898254395  GigaBytes
Max Memory Allocated: 1.4704270362854004  GigaBytes

<class 'torch.Tensor'>
----------------------------------------after  batch labels to device
 Nvidia-smi: 10.3631591796875 GB
    Memory Allocated: 0.7026753425598145  GigaBytes
Max Memory Allocated: 1.4704270362854004  GigaBytes

first layer input nodes number: 938137
first layer output nodes number: 239298
edges number: 2368224
torch.Size([938137, 100])
torch.Size([239298, 256])
torch.Size([12286, 47])
----------------------------------------before batch input features to device
 Nvidia-smi: 10.3631591796875 GB
    Memory Allocated: 0.35297441482543945  GigaBytes
Max Memory Allocated: 1.4704270362854004  GigaBytes

----------------------------------------after batch input features to device
 Nvidia-smi: 10.3631591796875 GB
    Memory Allocated: 0.7027053833007812  GigaBytes
Max Memory Allocated: 1.4704270362854004  GigaBytes

<class 'torch.Tensor'>
----------------------------------------after  batch labels to device
 Nvidia-smi: 10.3631591796875 GB
    Memory Allocated: 0.7027969360351562  GigaBytes
Max Memory Allocated: 1.4704270362854004  GigaBytes

first layer input nodes number: 938801
first layer output nodes number: 238944
edges number: 2365116
torch.Size([938801, 100])
torch.Size([238944, 256])
torch.Size([12286, 47])
----------------------------------------before batch input features to device
 Nvidia-smi: 10.3631591796875 GB
    Memory Allocated: 0.35309600830078125  GigaBytes
Max Memory Allocated: 1.4704270362854004  GigaBytes

----------------------------------------after batch input features to device
 Nvidia-smi: 10.3631591796875 GB
    Memory Allocated: 0.7027053833007812  GigaBytes
Max Memory Allocated: 1.4704270362854004  GigaBytes

<class 'torch.Tensor'>
----------------------------------------after  batch labels to device
 Nvidia-smi: 10.3631591796875 GB
    Memory Allocated: 0.7027969360351562  GigaBytes
Max Memory Allocated: 1.4704270362854004  GigaBytes

first layer input nodes number: 936002
first layer output nodes number: 239519
edges number: 2369568
torch.Size([936002, 100])
torch.Size([239519, 256])
torch.Size([12286, 47])
----------------------------------------before batch input features to device
 Nvidia-smi: 10.3631591796875 GB
    Memory Allocated: 0.35297441482543945  GigaBytes
Max Memory Allocated: 1.4704270362854004  GigaBytes

----------------------------------------after batch input features to device
 Nvidia-smi: 10.7166748046875 GB
    Memory Allocated: 0.7046165466308594  GigaBytes
Max Memory Allocated: 1.4704270362854004  GigaBytes

<class 'torch.Tensor'>
----------------------------------------after  batch labels to device
 Nvidia-smi: 10.7166748046875 GB
    Memory Allocated: 0.7047080993652344  GigaBytes
Max Memory Allocated: 1.4704270362854004  GigaBytes

first layer input nodes number: 943931
first layer output nodes number: 240198
edges number: 2376329
torch.Size([943931, 100])
torch.Size([240198, 256])
torch.Size([12286, 47])
----------------------------------------before batch input features to device
 Nvidia-smi: 10.7166748046875 GB
    Memory Allocated: 0.3550071716308594  GigaBytes
Max Memory Allocated: 1.4735097885131836  GigaBytes

----------------------------------------after batch input features to device
 Nvidia-smi: 10.7166748046875 GB
    Memory Allocated: 0.7048311233520508  GigaBytes
Max Memory Allocated: 1.4735097885131836  GigaBytes

<class 'torch.Tensor'>
----------------------------------------after  batch labels to device
 Nvidia-smi: 10.7166748046875 GB
    Memory Allocated: 0.7049226760864258  GigaBytes
Max Memory Allocated: 1.4735097885131836  GigaBytes

first layer input nodes number: 939051
first layer output nodes number: 239545
edges number: 2370068
torch.Size([939051, 100])
torch.Size([239545, 256])
torch.Size([12286, 47])
----------------------------------------before batch input features to device
 Nvidia-smi: 10.7166748046875 GB
    Memory Allocated: 0.35318899154663086  GigaBytes
Max Memory Allocated: 1.4735097885131836  GigaBytes

----------------------------------------after batch input features to device
 Nvidia-smi: 10.7166748046875 GB
    Memory Allocated: 0.7009806632995605  GigaBytes
Max Memory Allocated: 1.4735097885131836  GigaBytes

<class 'torch.Tensor'>
----------------------------------------after  batch labels to device
 Nvidia-smi: 10.7166748046875 GB
    Memory Allocated: 0.7010722160339355  GigaBytes
Max Memory Allocated: 1.4735097885131836  GigaBytes

first layer input nodes number: 933595
first layer output nodes number: 238690
edges number: 2362424
torch.Size([933595, 100])
torch.Size([238690, 256])
torch.Size([12286, 47])
----------------------------------------before batch input features to device
 Nvidia-smi: 10.7166748046875 GB
    Memory Allocated: 0.35115671157836914  GigaBytes
Max Memory Allocated: 1.4735097885131836  GigaBytes

----------------------------------------after batch input features to device
 Nvidia-smi: 10.7166748046875 GB
    Memory Allocated: 0.701347827911377  GigaBytes
Max Memory Allocated: 1.4735097885131836  GigaBytes

<class 'torch.Tensor'>
----------------------------------------after  batch labels to device
 Nvidia-smi: 10.7166748046875 GB
    Memory Allocated: 0.701439380645752  GigaBytes
Max Memory Allocated: 1.4735097885131836  GigaBytes

first layer input nodes number: 940037
first layer output nodes number: 239248
edges number: 2366508
torch.Size([940037, 100])
torch.Size([239248, 256])
torch.Size([12286, 47])
----------------------------------------before batch input features to device
 Nvidia-smi: 10.7166748046875 GB
    Memory Allocated: 0.35355615615844727  GigaBytes
Max Memory Allocated: 1.4735097885131836  GigaBytes

----------------------------------------after batch input features to device
 Nvidia-smi: 10.7166748046875 GB
    Memory Allocated: 0.7031655311584473  GigaBytes
Max Memory Allocated: 1.4735097885131836  GigaBytes

<class 'torch.Tensor'>
----------------------------------------after  batch labels to device
 Nvidia-smi: 10.7166748046875 GB
    Memory Allocated: 0.7032570838928223  GigaBytes
Max Memory Allocated: 1.4735097885131836  GigaBytes

first layer input nodes number: 938253
first layer output nodes number: 238560
edges number: 2359990
torch.Size([938253, 100])
torch.Size([238560, 256])
torch.Size([12286, 47])
----------------------------------------before batch input features to device
 Nvidia-smi: 10.7166748046875 GB
    Memory Allocated: 0.35297441482543945  GigaBytes
Max Memory Allocated: 1.4735097885131836  GigaBytes

----------------------------------------after batch input features to device
 Nvidia-smi: 10.7166748046875 GB
    Memory Allocated: 0.7025837898254395  GigaBytes
Max Memory Allocated: 1.4735097885131836  GigaBytes

<class 'torch.Tensor'>
----------------------------------------after  batch labels to device
 Nvidia-smi: 10.7166748046875 GB
    Memory Allocated: 0.7026753425598145  GigaBytes
Max Memory Allocated: 1.4735097885131836  GigaBytes

first layer input nodes number: 937748
first layer output nodes number: 239198
edges number: 2365955
torch.Size([937748, 100])
torch.Size([239198, 256])
torch.Size([12286, 47])
----------------------------------------before batch input features to device
 Nvidia-smi: 10.7166748046875 GB
    Memory Allocated: 0.35297441482543945  GigaBytes
Max Memory Allocated: 1.4735097885131836  GigaBytes

----------------------------------------after batch input features to device
 Nvidia-smi: 10.7166748046875 GB
    Memory Allocated: 0.7011528015136719  GigaBytes
Max Memory Allocated: 1.4735097885131836  GigaBytes

<class 'torch.Tensor'>
----------------------------------------after  batch labels to device
 Nvidia-smi: 10.7166748046875 GB
    Memory Allocated: 0.7012443542480469  GigaBytes
Max Memory Allocated: 1.4735097885131836  GigaBytes

first layer input nodes number: 934634
first layer output nodes number: 238644
edges number: 2360452
torch.Size([934634, 100])
torch.Size([238644, 256])
torch.Size([12281, 47])
Number of first layer input nodes during this epoch:  15004306
----------------------------------------before batch input features to device
 Nvidia-smi: 10.7166748046875 GB
    Memory Allocated: 0.35154247283935547  GigaBytes
Max Memory Allocated: 1.4735097885131836  GigaBytes

----------------------------------------after batch input features to device
 Nvidia-smi: 10.7166748046875 GB
    Memory Allocated: 0.6998519897460938  GigaBytes
Max Memory Allocated: 1.4735097885131836  GigaBytes

<class 'torch.Tensor'>
----------------------------------------after  batch labels to device
 Nvidia-smi: 10.7166748046875 GB
    Memory Allocated: 0.6999435424804688  GigaBytes
Max Memory Allocated: 1.4735097885131836  GigaBytes

first layer input nodes number: 934986
first layer output nodes number: 238928
edges number: 2364835
torch.Size([934986, 100])
torch.Size([238928, 256])
torch.Size([12286, 47])
----------------------------------------before batch input features to device
 Nvidia-smi: 10.7166748046875 GB
    Memory Allocated: 0.35167455673217773  GigaBytes
Max Memory Allocated: 1.4735097885131836  GigaBytes

----------------------------------------after batch input features to device
 Nvidia-smi: 10.7166748046875 GB
    Memory Allocated: 0.7012839317321777  GigaBytes
Max Memory Allocated: 1.4735097885131836  GigaBytes

<class 'torch.Tensor'>
----------------------------------------after  batch labels to device
 Nvidia-smi: 10.7166748046875 GB
    Memory Allocated: 0.7013754844665527  GigaBytes
Max Memory Allocated: 1.4735097885131836  GigaBytes

first layer input nodes number: 936960
first layer output nodes number: 239233
edges number: 2367025
torch.Size([936960, 100])
torch.Size([239233, 256])
torch.Size([12286, 47])
----------------------------------------before batch input features to device
 Nvidia-smi: 10.7166748046875 GB
    Memory Allocated: 0.35297441482543945  GigaBytes
Max Memory Allocated: 1.4735097885131836  GigaBytes

----------------------------------------after batch input features to device
 Nvidia-smi: 10.7166748046875 GB
    Memory Allocated: 0.7025837898254395  GigaBytes
Max Memory Allocated: 1.4735097885131836  GigaBytes

<class 'torch.Tensor'>
----------------------------------------after  batch labels to device
 Nvidia-smi: 10.7166748046875 GB
    Memory Allocated: 0.7026753425598145  GigaBytes
Max Memory Allocated: 1.4735097885131836  GigaBytes

first layer input nodes number: 937176
first layer output nodes number: 238892
edges number: 2362600
torch.Size([937176, 100])
torch.Size([238892, 256])
torch.Size([12286, 47])
----------------------------------------before batch input features to device
 Nvidia-smi: 10.7166748046875 GB
    Memory Allocated: 0.35297441482543945  GigaBytes
Max Memory Allocated: 1.4735097885131836  GigaBytes

----------------------------------------after batch input features to device
 Nvidia-smi: 10.7166748046875 GB
    Memory Allocated: 0.7026104927062988  GigaBytes
Max Memory Allocated: 1.4735097885131836  GigaBytes

<class 'torch.Tensor'>
----------------------------------------after  batch labels to device
 Nvidia-smi: 10.7166748046875 GB
    Memory Allocated: 0.7027020454406738  GigaBytes
Max Memory Allocated: 1.4735097885131836  GigaBytes

first layer input nodes number: 938547
first layer output nodes number: 239040
edges number: 2364935
torch.Size([938547, 100])
torch.Size([239040, 256])
torch.Size([12286, 47])
----------------------------------------before batch input features to device
 Nvidia-smi: 10.7166748046875 GB
    Memory Allocated: 0.35300111770629883  GigaBytes
Max Memory Allocated: 1.4735097885131836  GigaBytes

----------------------------------------after batch input features to device
 Nvidia-smi: 10.7166748046875 GB
    Memory Allocated: 0.7029914855957031  GigaBytes
Max Memory Allocated: 1.4735097885131836  GigaBytes

<class 'torch.Tensor'>
----------------------------------------after  batch labels to device
 Nvidia-smi: 10.7166748046875 GB
    Memory Allocated: 0.7030830383300781  GigaBytes
Max Memory Allocated: 1.4735097885131836  GigaBytes

first layer input nodes number: 939497
first layer output nodes number: 239775
edges number: 2372481
torch.Size([939497, 100])
torch.Size([239775, 256])
torch.Size([12286, 47])
----------------------------------------before batch input features to device
 Nvidia-smi: 10.7166748046875 GB
    Memory Allocated: 0.35335540771484375  GigaBytes
Max Memory Allocated: 1.4735097885131836  GigaBytes

----------------------------------------after batch input features to device
 Nvidia-smi: 10.7166748046875 GB
    Memory Allocated: 0.7017507553100586  GigaBytes
Max Memory Allocated: 1.4735097885131836  GigaBytes

<class 'torch.Tensor'>
----------------------------------------after  batch labels to device
 Nvidia-smi: 10.7166748046875 GB
    Memory Allocated: 0.7018423080444336  GigaBytes
Max Memory Allocated: 1.4735097885131836  GigaBytes

first layer input nodes number: 935216
first layer output nodes number: 238648
edges number: 2360515
torch.Size([935216, 100])
torch.Size([238648, 256])
torch.Size([12286, 47])
----------------------------------------before batch input features to device
 Nvidia-smi: 10.7166748046875 GB
    Memory Allocated: 0.3517603874206543  GigaBytes
Max Memory Allocated: 1.4735097885131836  GigaBytes

----------------------------------------after batch input features to device
 Nvidia-smi: 10.7166748046875 GB
    Memory Allocated: 0.7033228874206543  GigaBytes
Max Memory Allocated: 1.4735097885131836  GigaBytes

<class 'torch.Tensor'>
----------------------------------------after  batch labels to device
 Nvidia-smi: 10.7166748046875 GB
    Memory Allocated: 0.7034144401550293  GigaBytes
Max Memory Allocated: 1.4735097885131836  GigaBytes

first layer input nodes number: 941998
first layer output nodes number: 239744
edges number: 2371681
torch.Size([941998, 100])
torch.Size([239744, 256])
torch.Size([12286, 47])
----------------------------------------before batch input features to device
 Nvidia-smi: 10.7166748046875 GB
    Memory Allocated: 0.35492753982543945  GigaBytes
Max Memory Allocated: 1.4735097885131836  GigaBytes

----------------------------------------after batch input features to device
 Nvidia-smi: 10.7166748046875 GB
    Memory Allocated: 0.7045369148254395  GigaBytes
Max Memory Allocated: 1.4735097885131836  GigaBytes

<class 'torch.Tensor'>
----------------------------------------after  batch labels to device
 Nvidia-smi: 10.7166748046875 GB
    Memory Allocated: 0.7046284675598145  GigaBytes
Max Memory Allocated: 1.4735097885131836  GigaBytes

first layer input nodes number: 937727
first layer output nodes number: 238424
edges number: 2359649
torch.Size([937727, 100])
torch.Size([238424, 256])
torch.Size([12286, 47])
----------------------------------------before batch input features to device
 Nvidia-smi: 10.7166748046875 GB
    Memory Allocated: 0.35297441482543945  GigaBytes
Max Memory Allocated: 1.4735097885131836  GigaBytes

----------------------------------------after batch input features to device
 Nvidia-smi: 10.7166748046875 GB
    Memory Allocated: 0.7025837898254395  GigaBytes
Max Memory Allocated: 1.4735097885131836  GigaBytes

<class 'torch.Tensor'>
----------------------------------------after  batch labels to device
 Nvidia-smi: 10.7166748046875 GB
    Memory Allocated: 0.7026753425598145  GigaBytes
Max Memory Allocated: 1.4735097885131836  GigaBytes

first layer input nodes number: 936231
first layer output nodes number: 239139
edges number: 2365993
torch.Size([936231, 100])
torch.Size([239139, 256])
torch.Size([12286, 47])
----------------------------------------before batch input features to device
 Nvidia-smi: 10.7166748046875 GB
    Memory Allocated: 0.35297441482543945  GigaBytes
Max Memory Allocated: 1.4735097885131836  GigaBytes

----------------------------------------after batch input features to device
 Nvidia-smi: 10.7166748046875 GB
    Memory Allocated: 0.7015695571899414  GigaBytes
Max Memory Allocated: 1.4735097885131836  GigaBytes

<class 'torch.Tensor'>
----------------------------------------after  batch labels to device
 Nvidia-smi: 10.7166748046875 GB
    Memory Allocated: 0.7016611099243164  GigaBytes
Max Memory Allocated: 1.4735097885131836  GigaBytes

first layer input nodes number: 935752
first layer output nodes number: 238471
edges number: 2359113
torch.Size([935752, 100])
torch.Size([238471, 256])
torch.Size([12286, 47])
----------------------------------------before batch input features to device
 Nvidia-smi: 10.7166748046875 GB
    Memory Allocated: 0.3519601821899414  GigaBytes
Max Memory Allocated: 1.4735097885131836  GigaBytes

----------------------------------------after batch input features to device
 Nvidia-smi: 10.7166748046875 GB
    Memory Allocated: 0.7015695571899414  GigaBytes
Max Memory Allocated: 1.4735097885131836  GigaBytes

<class 'torch.Tensor'>
----------------------------------------after  batch labels to device
 Nvidia-smi: 10.7166748046875 GB
    Memory Allocated: 0.7016611099243164  GigaBytes
Max Memory Allocated: 1.4735097885131836  GigaBytes

first layer input nodes number: 938370
first layer output nodes number: 239870
edges number: 2373727
torch.Size([938370, 100])
torch.Size([239870, 256])
torch.Size([12286, 47])
----------------------------------------before batch input features to device
 Nvidia-smi: 10.7166748046875 GB
    Memory Allocated: 0.35297441482543945  GigaBytes
Max Memory Allocated: 1.4735097885131836  GigaBytes

----------------------------------------after batch input features to device
 Nvidia-smi: 10.7166748046875 GB
    Memory Allocated: 0.7015042304992676  GigaBytes
Max Memory Allocated: 1.4735097885131836  GigaBytes

<class 'torch.Tensor'>
----------------------------------------after  batch labels to device
 Nvidia-smi: 10.7166748046875 GB
    Memory Allocated: 0.7015957832336426  GigaBytes
Max Memory Allocated: 1.4735097885131836  GigaBytes

first layer input nodes number: 935577
first layer output nodes number: 238804
edges number: 2362425
torch.Size([935577, 100])
torch.Size([238804, 256])
torch.Size([12286, 47])
----------------------------------------before batch input features to device
 Nvidia-smi: 10.7166748046875 GB
    Memory Allocated: 0.3518948554992676  GigaBytes
Max Memory Allocated: 1.4735097885131836  GigaBytes

----------------------------------------after batch input features to device
 Nvidia-smi: 10.7166748046875 GB
    Memory Allocated: 0.7015042304992676  GigaBytes
Max Memory Allocated: 1.4735097885131836  GigaBytes

<class 'torch.Tensor'>
----------------------------------------after  batch labels to device
 Nvidia-smi: 10.7166748046875 GB
    Memory Allocated: 0.7015957832336426  GigaBytes
Max Memory Allocated: 1.4735097885131836  GigaBytes

first layer input nodes number: 937387
first layer output nodes number: 239542
edges number: 2369900
torch.Size([937387, 100])
torch.Size([239542, 256])
torch.Size([12286, 47])
----------------------------------------before batch input features to device
 Nvidia-smi: 10.7166748046875 GB
    Memory Allocated: 0.35297441482543945  GigaBytes
Max Memory Allocated: 1.4735097885131836  GigaBytes

----------------------------------------after batch input features to device
 Nvidia-smi: 10.7166748046875 GB
    Memory Allocated: 0.7025837898254395  GigaBytes
Max Memory Allocated: 1.4735097885131836  GigaBytes

<class 'torch.Tensor'>
----------------------------------------after  batch labels to device
 Nvidia-smi: 10.7166748046875 GB
    Memory Allocated: 0.7026753425598145  GigaBytes
Max Memory Allocated: 1.4735097885131836  GigaBytes

first layer input nodes number: 937826
first layer output nodes number: 239463
edges number: 2369003
torch.Size([937826, 100])
torch.Size([239463, 256])
torch.Size([12286, 47])
----------------------------------------before batch input features to device
 Nvidia-smi: 10.7166748046875 GB
    Memory Allocated: 0.35297441482543945  GigaBytes
Max Memory Allocated: 1.4735097885131836  GigaBytes

----------------------------------------after batch input features to device
 Nvidia-smi: 10.7166748046875 GB
    Memory Allocated: 0.7025837898254395  GigaBytes
Max Memory Allocated: 1.4735097885131836  GigaBytes

<class 'torch.Tensor'>
----------------------------------------after  batch labels to device
 Nvidia-smi: 10.7166748046875 GB
    Memory Allocated: 0.7026753425598145  GigaBytes
Max Memory Allocated: 1.4735097885131836  GigaBytes

first layer input nodes number: 937763
first layer output nodes number: 238992
edges number: 2365125
torch.Size([937763, 100])
torch.Size([238992, 256])
torch.Size([12286, 47])
----------------------------------------before batch input features to device
 Nvidia-smi: 10.7166748046875 GB
    Memory Allocated: 0.35297441482543945  GigaBytes
Max Memory Allocated: 1.4735097885131836  GigaBytes

----------------------------------------after batch input features to device
 Nvidia-smi: 10.7166748046875 GB
    Memory Allocated: 0.7045369148254395  GigaBytes
Max Memory Allocated: 1.4735097885131836  GigaBytes

<class 'torch.Tensor'>
----------------------------------------after  batch labels to device
 Nvidia-smi: 10.7166748046875 GB
    Memory Allocated: 0.7046284675598145  GigaBytes
Max Memory Allocated: 1.4735097885131836  GigaBytes

first layer input nodes number: 942101
first layer output nodes number: 240243
edges number: 2377376
torch.Size([942101, 100])
torch.Size([240243, 256])
torch.Size([12281, 47])
Number of first layer input nodes during this epoch:  15003114
----------------------------------------before batch input features to device
 Nvidia-smi: 10.7166748046875 GB
    Memory Allocated: 0.35492658615112305  GigaBytes
Max Memory Allocated: 1.4736928939819336  GigaBytes

----------------------------------------after batch input features to device
 Nvidia-smi: 10.7166748046875 GB
    Memory Allocated: 0.7028837203979492  GigaBytes
Max Memory Allocated: 1.4736928939819336  GigaBytes

<class 'torch.Tensor'>
----------------------------------------after  batch labels to device
 Nvidia-smi: 10.7166748046875 GB
    Memory Allocated: 0.7029752731323242  GigaBytes
Max Memory Allocated: 1.4736928939819336  GigaBytes

first layer input nodes number: 934040
first layer output nodes number: 239202
edges number: 2365919
torch.Size([934040, 100])
torch.Size([239202, 256])
torch.Size([12286, 47])
----------------------------------------before batch input features to device
 Nvidia-smi: 10.7166748046875 GB
    Memory Allocated: 0.3513221740722656  GigaBytes
Max Memory Allocated: 1.4736928939819336  GigaBytes

----------------------------------------after batch input features to device
 Nvidia-smi: 10.7166748046875 GB
    Memory Allocated: 0.7009315490722656  GigaBytes
Max Memory Allocated: 1.4736928939819336  GigaBytes

<class 'torch.Tensor'>
----------------------------------------after  batch labels to device
 Nvidia-smi: 10.7166748046875 GB
    Memory Allocated: 0.7010231018066406  GigaBytes
Max Memory Allocated: 1.4736928939819336  GigaBytes

first layer input nodes number: 936906
first layer output nodes number: 239119
edges number: 2365919
torch.Size([936906, 100])
torch.Size([239119, 256])
torch.Size([12286, 47])
----------------------------------------before batch input features to device
 Nvidia-smi: 10.7166748046875 GB
    Memory Allocated: 0.35297441482543945  GigaBytes
Max Memory Allocated: 1.4736928939819336  GigaBytes

----------------------------------------after batch input features to device
 Nvidia-smi: 10.7166748046875 GB
    Memory Allocated: 0.7025837898254395  GigaBytes
Max Memory Allocated: 1.4736928939819336  GigaBytes

<class 'torch.Tensor'>
----------------------------------------after  batch labels to device
 Nvidia-smi: 10.7166748046875 GB
    Memory Allocated: 0.7026753425598145  GigaBytes
Max Memory Allocated: 1.4736928939819336  GigaBytes

first layer input nodes number: 937574
first layer output nodes number: 239252
edges number: 2367704
torch.Size([937574, 100])
torch.Size([239252, 256])
torch.Size([12286, 47])
----------------------------------------before batch input features to device
 Nvidia-smi: 10.7166748046875 GB
    Memory Allocated: 0.35297441482543945  GigaBytes
Max Memory Allocated: 1.4736928939819336  GigaBytes

----------------------------------------after batch input features to device
 Nvidia-smi: 10.7166748046875 GB
    Memory Allocated: 0.7006640434265137  GigaBytes
Max Memory Allocated: 1.4736928939819336  GigaBytes

<class 'torch.Tensor'>
----------------------------------------after  batch labels to device
 Nvidia-smi: 10.7166748046875 GB
    Memory Allocated: 0.7007555961608887  GigaBytes
Max Memory Allocated: 1.4736928939819336  GigaBytes

first layer input nodes number: 933322
first layer output nodes number: 238121
edges number: 2356208
torch.Size([933322, 100])
torch.Size([238121, 256])
torch.Size([12286, 47])
----------------------------------------before batch input features to device
 Nvidia-smi: 10.7166748046875 GB
    Memory Allocated: 0.35105466842651367  GigaBytes
Max Memory Allocated: 1.4736928939819336  GigaBytes

----------------------------------------after batch input features to device
 Nvidia-smi: 10.7166748046875 GB
    Memory Allocated: 0.7006640434265137  GigaBytes
Max Memory Allocated: 1.4736928939819336  GigaBytes

<class 'torch.Tensor'>
----------------------------------------after  batch labels to device
 Nvidia-smi: 10.7166748046875 GB
    Memory Allocated: 0.7007555961608887  GigaBytes
Max Memory Allocated: 1.4736928939819336  GigaBytes

first layer input nodes number: 937650
first layer output nodes number: 239134
edges number: 2366705
torch.Size([937650, 100])
torch.Size([239134, 256])
torch.Size([12286, 47])
----------------------------------------before batch input features to device
 Nvidia-smi: 10.7166748046875 GB
    Memory Allocated: 0.35297441482543945  GigaBytes
Max Memory Allocated: 1.4736928939819336  GigaBytes

----------------------------------------after batch input features to device
 Nvidia-smi: 10.7166748046875 GB
    Memory Allocated: 0.7028360366821289  GigaBytes
Max Memory Allocated: 1.4736928939819336  GigaBytes

<class 'torch.Tensor'>
----------------------------------------after  batch labels to device
 Nvidia-smi: 10.7166748046875 GB
    Memory Allocated: 0.7029275894165039  GigaBytes
Max Memory Allocated: 1.4736928939819336  GigaBytes

first layer input nodes number: 939152
first layer output nodes number: 239326
edges number: 2367700
torch.Size([939152, 100])
torch.Size([239326, 256])
torch.Size([12286, 47])
----------------------------------------before batch input features to device
 Nvidia-smi: 10.7166748046875 GB
    Memory Allocated: 0.3532266616821289  GigaBytes
Max Memory Allocated: 1.4736928939819336  GigaBytes

----------------------------------------after batch input features to device
 Nvidia-smi: 10.7166748046875 GB
    Memory Allocated: 0.7028641700744629  GigaBytes
Max Memory Allocated: 1.4736928939819336  GigaBytes

<class 'torch.Tensor'>
----------------------------------------after  batch labels to device
 Nvidia-smi: 10.7166748046875 GB
    Memory Allocated: 0.7029557228088379  GigaBytes
Max Memory Allocated: 1.4736928939819336  GigaBytes

first layer input nodes number: 938551
first layer output nodes number: 239975
edges number: 2375009
torch.Size([938551, 100])
torch.Size([239975, 256])
torch.Size([12286, 47])
----------------------------------------before batch input features to device
 Nvidia-smi: 10.7166748046875 GB
    Memory Allocated: 0.35300254821777344  GigaBytes
Max Memory Allocated: 1.4736928939819336  GigaBytes

----------------------------------------after batch input features to device
 Nvidia-smi: 10.7166748046875 GB
    Memory Allocated: 0.7026119232177734  GigaBytes
Max Memory Allocated: 1.4736928939819336  GigaBytes

<class 'torch.Tensor'>
----------------------------------------after  batch labels to device
 Nvidia-smi: 10.7166748046875 GB
    Memory Allocated: 0.7027034759521484  GigaBytes
Max Memory Allocated: 1.4736928939819336  GigaBytes

first layer input nodes number: 936610
first layer output nodes number: 239216
edges number: 2366109
torch.Size([936610, 100])
torch.Size([239216, 256])
torch.Size([12286, 47])
----------------------------------------before batch input features to device
 Nvidia-smi: 10.7166748046875 GB
    Memory Allocated: 0.35297441482543945  GigaBytes
Max Memory Allocated: 1.4736928939819336  GigaBytes

----------------------------------------after batch input features to device
 Nvidia-smi: 10.7166748046875 GB
    Memory Allocated: 0.7025837898254395  GigaBytes
Max Memory Allocated: 1.4736928939819336  GigaBytes

<class 'torch.Tensor'>
----------------------------------------after  batch labels to device
 Nvidia-smi: 10.7166748046875 GB
    Memory Allocated: 0.7026753425598145  GigaBytes
Max Memory Allocated: 1.4736928939819336  GigaBytes

first layer input nodes number: 937724
first layer output nodes number: 239619
edges number: 2370835
torch.Size([937724, 100])
torch.Size([239619, 256])
torch.Size([12286, 47])
----------------------------------------before batch input features to device
 Nvidia-smi: 10.7166748046875 GB
    Memory Allocated: 0.35297441482543945  GigaBytes
Max Memory Allocated: 1.4736928939819336  GigaBytes

----------------------------------------after batch input features to device
 Nvidia-smi: 10.7166748046875 GB
    Memory Allocated: 0.7029204368591309  GigaBytes
Max Memory Allocated: 1.4736928939819336  GigaBytes

<class 'torch.Tensor'>
----------------------------------------after  batch labels to device
 Nvidia-smi: 10.7166748046875 GB
    Memory Allocated: 0.7030119895935059  GigaBytes
Max Memory Allocated: 1.4736928939819336  GigaBytes

first layer input nodes number: 939379
first layer output nodes number: 239490
edges number: 2369550
torch.Size([939379, 100])
torch.Size([239490, 256])
torch.Size([12286, 47])
----------------------------------------before batch input features to device
 Nvidia-smi: 10.7166748046875 GB
    Memory Allocated: 0.35331106185913086  GigaBytes
Max Memory Allocated: 1.4736928939819336  GigaBytes

----------------------------------------after batch input features to device
 Nvidia-smi: 10.7166748046875 GB
    Memory Allocated: 0.7029204368591309  GigaBytes
Max Memory Allocated: 1.4736928939819336  GigaBytes

<class 'torch.Tensor'>
----------------------------------------after  batch labels to device
 Nvidia-smi: 10.7166748046875 GB
    Memory Allocated: 0.7030119895935059  GigaBytes
Max Memory Allocated: 1.4736928939819336  GigaBytes

first layer input nodes number: 937270
first layer output nodes number: 239294
edges number: 2367178
torch.Size([937270, 100])
torch.Size([239294, 256])
torch.Size([12286, 47])
----------------------------------------before batch input features to device
 Nvidia-smi: 10.7166748046875 GB
    Memory Allocated: 0.35297441482543945  GigaBytes
Max Memory Allocated: 1.4736928939819336  GigaBytes

----------------------------------------after batch input features to device
 Nvidia-smi: 10.7166748046875 GB
    Memory Allocated: 0.7045369148254395  GigaBytes
Max Memory Allocated: 1.4736928939819336  GigaBytes

<class 'torch.Tensor'>
----------------------------------------after  batch labels to device
 Nvidia-smi: 10.7166748046875 GB
    Memory Allocated: 0.7046284675598145  GigaBytes
Max Memory Allocated: 1.4736928939819336  GigaBytes

first layer input nodes number: 941217
first layer output nodes number: 239518
edges number: 2370416
torch.Size([941217, 100])
torch.Size([239518, 256])
torch.Size([12286, 47])
----------------------------------------before batch input features to device
 Nvidia-smi: 10.7166748046875 GB
    Memory Allocated: 0.35492753982543945  GigaBytes
Max Memory Allocated: 1.4736928939819336  GigaBytes

----------------------------------------after batch input features to device
 Nvidia-smi: 10.7166748046875 GB
    Memory Allocated: 0.7045369148254395  GigaBytes
Max Memory Allocated: 1.4736928939819336  GigaBytes

<class 'torch.Tensor'>
----------------------------------------after  batch labels to device
 Nvidia-smi: 10.7166748046875 GB
    Memory Allocated: 0.7046284675598145  GigaBytes
Max Memory Allocated: 1.4736928939819336  GigaBytes

first layer input nodes number: 936503
first layer output nodes number: 238919
edges number: 2364167
torch.Size([936503, 100])
torch.Size([238919, 256])
torch.Size([12286, 47])
----------------------------------------before batch input features to device
 Nvidia-smi: 10.7166748046875 GB
    Memory Allocated: 0.35297441482543945  GigaBytes
Max Memory Allocated: 1.4736928939819336  GigaBytes

----------------------------------------after batch input features to device
 Nvidia-smi: 10.7166748046875 GB
    Memory Allocated: 0.7025837898254395  GigaBytes
Max Memory Allocated: 1.4736928939819336  GigaBytes

<class 'torch.Tensor'>
----------------------------------------after  batch labels to device
 Nvidia-smi: 10.7166748046875 GB
    Memory Allocated: 0.7026753425598145  GigaBytes
Max Memory Allocated: 1.4736928939819336  GigaBytes

first layer input nodes number: 937545
first layer output nodes number: 238937
edges number: 2364451
torch.Size([937545, 100])
torch.Size([238937, 256])
torch.Size([12286, 47])
----------------------------------------before batch input features to device
 Nvidia-smi: 10.7166748046875 GB
    Memory Allocated: 0.35297441482543945  GigaBytes
Max Memory Allocated: 1.4736928939819336  GigaBytes

----------------------------------------after batch input features to device
 Nvidia-smi: 10.7166748046875 GB
    Memory Allocated: 0.7029943466186523  GigaBytes
Max Memory Allocated: 1.4736928939819336  GigaBytes

<class 'torch.Tensor'>
----------------------------------------after  batch labels to device
 Nvidia-smi: 10.7166748046875 GB
    Memory Allocated: 0.7030858993530273  GigaBytes
Max Memory Allocated: 1.4736928939819336  GigaBytes

first layer input nodes number: 939577
first layer output nodes number: 240018
edges number: 2373363
torch.Size([939577, 100])
torch.Size([240018, 256])
torch.Size([12286, 47])
----------------------------------------before batch input features to device
 Nvidia-smi: 10.7166748046875 GB
    Memory Allocated: 0.35338497161865234  GigaBytes
Max Memory Allocated: 1.4736928939819336  GigaBytes

----------------------------------------after batch input features to device
 Nvidia-smi: 10.7166748046875 GB
    Memory Allocated: 0.7046017646789551  GigaBytes
Max Memory Allocated: 1.4736928939819336  GigaBytes

<class 'torch.Tensor'>
----------------------------------------after  batch labels to device
 Nvidia-smi: 10.7166748046875 GB
    Memory Allocated: 0.7046933174133301  GigaBytes
Max Memory Allocated: 1.4736928939819336  GigaBytes

first layer input nodes number: 942790
first layer output nodes number: 240223
edges number: 2376268
torch.Size([942790, 100])
torch.Size([240223, 256])
torch.Size([12281, 47])
* Pure training time/epoch 2.437281370162964
Training time/epoch 7.796255588531494
Number of first layer input nodes during this epoch:  15005810
----------------------------------------before batch input features to device
 Nvidia-smi: 10.7166748046875 GB
    Memory Allocated: 0.3545808792114258  GigaBytes
Max Memory Allocated: 1.4736928939819336  GigaBytes

----------------------------------------after batch input features to device
 Nvidia-smi: 10.7166748046875 GB
    Memory Allocated: 0.7032055854797363  GigaBytes
Max Memory Allocated: 1.4736928939819336  GigaBytes

<class 'torch.Tensor'>
----------------------------------------after  batch labels to device
 Nvidia-smi: 10.7166748046875 GB
    Memory Allocated: 0.7032971382141113  GigaBytes
Max Memory Allocated: 1.4736928939819336  GigaBytes

first layer input nodes number: 935832
first layer output nodes number: 238812
edges number: 2363110
torch.Size([935832, 100])
torch.Size([238812, 256])
torch.Size([12286, 47])
----------------------------------------before batch input features to device
 Nvidia-smi: 10.7166748046875 GB
    Memory Allocated: 0.35198974609375  GigaBytes
Max Memory Allocated: 1.4736928939819336  GigaBytes

----------------------------------------after batch input features to device
 Nvidia-smi: 10.7166748046875 GB
    Memory Allocated: 0.70159912109375  GigaBytes
Max Memory Allocated: 1.4736928939819336  GigaBytes

<class 'torch.Tensor'>
----------------------------------------after  batch labels to device
 Nvidia-smi: 10.7166748046875 GB
    Memory Allocated: 0.701690673828125  GigaBytes
Max Memory Allocated: 1.4736928939819336  GigaBytes

first layer input nodes number: 937846
first layer output nodes number: 239373
edges number: 2367504
torch.Size([937846, 100])
torch.Size([239373, 256])
torch.Size([12286, 47])
----------------------------------------before batch input features to device
 Nvidia-smi: 10.7166748046875 GB
    Memory Allocated: 0.35297441482543945  GigaBytes
Max Memory Allocated: 1.4736928939819336  GigaBytes

----------------------------------------after batch input features to device
 Nvidia-smi: 10.7166748046875 GB
    Memory Allocated: 0.7025837898254395  GigaBytes
Max Memory Allocated: 1.4736928939819336  GigaBytes

<class 'torch.Tensor'>
----------------------------------------after  batch labels to device
 Nvidia-smi: 10.7166748046875 GB
    Memory Allocated: 0.7026753425598145  GigaBytes
Max Memory Allocated: 1.4736928939819336  GigaBytes

first layer input nodes number: 937835
first layer output nodes number: 239453
edges number: 2369039
torch.Size([937835, 100])
torch.Size([239453, 256])
torch.Size([12286, 47])
----------------------------------------before batch input features to device
 Nvidia-smi: 10.7166748046875 GB
    Memory Allocated: 0.35297441482543945  GigaBytes
Max Memory Allocated: 1.4736928939819336  GigaBytes

----------------------------------------after batch input features to device
 Nvidia-smi: 10.7166748046875 GB
    Memory Allocated: 0.7025837898254395  GigaBytes
Max Memory Allocated: 1.4736928939819336  GigaBytes

<class 'torch.Tensor'>
----------------------------------------after  batch labels to device
 Nvidia-smi: 10.7166748046875 GB
    Memory Allocated: 0.7026753425598145  GigaBytes
Max Memory Allocated: 1.4736928939819336  GigaBytes

first layer input nodes number: 936763
first layer output nodes number: 238620
edges number: 2360899
torch.Size([936763, 100])
torch.Size([238620, 256])
torch.Size([12286, 47])
----------------------------------------before batch input features to device
 Nvidia-smi: 10.7166748046875 GB
    Memory Allocated: 0.35297441482543945  GigaBytes
Max Memory Allocated: 1.4736928939819336  GigaBytes

----------------------------------------after batch input features to device
 Nvidia-smi: 10.7166748046875 GB
    Memory Allocated: 0.7025837898254395  GigaBytes
Max Memory Allocated: 1.4736928939819336  GigaBytes

<class 'torch.Tensor'>
----------------------------------------after  batch labels to device
 Nvidia-smi: 10.7166748046875 GB
    Memory Allocated: 0.7026753425598145  GigaBytes
Max Memory Allocated: 1.4736928939819336  GigaBytes

first layer input nodes number: 938210
first layer output nodes number: 239204
edges number: 2366831
torch.Size([938210, 100])
torch.Size([239204, 256])
torch.Size([12286, 47])
----------------------------------------before batch input features to device
 Nvidia-smi: 10.7166748046875 GB
    Memory Allocated: 0.35297441482543945  GigaBytes
Max Memory Allocated: 1.4736928939819336  GigaBytes

----------------------------------------after batch input features to device
 Nvidia-smi: 10.7166748046875 GB
    Memory Allocated: 0.7025837898254395  GigaBytes
Max Memory Allocated: 1.4736928939819336  GigaBytes

<class 'torch.Tensor'>
----------------------------------------after  batch labels to device
 Nvidia-smi: 10.7166748046875 GB
    Memory Allocated: 0.7026753425598145  GigaBytes
Max Memory Allocated: 1.4736928939819336  GigaBytes

first layer input nodes number: 936340
first layer output nodes number: 239520
edges number: 2370351
torch.Size([936340, 100])
torch.Size([239520, 256])
torch.Size([12286, 47])
----------------------------------------before batch input features to device
 Nvidia-smi: 10.7166748046875 GB
    Memory Allocated: 0.35297441482543945  GigaBytes
Max Memory Allocated: 1.4736928939819336  GigaBytes

----------------------------------------after batch input features to device
 Nvidia-smi: 10.7166748046875 GB
    Memory Allocated: 0.7025837898254395  GigaBytes
Max Memory Allocated: 1.4736928939819336  GigaBytes

<class 'torch.Tensor'>
----------------------------------------after  batch labels to device
 Nvidia-smi: 10.7166748046875 GB
    Memory Allocated: 0.7026753425598145  GigaBytes
Max Memory Allocated: 1.4736928939819336  GigaBytes

first layer input nodes number: 936407
first layer output nodes number: 239325
edges number: 2367664
torch.Size([936407, 100])
torch.Size([239325, 256])
torch.Size([12286, 47])
----------------------------------------before batch input features to device
 Nvidia-smi: 10.7166748046875 GB
    Memory Allocated: 0.35297441482543945  GigaBytes
Max Memory Allocated: 1.4736928939819336  GigaBytes

----------------------------------------after batch input features to device
 Nvidia-smi: 10.7166748046875 GB
    Memory Allocated: 0.7025837898254395  GigaBytes
Max Memory Allocated: 1.4736928939819336  GigaBytes

<class 'torch.Tensor'>
----------------------------------------after  batch labels to device
 Nvidia-smi: 10.7166748046875 GB
    Memory Allocated: 0.7026753425598145  GigaBytes
Max Memory Allocated: 1.4736928939819336  GigaBytes

first layer input nodes number: 937902
first layer output nodes number: 239111
edges number: 2365138
torch.Size([937902, 100])
torch.Size([239111, 256])
torch.Size([12286, 47])
----------------------------------------before batch input features to device
 Nvidia-smi: 10.7166748046875 GB
    Memory Allocated: 0.35297441482543945  GigaBytes
Max Memory Allocated: 1.4736928939819336  GigaBytes

----------------------------------------after batch input features to device
 Nvidia-smi: 10.7166748046875 GB
    Memory Allocated: 0.7027387619018555  GigaBytes
Max Memory Allocated: 1.4736928939819336  GigaBytes

<class 'torch.Tensor'>
----------------------------------------after  batch labels to device
 Nvidia-smi: 10.7166748046875 GB
    Memory Allocated: 0.7028303146362305  GigaBytes
Max Memory Allocated: 1.4736928939819336  GigaBytes

first layer input nodes number: 938891
first layer output nodes number: 239845
edges number: 2372799
torch.Size([938891, 100])
torch.Size([239845, 256])
torch.Size([12286, 47])
----------------------------------------before batch input features to device
 Nvidia-smi: 10.7166748046875 GB
    Memory Allocated: 0.35312938690185547  GigaBytes
Max Memory Allocated: 1.4736928939819336  GigaBytes

----------------------------------------after batch input features to device
 Nvidia-smi: 10.7166748046875 GB
    Memory Allocated: 0.7027387619018555  GigaBytes
Max Memory Allocated: 1.4736928939819336  GigaBytes

<class 'torch.Tensor'>
----------------------------------------after  batch labels to device
 Nvidia-smi: 10.7166748046875 GB
    Memory Allocated: 0.7028303146362305  GigaBytes
Max Memory Allocated: 1.4736928939819336  GigaBytes

first layer input nodes number: 937951
first layer output nodes number: 239615
edges number: 2370587
torch.Size([937951, 100])
torch.Size([239615, 256])
torch.Size([12286, 47])
----------------------------------------before batch input features to device
 Nvidia-smi: 10.7166748046875 GB
    Memory Allocated: 0.35297441482543945  GigaBytes
Max Memory Allocated: 1.4736928939819336  GigaBytes

----------------------------------------after batch input features to device
 Nvidia-smi: 10.7166748046875 GB
    Memory Allocated: 0.7025837898254395  GigaBytes
Max Memory Allocated: 1.4736928939819336  GigaBytes

<class 'torch.Tensor'>
----------------------------------------after  batch labels to device
 Nvidia-smi: 10.7166748046875 GB
    Memory Allocated: 0.7026753425598145  GigaBytes
Max Memory Allocated: 1.4736928939819336  GigaBytes

first layer input nodes number: 936171
first layer output nodes number: 238748
edges number: 2362417
torch.Size([936171, 100])
torch.Size([238748, 256])
torch.Size([12286, 47])
----------------------------------------before batch input features to device
 Nvidia-smi: 10.7166748046875 GB
    Memory Allocated: 0.35297441482543945  GigaBytes
Max Memory Allocated: 1.4736928939819336  GigaBytes

----------------------------------------after batch input features to device
 Nvidia-smi: 10.7166748046875 GB
    Memory Allocated: 0.7032666206359863  GigaBytes
Max Memory Allocated: 1.4736928939819336  GigaBytes

<class 'torch.Tensor'>
----------------------------------------after  batch labels to device
 Nvidia-smi: 10.7166748046875 GB
    Memory Allocated: 0.7033581733703613  GigaBytes
Max Memory Allocated: 1.4736928939819336  GigaBytes

first layer input nodes number: 940308
first layer output nodes number: 239254
edges number: 2367901
torch.Size([940308, 100])
torch.Size([239254, 256])
torch.Size([12286, 47])
----------------------------------------before batch input features to device
 Nvidia-smi: 10.7166748046875 GB
    Memory Allocated: 0.35365724563598633  GigaBytes
Max Memory Allocated: 1.4736928939819336  GigaBytes

----------------------------------------after batch input features to device
 Nvidia-smi: 10.7166748046875 GB
    Memory Allocated: 0.7044758796691895  GigaBytes
Max Memory Allocated: 1.4736928939819336  GigaBytes

<class 'torch.Tensor'>
----------------------------------------after  batch labels to device
 Nvidia-smi: 10.7166748046875 GB
    Memory Allocated: 0.7045674324035645  GigaBytes
Max Memory Allocated: 1.4736928939819336  GigaBytes

first layer input nodes number: 941721
first layer output nodes number: 240261
edges number: 2377256
torch.Size([941721, 100])
torch.Size([240261, 256])
torch.Size([12286, 47])
----------------------------------------before batch input features to device
 Nvidia-smi: 10.7166748046875 GB
    Memory Allocated: 0.3541836738586426  GigaBytes
Max Memory Allocated: 1.4736928939819336  GigaBytes

----------------------------------------after batch input features to device
 Nvidia-smi: 10.7166748046875 GB
    Memory Allocated: 0.7039213180541992  GigaBytes
Max Memory Allocated: 1.4736928939819336  GigaBytes

<class 'torch.Tensor'>
----------------------------------------after  batch labels to device
 Nvidia-smi: 10.7166748046875 GB
    Memory Allocated: 0.7040128707885742  GigaBytes
Max Memory Allocated: 1.4736928939819336  GigaBytes

first layer input nodes number: 938819
first layer output nodes number: 239180
edges number: 2366793
torch.Size([938819, 100])
torch.Size([239180, 256])
torch.Size([12286, 47])
----------------------------------------before batch input features to device
 Nvidia-smi: 10.7166748046875 GB
    Memory Allocated: 0.3531026840209961  GigaBytes
Max Memory Allocated: 1.4736928939819336  GigaBytes

----------------------------------------after batch input features to device
 Nvidia-smi: 10.7166748046875 GB
    Memory Allocated: 0.7027120590209961  GigaBytes
Max Memory Allocated: 1.4736928939819336  GigaBytes

<class 'torch.Tensor'>
----------------------------------------after  batch labels to device
 Nvidia-smi: 10.7166748046875 GB
    Memory Allocated: 0.7028036117553711  GigaBytes
Max Memory Allocated: 1.4736928939819336  GigaBytes

first layer input nodes number: 936102
first layer output nodes number: 238620
edges number: 2361758
torch.Size([936102, 100])
torch.Size([238620, 256])
torch.Size([12286, 47])
----------------------------------------before batch input features to device
 Nvidia-smi: 10.7166748046875 GB
    Memory Allocated: 0.35297441482543945  GigaBytes
Max Memory Allocated: 1.4736928939819336  GigaBytes

----------------------------------------after batch input features to device
 Nvidia-smi: 10.7166748046875 GB
    Memory Allocated: 0.7011561393737793  GigaBytes
Max Memory Allocated: 1.4736928939819336  GigaBytes

<class 'torch.Tensor'>
----------------------------------------after  batch labels to device
 Nvidia-smi: 10.7166748046875 GB
    Memory Allocated: 0.7012476921081543  GigaBytes
Max Memory Allocated: 1.4736928939819336  GigaBytes

first layer input nodes number: 934643
first layer output nodes number: 238765
edges number: 2362325
torch.Size([934643, 100])
torch.Size([238765, 256])
torch.Size([12281, 47])
* Pure training time/epoch 2.4838967323303223
Training time/epoch 7.678807020187378
Number of first layer input nodes during this epoch:  15001741
----------------------------------------before batch input features to device
 Nvidia-smi: 10.7166748046875 GB
    Memory Allocated: 0.3515458106994629  GigaBytes
Max Memory Allocated: 1.4736928939819336  GigaBytes

----------------------------------------after batch input features to device
 Nvidia-smi: 10.7166748046875 GB
    Memory Allocated: 0.7014598846435547  GigaBytes
Max Memory Allocated: 1.4736928939819336  GigaBytes

<class 'torch.Tensor'>
----------------------------------------after  batch labels to device
 Nvidia-smi: 10.7166748046875 GB
    Memory Allocated: 0.7015514373779297  GigaBytes
Max Memory Allocated: 1.4736928939819336  GigaBytes

first layer input nodes number: 939293
first layer output nodes number: 239387
edges number: 2367626
torch.Size([939293, 100])
torch.Size([239387, 256])
torch.Size([12286, 47])
----------------------------------------before batch input features to device
 Nvidia-smi: 10.7166748046875 GB
    Memory Allocated: 0.35327911376953125  GigaBytes
Max Memory Allocated: 1.4736928939819336  GigaBytes

----------------------------------------after batch input features to device
 Nvidia-smi: 10.7166748046875 GB
    Memory Allocated: 0.7028884887695312  GigaBytes
Max Memory Allocated: 1.4736928939819336  GigaBytes

<class 'torch.Tensor'>
----------------------------------------after  batch labels to device
 Nvidia-smi: 10.7166748046875 GB
    Memory Allocated: 0.7029800415039062  GigaBytes
Max Memory Allocated: 1.4736928939819336  GigaBytes

first layer input nodes number: 937717
first layer output nodes number: 238778
edges number: 2362492
torch.Size([937717, 100])
torch.Size([238778, 256])
torch.Size([12286, 47])
----------------------------------------before batch input features to device
 Nvidia-smi: 10.7166748046875 GB
    Memory Allocated: 0.35297441482543945  GigaBytes
Max Memory Allocated: 1.4736928939819336  GigaBytes

----------------------------------------after batch input features to device
 Nvidia-smi: 10.7166748046875 GB
    Memory Allocated: 0.7025837898254395  GigaBytes
Max Memory Allocated: 1.4736928939819336  GigaBytes

<class 'torch.Tensor'>
----------------------------------------after  batch labels to device
 Nvidia-smi: 10.7166748046875 GB
    Memory Allocated: 0.7026753425598145  GigaBytes
Max Memory Allocated: 1.4736928939819336  GigaBytes

first layer input nodes number: 936481
first layer output nodes number: 239008
edges number: 2364711
torch.Size([936481, 100])
torch.Size([239008, 256])
torch.Size([12286, 47])
----------------------------------------before batch input features to device
 Nvidia-smi: 10.7166748046875 GB
    Memory Allocated: 0.35297441482543945  GigaBytes
Max Memory Allocated: 1.4736928939819336  GigaBytes

----------------------------------------after batch input features to device
 Nvidia-smi: 10.7166748046875 GB
    Memory Allocated: 0.7029337882995605  GigaBytes
Max Memory Allocated: 1.4736928939819336  GigaBytes

<class 'torch.Tensor'>
----------------------------------------after  batch labels to device
 Nvidia-smi: 10.7166748046875 GB
    Memory Allocated: 0.7030253410339355  GigaBytes
Max Memory Allocated: 1.4736928939819336  GigaBytes

first layer input nodes number: 939415
first layer output nodes number: 239251
edges number: 2366269
torch.Size([939415, 100])
torch.Size([239251, 256])
torch.Size([12286, 47])
----------------------------------------before batch input features to device
 Nvidia-smi: 10.7166748046875 GB
    Memory Allocated: 0.35332441329956055  GigaBytes
Max Memory Allocated: 1.4736928939819336  GigaBytes

----------------------------------------after batch input features to device
 Nvidia-smi: 10.7166748046875 GB
    Memory Allocated: 0.7029337882995605  GigaBytes
Max Memory Allocated: 1.4736928939819336  GigaBytes

<class 'torch.Tensor'>
----------------------------------------after  batch labels to device
 Nvidia-smi: 10.7166748046875 GB
    Memory Allocated: 0.7030253410339355  GigaBytes
Max Memory Allocated: 1.4736928939819336  GigaBytes

first layer input nodes number: 937286
first layer output nodes number: 239407
edges number: 2369112
torch.Size([937286, 100])
torch.Size([239407, 256])
torch.Size([12286, 47])
----------------------------------------before batch input features to device
 Nvidia-smi: 10.7166748046875 GB
    Memory Allocated: 0.35297441482543945  GigaBytes
Max Memory Allocated: 1.4736928939819336  GigaBytes

----------------------------------------after batch input features to device
 Nvidia-smi: 10.7166748046875 GB
    Memory Allocated: 0.7025837898254395  GigaBytes
Max Memory Allocated: 1.4736928939819336  GigaBytes

<class 'torch.Tensor'>
----------------------------------------after  batch labels to device
 Nvidia-smi: 10.7166748046875 GB
    Memory Allocated: 0.7026753425598145  GigaBytes
Max Memory Allocated: 1.4736928939819336  GigaBytes

first layer input nodes number: 937267
first layer output nodes number: 239591
edges number: 2370274
torch.Size([937267, 100])
torch.Size([239591, 256])
torch.Size([12286, 47])
----------------------------------------before batch input features to device
 Nvidia-smi: 10.7166748046875 GB
    Memory Allocated: 0.35297441482543945  GigaBytes
Max Memory Allocated: 1.4736928939819336  GigaBytes

----------------------------------------after batch input features to device
 Nvidia-smi: 10.7166748046875 GB
    Memory Allocated: 0.7025933265686035  GigaBytes
Max Memory Allocated: 1.4736928939819336  GigaBytes

<class 'torch.Tensor'>
----------------------------------------after  batch labels to device
 Nvidia-smi: 10.7166748046875 GB
    Memory Allocated: 0.7026848793029785  GigaBytes
Max Memory Allocated: 1.4736928939819336  GigaBytes

first layer input nodes number: 938501
first layer output nodes number: 239853
edges number: 2373160
torch.Size([938501, 100])
torch.Size([239853, 256])
torch.Size([12286, 47])
----------------------------------------before batch input features to device
 Nvidia-smi: 10.7166748046875 GB
    Memory Allocated: 0.3529839515686035  GigaBytes
Max Memory Allocated: 1.4736928939819336  GigaBytes

----------------------------------------after batch input features to device
 Nvidia-smi: 10.7166748046875 GB
    Memory Allocated: 0.7012372016906738  GigaBytes
Max Memory Allocated: 1.4736928939819336  GigaBytes

<class 'torch.Tensor'>
----------------------------------------after  batch labels to device
 Nvidia-smi: 10.7166748046875 GB
    Memory Allocated: 0.7013287544250488  GigaBytes
Max Memory Allocated: 1.4736928939819336  GigaBytes

first layer input nodes number: 934834
first layer output nodes number: 238669
edges number: 2360733
torch.Size([934834, 100])
torch.Size([238669, 256])
torch.Size([12286, 47])
----------------------------------------before batch input features to device
 Nvidia-smi: 10.7166748046875 GB
    Memory Allocated: 0.35161828994750977  GigaBytes
Max Memory Allocated: 1.4736928939819336  GigaBytes

----------------------------------------after batch input features to device
 Nvidia-smi: 10.7166748046875 GB
    Memory Allocated: 0.699976921081543  GigaBytes
Max Memory Allocated: 1.4736928939819336  GigaBytes

<class 'torch.Tensor'>
----------------------------------------after  batch labels to device
 Nvidia-smi: 10.7166748046875 GB
    Memory Allocated: 0.700068473815918  GigaBytes
Max Memory Allocated: 1.4736928939819336  GigaBytes

first layer input nodes number: 935117
first layer output nodes number: 238767
edges number: 2361751
torch.Size([935117, 100])
torch.Size([238767, 256])
torch.Size([12286, 47])
----------------------------------------before batch input features to device
 Nvidia-smi: 10.7166748046875 GB
    Memory Allocated: 0.35172367095947266  GigaBytes
Max Memory Allocated: 1.4736928939819336  GigaBytes

----------------------------------------after batch input features to device
 Nvidia-smi: 10.7166748046875 GB
    Memory Allocated: 0.7013330459594727  GigaBytes
Max Memory Allocated: 1.4736928939819336  GigaBytes

<class 'torch.Tensor'>
----------------------------------------after  batch labels to device
 Nvidia-smi: 10.7166748046875 GB
    Memory Allocated: 0.7014245986938477  GigaBytes
Max Memory Allocated: 1.4736928939819336  GigaBytes

first layer input nodes number: 935904
first layer output nodes number: 239173
edges number: 2366864
torch.Size([935904, 100])
torch.Size([239173, 256])
torch.Size([12286, 47])
----------------------------------------before batch input features to device
 Nvidia-smi: 10.7166748046875 GB
    Memory Allocated: 0.35297441482543945  GigaBytes
Max Memory Allocated: 1.4736928939819336  GigaBytes

----------------------------------------after batch input features to device
 Nvidia-smi: 10.7166748046875 GB
    Memory Allocated: 0.7025837898254395  GigaBytes
Max Memory Allocated: 1.4736928939819336  GigaBytes

<class 'torch.Tensor'>
----------------------------------------after  batch labels to device
 Nvidia-smi: 10.7166748046875 GB
    Memory Allocated: 0.7026753425598145  GigaBytes
Max Memory Allocated: 1.4736928939819336  GigaBytes

first layer input nodes number: 937964
first layer output nodes number: 238722
edges number: 2361973
torch.Size([937964, 100])
torch.Size([238722, 256])
torch.Size([12286, 47])
----------------------------------------before batch input features to device
 Nvidia-smi: 10.7166748046875 GB
    Memory Allocated: 0.35297441482543945  GigaBytes
Max Memory Allocated: 1.4736928939819336  GigaBytes

----------------------------------------after batch input features to device
 Nvidia-smi: 10.7166748046875 GB
    Memory Allocated: 0.7032079696655273  GigaBytes
Max Memory Allocated: 1.4736928939819336  GigaBytes

<class 'torch.Tensor'>
----------------------------------------after  batch labels to device
 Nvidia-smi: 10.7166748046875 GB
    Memory Allocated: 0.7032995223999023  GigaBytes
Max Memory Allocated: 1.4736928939819336  GigaBytes

first layer input nodes number: 940151
first layer output nodes number: 239709
edges number: 2372098
torch.Size([940151, 100])
torch.Size([239709, 256])
torch.Size([12286, 47])
----------------------------------------before batch input features to device
 Nvidia-smi: 10.7166748046875 GB
    Memory Allocated: 0.35359859466552734  GigaBytes
Max Memory Allocated: 1.4736928939819336  GigaBytes

----------------------------------------after batch input features to device
 Nvidia-smi: 10.7166748046875 GB
    Memory Allocated: 0.7033963203430176  GigaBytes
Max Memory Allocated: 1.4736928939819336  GigaBytes

<class 'torch.Tensor'>
----------------------------------------after  batch labels to device
 Nvidia-smi: 10.7166748046875 GB
    Memory Allocated: 0.7034878730773926  GigaBytes
Max Memory Allocated: 1.4736928939819336  GigaBytes

first layer input nodes number: 938981
first layer output nodes number: 240155
edges number: 2376735
torch.Size([938981, 100])
torch.Size([240155, 256])
torch.Size([12286, 47])
----------------------------------------before batch input features to device
 Nvidia-smi: 10.7166748046875 GB
    Memory Allocated: 0.3531627655029297  GigaBytes
Max Memory Allocated: 1.4736928939819336  GigaBytes

----------------------------------------after batch input features to device
 Nvidia-smi: 10.7166748046875 GB
    Memory Allocated: 0.7016916275024414  GigaBytes
Max Memory Allocated: 1.4736928939819336  GigaBytes

<class 'torch.Tensor'>
----------------------------------------after  batch labels to device
 Nvidia-smi: 10.7166748046875 GB
    Memory Allocated: 0.7017831802368164  GigaBytes
Max Memory Allocated: 1.4736928939819336  GigaBytes

first layer input nodes number: 935574
first layer output nodes number: 239112
edges number: 2366317
torch.Size([935574, 100])
torch.Size([239112, 256])
torch.Size([12286, 47])
----------------------------------------before batch input features to device
 Nvidia-smi: 10.7166748046875 GB
    Memory Allocated: 0.35189390182495117  GigaBytes
Max Memory Allocated: 1.4736928939819336  GigaBytes

----------------------------------------after batch input features to device
 Nvidia-smi: 10.7166748046875 GB
    Memory Allocated: 0.7003512382507324  GigaBytes
Max Memory Allocated: 1.4736928939819336  GigaBytes

<class 'torch.Tensor'>
----------------------------------------after  batch labels to device
 Nvidia-smi: 10.7166748046875 GB
    Memory Allocated: 0.7004427909851074  GigaBytes
Max Memory Allocated: 1.4736928939819336  GigaBytes

first layer input nodes number: 935383
first layer output nodes number: 238421
edges number: 2358384
torch.Size([935383, 100])
torch.Size([238421, 256])
torch.Size([12286, 47])
----------------------------------------before batch input features to device
 Nvidia-smi: 10.7166748046875 GB
    Memory Allocated: 0.3518223762512207  GigaBytes
Max Memory Allocated: 1.4736928939819336  GigaBytes

----------------------------------------after batch input features to device
 Nvidia-smi: 10.7166748046875 GB
    Memory Allocated: 0.7004485130310059  GigaBytes
Max Memory Allocated: 1.4736928939819336  GigaBytes

<class 'torch.Tensor'>
----------------------------------------after  batch labels to device
 Nvidia-smi: 10.7166748046875 GB
    Memory Allocated: 0.7005400657653809  GigaBytes
Max Memory Allocated: 1.4736928939819336  GigaBytes

first layer input nodes number: 935835
first layer output nodes number: 238495
edges number: 2360164
torch.Size([935835, 100])
torch.Size([238495, 256])
torch.Size([12281, 47])
* Pure training time/epoch 2.3776779174804688
Training time/epoch 7.422229290008545
Number of first layer input nodes during this epoch:  14995703
mean Pure training time/epoch 2.4329520066579184
mean dataloder + train time/epoch 7.632430632909139
