main start at this time 1657072355.9848924
-----------------------------------------before load data 
 Nvidia-smi: 0.1717529296875 GB
    Memory Allocated: 0.0  GigaBytes
Max Memory Allocated: 0.0  GigaBytes

success----------------------------------------
153431
23831
55703
# Nodes: 232965
# Edges: 114615892
# Train: 153431
# Val: 23831
# Test: 55703
# Classes: 41

#nodes: 232965
#edges: 114615892
#classes: 41
----------------------------------------start of run function 
 Nvidia-smi: 0.1717529296875 GB
    Memory Allocated: 0.0  GigaBytes
Max Memory Allocated: 0.0  GigaBytes

in feats:  602
----------------------------------------before model to device 
 Nvidia-smi: 0.1717529296875 GB
    Memory Allocated: 0.0  GigaBytes
Max Memory Allocated: 0.0  GigaBytes

----------------------------------------after model to device
 Nvidia-smi: 1.0174560546875 GB
    Memory Allocated: 0.0017147064208984375  GigaBytes
Max Memory Allocated: 0.0017147064208984375  GigaBytes

----------------------------------------before generate dataloader block 
 Nvidia-smi: 1.0174560546875 GB
    Memory Allocated: 0.0017147064208984375  GigaBytes
Max Memory Allocated: 0.0017147064208984375  GigaBytes

The real block id is  2
get_global_graph_edges_ids_block function  spend 0.30373358726501465
global_2_local spend time (sec) 0.05977129936218262
----------------------------  graph partition start---------------------
g = dgl.graph((u,v))  spent  0.016581296920776367
the counter of in-degree current block !!!!!!!!!!!!!!_______________!!!!!!!!!!
Counter({30: 132904, 0: 71192, 1: 1391, 2: 1221, 3: 1053, 4: 986, 5: 920, 6: 875, 7: 814, 8: 799, 11: 702, 9: 695, 13: 691, 10: 690, 12: 684, 14: 652, 15: 643, 16: 607, 19: 606, 17: 598, 18: 563, 21: 562, 22: 556, 23: 543, 20: 538, 28: 532, 27: 528, 25: 525, 26: 521, 24: 521, 29: 511})

A = g.adjacency_matrix() spent  0.06488323211669922
auxiliary_graph
Graph(num_nodes=224623, num_edges=205357019,
      ndata_schemes={}
      edata_schemes={'w': Scheme(shape=(), dtype=torch.float32)})
get remove nodes spent  0.11592578887939453
remove nodes length  71192

auxiliary_graph.remove_nodes spent  10.830825090408325
after remove non output nodes the auxiliary_graph
Graph(num_nodes=153431, num_edges=205357019,
      ndata_schemes={}
      edata_schemes={'w': Scheme(shape=(), dtype=torch.float32)})
auxiliary_graph_no_diag generation spent  8.12168025970459

the counter of shared neighbor distribution
Counter({1.0: 188777130, 2.0: 13023222, 3.0: 2028012, 4.0: 618458, 5.0: 280804, 6.0: 151834, 7.0: 91670, 8.0: 58900, 9.0: 41228, 10.0: 29572, 11.0: 21504, 12.0: 16186, 13.0: 12610, 14.0: 9636, 15.0: 7654, 16.0: 6272, 17.0: 4990, 18.0: 4596, 19.0: 3764, 20.0: 3034, 21.0: 2596, 22.0: 2018, 23.0: 1648, 25.0: 1556, 24.0: 1394, 26.0: 1266, 27.0: 1144, 28.0: 688, 29.0: 200, 30.0: 2})
205203588
Convert a graph into a bidirected graph: 14.343 seconds
Metis partitioning: 48.986 seconds
Split the graph: 11.054 seconds
Construct subgraphs: 0.057 seconds
auxiliary_graph_no_diag dgl.metis_partition spent  74.52365136146545
38047
39488
38075
37821
total k batches seeds list generation spend  121.73516058921814
after graph partition
graph partition algorithm spend time 122.25263404846191
38047
39488
38075
37821
partition_len_list
[97452, 106059, 81398, 101837]
REG selection method  spend 122.39566588401794
time for parepare:  0.028656959533691406
local_output_nid generation:  0.007067203521728516
local_in_edges_tensor generation:  0.01631474494934082
mini_batch_src_global generation:  0.03564190864562988
r_  generation:  0.31012678146362305
local_output_nid generation:  0.006776332855224609
local_in_edges_tensor generation:  0.02163529396057129
mini_batch_src_global generation:  0.03956174850463867
r_  generation:  0.3100895881652832
local_output_nid generation:  0.0065348148345947266
local_in_edges_tensor generation:  0.0194699764251709
mini_batch_src_global generation:  0.039795637130737305
r_  generation:  0.3273777961730957
local_output_nid generation:  0.0067920684814453125
local_in_edges_tensor generation:  0.019235849380493164
mini_batch_src_global generation:  0.04111313819885254
r_  generation:  0.32779765129089355
----------------------check_connections_block total spend ----------------------------- 1.8291630744934082
generate_one_block  0.5331254005432129
generate_one_block  0.4898953437805176
generate_one_block  0.49860334396362305
generate_one_block  0.5914273262023926
The real block id is  1
get_global_graph_edges_ids_block function  spend 0.5838525295257568
gen group dst list time:  0.01677727699279785
time for parepare:  0.03339886665344238
local_output_nid generation:  0.03343057632446289
local_in_edges_tensor generation:  0.08313393592834473
mini_batch_src_global generation:  0.07883763313293457
r_  generation:  0.7417435646057129
local_output_nid generation:  0.03700399398803711
local_in_edges_tensor generation:  0.07875514030456543
mini_batch_src_global generation:  0.10817861557006836
r_  generation:  0.8598678112030029
local_output_nid generation:  0.02468395233154297
local_in_edges_tensor generation:  0.03297615051269531
mini_batch_src_global generation:  0.08132600784301758
r_  generation:  0.6372661590576172
local_output_nid generation:  0.029222965240478516
local_in_edges_tensor generation:  0.03938794136047363
mini_batch_src_global generation:  0.08887815475463867
r_  generation:  0.8338162899017334
----------------------check_connections_block total spend ----------------------------- 4.458071231842041
generate_one_block  1.2769591808319092
generate_one_block  1.1406371593475342
generate_one_block  0.8413951396942139
generate_one_block  1.051278829574585
The real block id is  0
get_global_graph_edges_ids_block function  spend 0.2618410587310791
gen group dst list time:  0.032839059829711914
time for parepare:  0.03362584114074707
local_output_nid generation:  0.04163694381713867
local_in_edges_tensor generation:  0.07250285148620605
mini_batch_src_global generation:  0.05790257453918457
r_  generation:  0.6818361282348633
local_output_nid generation:  0.04842400550842285
local_in_edges_tensor generation:  0.06777048110961914
mini_batch_src_global generation:  0.07549643516540527
r_  generation:  0.7442374229431152
local_output_nid generation:  0.04670119285583496
local_in_edges_tensor generation:  0.04899239540100098
mini_batch_src_global generation:  0.06751680374145508
r_  generation:  0.6427469253540039
local_output_nid generation:  0.04637432098388672
local_in_edges_tensor generation:  0.04770064353942871
mini_batch_src_global generation:  0.07082033157348633
r_  generation:  0.6934628486633301
----------------------check_connections_block total spend ----------------------------- 4.059207916259766
generate_one_block  1.1906578540802002
generate_one_block  1.0338454246520996
generate_one_block  0.9902520179748535
generate_one_block  0.8356361389160156
----------===============-------------===============-------------the number of batches *****---- 4

original number of batches:  4
re graph partition time:  0

-----------------------------------------after block dataloader generation 
 Nvidia-smi: 1.0174560546875 GB
    Memory Allocated: 0.0017147064208984375  GigaBytes
Max Memory Allocated: 0.0017147064208984375  GigaBytes

connection checking time:  10.346442222595215
block generation total time  10.473713159561157
average batch blocks generation time:  0.8728094299634298
block dataloader generation time/epoch 145.15864872932434
pseudo mini batch 0 input nodes size: 214846
----------------------------------------before load block subtensor 
 Nvidia-smi: 1.0174560546875 GB
    Memory Allocated: 0.0017147064208984375  GigaBytes
Max Memory Allocated: 0.0017147064208984375  GigaBytes

----------------------------------------before batch input features to device
 Nvidia-smi: 1.0174560546875 GB
    Memory Allocated: 0.0017147064208984375  GigaBytes
Max Memory Allocated: 0.0017147064208984375  GigaBytes

----------------------------------------after batch input features to device
 Nvidia-smi: 1.4998779296875 GB
    Memory Allocated: 0.48413658142089844  GigaBytes
Max Memory Allocated: 0.48413658142089844  GigaBytes

----------------------------------------after  batch labels to device
 Nvidia-smi: 1.5018310546875 GB
    Memory Allocated: 0.4844202995300293  GigaBytes
Max Memory Allocated: 0.4844202995300293  GigaBytes

----------------------------------------after load block subtensor  
 Nvidia-smi: 1.5018310546875 GB
    Memory Allocated: 0.4844202995300293  GigaBytes
Max Memory Allocated: 0.4844202995300293  GigaBytes

----------------------------------------after blocks to device 
 Nvidia-smi: 1.6248779296875 GB
    Memory Allocated: 0.5239834785461426  GigaBytes
Max Memory Allocated: 0.5239834785461426  GigaBytes

----------------------------------------before batch_pred = model(blocks, batch_inputs) 
 Nvidia-smi: 1.6248779296875 GB
    Memory Allocated: 0.5239834785461426  GigaBytes
Max Memory Allocated: 0.5239834785461426  GigaBytes

first layer input nodes number: 214846
first layer output nodes number: 189695
edges number: 1879088
----------------------------------------before model layer 0
 Nvidia-smi: 1.6248779296875 GB
    Memory Allocated: 0.5274620056152344  GigaBytes
Max Memory Allocated: 0.5344624519348145  GigaBytes

torch.Size([214846, 602])
----------------------------------------before mean aggregator
 Nvidia-smi: 1.6248779296875 GB
    Memory Allocated: 0.5274620056152344  GigaBytes
Max Memory Allocated: 0.5344624519348145  GigaBytes

----------------------------------------after mean aggregator-------
 Nvidia-smi: 3.1365966796875 GB
    Memory Allocated: 1.1488580703735352  GigaBytes
Max Memory Allocated: 1.3944387435913086  GigaBytes

torch.Size([189695, 256])
torch.Size([189695, 256])
----------------------------------------after rst
 Nvidia-smi: 3.3182373046875 GB
    Memory Allocated: 1.3304986953735352  GigaBytes
Max Memory Allocated: 1.5114059448242188  GigaBytes

----------------------------------------after model layer 0 x = layer(block, x)
 Nvidia-smi: 3.3182373046875 GB
    Memory Allocated: 1.1495914459228516  GigaBytes
Max Memory Allocated: 1.5114059448242188  GigaBytes

torch.Size([189695, 256])
----------------------------------------after model layer 0 x = self.activation(x)
 Nvidia-smi: 3.3182373046875 GB
    Memory Allocated: 1.3304986953735352  GigaBytes
Max Memory Allocated: 1.5114059448242188  GigaBytes

----------------------------------------after model layer 0 x = self.dropout(x)
 Nvidia-smi: 3.3182373046875 GB
    Memory Allocated: 1.3757257461547852  GigaBytes
Max Memory Allocated: 1.5566329956054688  GigaBytes

input nodes number: 189695
output nodes number: 97452
edges number: 2362642
----------------------------------------before model layer 1
 Nvidia-smi: 3.3182373046875 GB
    Memory Allocated: 1.3780031204223633  GigaBytes
Max Memory Allocated: 1.5566329956054688  GigaBytes

torch.Size([189695, 256])
----------------------------------------before mean aggregator
 Nvidia-smi: 3.3182373046875 GB
    Memory Allocated: 1.3780031204223633  GigaBytes
Max Memory Allocated: 1.5566329956054688  GigaBytes

----------------------------------------after mean aggregator-------
 Nvidia-smi: 3.4119873046875 GB
    Memory Allocated: 1.5830211639404297  GigaBytes
Max Memory Allocated: 1.5830211639404297  GigaBytes

torch.Size([97452, 256])
torch.Size([97452, 256])
----------------------------------------after rst
 Nvidia-smi: 3.5994873046875 GB
    Memory Allocated: 1.6767711639404297  GigaBytes
Max Memory Allocated: 1.7705211639404297  GigaBytes

----------------------------------------after model layer 1 x = layer(block, x)
 Nvidia-smi: 3.5994873046875 GB
    Memory Allocated: 1.5838336944580078  GigaBytes
Max Memory Allocated: 1.7705211639404297  GigaBytes

torch.Size([97452, 256])
----------------------------------------after model layer 1 x = self.activation(x)
 Nvidia-smi: 3.5994873046875 GB
    Memory Allocated: 1.6775836944580078  GigaBytes
Max Memory Allocated: 1.7705211639404297  GigaBytes

----------------------------------------after model layer 1 x = self.dropout(x)
 Nvidia-smi: 3.5994873046875 GB
    Memory Allocated: 1.7000055313110352  GigaBytes
Max Memory Allocated: 1.7937555313110352  GigaBytes

----------------input nodes number: 97452
----------------output nodes number: 38047
----------------edges number: 1068051
----------------------------------------before mean aggregator
 Nvidia-smi: 3.5994873046875 GB
    Memory Allocated: 1.7010154724121094  GigaBytes
Max Memory Allocated: 1.7937555313110352  GigaBytes

----------------------------------------after mean aggregator-------
 Nvidia-smi: 3.6014404296875 GB
    Memory Allocated: 1.7513537406921387  GigaBytes
Max Memory Allocated: 1.7937555313110352  GigaBytes

torch.Size([38047, 41])
torch.Size([38047, 41])
----------------------------------------after rst
 Nvidia-smi: 3.6014404296875 GB
    Memory Allocated: 1.7571649551391602  GigaBytes
Max Memory Allocated: 1.7937555313110352  GigaBytes

----------------------------------------end of model layers  after x = self.layers[-1](blocks[-1], x)
 Nvidia-smi: 3.6014404296875 GB
    Memory Allocated: 1.7513537406921387  GigaBytes
Max Memory Allocated: 1.7937555313110352  GigaBytes

torch.Size([38047, 41])
----------------------------------------- after batch_pred = model(blocks, batch_inputs) 
 Nvidia-smi: 3.6014404296875 GB
    Memory Allocated: 1.7571649551391602  GigaBytes
Max Memory Allocated: 1.7937555313110352  GigaBytes

-----------------------------------------after loss calculation
 Nvidia-smi: 3.6014404296875 GB
    Memory Allocated: 1.762977123260498  GigaBytes
Max Memory Allocated: 1.7937555313110352  GigaBytes

-----------------------------------------after loss backward
 Nvidia-smi: 4.0740966796875 GB
    Memory Allocated: 0.6065273284912109  GigaBytes
Max Memory Allocated: 1.9116716384887695  GigaBytes

pseudo mini batch 1 input nodes size: 218416
----------------------------------------before load block subtensor 
 Nvidia-smi: 4.0740966796875 GB
    Memory Allocated: 0.4919471740722656  GigaBytes
Max Memory Allocated: 1.9116716384887695  GigaBytes

----------------------------------------before batch input features to device
 Nvidia-smi: 4.0740966796875 GB
    Memory Allocated: 0.4919471740722656  GigaBytes
Max Memory Allocated: 1.9116716384887695  GigaBytes

----------------------------------------after batch input features to device
 Nvidia-smi: 4.5643310546875 GB
    Memory Allocated: 0.9821815490722656  GigaBytes
Max Memory Allocated: 1.9116716384887695  GigaBytes

----------------------------------------after  batch labels to device
 Nvidia-smi: 4.5643310546875 GB
    Memory Allocated: 0.982475757598877  GigaBytes
Max Memory Allocated: 1.9116716384887695  GigaBytes

----------------------------------------after load block subtensor  
 Nvidia-smi: 4.5643310546875 GB
    Memory Allocated: 0.4997701644897461  GigaBytes
Max Memory Allocated: 1.9116716384887695  GigaBytes

----------------------------------------after blocks to device 
 Nvidia-smi: 4.5643310546875 GB
    Memory Allocated: 0.5404558181762695  GigaBytes
Max Memory Allocated: 1.9116716384887695  GigaBytes

----------------------------------------before batch_pred = model(blocks, batch_inputs) 
 Nvidia-smi: 4.5643310546875 GB
    Memory Allocated: 0.5404558181762695  GigaBytes
Max Memory Allocated: 1.9116716384887695  GigaBytes

first layer input nodes number: 218416
first layer output nodes number: 196959
edges number: 1936414
----------------------------------------before model layer 0
 Nvidia-smi: 4.5643310546875 GB
    Memory Allocated: 0.5444197654724121  GigaBytes
Max Memory Allocated: 1.9116716384887695  GigaBytes

torch.Size([218416, 602])
----------------------------------------before mean aggregator
 Nvidia-smi: 4.5643310546875 GB
    Memory Allocated: 0.5444197654724121  GigaBytes
Max Memory Allocated: 1.9116716384887695  GigaBytes

----------------------------------------after mean aggregator-------
 Nvidia-smi: 5.0252685546875 GB
    Memory Allocated: 1.1891217231750488  GigaBytes
Max Memory Allocated: 1.9116716384887695  GigaBytes

torch.Size([196959, 256])
torch.Size([196959, 256])
----------------------------------------after rst
 Nvidia-smi: 5.0252685546875 GB
    Memory Allocated: 1.3769564628601074  GigaBytes
Max Memory Allocated: 1.9116716384887695  GigaBytes

----------------------------------------after model layer 0 x = layer(block, x)
 Nvidia-smi: 5.0252685546875 GB
    Memory Allocated: 1.1891217231750488  GigaBytes
Max Memory Allocated: 1.9116716384887695  GigaBytes

torch.Size([196959, 256])
----------------------------------------after model layer 0 x = self.activation(x)
 Nvidia-smi: 5.0252685546875 GB
    Memory Allocated: 1.3769564628601074  GigaBytes
Max Memory Allocated: 1.9116716384887695  GigaBytes

----------------------------------------after model layer 0 x = self.dropout(x)
 Nvidia-smi: 5.0252685546875 GB
    Memory Allocated: 1.4239153861999512  GigaBytes
Max Memory Allocated: 1.9116716384887695  GigaBytes

input nodes number: 196959
output nodes number: 106059
edges number: 2496842
----------------------------------------before model layer 1
 Nvidia-smi: 5.0252685546875 GB
    Memory Allocated: 1.4263601303100586  GigaBytes
Max Memory Allocated: 1.9116716384887695  GigaBytes

torch.Size([196959, 256])
----------------------------------------before mean aggregator
 Nvidia-smi: 5.0252685546875 GB
    Memory Allocated: 1.4263601303100586  GigaBytes
Max Memory Allocated: 1.9116716384887695  GigaBytes

----------------------------------------after mean aggregator-------
 Nvidia-smi: 5.0252685546875 GB
    Memory Allocated: 1.648045539855957  GigaBytes
Max Memory Allocated: 1.9116716384887695  GigaBytes

torch.Size([106059, 256])
torch.Size([106059, 256])
----------------------------------------after rst
 Nvidia-smi: 5.0252685546875 GB
    Memory Allocated: 1.7491912841796875  GigaBytes
Max Memory Allocated: 1.9116716384887695  GigaBytes

----------------------------------------after model layer 1 x = layer(block, x)
 Nvidia-smi: 5.0252685546875 GB
    Memory Allocated: 1.648045539855957  GigaBytes
Max Memory Allocated: 1.9116716384887695  GigaBytes

torch.Size([106059, 256])
----------------------------------------after model layer 1 x = self.activation(x)
 Nvidia-smi: 5.0252685546875 GB
    Memory Allocated: 1.7491912841796875  GigaBytes
Max Memory Allocated: 1.9116716384887695  GigaBytes

----------------------------------------after model layer 1 x = self.dropout(x)
 Nvidia-smi: 5.0252685546875 GB
    Memory Allocated: 1.7744779586791992  GigaBytes
Max Memory Allocated: 1.9116716384887695  GigaBytes

----------------input nodes number: 106059
----------------output nodes number: 39488
----------------edges number: 1027328
----------------------------------------before mean aggregator
 Nvidia-smi: 5.0252685546875 GB
    Memory Allocated: 1.7755627632141113  GigaBytes
Max Memory Allocated: 1.9116716384887695  GigaBytes

----------------------------------------after mean aggregator-------
 Nvidia-smi: 5.0252685546875 GB
    Memory Allocated: 1.8272018432617188  GigaBytes
Max Memory Allocated: 1.9116716384887695  GigaBytes

torch.Size([39488, 41])
torch.Size([39488, 41])
----------------------------------------after rst
 Nvidia-smi: 5.0252685546875 GB
    Memory Allocated: 1.83323335647583  GigaBytes
Max Memory Allocated: 1.9116716384887695  GigaBytes

----------------------------------------end of model layers  after x = self.layers[-1](blocks[-1], x)
 Nvidia-smi: 5.0252685546875 GB
    Memory Allocated: 1.8272018432617188  GigaBytes
Max Memory Allocated: 1.9116716384887695  GigaBytes

torch.Size([39488, 41])
----------------------------------------- after batch_pred = model(blocks, batch_inputs) 
 Nvidia-smi: 5.0252685546875 GB
    Memory Allocated: 1.8274221420288086  GigaBytes
Max Memory Allocated: 1.9116716384887695  GigaBytes

-----------------------------------------after loss calculation
 Nvidia-smi: 5.0252685546875 GB
    Memory Allocated: 1.8334541320800781  GigaBytes
Max Memory Allocated: 1.9116716384887695  GigaBytes

-----------------------------------------after loss backward
 Nvidia-smi: 5.0330810546875 GB
    Memory Allocated: 0.6184463500976562  GigaBytes
Max Memory Allocated: 1.9939260482788086  GigaBytes

pseudo mini batch 2 input nodes size: 209758
----------------------------------------before load block subtensor 
 Nvidia-smi: 5.0330810546875 GB
    Memory Allocated: 0.49999046325683594  GigaBytes
Max Memory Allocated: 1.9939260482788086  GigaBytes

----------------------------------------before batch input features to device
 Nvidia-smi: 5.0330810546875 GB
    Memory Allocated: 0.49999046325683594  GigaBytes
Max Memory Allocated: 1.9939260482788086  GigaBytes

----------------------------------------after batch input features to device
 Nvidia-smi: 5.0330810546875 GB
    Memory Allocated: 0.9703993797302246  GigaBytes
Max Memory Allocated: 1.9939260482788086  GigaBytes

----------------------------------------after  batch labels to device
 Nvidia-smi: 5.0330810546875 GB
    Memory Allocated: 0.9706830978393555  GigaBytes
Max Memory Allocated: 1.9939260482788086  GigaBytes

----------------------------------------after load block subtensor  
 Nvidia-smi: 5.0330810546875 GB
    Memory Allocated: 0.48015451431274414  GigaBytes
Max Memory Allocated: 1.9939260482788086  GigaBytes

----------------------------------------after blocks to device 
 Nvidia-smi: 5.0330810546875 GB
    Memory Allocated: 0.5169835090637207  GigaBytes
Max Memory Allocated: 1.9939260482788086  GigaBytes

----------------------------------------before batch_pred = model(blocks, batch_inputs) 
 Nvidia-smi: 5.0330810546875 GB
    Memory Allocated: 0.5169835090637207  GigaBytes
Max Memory Allocated: 1.9939260482788086  GigaBytes

first layer input nodes number: 209758
first layer output nodes number: 177977
edges number: 1767970
----------------------------------------before model layer 0
 Nvidia-smi: 5.0330810546875 GB
    Memory Allocated: 0.5199575424194336  GigaBytes
Max Memory Allocated: 1.9939260482788086  GigaBytes

torch.Size([209758, 602])
----------------------------------------before mean aggregator
 Nvidia-smi: 5.0330810546875 GB
    Memory Allocated: 0.5199575424194336  GigaBytes
Max Memory Allocated: 1.9939260482788086  GigaBytes

----------------------------------------after mean aggregator-------
 Nvidia-smi: 5.0330810546875 GB
    Memory Allocated: 1.1026620864868164  GigaBytes
Max Memory Allocated: 1.9939260482788086  GigaBytes

torch.Size([177977, 256])
torch.Size([177977, 256])
----------------------------------------after rst
 Nvidia-smi: 5.0330810546875 GB
    Memory Allocated: 1.2723941802978516  GigaBytes
Max Memory Allocated: 1.9939260482788086  GigaBytes

----------------------------------------after model layer 0 x = layer(block, x)
 Nvidia-smi: 5.0330810546875 GB
    Memory Allocated: 1.1026620864868164  GigaBytes
Max Memory Allocated: 1.9939260482788086  GigaBytes

torch.Size([177977, 256])
----------------------------------------after model layer 0 x = self.activation(x)
 Nvidia-smi: 5.0330810546875 GB
    Memory Allocated: 1.2723941802978516  GigaBytes
Max Memory Allocated: 1.9939260482788086  GigaBytes

----------------------------------------after model layer 0 x = self.dropout(x)
 Nvidia-smi: 5.0330810546875 GB
    Memory Allocated: 1.3148274421691895  GigaBytes
Max Memory Allocated: 1.9939260482788086  GigaBytes

input nodes number: 177977
output nodes number: 81398
edges number: 1978373
----------------------------------------before model layer 1
 Nvidia-smi: 5.0330810546875 GB
    Memory Allocated: 1.3167600631713867  GigaBytes
Max Memory Allocated: 1.9939260482788086  GigaBytes

torch.Size([177977, 256])
----------------------------------------before mean aggregator
 Nvidia-smi: 5.0330810546875 GB
    Memory Allocated: 1.3167600631713867  GigaBytes
Max Memory Allocated: 1.9939260482788086  GigaBytes

----------------------------------------after mean aggregator-------
 Nvidia-smi: 5.0330810546875 GB
    Memory Allocated: 1.4873619079589844  GigaBytes
Max Memory Allocated: 1.9939260482788086  GigaBytes

torch.Size([81398, 256])
torch.Size([81398, 256])
----------------------------------------after rst
 Nvidia-smi: 5.0330810546875 GB
    Memory Allocated: 1.5649890899658203  GigaBytes
Max Memory Allocated: 1.9939260482788086  GigaBytes

----------------------------------------after model layer 1 x = layer(block, x)
 Nvidia-smi: 5.0330810546875 GB
    Memory Allocated: 1.4873619079589844  GigaBytes
Max Memory Allocated: 1.9939260482788086  GigaBytes

torch.Size([81398, 256])
----------------------------------------after model layer 1 x = self.activation(x)
 Nvidia-smi: 5.0330810546875 GB
    Memory Allocated: 1.5649890899658203  GigaBytes
Max Memory Allocated: 1.9939260482788086  GigaBytes

----------------------------------------after model layer 1 x = self.dropout(x)
 Nvidia-smi: 5.0330810546875 GB
    Memory Allocated: 1.5845203399658203  GigaBytes
Max Memory Allocated: 1.9939260482788086  GigaBytes

----------------input nodes number: 81398
----------------output nodes number: 38075
----------------edges number: 1077814
----------------------------------------before mean aggregator
 Nvidia-smi: 5.0330810546875 GB
    Memory Allocated: 1.5854105949401855  GigaBytes
Max Memory Allocated: 1.9939260482788086  GigaBytes

----------------------------------------after mean aggregator-------
 Nvidia-smi: 5.0330810546875 GB
    Memory Allocated: 1.6371498107910156  GigaBytes
Max Memory Allocated: 1.9939260482788086  GigaBytes

torch.Size([38075, 41])
torch.Size([38075, 41])
----------------------------------------after rst
 Nvidia-smi: 5.0330810546875 GB
    Memory Allocated: 1.642965316772461  GigaBytes
Max Memory Allocated: 1.9939260482788086  GigaBytes

----------------------------------------end of model layers  after x = self.layers[-1](blocks[-1], x)
 Nvidia-smi: 5.0330810546875 GB
    Memory Allocated: 1.6371498107910156  GigaBytes
Max Memory Allocated: 1.9939260482788086  GigaBytes

torch.Size([38075, 41])
----------------------------------------- after batch_pred = model(blocks, batch_inputs) 
 Nvidia-smi: 5.0330810546875 GB
    Memory Allocated: 1.6369338035583496  GigaBytes
Max Memory Allocated: 1.9939260482788086  GigaBytes

-----------------------------------------after loss calculation
 Nvidia-smi: 5.0330810546875 GB
    Memory Allocated: 1.6427497863769531  GigaBytes
Max Memory Allocated: 1.9939260482788086  GigaBytes

-----------------------------------------after loss backward
 Nvidia-smi: 5.0330810546875 GB
    Memory Allocated: 0.5846538543701172  GigaBytes
Max Memory Allocated: 1.9939260482788086  GigaBytes

pseudo mini batch 3 input nodes size: 215982
----------------------------------------before load block subtensor 
 Nvidia-smi: 5.0330810546875 GB
    Memory Allocated: 0.4799385070800781  GigaBytes
Max Memory Allocated: 1.9939260482788086  GigaBytes

----------------------------------------before batch input features to device
 Nvidia-smi: 5.0330810546875 GB
    Memory Allocated: 0.4799385070800781  GigaBytes
Max Memory Allocated: 1.9939260482788086  GigaBytes

----------------------------------------after batch input features to device
 Nvidia-smi: 5.0330810546875 GB
    Memory Allocated: 0.9643054008483887  GigaBytes
Max Memory Allocated: 1.9939260482788086  GigaBytes

----------------------------------------after  batch labels to device
 Nvidia-smi: 5.0330810546875 GB
    Memory Allocated: 0.9645872116088867  GigaBytes
Max Memory Allocated: 1.9939260482788086  GigaBytes

----------------------------------------after load block subtensor  
 Nvidia-smi: 5.0330810546875 GB
    Memory Allocated: 0.4938945770263672  GigaBytes
Max Memory Allocated: 1.9939260482788086  GigaBytes

----------------------------------------after blocks to device 
 Nvidia-smi: 5.0330810546875 GB
    Memory Allocated: 0.5345773696899414  GigaBytes
Max Memory Allocated: 1.9939260482788086  GigaBytes

----------------------------------------before batch_pred = model(blocks, batch_inputs) 
 Nvidia-smi: 5.0330810546875 GB
    Memory Allocated: 0.5345773696899414  GigaBytes
Max Memory Allocated: 1.9939260482788086  GigaBytes

first layer input nodes number: 215982
first layer output nodes number: 191219
edges number: 1894462
----------------------------------------before model layer 0
 Nvidia-smi: 5.0330810546875 GB
    Memory Allocated: 0.5388145446777344  GigaBytes
Max Memory Allocated: 1.9939260482788086  GigaBytes

torch.Size([215982, 602])
----------------------------------------before mean aggregator
 Nvidia-smi: 5.0330810546875 GB
    Memory Allocated: 0.5388145446777344  GigaBytes
Max Memory Allocated: 1.9939260482788086  GigaBytes

----------------------------------------after mean aggregator-------
 Nvidia-smi: 5.0330810546875 GB
    Memory Allocated: 1.1648354530334473  GigaBytes
Max Memory Allocated: 1.9939260482788086  GigaBytes

torch.Size([191219, 256])
torch.Size([191219, 256])
----------------------------------------after rst
 Nvidia-smi: 5.0330810546875 GB
    Memory Allocated: 1.347196102142334  GigaBytes
Max Memory Allocated: 1.9939260482788086  GigaBytes

----------------------------------------after model layer 0 x = layer(block, x)
 Nvidia-smi: 5.0330810546875 GB
    Memory Allocated: 1.1648354530334473  GigaBytes
Max Memory Allocated: 1.9939260482788086  GigaBytes

torch.Size([191219, 256])
----------------------------------------after model layer 0 x = self.activation(x)
 Nvidia-smi: 5.0330810546875 GB
    Memory Allocated: 1.347196102142334  GigaBytes
Max Memory Allocated: 1.9939260482788086  GigaBytes

----------------------------------------after model layer 0 x = self.dropout(x)
 Nvidia-smi: 5.0330810546875 GB
    Memory Allocated: 1.3927865028381348  GigaBytes
Max Memory Allocated: 1.9939260482788086  GigaBytes

input nodes number: 191219
output nodes number: 101837
edges number: 2480497
----------------------------------------before model layer 1
 Nvidia-smi: 5.0330810546875 GB
    Memory Allocated: 1.3950552940368652  GigaBytes
Max Memory Allocated: 1.9939260482788086  GigaBytes

torch.Size([191219, 256])
----------------------------------------before mean aggregator
 Nvidia-smi: 5.0330810546875 GB
    Memory Allocated: 1.3950552940368652  GigaBytes
Max Memory Allocated: 1.9939260482788086  GigaBytes

----------------------------------------after mean aggregator-------
 Nvidia-smi: 5.0330810546875 GB
    Memory Allocated: 1.608534336090088  GigaBytes
Max Memory Allocated: 1.9939260482788086  GigaBytes

torch.Size([101837, 256])
torch.Size([101837, 256])
----------------------------------------after rst
 Nvidia-smi: 5.0330810546875 GB
    Memory Allocated: 1.7056536674499512  GigaBytes
Max Memory Allocated: 1.9939260482788086  GigaBytes

----------------------------------------after model layer 1 x = layer(block, x)
 Nvidia-smi: 5.0330810546875 GB
    Memory Allocated: 1.608534336090088  GigaBytes
Max Memory Allocated: 1.9939260482788086  GigaBytes

torch.Size([101837, 256])
----------------------------------------after model layer 1 x = self.activation(x)
 Nvidia-smi: 5.0330810546875 GB
    Memory Allocated: 1.7056536674499512  GigaBytes
Max Memory Allocated: 1.9939260482788086  GigaBytes

----------------------------------------after model layer 1 x = self.dropout(x)
 Nvidia-smi: 5.0330810546875 GB
    Memory Allocated: 1.729933738708496  GigaBytes
Max Memory Allocated: 1.9939260482788086  GigaBytes

----------------input nodes number: 101837
----------------output nodes number: 37821
----------------edges number: 1075599
----------------------------------------before mean aggregator
 Nvidia-smi: 5.0330810546875 GB
    Memory Allocated: 1.7309746742248535  GigaBytes
Max Memory Allocated: 1.9939260482788086  GigaBytes

----------------------------------------after mean aggregator-------
 Nvidia-smi: 5.0330810546875 GB
    Memory Allocated: 1.7811174392700195  GigaBytes
Max Memory Allocated: 1.9939260482788086  GigaBytes

torch.Size([37821, 41])
torch.Size([37821, 41])
----------------------------------------after rst
 Nvidia-smi: 5.0330810546875 GB
    Memory Allocated: 1.7873620986938477  GigaBytes
Max Memory Allocated: 1.9939260482788086  GigaBytes

----------------------------------------end of model layers  after x = self.layers[-1](blocks[-1], x)
 Nvidia-smi: 5.0330810546875 GB
    Memory Allocated: 1.7815852165222168  GigaBytes
Max Memory Allocated: 1.9939260482788086  GigaBytes

torch.Size([37821, 41])
----------------------------------------- after batch_pred = model(blocks, batch_inputs) 
 Nvidia-smi: 5.0330810546875 GB
    Memory Allocated: 1.7815465927124023  GigaBytes
Max Memory Allocated: 1.9939260482788086  GigaBytes

-----------------------------------------after loss calculation
 Nvidia-smi: 5.0330810546875 GB
    Memory Allocated: 1.7873239517211914  GigaBytes
Max Memory Allocated: 1.9939260482788086  GigaBytes

-----------------------------------------after loss backward
 Nvidia-smi: 5.0330810546875 GB
    Memory Allocated: 0.6115179061889648  GigaBytes
Max Memory Allocated: 1.9939260482788086  GigaBytes

-----------------------------------------after optimizer step
 Nvidia-smi: 5.0389404296875 GB
    Memory Allocated: 0.6149473190307617  GigaBytes
Max Memory Allocated: 1.9939260482788086  GigaBytes

-----------------------------------------after optimizer zero grad
 Nvidia-smi: 5.0389404296875 GB
    Memory Allocated: 0.6149473190307617  GigaBytes
Max Memory Allocated: 1.9939260482788086  GigaBytes

times | data loading | block to device | model prediction | loss calculation | loss backward |  optimizer step |
      |0.17276209592819214 |0.12018328905105591 |0.23083823919296265 |0.00017750263214111328 |0.01072913408279419 |0.0024259090423583984 |
----------------------------------------------------------pseudo_mini_loss sum 10.801496505737305
Total (block generation + training)time/epoch 147.33994889259338
Training time/epoch 2.180999755859375
Training time without block to device /epoch 1.7002665996551514
Training time without total dataloading part /epoch 0.9694054126739502
load block tensor time/epoch 0.6910483837127686
block to device time/epoch 0.48073315620422363
input features size transfer per epoch 5.364418029785156e-07
blocks size to device per epoch 3.5762786865234375e-07
 Run 0| Epoch 0 |
Number of nodes for computation during this epoch:  2001598
Number of first layer input nodes during this epoch:  859002
Number of first layer output nodes during this epoch:  755850
GraphSAGE(
  (layers): ModuleList(
    (0): SAGEConv(
      (fc_self): Linear(in_features=602, out_features=256, bias=False)
      (fc_neigh): Linear(in_features=602, out_features=256, bias=False)
    )
    (1): SAGEConv(
      (fc_self): Linear(in_features=256, out_features=256, bias=False)
      (fc_neigh): Linear(in_features=256, out_features=256, bias=False)
    )
    (2): SAGEConv(
      (fc_self): Linear(in_features=256, out_features=41, bias=False)
      (fc_neigh): Linear(in_features=256, out_features=41, bias=False)
    )
  )
  (dropout): Dropout(p=0.5, inplace=False)
)
total model parameters size  460288
trainable parameters
layers.0.fc_self.weight, torch.Size([256, 602])
layers.0.fc_neigh.weight, torch.Size([256, 602])
layers.1.fc_self.weight, torch.Size([256, 256])
layers.1.fc_neigh.weight, torch.Size([256, 256])
layers.2.fc_self.weight, torch.Size([41, 256])
layers.2.fc_neigh.weight, torch.Size([41, 256])
----------------------------------------
un-trainable parameters
