main start at this time 1656049331.4814556
-----------------------------------------before load data 
 Nvidia-smi: 0.1717529296875 GB
    Memory Allocated: 0.0  GigaBytes
Max Memory Allocated: 0.0  GigaBytes

#nodes: 2449029
#edges: 123718024
#classes: 47
success----------------------------------------
196571
39255
2164782
# Nodes: 2400608
# Edges: 123718024
# Train: 196571
# Val: 39255
# Test: 2164782
# Classes: 47

----------------------------------------start of run function 
 Nvidia-smi: 0.1717529296875 GB
    Memory Allocated: 0.0  GigaBytes
Max Memory Allocated: 0.0  GigaBytes

in feats:  100
----------------------------------------before model to device 
 Nvidia-smi: 0.1717529296875 GB
    Memory Allocated: 0.0  GigaBytes
Max Memory Allocated: 0.0  GigaBytes

----------------------------------------after model to device
 Nvidia-smi: 1.0174560546875 GB
    Memory Allocated: 0.00038433074951171875  GigaBytes
Max Memory Allocated: 0.00038433074951171875  GigaBytes

----------------------------------------before generate dataloader block 
 Nvidia-smi: 1.0174560546875 GB
    Memory Allocated: 0.00038433074951171875  GigaBytes
Max Memory Allocated: 0.00038433074951171875  GigaBytes

-----------------------------------------after block dataloader generation 
 Nvidia-smi: 1.0174560546875 GB
    Memory Allocated: 0.00038433074951171875  GigaBytes
Max Memory Allocated: 0.00038433074951171875  GigaBytes

connection checking time:  0
block generation total time  0
average batch blocks generation time:  0
block dataloader generation time/epoch 4.5519444942474365
pseudo mini batch 0 input nodes size: 2293671
----------------------------------------before load block subtensor 
 Nvidia-smi: 1.0174560546875 GB
    Memory Allocated: 0.00038433074951171875  GigaBytes
Max Memory Allocated: 0.00038433074951171875  GigaBytes

----------------------------------------before batch input features to device
 Nvidia-smi: 1.0174560546875 GB
    Memory Allocated: 0.00038433074951171875  GigaBytes
Max Memory Allocated: 0.00038433074951171875  GigaBytes

----------------------------------------after batch input features to device
 Nvidia-smi: 1.8729248046875 GB
    Memory Allocated: 0.8548436164855957  GigaBytes
Max Memory Allocated: 0.8548436164855957  GigaBytes

----------------------------------------after  batch labels to device
 Nvidia-smi: 1.8924560546875 GB
    Memory Allocated: 0.8563084602355957  GigaBytes
Max Memory Allocated: 0.8563084602355957  GigaBytes

----------------------------------------after load block subtensor  
 Nvidia-smi: 1.8924560546875 GB
    Memory Allocated: 0.8563084602355957  GigaBytes
Max Memory Allocated: 0.8563084602355957  GigaBytes

----------------------------------------after blocks to device 
 Nvidia-smi: 2.7264404296875 GB
    Memory Allocated: 1.6226086616516113  GigaBytes
Max Memory Allocated: 1.6226086616516113  GigaBytes

----------------------------------------before batch_pred = model(blocks, batch_inputs) 
 Nvidia-smi: 2.7264404296875 GB
    Memory Allocated: 1.6226086616516113  GigaBytes
Max Memory Allocated: 1.6226086616516113  GigaBytes

first layer input nodes number: 2293671
first layer output nodes number: 2262997
edges number: 19885404
torch.Size([2293671, 100])
torch.Size([2262997, 128])
input nodes number: 2262997
output nodes number: 2107160
edges number: 40263793
torch.Size([2262997, 128])
torch.Size([2107160, 128])
input nodes number: 2107160
output nodes number: 1377742
edges number: 34993433
torch.Size([2107160, 128])
torch.Size([1377742, 128])
torch.Size([196571, 47])
-----------------------------------------batch_pred = model(blocks, batch_inputs) 
 Nvidia-smi: 15.1756591796875 GB
    Memory Allocated: 11.35105037689209  GigaBytes
Max Memory Allocated: 11.78861379623413  GigaBytes

-----------------------------------------after loss calculation
 Nvidia-smi: 15.1756591796875 GB
    Memory Allocated: 11.38546895980835  GigaBytes
Max Memory Allocated: 11.78861379623413  GigaBytes

-----------------------------------------after loss backward
 Nvidia-smi: 20.7381591796875 GB
    Memory Allocated: 3.1747493743896484  GigaBytes
Max Memory Allocated: 12.596626281738281  GigaBytes

-----------------------------------------after optimizer step
 Nvidia-smi: 20.7381591796875 GB
    Memory Allocated: 3.175518035888672  GigaBytes
Max Memory Allocated: 12.596626281738281  GigaBytes

-----------------------------------------after optimizer zero grad
 Nvidia-smi: 20.7381591796875 GB
    Memory Allocated: 3.175518035888672  GigaBytes
Max Memory Allocated: 12.596626281738281  GigaBytes

times | data loading | block to device | model prediction | loss calculation | loss backward |  optimizer step |
      |0.42005252838134766 |0.9906542301177979 |0.9401185512542725 |0.00029540061950683594 |0.27831578254699707 |0.004307746887207031 |
----------------------------------------------------------pseudo_mini_loss sum 11.989119529724121
Total (block generation + training)time/epoch 7.281224966049194
Training time/epoch 2.729015588760376
Training time without block to device /epoch 1.7383613586425781
Training time without total dataloading part /epoch 1.2230374813079834
load block tensor time/epoch 0.42005252838134766
block to device time/epoch 0.9906542301177979
input features size transfer per epoch 1.341104507446289e-07
blocks size to device per epoch 1.1175870895385742e-07
 Run 0| Epoch 0 |
Number of nodes for computation during this epoch:  8041570
Number of first layer input nodes during this epoch:  2293671
Number of first layer output nodes during this epoch:  2262997
GraphSAGE(
  (layers): ModuleList(
    (0): SAGEConv(
      (fc_self): Linear(in_features=100, out_features=128, bias=False)
      (fc_neigh): Linear(in_features=100, out_features=128, bias=False)
    )
    (1): SAGEConv(
      (fc_self): Linear(in_features=128, out_features=128, bias=False)
      (fc_neigh): Linear(in_features=128, out_features=128, bias=False)
    )
    (2): SAGEConv(
      (fc_self): Linear(in_features=128, out_features=128, bias=False)
      (fc_neigh): Linear(in_features=128, out_features=128, bias=False)
    )
    (3): SAGEConv(
      (fc_self): Linear(in_features=128, out_features=47, bias=False)
      (fc_neigh): Linear(in_features=128, out_features=47, bias=False)
    )
  )
  (dropout): Dropout(p=0.5, inplace=False)
)
total model parameters size  103168
trainable parameters
layers.0.fc_self.weight, torch.Size([128, 100])
layers.0.fc_neigh.weight, torch.Size([128, 100])
layers.1.fc_self.weight, torch.Size([128, 128])
layers.1.fc_neigh.weight, torch.Size([128, 128])
layers.2.fc_self.weight, torch.Size([128, 128])
layers.2.fc_neigh.weight, torch.Size([128, 128])
layers.3.fc_self.weight, torch.Size([47, 128])
layers.3.fc_neigh.weight, torch.Size([47, 128])
----------------------------------------
un-trainable parameters
