main start at this time 1656050136.4103298
-----------------------------------------before load data 
 Nvidia-smi: 0.1717529296875 GB
    Memory Allocated: 0.0  GigaBytes
Max Memory Allocated: 0.0  GigaBytes

#nodes: 2449029
#edges: 123718024
#classes: 47
success----------------------------------------
196571
39255
2164782
# Nodes: 2400608
# Edges: 123718024
# Train: 196571
# Val: 39255
# Test: 2164782
# Classes: 47

----------------------------------------start of run function 
 Nvidia-smi: 0.1717529296875 GB
    Memory Allocated: 0.0  GigaBytes
Max Memory Allocated: 0.0  GigaBytes

in feats:  100
----------------------------------------before model to device 
 Nvidia-smi: 0.1717529296875 GB
    Memory Allocated: 0.0  GigaBytes
Max Memory Allocated: 0.0  GigaBytes

----------------------------------------after model to device
 Nvidia-smi: 1.0174560546875 GB
    Memory Allocated: 0.0001316070556640625  GigaBytes
Max Memory Allocated: 0.0001316070556640625  GigaBytes

----------------------------------------before generate dataloader block 
 Nvidia-smi: 1.0174560546875 GB
    Memory Allocated: 0.0001316070556640625  GigaBytes
Max Memory Allocated: 0.0001316070556640625  GigaBytes

-----------------------------------------after block dataloader generation 
 Nvidia-smi: 1.0174560546875 GB
    Memory Allocated: 0.0001316070556640625  GigaBytes
Max Memory Allocated: 0.0001316070556640625  GigaBytes

connection checking time:  0
block generation total time  0
average batch blocks generation time:  0
block dataloader generation time/epoch 4.653473377227783
pseudo mini batch 0 input nodes size: 2293671
----------------------------------------before load block subtensor 
 Nvidia-smi: 1.0174560546875 GB
    Memory Allocated: 0.0001316070556640625  GigaBytes
Max Memory Allocated: 0.0001316070556640625  GigaBytes

----------------------------------------before batch input features to device
 Nvidia-smi: 1.0174560546875 GB
    Memory Allocated: 0.0001316070556640625  GigaBytes
Max Memory Allocated: 0.0001316070556640625  GigaBytes

----------------------------------------after batch input features to device
 Nvidia-smi: 1.8729248046875 GB
    Memory Allocated: 0.854590892791748  GigaBytes
Max Memory Allocated: 0.854590892791748  GigaBytes

----------------------------------------after  batch labels to device
 Nvidia-smi: 1.8924560546875 GB
    Memory Allocated: 0.856055736541748  GigaBytes
Max Memory Allocated: 0.856055736541748  GigaBytes

----------------------------------------after load block subtensor  
 Nvidia-smi: 1.8924560546875 GB
    Memory Allocated: 0.856055736541748  GigaBytes
Max Memory Allocated: 0.856055736541748  GigaBytes

----------------------------------------after blocks to device 
 Nvidia-smi: 2.7264404296875 GB
    Memory Allocated: 1.6223559379577637  GigaBytes
Max Memory Allocated: 1.6223559379577637  GigaBytes

----------------------------------------before batch_pred = model(blocks, batch_inputs) 
 Nvidia-smi: 2.7264404296875 GB
    Memory Allocated: 1.6223559379577637  GigaBytes
Max Memory Allocated: 1.6223559379577637  GigaBytes

first layer input nodes number: 2293671
first layer output nodes number: 2262997
edges number: 19885404
torch.Size([2293671, 100])
torch.Size([2262997, 64])
input nodes number: 2262997
output nodes number: 2107160
edges number: 40263793
torch.Size([2262997, 64])
torch.Size([2107160, 64])
input nodes number: 2107160
output nodes number: 1377742
edges number: 34993433
torch.Size([2107160, 64])
torch.Size([1377742, 64])
torch.Size([196571, 47])
-----------------------------------------batch_pred = model(blocks, batch_inputs) 
 Nvidia-smi: 10.7772216796875 GB
    Memory Allocated: 7.389653205871582  GigaBytes
Max Memory Allocated: 7.545603275299072  GigaBytes

-----------------------------------------after loss calculation
 Nvidia-smi: 10.7772216796875 GB
    Memory Allocated: 7.424071788787842  GigaBytes
Max Memory Allocated: 7.545603275299072  GigaBytes

-----------------------------------------after loss backward
 Nvidia-smi: 14.1307373046875 GB
    Memory Allocated: 3.174243927001953  GigaBytes
Max Memory Allocated: 8.0251145362854  GigaBytes

-----------------------------------------after optimizer step
 Nvidia-smi: 14.1307373046875 GB
    Memory Allocated: 3.1745071411132812  GigaBytes
Max Memory Allocated: 8.0251145362854  GigaBytes

-----------------------------------------after optimizer zero grad
 Nvidia-smi: 14.1307373046875 GB
    Memory Allocated: 3.1745071411132812  GigaBytes
Max Memory Allocated: 8.0251145362854  GigaBytes

times | data loading | block to device | model prediction | loss calculation | loss backward |  optimizer step |
      |0.4111807346343994 |1.1924660205841064 |0.904055118560791 |0.0003185272216796875 |0.17844939231872559 |0.0043528079986572266 |
----------------------------------------------------------pseudo_mini_loss sum 13.620924949645996
Total (block generation + training)time/epoch 7.383209466934204
Training time/epoch 2.7293429374694824
Training time without block to device /epoch 1.536876916885376
Training time without total dataloading part /epoch 1.0871758460998535
load block tensor time/epoch 0.4111807346343994
block to device time/epoch 1.1924660205841064
input features size transfer per epoch 1.341104507446289e-07
blocks size to device per epoch 1.1175870895385742e-07
 Run 0| Epoch 0 |
Number of nodes for computation during this epoch:  8041570
Number of first layer input nodes during this epoch:  2293671
Number of first layer output nodes during this epoch:  2262997
GraphSAGE(
  (layers): ModuleList(
    (0): SAGEConv(
      (fc_self): Linear(in_features=100, out_features=64, bias=False)
      (fc_neigh): Linear(in_features=100, out_features=64, bias=False)
    )
    (1): SAGEConv(
      (fc_self): Linear(in_features=64, out_features=64, bias=False)
      (fc_neigh): Linear(in_features=64, out_features=64, bias=False)
    )
    (2): SAGEConv(
      (fc_self): Linear(in_features=64, out_features=64, bias=False)
      (fc_neigh): Linear(in_features=64, out_features=64, bias=False)
    )
    (3): SAGEConv(
      (fc_self): Linear(in_features=64, out_features=47, bias=False)
      (fc_neigh): Linear(in_features=64, out_features=47, bias=False)
    )
  )
  (dropout): Dropout(p=0.5, inplace=False)
)
total model parameters size  35200
trainable parameters
layers.0.fc_self.weight, torch.Size([64, 100])
layers.0.fc_neigh.weight, torch.Size([64, 100])
layers.1.fc_self.weight, torch.Size([64, 64])
layers.1.fc_neigh.weight, torch.Size([64, 64])
layers.2.fc_self.weight, torch.Size([64, 64])
layers.2.fc_neigh.weight, torch.Size([64, 64])
layers.3.fc_self.weight, torch.Size([47, 64])
layers.3.fc_neigh.weight, torch.Size([47, 64])
----------------------------------------
un-trainable parameters
