main start at this time 1657071787.237337
-----------------------------------------before load data 
 Nvidia-smi: 0.1717529296875 GB
    Memory Allocated: 0.0  GigaBytes
Max Memory Allocated: 0.0  GigaBytes

ogbn-arxiv
# Nodes: 169343
# Edges: 2315598
# Train: 90941
# Val: 29799
# Test: 48603
# Classes: 40

----------------------------------------start of run function 
 Nvidia-smi: 0.1717529296875 GB
    Memory Allocated: 0.0  GigaBytes
Max Memory Allocated: 0.0  GigaBytes

in feats:  128
----------------------------------------before model to device 
 Nvidia-smi: 0.1717529296875 GB
    Memory Allocated: 0.0  GigaBytes
Max Memory Allocated: 0.0  GigaBytes

----------------------------------------after model to device
 Nvidia-smi: 1.0174560546875 GB
    Memory Allocated: 0.0008087158203125  GigaBytes
Max Memory Allocated: 0.0008087158203125  GigaBytes

----------------------------------------before generate dataloader block 
 Nvidia-smi: 1.0174560546875 GB
    Memory Allocated: 0.0008087158203125  GigaBytes
Max Memory Allocated: 0.0008087158203125  GigaBytes

The real block id is  2
get_global_graph_edges_ids_block function  spend 0.027913808822631836
global_2_local spend time (sec) 0.034413814544677734
----------------------------  graph partition start---------------------
g = dgl.graph((u,v))  spent  0.0047490596771240234
the counter of in-degree current block !!!!!!!!!!!!!!_______________!!!!!!!!!!
Counter({0: 64794, 1: 13428, 2: 11706, 3: 9277, 30: 7479, 4: 7320, 5: 6222, 6: 4868, 7: 4045, 8: 3472, 9: 2976, 10: 2599, 11: 2203, 12: 1937, 13: 1656, 14: 1434, 15: 1289, 16: 1111, 17: 1030, 18: 948, 19: 836, 20: 807, 21: 717, 22: 556, 24: 525, 23: 519, 25: 483, 26: 409, 27: 390, 28: 370, 29: 329})

A = g.adjacency_matrix() spent  0.008446693420410156
auxiliary_graph
Graph(num_nodes=155735, num_edges=31735755,
      ndata_schemes={}
      edata_schemes={'w': Scheme(shape=(), dtype=torch.float32)})
get remove nodes spent  0.08132052421569824
remove nodes length  64794

auxiliary_graph.remove_nodes spent  1.3592967987060547
after remove non output nodes the auxiliary_graph
Graph(num_nodes=90941, num_edges=31735755,
      ndata_schemes={}
      edata_schemes={'w': Scheme(shape=(), dtype=torch.float32)})
auxiliary_graph_no_diag generation spent  1.2830514907836914

the counter of shared neighbor distribution
Counter({1.0: 25124188, 2.0: 4626802, 3.0: 1218314, 4.0: 388536, 5.0: 147564, 6.0: 65410, 7.0: 32316, 8.0: 17018, 9.0: 9606, 10.0: 5710, 11.0: 3458, 12.0: 2188, 13.0: 1298, 14.0: 804, 15.0: 550, 16.0: 350, 17.0: 250, 18.0: 152, 19.0: 130, 20.0: 70, 21.0: 38, 22.0: 38, 23.0: 16, 24.0: 4, 25.0: 4})
31644814
Convert a graph into a bidirected graph: 1.312 seconds
Metis partitioning: 5.114 seconds
Split the graph: 3.376 seconds
Construct subgraphs: 0.074 seconds
auxiliary_graph_no_diag dgl.metis_partition spent  9.890607833862305
23247
22666
22328
22700
total k batches seeds list generation spend  16.952062129974365
after graph partition
graph partition algorithm spend time 17.03902268409729
23247
22666
22328
22700
partition_len_list
[41022, 36071, 52867, 69493]
REG selection method  spend 17.12025284767151
time for parepare:  0.01646566390991211
local_output_nid generation:  0.002771139144897461
local_in_edges_tensor generation:  0.003548860549926758
mini_batch_src_global generation:  0.005822181701660156
r_  generation:  0.058447837829589844
local_output_nid generation:  0.003678560256958008
local_in_edges_tensor generation:  0.0038347244262695312
mini_batch_src_global generation:  0.007212162017822266
r_  generation:  0.06258940696716309
local_output_nid generation:  0.003663778305053711
local_in_edges_tensor generation:  0.0033473968505859375
mini_batch_src_global generation:  0.005487203598022461
r_  generation:  0.05332589149475098
local_output_nid generation:  0.003743886947631836
local_in_edges_tensor generation:  0.004691362380981445
mini_batch_src_global generation:  0.01042628288269043
r_  generation:  0.09272003173828125
----------------------check_connections_block total spend ----------------------------- 0.40857362747192383
generate_one_block  0.07712268829345703
generate_one_block  0.0796213150024414
generate_one_block  0.06763434410095215
generate_one_block  0.1298961639404297
The real block id is  1
get_global_graph_edges_ids_block function  spend 0.03466153144836426
gen group dst list time:  0.005316019058227539
time for parepare:  0.02118992805480957
local_output_nid generation:  0.005898714065551758
local_in_edges_tensor generation:  0.01321864128112793
mini_batch_src_global generation:  0.010202884674072266
r_  generation:  0.108642578125
local_output_nid generation:  0.007323503494262695
local_in_edges_tensor generation:  0.0074465274810791016
mini_batch_src_global generation:  0.011714458465576172
r_  generation:  0.09923791885375977
local_output_nid generation:  0.010727167129516602
local_in_edges_tensor generation:  0.011494159698486328
mini_batch_src_global generation:  0.017230749130249023
r_  generation:  0.16950535774230957
local_output_nid generation:  0.011583805084228516
local_in_edges_tensor generation:  0.022501230239868164
mini_batch_src_global generation:  0.03378891944885254
r_  generation:  0.2916982173919678
----------------------check_connections_block total spend ----------------------------- 1.0065414905548096
generate_one_block  0.1393451690673828
generate_one_block  0.12506389617919922
generate_one_block  0.21570587158203125
generate_one_block  0.3928067684173584
The real block id is  0
get_global_graph_edges_ids_block function  spend 0.022674560546875
gen group dst list time:  0.011111259460449219
time for parepare:  0.019283056259155273
local_output_nid generation:  0.01254129409790039
local_in_edges_tensor generation:  0.017621755599975586
mini_batch_src_global generation:  0.015122413635253906
r_  generation:  0.17015314102172852
local_output_nid generation:  0.012725591659545898
local_in_edges_tensor generation:  0.010969161987304688
mini_batch_src_global generation:  0.01494145393371582
r_  generation:  0.1354668140411377
local_output_nid generation:  0.022845745086669922
local_in_edges_tensor generation:  0.02121114730834961
mini_batch_src_global generation:  0.02726435661315918
r_  generation:  0.26441526412963867
local_output_nid generation:  0.019469261169433594
local_in_edges_tensor generation:  0.02438950538635254
mini_batch_src_global generation:  0.028086423873901367
r_  generation:  0.2674534320831299
----------------------check_connections_block total spend ----------------------------- 1.280022382736206
generate_one_block  0.21242094039916992
generate_one_block  0.1576228141784668
generate_one_block  0.3250296115875244
generate_one_block  0.3305814266204834
----------===============-------------===============-------------the number of batches *****---- 4

original number of batches:  4
re graph partition time:  0

-----------------------------------------after block dataloader generation 
 Nvidia-smi: 1.0174560546875 GB
    Memory Allocated: 0.0008087158203125  GigaBytes
Max Memory Allocated: 0.0008087158203125  GigaBytes

connection checking time:  2.6951375007629395
block generation total time  2.2528510093688965
average batch blocks generation time:  0.1877375841140747
block dataloader generation time/epoch 22.351025581359863
pseudo mini batch 0 input nodes size: 117692
----------------------------------------before load block subtensor 
 Nvidia-smi: 1.0174560546875 GB
    Memory Allocated: 0.0008087158203125  GigaBytes
Max Memory Allocated: 0.0008087158203125  GigaBytes

----------------------------------------before batch input features to device
 Nvidia-smi: 1.0174560546875 GB
    Memory Allocated: 0.0008087158203125  GigaBytes
Max Memory Allocated: 0.0008087158203125  GigaBytes

----------------------------------------after batch input features to device
 Nvidia-smi: 1.0740966796875 GB
    Memory Allocated: 0.0574493408203125  GigaBytes
Max Memory Allocated: 0.0574493408203125  GigaBytes

----------------------------------------after  batch labels to device
 Nvidia-smi: 1.0740966796875 GB
    Memory Allocated: 0.05762290954589844  GigaBytes
Max Memory Allocated: 0.05762290954589844  GigaBytes

----------------------------------------after load block subtensor  
 Nvidia-smi: 1.0740966796875 GB
    Memory Allocated: 0.05762290954589844  GigaBytes
Max Memory Allocated: 0.05762290954589844  GigaBytes

----------------------------------------after blocks to device 
 Nvidia-smi: 1.1600341796875 GB
    Memory Allocated: 0.06486797332763672  GigaBytes
Max Memory Allocated: 0.06486797332763672  GigaBytes

----------------------------------------before batch_pred = model(blocks, batch_inputs) 
 Nvidia-smi: 1.1600341796875 GB
    Memory Allocated: 0.06486797332763672  GigaBytes
Max Memory Allocated: 0.06486797332763672  GigaBytes

first layer input nodes number: 117692
first layer output nodes number: 73245
edges number: 474451
----------------------------------------before model layer 0
 Nvidia-smi: 1.1619873046875 GB
    Memory Allocated: 0.06629085540771484  GigaBytes
Max Memory Allocated: 0.06805849075317383  GigaBytes

torch.Size([117692, 128])
----------------------------------------before mean aggregator
 Nvidia-smi: 1.1619873046875 GB
    Memory Allocated: 0.06629085540771484  GigaBytes
Max Memory Allocated: 0.06805849075317383  GigaBytes

----------------------------------------after mean aggregator-------
 Nvidia-smi: 1.5037841796875 GB
    Memory Allocated: 0.1755681037902832  GigaBytes
Max Memory Allocated: 0.1755681037902832  GigaBytes

torch.Size([73245, 256])
torch.Size([73245, 256])
----------------------------------------after rst
 Nvidia-smi: 1.6444091796875 GB
    Memory Allocated: 0.2458806037902832  GigaBytes
Max Memory Allocated: 0.3161931037902832  GigaBytes

----------------------------------------after model layer 0 x = layer(block, x)
 Nvidia-smi: 1.6444091796875 GB
    Memory Allocated: 0.1755681037902832  GigaBytes
Max Memory Allocated: 0.3161931037902832  GigaBytes

torch.Size([73245, 256])
----------------------------------------after model layer 0 x = self.activation(x)
 Nvidia-smi: 1.6444091796875 GB
    Memory Allocated: 0.2458806037902832  GigaBytes
Max Memory Allocated: 0.3161931037902832  GigaBytes

----------------------------------------after model layer 0 x = self.dropout(x)
 Nvidia-smi: 1.6444091796875 GB
    Memory Allocated: 0.26334381103515625  GigaBytes
Max Memory Allocated: 0.33365631103515625  GigaBytes

input nodes number: 73245
output nodes number: 41022
edges number: 326100
----------------------------------------before model layer 1
 Nvidia-smi: 1.6444091796875 GB
    Memory Allocated: 0.26419544219970703  GigaBytes
Max Memory Allocated: 0.33365631103515625  GigaBytes

torch.Size([73245, 256])
----------------------------------------before mean aggregator
 Nvidia-smi: 1.6444091796875 GB
    Memory Allocated: 0.26419544219970703  GigaBytes
Max Memory Allocated: 0.33365631103515625  GigaBytes

----------------------------------------after mean aggregator-------
 Nvidia-smi: 1.6912841796875 GB
    Memory Allocated: 0.3454856872558594  GigaBytes
Max Memory Allocated: 0.3454856872558594  GigaBytes

torch.Size([41022, 256])
torch.Size([41022, 256])
----------------------------------------after rst
 Nvidia-smi: 1.7733154296875 GB
    Memory Allocated: 0.38460731506347656  GigaBytes
Max Memory Allocated: 0.42372894287109375  GigaBytes

----------------------------------------after model layer 1 x = layer(block, x)
 Nvidia-smi: 1.7733154296875 GB
    Memory Allocated: 0.3454856872558594  GigaBytes
Max Memory Allocated: 0.42372894287109375  GigaBytes

torch.Size([41022, 256])
----------------------------------------after model layer 1 x = self.activation(x)
 Nvidia-smi: 1.7733154296875 GB
    Memory Allocated: 0.38460731506347656  GigaBytes
Max Memory Allocated: 0.42372894287109375  GigaBytes

----------------------------------------after model layer 1 x = self.dropout(x)
 Nvidia-smi: 1.7733154296875 GB
    Memory Allocated: 0.39438772201538086  GigaBytes
Max Memory Allocated: 0.43350934982299805  GigaBytes

----------------input nodes number: 41022
----------------output nodes number: 23247
----------------edges number: 171711
----------------------------------------before mean aggregator
 Nvidia-smi: 1.7752685546875 GB
    Memory Allocated: 0.394866943359375  GigaBytes
Max Memory Allocated: 0.43350934982299805  GigaBytes

----------------------------------------after mean aggregator-------
 Nvidia-smi: 1.7752685546875 GB
    Memory Allocated: 0.4219546318054199  GigaBytes
Max Memory Allocated: 0.4406604766845703  GigaBytes

torch.Size([23247, 40])
torch.Size([23247, 40])
----------------------------------------after rst
 Nvidia-smi: 1.7752685546875 GB
    Memory Allocated: 0.4254188537597656  GigaBytes
Max Memory Allocated: 0.4406604766845703  GigaBytes

----------------------------------------end of model layers  after x = self.layers[-1](blocks[-1], x)
 Nvidia-smi: 1.7752685546875 GB
    Memory Allocated: 0.4219546318054199  GigaBytes
Max Memory Allocated: 0.4406604766845703  GigaBytes

torch.Size([23247, 40])
----------------------------------------- after batch_pred = model(blocks, batch_inputs) 
 Nvidia-smi: 1.7752685546875 GB
    Memory Allocated: 0.4254188537597656  GigaBytes
Max Memory Allocated: 0.4406604766845703  GigaBytes

-----------------------------------------after loss calculation
 Nvidia-smi: 1.7752685546875 GB
    Memory Allocated: 0.42888402938842773  GigaBytes
Max Memory Allocated: 0.4406604766845703  GigaBytes

-----------------------------------------after loss backward
 Nvidia-smi: 1.9627685546875 GB
    Memory Allocated: 0.08477973937988281  GigaBytes
Max Memory Allocated: 0.47945117950439453  GigaBytes

pseudo mini batch 1 input nodes size: 90697
----------------------------------------before load block subtensor 
 Nvidia-smi: 1.9627685546875 GB
    Memory Allocated: 0.06189680099487305  GigaBytes
Max Memory Allocated: 0.47945117950439453  GigaBytes

----------------------------------------before batch input features to device
 Nvidia-smi: 1.9627685546875 GB
    Memory Allocated: 0.06189680099487305  GigaBytes
Max Memory Allocated: 0.47945117950439453  GigaBytes

----------------------------------------after batch input features to device
 Nvidia-smi: 1.9627685546875 GB
    Memory Allocated: 0.10514450073242188  GigaBytes
Max Memory Allocated: 0.47945117950439453  GigaBytes

----------------------------------------after  batch labels to device
 Nvidia-smi: 1.9627685546875 GB
    Memory Allocated: 0.10531377792358398  GigaBytes
Max Memory Allocated: 0.47945117950439453  GigaBytes

----------------------------------------after load block subtensor  
 Nvidia-smi: 1.9627685546875 GB
    Memory Allocated: 0.04849958419799805  GigaBytes
Max Memory Allocated: 0.47945117950439453  GigaBytes

----------------------------------------after blocks to device 
 Nvidia-smi: 1.9627685546875 GB
    Memory Allocated: 0.05479288101196289  GigaBytes
Max Memory Allocated: 0.47945117950439453  GigaBytes

----------------------------------------before batch_pred = model(blocks, batch_inputs) 
 Nvidia-smi: 1.9627685546875 GB
    Memory Allocated: 0.05479288101196289  GigaBytes
Max Memory Allocated: 0.47945117950439453  GigaBytes

first layer input nodes number: 90697
first layer output nodes number: 55946
edges number: 357561
----------------------------------------before model layer 0
 Nvidia-smi: 1.9627685546875 GB
    Memory Allocated: 0.055886268615722656  GigaBytes
Max Memory Allocated: 0.47945117950439453  GigaBytes

torch.Size([90697, 128])
----------------------------------------before mean aggregator
 Nvidia-smi: 1.9627685546875 GB
    Memory Allocated: 0.055886268615722656  GigaBytes
Max Memory Allocated: 0.47945117950439453  GigaBytes

----------------------------------------after mean aggregator-------
 Nvidia-smi: 1.9627685546875 GB
    Memory Allocated: 0.13879108428955078  GigaBytes
Max Memory Allocated: 0.47945117950439453  GigaBytes

torch.Size([55946, 256])
torch.Size([55946, 256])
----------------------------------------after rst
 Nvidia-smi: 1.9627685546875 GB
    Memory Allocated: 0.19214534759521484  GigaBytes
Max Memory Allocated: 0.47945117950439453  GigaBytes

----------------------------------------after model layer 0 x = layer(block, x)
 Nvidia-smi: 1.9627685546875 GB
    Memory Allocated: 0.13879108428955078  GigaBytes
Max Memory Allocated: 0.47945117950439453  GigaBytes

torch.Size([55946, 256])
----------------------------------------after model layer 0 x = self.activation(x)
 Nvidia-smi: 1.9627685546875 GB
    Memory Allocated: 0.19214534759521484  GigaBytes
Max Memory Allocated: 0.47945117950439453  GigaBytes

----------------------------------------after model layer 0 x = self.dropout(x)
 Nvidia-smi: 1.9627685546875 GB
    Memory Allocated: 0.20548391342163086  GigaBytes
Max Memory Allocated: 0.47945117950439453  GigaBytes

input nodes number: 55946
output nodes number: 36071
edges number: 298995
----------------------------------------before model layer 1
 Nvidia-smi: 1.9627685546875 GB
    Memory Allocated: 0.20617008209228516  GigaBytes
Max Memory Allocated: 0.47945117950439453  GigaBytes

torch.Size([55946, 256])
----------------------------------------before mean aggregator
 Nvidia-smi: 1.9627685546875 GB
    Memory Allocated: 0.20617008209228516  GigaBytes
Max Memory Allocated: 0.47945117950439453  GigaBytes

----------------------------------------after mean aggregator-------
 Nvidia-smi: 1.9627685546875 GB
    Memory Allocated: 0.27822303771972656  GigaBytes
Max Memory Allocated: 0.47945117950439453  GigaBytes

torch.Size([36071, 256])
torch.Size([36071, 256])
----------------------------------------after rst
 Nvidia-smi: 1.9627685546875 GB
    Memory Allocated: 0.3126230239868164  GigaBytes
Max Memory Allocated: 0.47945117950439453  GigaBytes

----------------------------------------after model layer 1 x = layer(block, x)
 Nvidia-smi: 1.9627685546875 GB
    Memory Allocated: 0.2774667739868164  GigaBytes
Max Memory Allocated: 0.47945117950439453  GigaBytes

torch.Size([36071, 256])
----------------------------------------after model layer 1 x = self.activation(x)
 Nvidia-smi: 1.9627685546875 GB
    Memory Allocated: 0.3126230239868164  GigaBytes
Max Memory Allocated: 0.47945117950439453  GigaBytes

----------------------------------------after model layer 1 x = self.dropout(x)
 Nvidia-smi: 1.9627685546875 GB
    Memory Allocated: 0.3204669952392578  GigaBytes
Max Memory Allocated: 0.47945117950439453  GigaBytes

----------------input nodes number: 36071
----------------output nodes number: 22666
----------------edges number: 187926
----------------------------------------before mean aggregator
 Nvidia-smi: 1.9627685546875 GB
    Memory Allocated: 0.3209052085876465  GigaBytes
Max Memory Allocated: 0.47945117950439453  GigaBytes

----------------------------------------after mean aggregator-------
 Nvidia-smi: 1.9627685546875 GB
    Memory Allocated: 0.34812259674072266  GigaBytes
Max Memory Allocated: 0.47945117950439453  GigaBytes

torch.Size([22666, 40])
torch.Size([22666, 40])
----------------------------------------after rst
 Nvidia-smi: 1.9627685546875 GB
    Memory Allocated: 0.3515005111694336  GigaBytes
Max Memory Allocated: 0.47945117950439453  GigaBytes

----------------------------------------end of model layers  after x = self.layers[-1](blocks[-1], x)
 Nvidia-smi: 1.9627685546875 GB
    Memory Allocated: 0.3474698066711426  GigaBytes
Max Memory Allocated: 0.47945117950439453  GigaBytes

torch.Size([22666, 40])
----------------------------------------- after batch_pred = model(blocks, batch_inputs) 
 Nvidia-smi: 1.9627685546875 GB
    Memory Allocated: 0.3480362892150879  GigaBytes
Max Memory Allocated: 0.47945117950439453  GigaBytes

-----------------------------------------after loss calculation
 Nvidia-smi: 1.9627685546875 GB
    Memory Allocated: 0.35141468048095703  GigaBytes
Max Memory Allocated: 0.47945117950439453  GigaBytes

-----------------------------------------after loss backward
 Nvidia-smi: 1.9647216796875 GB
    Memory Allocated: 0.06854867935180664  GigaBytes
Max Memory Allocated: 0.47945117950439453  GigaBytes

pseudo mini batch 2 input nodes size: 137621
----------------------------------------before load block subtensor 
 Nvidia-smi: 1.9647216796875 GB
    Memory Allocated: 0.04906606674194336  GigaBytes
Max Memory Allocated: 0.47945117950439453  GigaBytes

----------------------------------------before batch input features to device
 Nvidia-smi: 1.9647216796875 GB
    Memory Allocated: 0.04906606674194336  GigaBytes
Max Memory Allocated: 0.47945117950439453  GigaBytes

----------------------------------------after batch input features to device
 Nvidia-smi: 1.9647216796875 GB
    Memory Allocated: 0.11468887329101562  GigaBytes
Max Memory Allocated: 0.47945117950439453  GigaBytes

----------------------------------------after  batch labels to device
 Nvidia-smi: 1.9647216796875 GB
    Memory Allocated: 0.11485528945922852  GigaBytes
Max Memory Allocated: 0.47945117950439453  GigaBytes

----------------------------------------after load block subtensor  
 Nvidia-smi: 1.9647216796875 GB
    Memory Allocated: 0.07143831253051758  GigaBytes
Max Memory Allocated: 0.47945117950439453  GigaBytes

----------------------------------------after blocks to device 
 Nvidia-smi: 1.9647216796875 GB
    Memory Allocated: 0.0818033218383789  GigaBytes
Max Memory Allocated: 0.47945117950439453  GigaBytes

----------------------------------------before batch_pred = model(blocks, batch_inputs) 
 Nvidia-smi: 1.9647216796875 GB
    Memory Allocated: 0.0818033218383789  GigaBytes
Max Memory Allocated: 0.47945117950439453  GigaBytes

first layer input nodes number: 137621
first layer output nodes number: 105127
edges number: 733063
----------------------------------------before model layer 0
 Nvidia-smi: 1.9647216796875 GB
    Memory Allocated: 0.0843038558959961  GigaBytes
Max Memory Allocated: 0.47945117950439453  GigaBytes

torch.Size([137621, 128])
----------------------------------------before mean aggregator
 Nvidia-smi: 1.9647216796875 GB
    Memory Allocated: 0.0843038558959961  GigaBytes
Max Memory Allocated: 0.47945117950439453  GigaBytes

----------------------------------------after mean aggregator-------
 Nvidia-smi: 2.0760498046875 GB
    Memory Allocated: 0.24054384231567383  GigaBytes
Max Memory Allocated: 0.47945117950439453  GigaBytes

torch.Size([105127, 256])
torch.Size([105127, 256])
----------------------------------------after rst
 Nvidia-smi: 2.2791748046875 GB
    Memory Allocated: 0.34080076217651367  GigaBytes
Max Memory Allocated: 0.47945117950439453  GigaBytes

----------------------------------------after model layer 0 x = layer(block, x)
 Nvidia-smi: 2.2791748046875 GB
    Memory Allocated: 0.24054384231567383  GigaBytes
Max Memory Allocated: 0.47945117950439453  GigaBytes

torch.Size([105127, 256])
----------------------------------------after model layer 0 x = self.activation(x)
 Nvidia-smi: 2.2791748046875 GB
    Memory Allocated: 0.34080076217651367  GigaBytes
Max Memory Allocated: 0.47945117950439453  GigaBytes

----------------------------------------after model layer 0 x = self.dropout(x)
 Nvidia-smi: 2.2791748046875 GB
    Memory Allocated: 0.36586523056030273  GigaBytes
Max Memory Allocated: 0.47945117950439453  GigaBytes

input nodes number: 105127
output nodes number: 52867
edges number: 502676
----------------------------------------before model layer 1
 Nvidia-smi: 2.2791748046875 GB
    Memory Allocated: 0.36704301834106445  GigaBytes
Max Memory Allocated: 0.47945117950439453  GigaBytes

torch.Size([105127, 256])
----------------------------------------before mean aggregator
 Nvidia-smi: 2.2791748046875 GB
    Memory Allocated: 0.36704301834106445  GigaBytes
Max Memory Allocated: 0.47945117950439453  GigaBytes

----------------------------------------after mean aggregator-------
 Nvidia-smi: 2.2791748046875 GB
    Memory Allocated: 0.4728217124938965  GigaBytes
Max Memory Allocated: 0.47945117950439453  GigaBytes

torch.Size([52867, 256])
torch.Size([52867, 256])
----------------------------------------after rst
 Nvidia-smi: 2.2791748046875 GB
    Memory Allocated: 0.5239663124084473  GigaBytes
Max Memory Allocated: 0.5743842124938965  GigaBytes

----------------------------------------after model layer 1 x = layer(block, x)
 Nvidia-smi: 2.2791748046875 GB
    Memory Allocated: 0.47354841232299805  GigaBytes
Max Memory Allocated: 0.5743842124938965  GigaBytes

torch.Size([52867, 256])
----------------------------------------after model layer 1 x = self.activation(x)
 Nvidia-smi: 2.2791748046875 GB
    Memory Allocated: 0.5239663124084473  GigaBytes
Max Memory Allocated: 0.5743842124938965  GigaBytes

----------------------------------------after model layer 1 x = self.dropout(x)
 Nvidia-smi: 2.2791748046875 GB
    Memory Allocated: 0.537076473236084  GigaBytes
Max Memory Allocated: 0.5874943733215332  GigaBytes

----------------input nodes number: 52867
----------------output nodes number: 22328
----------------edges number: 143711
----------------------------------------before mean aggregator
 Nvidia-smi: 2.2791748046875 GB
    Memory Allocated: 0.5376372337341309  GigaBytes
Max Memory Allocated: 0.5874943733215332  GigaBytes

----------------------------------------after mean aggregator-------
 Nvidia-smi: 2.2791748046875 GB
    Memory Allocated: 0.5634961128234863  GigaBytes
Max Memory Allocated: 0.5874943733215332  GigaBytes

torch.Size([22328, 40])
torch.Size([22328, 40])
----------------------------------------after rst
 Nvidia-smi: 2.2791748046875 GB
    Memory Allocated: 0.5668234825134277  GigaBytes
Max Memory Allocated: 0.5874943733215332  GigaBytes

----------------------------------------end of model layers  after x = self.layers[-1](blocks[-1], x)
 Nvidia-smi: 2.2791748046875 GB
    Memory Allocated: 0.5634961128234863  GigaBytes
Max Memory Allocated: 0.5874943733215332  GigaBytes

torch.Size([22328, 40])
----------------------------------------- after batch_pred = model(blocks, batch_inputs) 
 Nvidia-smi: 2.2791748046875 GB
    Memory Allocated: 0.5627927780151367  GigaBytes
Max Memory Allocated: 0.5874943733215332  GigaBytes

-----------------------------------------after loss calculation
 Nvidia-smi: 2.2791748046875 GB
    Memory Allocated: 0.5661206245422363  GigaBytes
Max Memory Allocated: 0.5874943733215332  GigaBytes

-----------------------------------------after loss backward
 Nvidia-smi: 2.4627685546875 GB
    Memory Allocated: 0.10249996185302734  GigaBytes
Max Memory Allocated: 0.6405563354492188  GigaBytes

pseudo mini batch 3 input nodes size: 126316
----------------------------------------before load block subtensor 
 Nvidia-smi: 2.4627685546875 GB
    Memory Allocated: 0.07073497772216797  GigaBytes
Max Memory Allocated: 0.6405563354492188  GigaBytes

----------------------------------------before batch input features to device
 Nvidia-smi: 2.4627685546875 GB
    Memory Allocated: 0.07073497772216797  GigaBytes
Max Memory Allocated: 0.6405563354492188  GigaBytes

----------------------------------------after batch input features to device
 Nvidia-smi: 2.4627685546875 GB
    Memory Allocated: 0.1309671401977539  GigaBytes
Max Memory Allocated: 0.6405563354492188  GigaBytes

----------------------------------------after  batch labels to device
 Nvidia-smi: 2.4627685546875 GB
    Memory Allocated: 0.13113641738891602  GigaBytes
Max Memory Allocated: 0.6405563354492188  GigaBytes

----------------------------------------after load block subtensor  
 Nvidia-smi: 2.4627685546875 GB
    Memory Allocated: 0.06534719467163086  GigaBytes
Max Memory Allocated: 0.6405563354492188  GigaBytes

----------------------------------------after blocks to device 
 Nvidia-smi: 2.4627685546875 GB
    Memory Allocated: 0.07992124557495117  GigaBytes
Max Memory Allocated: 0.6405563354492188  GigaBytes

----------------------------------------before batch_pred = model(blocks, batch_inputs) 
 Nvidia-smi: 2.4627685546875 GB
    Memory Allocated: 0.07992124557495117  GigaBytes
Max Memory Allocated: 0.6405563354492188  GigaBytes

first layer input nodes number: 126316
first layer output nodes number: 99870
edges number: 735770
----------------------------------------before model layer 0
 Nvidia-smi: 2.4627685546875 GB
    Memory Allocated: 0.08160686492919922  GigaBytes
Max Memory Allocated: 0.6405563354492188  GigaBytes

torch.Size([126316, 128])
----------------------------------------before mean aggregator
 Nvidia-smi: 2.4627685546875 GB
    Memory Allocated: 0.08160686492919922  GigaBytes
Max Memory Allocated: 0.6405563354492188  GigaBytes

----------------------------------------after mean aggregator-------
 Nvidia-smi: 2.4627685546875 GB
    Memory Allocated: 0.2307453155517578  GigaBytes
Max Memory Allocated: 0.6405563354492188  GigaBytes

torch.Size([99870, 256])
torch.Size([99870, 256])
----------------------------------------after rst
 Nvidia-smi: 2.4627685546875 GB
    Memory Allocated: 0.32598876953125  GigaBytes
Max Memory Allocated: 0.6405563354492188  GigaBytes

----------------------------------------after model layer 0 x = layer(block, x)
 Nvidia-smi: 2.4627685546875 GB
    Memory Allocated: 0.2307453155517578  GigaBytes
Max Memory Allocated: 0.6405563354492188  GigaBytes

torch.Size([99870, 256])
----------------------------------------after model layer 0 x = self.activation(x)
 Nvidia-smi: 2.4627685546875 GB
    Memory Allocated: 0.32598876953125  GigaBytes
Max Memory Allocated: 0.6405563354492188  GigaBytes

----------------------------------------after model layer 0 x = self.dropout(x)
 Nvidia-smi: 2.4627685546875 GB
    Memory Allocated: 0.34979963302612305  GigaBytes
Max Memory Allocated: 0.6405563354492188  GigaBytes

input nodes number: 99870
output nodes number: 69493
edges number: 924267
----------------------------------------before model layer 1
 Nvidia-smi: 2.4627685546875 GB
    Memory Allocated: 0.3510618209838867  GigaBytes
Max Memory Allocated: 0.6405563354492188  GigaBytes

torch.Size([99870, 256])
----------------------------------------before mean aggregator
 Nvidia-smi: 2.4627685546875 GB
    Memory Allocated: 0.3510618209838867  GigaBytes
Max Memory Allocated: 0.6405563354492188  GigaBytes

----------------------------------------after mean aggregator-------
 Nvidia-smi: 2.4783935546875 GB
    Memory Allocated: 0.4916090965270996  GigaBytes
Max Memory Allocated: 0.6405563354492188  GigaBytes

torch.Size([69493, 256])
torch.Size([69493, 256])
----------------------------------------after rst
 Nvidia-smi: 2.4783935546875 GB
    Memory Allocated: 0.5578827857971191  GigaBytes
Max Memory Allocated: 0.6405563354492188  GigaBytes

----------------------------------------after model layer 1 x = layer(block, x)
 Nvidia-smi: 2.4783935546875 GB
    Memory Allocated: 0.4916090965270996  GigaBytes
Max Memory Allocated: 0.6405563354492188  GigaBytes

torch.Size([69493, 256])
----------------------------------------after model layer 1 x = self.activation(x)
 Nvidia-smi: 2.4783935546875 GB
    Memory Allocated: 0.5578827857971191  GigaBytes
Max Memory Allocated: 0.6405563354492188  GigaBytes

----------------------------------------after model layer 1 x = self.dropout(x)
 Nvidia-smi: 2.4783935546875 GB
    Memory Allocated: 0.5744514465332031  GigaBytes
Max Memory Allocated: 0.6407251358032227  GigaBytes

----------------input nodes number: 69493
----------------output nodes number: 22700
----------------edges number: 281912
----------------------------------------before mean aggregator
 Nvidia-smi: 2.4783935546875 GB
    Memory Allocated: 0.5751385688781738  GigaBytes
Max Memory Allocated: 0.6407251358032227  GigaBytes

----------------------------------------after mean aggregator-------
 Nvidia-smi: 2.4783935546875 GB
    Memory Allocated: 0.6038713455200195  GigaBytes
Max Memory Allocated: 0.6407251358032227  GigaBytes

torch.Size([22700, 40])
torch.Size([22700, 40])
----------------------------------------after rst
 Nvidia-smi: 2.4783935546875 GB
    Memory Allocated: 0.6072540283203125  GigaBytes
Max Memory Allocated: 0.6407251358032227  GigaBytes

----------------------------------------end of model layers  after x = self.layers[-1](blocks[-1], x)
 Nvidia-smi: 2.4783935546875 GB
    Memory Allocated: 0.603215217590332  GigaBytes
Max Memory Allocated: 0.6407251358032227  GigaBytes

torch.Size([22700, 40])
----------------------------------------- after batch_pred = model(blocks, batch_inputs) 
 Nvidia-smi: 2.4783935546875 GB
    Memory Allocated: 0.6039266586303711  GigaBytes
Max Memory Allocated: 0.6407251358032227  GigaBytes

-----------------------------------------after loss calculation
 Nvidia-smi: 2.4783935546875 GB
    Memory Allocated: 0.6079659461975098  GigaBytes
Max Memory Allocated: 0.6407251358032227  GigaBytes

-----------------------------------------after loss backward
 Nvidia-smi: 2.5701904296875 GB
    Memory Allocated: 0.11172294616699219  GigaBytes
Max Memory Allocated: 0.7145800590515137  GigaBytes

-----------------------------------------after optimizer step
 Nvidia-smi: 2.5701904296875 GB
    Memory Allocated: 0.11334037780761719  GigaBytes
Max Memory Allocated: 0.7145800590515137  GigaBytes

-----------------------------------------after optimizer zero grad
 Nvidia-smi: 2.5701904296875 GB
    Memory Allocated: 0.11334037780761719  GigaBytes
Max Memory Allocated: 0.7145800590515137  GigaBytes

times | data loading | block to device | model prediction | loss calculation | loss backward |  optimizer step |
      |0.024373114109039307 |0.08562546968460083 |0.20439684391021729 |0.0001742243766784668 |0.00820094347000122 |0.002126455307006836 |
----------------------------------------------------------pseudo_mini_loss sum 4.600767135620117
Total (block generation + training)time/epoch 23.658838033676147
Training time/epoch 1.3073806762695312
Training time without block to device /epoch 0.9648787975311279
Training time without total dataloading part /epoch 0.8532145023345947
load block tensor time/epoch 0.09749245643615723
block to device time/epoch 0.3425018787384033
input features size transfer per epoch 5.364418029785156e-07
blocks size to device per epoch 3.5762786865234375e-07
 Run 0| Epoch 0 |
Number of nodes for computation during this epoch:  1005967
Number of first layer input nodes during this epoch:  472326
Number of first layer output nodes during this epoch:  334188
GraphSAGE(
  (layers): ModuleList(
    (0): SAGEConv(
      (fc_self): Linear(in_features=128, out_features=256, bias=False)
      (fc_neigh): Linear(in_features=128, out_features=256, bias=False)
    )
    (1): SAGEConv(
      (fc_self): Linear(in_features=256, out_features=256, bias=False)
      (fc_neigh): Linear(in_features=256, out_features=256, bias=False)
    )
    (2): SAGEConv(
      (fc_self): Linear(in_features=256, out_features=40, bias=False)
      (fc_neigh): Linear(in_features=256, out_features=40, bias=False)
    )
  )
  (dropout): Dropout(p=0.5, inplace=False)
)
total model parameters size  217088
trainable parameters
layers.0.fc_self.weight, torch.Size([256, 128])
layers.0.fc_neigh.weight, torch.Size([256, 128])
layers.1.fc_self.weight, torch.Size([256, 256])
layers.1.fc_neigh.weight, torch.Size([256, 256])
layers.2.fc_self.weight, torch.Size([40, 256])
layers.2.fc_neigh.weight, torch.Size([40, 256])
----------------------------------------
un-trainable parameters
