main start at this time 1658268089.9610496
-----------------------------------------before load data 
 Nvidia-smi: 0.1717529296875 GB
    Memory Allocated: 0.0  GigaBytes
Max Memory Allocated: 0.0  GigaBytes

#nodes: 2449029
#edges: 123718024
#classes: 47
success----------------------------------------
196571
39255
2164782
# Nodes: 2400608
# Edges: 123718024
# Train: 196571
# Val: 39255
# Test: 2164782
# Classes: 47

----------------------------------------start of run function 
 Nvidia-smi: 0.1717529296875 GB
    Memory Allocated: 0.0  GigaBytes
Max Memory Allocated: 0.0  GigaBytes

in feats:  100
----------------------------------------before model to device 
 Nvidia-smi: 0.1717529296875 GB
    Memory Allocated: 0.0  GigaBytes
Max Memory Allocated: 0.0  GigaBytes

----------------------------------------after model to device
 Nvidia-smi: 1.0174560546875 GB
    Memory Allocated: 2.002716064453125e-05  GigaBytes
Max Memory Allocated: 2.002716064453125e-05  GigaBytes

----------------------------------------before generate dataloader block 
 Nvidia-smi: 1.0174560546875 GB
    Memory Allocated: 2.002716064453125e-05  GigaBytes
Max Memory Allocated: 2.002716064453125e-05  GigaBytes

-----------------------------------------after block dataloader generation 
 Nvidia-smi: 1.0174560546875 GB
    Memory Allocated: 2.002716064453125e-05  GigaBytes
Max Memory Allocated: 2.002716064453125e-05  GigaBytes

connection checking time:  0
block generation total time  0
average batch blocks generation time:  0
block dataloader generation time/epoch 1.6833407878875732
pseudo mini batch 0 input nodes size: 2131321
----------------------------------------before load block subtensor 
 Nvidia-smi: 1.0174560546875 GB
    Memory Allocated: 2.002716064453125e-05  GigaBytes
Max Memory Allocated: 2.002716064453125e-05  GigaBytes

----------------------------------------before batch input features to device
 Nvidia-smi: 1.0174560546875 GB
    Memory Allocated: 2.002716064453125e-05  GigaBytes
Max Memory Allocated: 2.002716064453125e-05  GigaBytes

----------------------------------------after batch input features to device
 Nvidia-smi: 1.8123779296875 GB
    Memory Allocated: 0.7949419021606445  GigaBytes
Max Memory Allocated: 0.7949419021606445  GigaBytes

----------------------------------------after  batch labels to device
 Nvidia-smi: 1.8319091796875 GB
    Memory Allocated: 0.7964067459106445  GigaBytes
Max Memory Allocated: 0.7964067459106445  GigaBytes

----------------------------------------after load block subtensor  
 Nvidia-smi: 1.8319091796875 GB
    Memory Allocated: 0.7964067459106445  GigaBytes
Max Memory Allocated: 0.7964067459106445  GigaBytes

----------------------------------------after blocks to device 
 Nvidia-smi: 2.1658935546875 GB
    Memory Allocated: 1.076645851135254  GigaBytes
Max Memory Allocated: 1.076645851135254  GigaBytes

----------------------------------------before batch_pred = model(blocks, batch_inputs) 
 Nvidia-smi: 2.1658935546875 GB
    Memory Allocated: 1.076645851135254  GigaBytes
Max Memory Allocated: 1.076645851135254  GigaBytes

first layer input nodes number: 2131321
first layer output nodes number: 1887040
edges number: 17572592
----------------------------------------before model layer 0
 Nvidia-smi: 2.2655029296875 GB
    Memory Allocated: 1.1065850257873535  GigaBytes
Max Memory Allocated: 1.1729912757873535  GigaBytes

torch.Size([2131321, 100])
----------------------------------------before mean aggregator
 Nvidia-smi: 2.2655029296875 GB
    Memory Allocated: 1.1065850257873535  GigaBytes
Max Memory Allocated: 1.1729912757873535  GigaBytes

----------------------------------------after mean aggregator-------
 Nvidia-smi: 5.1307373046875 GB
    Memory Allocated: 2.0620288848876953  GigaBytes
Max Memory Allocated: 2.659707546234131  GigaBytes

h_neigh size torch.Size([1887040, 16])
torch.Size([1887040, 16])
torch.Size([1887040, 16])
----------------------------------------after rst
 Nvidia-smi: 5.1307373046875 GB
    Memory Allocated: 2.1745052337646484  GigaBytes
Max Memory Allocated: 2.659707546234131  GigaBytes

----------------------------------------after model layer 0 x = layer(block, x)
 Nvidia-smi: 5.1307373046875 GB
    Memory Allocated: 2.0620288848876953  GigaBytes
Max Memory Allocated: 2.659707546234131  GigaBytes

torch.Size([1887040, 16])
----------------------------------------after model layer 0 x = self.activation(x)
 Nvidia-smi: 5.1307373046875 GB
    Memory Allocated: 2.1745052337646484  GigaBytes
Max Memory Allocated: 2.659707546234131  GigaBytes

----------------------------------------after model layer 0 x = self.dropout(x)
 Nvidia-smi: 5.1307373046875 GB
    Memory Allocated: 2.2026243209838867  GigaBytes
Max Memory Allocated: 2.659707546234131  GigaBytes

input nodes number: 1887040
output nodes number: 1119177
edges number: 15946433
----------------------------------------before model layer 1
 Nvidia-smi: 5.1307373046875 GB
    Memory Allocated: 2.225022792816162  GigaBytes
Max Memory Allocated: 2.659707546234131  GigaBytes

torch.Size([1887040, 16])
----------------------------------------before mean aggregator
 Nvidia-smi: 5.1307373046875 GB
    Memory Allocated: 2.225022792816162  GigaBytes
Max Memory Allocated: 2.659707546234131  GigaBytes

----------------------------------------after mean aggregator-------
 Nvidia-smi: 5.1307373046875 GB
    Memory Allocated: 2.4855895042419434  GigaBytes
Max Memory Allocated: 2.707568645477295  GigaBytes

h_neigh size torch.Size([1119177, 16])
torch.Size([1119177, 16])
torch.Size([1119177, 16])
----------------------------------------after rst
 Nvidia-smi: 5.1307373046875 GB
    Memory Allocated: 2.552298069000244  GigaBytes
Max Memory Allocated: 2.707568645477295  GigaBytes

----------------------------------------after model layer 1 x = layer(block, x)
 Nvidia-smi: 5.1307373046875 GB
    Memory Allocated: 2.4855895042419434  GigaBytes
Max Memory Allocated: 2.707568645477295  GigaBytes

torch.Size([1119177, 16])
----------------------------------------after model layer 1 x = self.activation(x)
 Nvidia-smi: 5.1307373046875 GB
    Memory Allocated: 2.552298069000244  GigaBytes
Max Memory Allocated: 2.707568645477295  GigaBytes

----------------------------------------after model layer 1 x = self.dropout(x)
 Nvidia-smi: 5.1307373046875 GB
    Memory Allocated: 2.5697379112243652  GigaBytes
Max Memory Allocated: 2.707568645477295  GigaBytes

----------------input nodes number: 1119177
----------------output nodes number: 196571
----------------edges number: 3840695
----------------------------------------before mean aggregator
 Nvidia-smi: 5.1307373046875 GB
    Memory Allocated: 2.5796422958374023  GigaBytes
Max Memory Allocated: 2.707568645477295  GigaBytes

----------------------------------------after mean aggregator-------
 Nvidia-smi: 5.1326904296875 GB
    Memory Allocated: 2.655857563018799  GigaBytes
Max Memory Allocated: 2.707568645477295  GigaBytes

h_neigh size torch.Size([196571, 47])
torch.Size([196571, 47])
torch.Size([196571, 47])
----------------------------------------after rst
 Nvidia-smi: 5.1326904296875 GB
    Memory Allocated: 2.690275192260742  GigaBytes
Max Memory Allocated: 2.7246928215026855  GigaBytes

----------------------------------------end of model layers  after x = self.layers[-1](blocks[-1], x)
 Nvidia-smi: 5.1326904296875 GB
    Memory Allocated: 2.655857563018799  GigaBytes
Max Memory Allocated: 2.7246928215026855  GigaBytes

torch.Size([196571, 47])
----------------------------------------- after batch_pred = model(blocks, batch_inputs) 
 Nvidia-smi: 5.1326904296875 GB
    Memory Allocated: 2.690275192260742  GigaBytes
Max Memory Allocated: 2.7246928215026855  GigaBytes

-----------------------------------------after loss calculation
 Nvidia-smi: 5.1326904296875 GB
    Memory Allocated: 2.724693775177002  GigaBytes
Max Memory Allocated: 2.72469425201416  GigaBytes

-----------------------------------------after loss backward
 Nvidia-smi: 5.6053466796875 GB
    Memory Allocated: 1.6241235733032227  GigaBytes
Max Memory Allocated: 3.004051685333252  GigaBytes

-----------------------------------------after optimizer step
 Nvidia-smi: 5.6053466796875 GB
    Memory Allocated: 1.6241636276245117  GigaBytes
Max Memory Allocated: 3.004051685333252  GigaBytes

-----------------------------------------after optimizer zero grad
 Nvidia-smi: 5.6053466796875 GB
    Memory Allocated: 1.6241636276245117  GigaBytes
Max Memory Allocated: 3.004051685333252  GigaBytes

times | data loading | block to device | model prediction | loss calculation | loss backward |  optimizer step |
      |0.3830838203430176 |0.5402920246124268 |0.8291318416595459 |0.0002732276916503906 |0.029590606689453125 |0.003387451171875 |
----------------------------------------------------------pseudo_mini_loss sum 7.526305198669434
Total (block generation + training)time/epoch 3.478630304336548
Training time/epoch 1.7950050830841064
Training time without block to device /epoch 1.2547130584716797
Training time without total dataloading part /epoch 0.8623831272125244
load block tensor time/epoch 0.3830838203430176
block to device time/epoch 0.5402920246124268
input features size transfer per epoch 1.341104507446289e-07
blocks size to device per epoch 1.043081283569336e-07
 Run 0| Epoch 0 |
Number of nodes for computation during this epoch:  5137538
Number of first layer input nodes during this epoch:  2131321
Number of first layer output nodes during this epoch:  1887040
GraphSAGE(
  (layers): ModuleList(
    (0): SAGEConv(
      (fc_self): Linear(in_features=100, out_features=16, bias=False)
      (fc_neigh): Linear(in_features=100, out_features=16, bias=False)
    )
    (1): SAGEConv(
      (fc_self): Linear(in_features=16, out_features=16, bias=False)
      (fc_neigh): Linear(in_features=16, out_features=16, bias=False)
    )
    (2): SAGEConv(
      (fc_self): Linear(in_features=16, out_features=47, bias=False)
      (fc_neigh): Linear(in_features=16, out_features=47, bias=False)
    )
  )
  (dropout): Dropout(p=0.5, inplace=False)
)
total model parameters size  5216
trainable parameters
layers.0.fc_self.weight, torch.Size([16, 100])
layers.0.fc_neigh.weight, torch.Size([16, 100])
layers.1.fc_self.weight, torch.Size([16, 16])
layers.1.fc_neigh.weight, torch.Size([16, 16])
layers.2.fc_self.weight, torch.Size([47, 16])
layers.2.fc_neigh.weight, torch.Size([47, 16])
----------------------------------------
un-trainable parameters
