main start at this time 1658267084.0361283
-----------------------------------------before load data 
 Nvidia-smi: 0.1717529296875 GB
    Memory Allocated: 0.0  GigaBytes
Max Memory Allocated: 0.0  GigaBytes

#nodes: 2449029
#edges: 123718024
#classes: 47
success----------------------------------------
196571
39255
2164782
# Nodes: 2400608
# Edges: 123718024
# Train: 196571
# Val: 39255
# Test: 2164782
# Classes: 47

----------------------------------------start of run function 
 Nvidia-smi: 0.1717529296875 GB
    Memory Allocated: 0.0  GigaBytes
Max Memory Allocated: 0.0  GigaBytes

in feats:  100
----------------------------------------before model to device 
 Nvidia-smi: 0.1717529296875 GB
    Memory Allocated: 0.0  GigaBytes
Max Memory Allocated: 0.0  GigaBytes

----------------------------------------after model to device
 Nvidia-smi: 1.0194091796875 GB
    Memory Allocated: 0.002513885498046875  GigaBytes
Max Memory Allocated: 0.002513885498046875  GigaBytes

----------------------------------------before generate dataloader block 
 Nvidia-smi: 1.0194091796875 GB
    Memory Allocated: 0.002513885498046875  GigaBytes
Max Memory Allocated: 0.002513885498046875  GigaBytes

-----------------------------------------after block dataloader generation 
 Nvidia-smi: 1.0194091796875 GB
    Memory Allocated: 0.002513885498046875  GigaBytes
Max Memory Allocated: 0.002513885498046875  GigaBytes

connection checking time:  0
block generation total time  0
average batch blocks generation time:  0
block dataloader generation time/epoch 1.692915439605713
pseudo mini batch 0 input nodes size: 2131321
----------------------------------------before load block subtensor 
 Nvidia-smi: 1.0194091796875 GB
    Memory Allocated: 0.002513885498046875  GigaBytes
Max Memory Allocated: 0.002513885498046875  GigaBytes

----------------------------------------before batch input features to device
 Nvidia-smi: 1.0194091796875 GB
    Memory Allocated: 0.002513885498046875  GigaBytes
Max Memory Allocated: 0.002513885498046875  GigaBytes

----------------------------------------after batch input features to device
 Nvidia-smi: 1.8143310546875 GB
    Memory Allocated: 0.7974357604980469  GigaBytes
Max Memory Allocated: 0.7974357604980469  GigaBytes

----------------------------------------after  batch labels to device
 Nvidia-smi: 1.8338623046875 GB
    Memory Allocated: 0.7989006042480469  GigaBytes
Max Memory Allocated: 0.7989006042480469  GigaBytes

----------------------------------------after load block subtensor  
 Nvidia-smi: 1.8338623046875 GB
    Memory Allocated: 0.7989006042480469  GigaBytes
Max Memory Allocated: 0.7989006042480469  GigaBytes

----------------------------------------after blocks to device 
 Nvidia-smi: 2.1678466796875 GB
    Memory Allocated: 1.0791397094726562  GigaBytes
Max Memory Allocated: 1.0791397094726562  GigaBytes

----------------------------------------before batch_pred = model(blocks, batch_inputs) 
 Nvidia-smi: 2.1678466796875 GB
    Memory Allocated: 1.0791397094726562  GigaBytes
Max Memory Allocated: 1.0791397094726562  GigaBytes

first layer input nodes number: 2131321
first layer output nodes number: 1887040
edges number: 17572592
----------------------------------------before model layer 0
 Nvidia-smi: 2.2674560546875 GB
    Memory Allocated: 1.1090788841247559  GigaBytes
Max Memory Allocated: 1.1754851341247559  GigaBytes

torch.Size([2131321, 100])
----------------------------------------before mean aggregator
 Nvidia-smi: 2.2674560546875 GB
    Memory Allocated: 1.1090788841247559  GigaBytes
Max Memory Allocated: 1.1754851341247559  GigaBytes

----------------------------------------after mean aggregator-------
 Nvidia-smi: 8.7322998046875 GB
    Memory Allocated: 5.5516557693481445  GigaBytes
Max Memory Allocated: 5.5516557693481445  GigaBytes

h_neigh size torch.Size([1887040, 512])
torch.Size([1887040, 512])
torch.Size([1887040, 512])
----------------------------------------after rst
 Nvidia-smi: 15.9315185546875 GB
    Memory Allocated: 9.151265144348145  GigaBytes
Max Memory Allocated: 12.750874519348145  GigaBytes

----------------------------------------after model layer 0 x = layer(block, x)
 Nvidia-smi: 15.9315185546875 GB
    Memory Allocated: 5.5516557693481445  GigaBytes
Max Memory Allocated: 12.750874519348145  GigaBytes

torch.Size([1887040, 512])
----------------------------------------after model layer 0 x = self.activation(x)
 Nvidia-smi: 15.9315185546875 GB
    Memory Allocated: 9.151265144348145  GigaBytes
Max Memory Allocated: 12.750874519348145  GigaBytes

----------------------------------------after model layer 0 x = self.dropout(x)
 Nvidia-smi: 16.8319091796875 GB
    Memory Allocated: 10.051655769348145  GigaBytes
Max Memory Allocated: 13.651265144348145  GigaBytes

input nodes number: 1887040
output nodes number: 1119177
edges number: 15946433
----------------------------------------before model layer 1
 Nvidia-smi: 16.8319091796875 GB
    Memory Allocated: 10.07405424118042  GigaBytes
Max Memory Allocated: 13.651265144348145  GigaBytes

torch.Size([1887040, 512])
----------------------------------------before mean aggregator
 Nvidia-smi: 16.8319091796875 GB
    Memory Allocated: 10.07405424118042  GigaBytes
Max Memory Allocated: 13.651265144348145  GigaBytes

----------------------------------------after mean aggregator-------
 Nvidia-smi: 20.3983154296875 GB
    Memory Allocated: 14.470630168914795  GigaBytes
Max Memory Allocated: 14.470630168914795  GigaBytes

h_neigh size torch.Size([1119177, 512])
torch.Size([1119177, 512])
