main start at this time 1658524906.744715
-----------------------------------------before load data 
 Nvidia-smi: 0.1717529296875 GB
    Memory Allocated: 0.0  GigaBytes
Max Memory Allocated: 0.0  GigaBytes

ogbn-arxiv
# Nodes: 169343
# Edges: 2315598
# Train: 90941
# Val: 29799
# Test: 48603
# Classes: 40

----------------------------------------start of run function 
 Nvidia-smi: 0.1717529296875 GB
    Memory Allocated: 0.0  GigaBytes
Max Memory Allocated: 0.0  GigaBytes

in feats:  128
----------------------------------------before model to device 
 Nvidia-smi: 0.1717529296875 GB
    Memory Allocated: 0.0  GigaBytes
Max Memory Allocated: 0.0  GigaBytes

----------------------------------------after model to device
 Nvidia-smi: 1.0174560546875 GB
    Memory Allocated: 9.965896606445312e-05  GigaBytes
Max Memory Allocated: 9.965896606445312e-05  GigaBytes

----------------------------------------before generate dataloader block 
 Nvidia-smi: 1.0174560546875 GB
    Memory Allocated: 9.965896606445312e-05  GigaBytes
Max Memory Allocated: 9.965896606445312e-05  GigaBytes

-----------------------------------------after block dataloader generation 
 Nvidia-smi: 1.0174560546875 GB
    Memory Allocated: 9.965896606445312e-05  GigaBytes
Max Memory Allocated: 9.965896606445312e-05  GigaBytes

connection checking time:  0
block generation total time  0
average batch blocks generation time:  0
block dataloader generation time/epoch 0.037116050720214844
pseudo mini batch 0 input nodes size: 158222
----------------------------------------before load block subtensor 
 Nvidia-smi: 1.0174560546875 GB
    Memory Allocated: 9.965896606445312e-05  GigaBytes
Max Memory Allocated: 9.965896606445312e-05  GigaBytes

----------------------------------------before batch input features to device
 Nvidia-smi: 1.0174560546875 GB
    Memory Allocated: 9.965896606445312e-05  GigaBytes
Max Memory Allocated: 9.965896606445312e-05  GigaBytes

----------------------------------------after batch input features to device
 Nvidia-smi: 1.0936279296875 GB
    Memory Allocated: 0.07627153396606445  GigaBytes
Max Memory Allocated: 0.07627153396606445  GigaBytes

----------------------------------------after  batch labels to device
 Nvidia-smi: 1.0936279296875 GB
    Memory Allocated: 0.0769491195678711  GigaBytes
Max Memory Allocated: 0.0769491195678711  GigaBytes

----------------------------------------after load block subtensor  
 Nvidia-smi: 1.0936279296875 GB
    Memory Allocated: 0.0769491195678711  GigaBytes
Max Memory Allocated: 0.0769491195678711  GigaBytes

----------------------------------------after blocks to device 
 Nvidia-smi: 1.1776123046875 GB
    Memory Allocated: 0.08357906341552734  GigaBytes
Max Memory Allocated: 0.08357906341552734  GigaBytes

----------------------------------------before batch_pred = model(blocks, batch_inputs) 
 Nvidia-smi: 1.1776123046875 GB
    Memory Allocated: 0.08357906341552734  GigaBytes
Max Memory Allocated: 0.08357906341552734  GigaBytes

----------------input nodes number: 158222
----------------output nodes number: 90941
----------------edges number: 889756
----------------------------------------start pool aggregator-------
 Nvidia-smi: 1.1776123046875 GB
    Memory Allocated: 0.08543586730957031  GigaBytes
Max Memory Allocated: 0.08875083923339844  GigaBytes

----------------------------------------self.fc_pool(feat_src)
 Nvidia-smi: 1.2557373046875 GB
    Memory Allocated: 0.1616077423095703  GigaBytes
Max Memory Allocated: 0.1616077423095703  GigaBytes

----------------------------------------F.relu(tmp)
 Nvidia-smi: 1.3319091796875 GB
    Memory Allocated: 0.2377796173095703  GigaBytes
Max Memory Allocated: 0.2377796173095703  GigaBytes

----------------------------------------graph.srcdata['h'] = tmp2
 Nvidia-smi: 1.3319091796875 GB
    Memory Allocated: 0.2377796173095703  GigaBytes
Max Memory Allocated: 0.2377796173095703  GigaBytes

----------------------------------------graph.update_all(msg_fn, fn.max('m', 'neigh'))
 Nvidia-smi: 1.5975341796875 GB
    Memory Allocated: 0.342318058013916  GigaBytes
Max Memory Allocated: 0.3856821060180664  GigaBytes

----------------------------------------h_neigh = self.fc_neigh(graph.dstdata['neigh'])
 Nvidia-smi: 1.5975341796875 GB
    Memory Allocated: 0.35586977005004883  GigaBytes
Max Memory Allocated: 0.3856821060180664  GigaBytes

h_self size  torch.Size([90941, 128])
----------------------------------------before rst
 Nvidia-smi: 1.5975341796875 GB
    Memory Allocated: 0.35586977005004883  GigaBytes
Max Memory Allocated: 0.3856821060180664  GigaBytes

torch.Size([90941, 40])
----------------------------------------after rst (rst = self.fc_self(h_self) + h_neigh)
 Nvidia-smi: 1.5975341796875 GB
    Memory Allocated: 0.36942148208618164  GigaBytes
Max Memory Allocated: 0.3856821060180664  GigaBytes

----------------------------------------end of model layers  after x = self.layers[-1](blocks[-1], x)
 Nvidia-smi: 1.5975341796875 GB
    Memory Allocated: 0.27969789505004883  GigaBytes
Max Memory Allocated: 0.3856821060180664  GigaBytes

torch.Size([90941, 40])
----------------------------------------- after batch_pred = model(blocks, batch_inputs) 
 Nvidia-smi: 1.5975341796875 GB
    Memory Allocated: 0.29324960708618164  GigaBytes
Max Memory Allocated: 0.3856821060180664  GigaBytes

-----------------------------------------after loss calculation
 Nvidia-smi: 1.5975341796875 GB
    Memory Allocated: 0.30680227279663086  GigaBytes
Max Memory Allocated: 0.3856821060180664  GigaBytes

-----------------------------------------after loss backward
 Nvidia-smi: 1.6854248046875 GB
    Memory Allocated: 0.10605716705322266  GigaBytes
Max Memory Allocated: 0.431795597076416  GigaBytes

-----------------------------------------after optimizer step
 Nvidia-smi: 1.6873779296875 GB
    Memory Allocated: 0.10625648498535156  GigaBytes
Max Memory Allocated: 0.431795597076416  GigaBytes

-----------------------------------------after optimizer zero grad
 Nvidia-smi: 1.6873779296875 GB
    Memory Allocated: 0.10625648498535156  GigaBytes
Max Memory Allocated: 0.431795597076416  GigaBytes

times | data loading | block to device | model prediction | loss calculation | loss backward |  optimizer step |
      |0.03416633605957031 |0.3466150760650635 |0.4759957790374756 |0.00039839744567871094 |0.00634765625 |0.0035066604614257812 |
----------------------------------------------------------pseudo_mini_loss sum 3.7778713703155518
Total (block generation + training)time/epoch 0.908839225769043
Training time/epoch 0.8712317943572998
Training time without block to device /epoch 0.5246167182922363
Training time without total dataloading part /epoch 0.4862484931945801
load block tensor time/epoch 0.03416633605957031
block to device time/epoch 0.3466150760650635
input features size transfer per epoch 1.341104507446289e-07
blocks size to device per epoch 8.940696716308594e-08
 Run 0| Epoch 0 |
Number of nodes for computation during this epoch:  158222
Number of first layer input nodes during this epoch:  158222
Number of first layer output nodes during this epoch:  90941
GraphSAGE(
  (layers): ModuleList(
    (0): SAGEConv(
      (fc_pool): Linear(in_features=128, out_features=128, bias=True)
      (fc_self): Linear(in_features=128, out_features=40, bias=False)
      (fc_neigh): Linear(in_features=128, out_features=40, bias=False)
    )
  )
  (dropout): Dropout(p=0.5, inplace=False)
)
total model parameters size  26752
trainable parameters
layers.0.fc_pool.weight, torch.Size([128, 128])
layers.0.fc_pool.bias, torch.Size([128])
layers.0.fc_self.weight, torch.Size([40, 128])
layers.0.fc_neigh.weight, torch.Size([40, 128])
----------------------------------------
un-trainable parameters
