main start at this time 1658524930.9510407
-----------------------------------------before load data 
 Nvidia-smi: 0.1717529296875 GB
    Memory Allocated: 0.0  GigaBytes
Max Memory Allocated: 0.0  GigaBytes

ogbn-arxiv
# Nodes: 169343
# Edges: 2315598
# Train: 90941
# Val: 29799
# Test: 48603
# Classes: 40

----------------------------------------start of run function 
 Nvidia-smi: 0.1717529296875 GB
    Memory Allocated: 0.0  GigaBytes
Max Memory Allocated: 0.0  GigaBytes

in feats:  128
----------------------------------------before model to device 
 Nvidia-smi: 0.1717529296875 GB
    Memory Allocated: 0.0  GigaBytes
Max Memory Allocated: 0.0  GigaBytes

----------------------------------------after model to device
 Nvidia-smi: 1.0174560546875 GB
    Memory Allocated: 9.965896606445312e-05  GigaBytes
Max Memory Allocated: 9.965896606445312e-05  GigaBytes

----------------------------------------before generate dataloader block 
 Nvidia-smi: 1.0174560546875 GB
    Memory Allocated: 9.965896606445312e-05  GigaBytes
Max Memory Allocated: 9.965896606445312e-05  GigaBytes

-----------------------------------------after block dataloader generation 
 Nvidia-smi: 1.0174560546875 GB
    Memory Allocated: 9.965896606445312e-05  GigaBytes
Max Memory Allocated: 9.965896606445312e-05  GigaBytes

connection checking time:  0
block generation total time  0
average batch blocks generation time:  0
block dataloader generation time/epoch 0.04307818412780762
pseudo mini batch 0 input nodes size: 161450
----------------------------------------before load block subtensor 
 Nvidia-smi: 1.0174560546875 GB
    Memory Allocated: 9.965896606445312e-05  GigaBytes
Max Memory Allocated: 9.965896606445312e-05  GigaBytes

----------------------------------------before batch input features to device
 Nvidia-smi: 1.0174560546875 GB
    Memory Allocated: 9.965896606445312e-05  GigaBytes
Max Memory Allocated: 9.965896606445312e-05  GigaBytes

----------------------------------------after batch input features to device
 Nvidia-smi: 1.0955810546875 GB
    Memory Allocated: 0.07708501815795898  GigaBytes
Max Memory Allocated: 0.07708501815795898  GigaBytes

----------------------------------------after  batch labels to device
 Nvidia-smi: 1.0955810546875 GB
    Memory Allocated: 0.07776260375976562  GigaBytes
Max Memory Allocated: 0.07776260375976562  GigaBytes

----------------------------------------after load block subtensor  
 Nvidia-smi: 1.0955810546875 GB
    Memory Allocated: 0.07776260375976562  GigaBytes
Max Memory Allocated: 0.07776260375976562  GigaBytes

----------------------------------------after blocks to device 
 Nvidia-smi: 1.1795654296875 GB
    Memory Allocated: 0.08596038818359375  GigaBytes
Max Memory Allocated: 0.08596038818359375  GigaBytes

----------------------------------------before batch_pred = model(blocks, batch_inputs) 
 Nvidia-smi: 1.1795654296875 GB
    Memory Allocated: 0.08596038818359375  GigaBytes
Max Memory Allocated: 0.08596038818359375  GigaBytes

----------------input nodes number: 161450
----------------output nodes number: 90941
----------------edges number: 1100204
----------------------------------------start pool aggregator-------
 Nvidia-smi: 1.1795654296875 GB
    Memory Allocated: 0.08784103393554688  GigaBytes
Max Memory Allocated: 0.09193992614746094  GigaBytes

----------------------------------------self.fc_pool(feat_src)
 Nvidia-smi: 1.2596435546875 GB
    Memory Allocated: 0.1648263931274414  GigaBytes
Max Memory Allocated: 0.1648263931274414  GigaBytes

----------------------------------------F.relu(tmp)
 Nvidia-smi: 1.3377685546875 GB
    Memory Allocated: 0.24181175231933594  GigaBytes
Max Memory Allocated: 0.24181175231933594  GigaBytes

----------------------------------------graph.srcdata['h'] = tmp2
 Nvidia-smi: 1.3377685546875 GB
    Memory Allocated: 0.24181175231933594  GigaBytes
Max Memory Allocated: 0.24181175231933594  GigaBytes

----------------------------------------graph.update_all(msg_fn, fn.max('m', 'neigh'))
 Nvidia-smi: 1.6248779296875 GB
    Memory Allocated: 0.3479180335998535  GigaBytes
Max Memory Allocated: 0.3912820816040039  GigaBytes

----------------------------------------h_neigh = self.fc_neigh(graph.dstdata['neigh'])
 Nvidia-smi: 1.6248779296875 GB
    Memory Allocated: 0.36146974563598633  GigaBytes
Max Memory Allocated: 0.3912820816040039  GigaBytes

h_self size  torch.Size([90941, 128])
----------------------------------------before rst
 Nvidia-smi: 1.6248779296875 GB
    Memory Allocated: 0.36146974563598633  GigaBytes
Max Memory Allocated: 0.3912820816040039  GigaBytes

torch.Size([90941, 40])
----------------------------------------after rst (rst = self.fc_self(h_self) + h_neigh)
 Nvidia-smi: 1.6248779296875 GB
    Memory Allocated: 0.37502145767211914  GigaBytes
Max Memory Allocated: 0.3912820816040039  GigaBytes

----------------------------------------end of model layers  after x = self.layers[-1](blocks[-1], x)
 Nvidia-smi: 1.6248779296875 GB
    Memory Allocated: 0.2844843864440918  GigaBytes
Max Memory Allocated: 0.3912820816040039  GigaBytes

torch.Size([90941, 40])
----------------------------------------- after batch_pred = model(blocks, batch_inputs) 
 Nvidia-smi: 1.6248779296875 GB
    Memory Allocated: 0.2980360984802246  GigaBytes
Max Memory Allocated: 0.3912820816040039  GigaBytes

-----------------------------------------after loss calculation
 Nvidia-smi: 1.6248779296875 GB
    Memory Allocated: 0.31158876419067383  GigaBytes
Max Memory Allocated: 0.3912820816040039  GigaBytes

-----------------------------------------after loss backward
 Nvidia-smi: 1.7127685546875 GB
    Memory Allocated: 0.1100301742553711  GigaBytes
Max Memory Allocated: 0.4373955726623535  GigaBytes

-----------------------------------------after optimizer step
 Nvidia-smi: 1.7147216796875 GB
    Memory Allocated: 0.1102294921875  GigaBytes
Max Memory Allocated: 0.4373955726623535  GigaBytes

-----------------------------------------after optimizer zero grad
 Nvidia-smi: 1.7147216796875 GB
    Memory Allocated: 0.1102294921875  GigaBytes
Max Memory Allocated: 0.4373955726623535  GigaBytes

times | data loading | block to device | model prediction | loss calculation | loss backward |  optimizer step |
      |0.0275113582611084 |0.344010591506958 |0.4724438190460205 |0.0003638267517089844 |0.006544351577758789 |0.0035796165466308594 |
----------------------------------------------------------pseudo_mini_loss sum 3.7809925079345703
Total (block generation + training)time/epoch 0.9021382331848145
Training time/epoch 0.8587653636932373
Training time without block to device /epoch 0.5147547721862793
Training time without total dataloading part /epoch 0.48293161392211914
load block tensor time/epoch 0.0275113582611084
block to device time/epoch 0.344010591506958
input features size transfer per epoch 1.341104507446289e-07
blocks size to device per epoch 8.940696716308594e-08
 Run 0| Epoch 0 |
Number of nodes for computation during this epoch:  161450
Number of first layer input nodes during this epoch:  161450
Number of first layer output nodes during this epoch:  90941
GraphSAGE(
  (layers): ModuleList(
    (0): SAGEConv(
      (fc_pool): Linear(in_features=128, out_features=128, bias=True)
      (fc_self): Linear(in_features=128, out_features=40, bias=False)
      (fc_neigh): Linear(in_features=128, out_features=40, bias=False)
    )
  )
  (dropout): Dropout(p=0.5, inplace=False)
)
total model parameters size  26752
trainable parameters
layers.0.fc_pool.weight, torch.Size([128, 128])
layers.0.fc_pool.bias, torch.Size([128])
layers.0.fc_self.weight, torch.Size([40, 128])
layers.0.fc_neigh.weight, torch.Size([40, 128])
----------------------------------------
un-trainable parameters
