main start at this time 1658524757.0670893
-----------------------------------------before load data 
 Nvidia-smi: 0.1717529296875 GB
    Memory Allocated: 0.0  GigaBytes
Max Memory Allocated: 0.0  GigaBytes

ogbn-arxiv
# Nodes: 169343
# Edges: 2315598
# Train: 90941
# Val: 29799
# Test: 48603
# Classes: 40

----------------------------------------start of run function 
 Nvidia-smi: 0.1717529296875 GB
    Memory Allocated: 0.0  GigaBytes
Max Memory Allocated: 0.0  GigaBytes

in feats:  128
----------------------------------------before model to device 
 Nvidia-smi: 0.1717529296875 GB
    Memory Allocated: 0.0  GigaBytes
Max Memory Allocated: 0.0  GigaBytes

----------------------------------------after model to device
 Nvidia-smi: 1.0174560546875 GB
    Memory Allocated: 9.965896606445312e-05  GigaBytes
Max Memory Allocated: 9.965896606445312e-05  GigaBytes

----------------------------------------before generate dataloader block 
 Nvidia-smi: 1.0174560546875 GB
    Memory Allocated: 9.965896606445312e-05  GigaBytes
Max Memory Allocated: 9.965896606445312e-05  GigaBytes

-----------------------------------------after block dataloader generation 
 Nvidia-smi: 1.0174560546875 GB
    Memory Allocated: 9.965896606445312e-05  GigaBytes
Max Memory Allocated: 9.965896606445312e-05  GigaBytes

connection checking time:  0
block generation total time  0
average batch blocks generation time:  0
block dataloader generation time/epoch 0.007418155670166016
pseudo mini batch 0 input nodes size: 106817
----------------------------------------before load block subtensor 
 Nvidia-smi: 1.0174560546875 GB
    Memory Allocated: 9.965896606445312e-05  GigaBytes
Max Memory Allocated: 9.965896606445312e-05  GigaBytes

----------------------------------------before batch input features to device
 Nvidia-smi: 1.0174560546875 GB
    Memory Allocated: 9.965896606445312e-05  GigaBytes
Max Memory Allocated: 9.965896606445312e-05  GigaBytes

----------------------------------------after batch input features to device
 Nvidia-smi: 1.0701904296875 GB
    Memory Allocated: 0.051033973693847656  GigaBytes
Max Memory Allocated: 0.051033973693847656  GigaBytes

----------------------------------------after  batch labels to device
 Nvidia-smi: 1.0701904296875 GB
    Memory Allocated: 0.0517115592956543  GigaBytes
Max Memory Allocated: 0.0517115592956543  GigaBytes

----------------------------------------after load block subtensor  
 Nvidia-smi: 1.0701904296875 GB
    Memory Allocated: 0.0517115592956543  GigaBytes
Max Memory Allocated: 0.0517115592956543  GigaBytes

----------------------------------------after blocks to device 
 Nvidia-smi: 1.1346435546875 GB
    Memory Allocated: 0.05238962173461914  GigaBytes
Max Memory Allocated: 0.05238962173461914  GigaBytes

----------------------------------------before batch_pred = model(blocks, batch_inputs) 
 Nvidia-smi: 1.1346435546875 GB
    Memory Allocated: 0.05238962173461914  GigaBytes
Max Memory Allocated: 0.05238962173461914  GigaBytes

----------------input nodes number: 106817
----------------output nodes number: 90941
----------------edges number: 90941
----------------------------------------start pool aggregator-------
 Nvidia-smi: 1.1365966796875 GB
    Memory Allocated: 0.053863525390625  GigaBytes
Max Memory Allocated: 0.05420255661010742  GigaBytes

----------------------------------------self.fc_pool(feat_src)
 Nvidia-smi: 1.1912841796875 GB
    Memory Allocated: 0.1047978401184082  GigaBytes
Max Memory Allocated: 0.1047978401184082  GigaBytes

----------------------------------------F.relu(tmp)
 Nvidia-smi: 1.2440185546875 GB
    Memory Allocated: 0.1557321548461914  GigaBytes
Max Memory Allocated: 0.1557321548461914  GigaBytes

----------------------------------------graph.srcdata['h'] = tmp2
 Nvidia-smi: 1.2440185546875 GB
    Memory Allocated: 0.1557321548461914  GigaBytes
Max Memory Allocated: 0.1557321548461914  GigaBytes

----------------------------------------graph.update_all(msg_fn, fn.max('m', 'neigh'))
 Nvidia-smi: 1.4920654296875 GB
    Memory Allocated: 0.25519609451293945  GigaBytes
Max Memory Allocated: 0.29856014251708984  GigaBytes

----------------------------------------h_neigh = self.fc_neigh(graph.dstdata['neigh'])
 Nvidia-smi: 1.4920654296875 GB
    Memory Allocated: 0.26874780654907227  GigaBytes
Max Memory Allocated: 0.29856014251708984  GigaBytes

h_self size  torch.Size([90941, 128])
----------------------------------------before rst
 Nvidia-smi: 1.4920654296875 GB
    Memory Allocated: 0.26874780654907227  GigaBytes
Max Memory Allocated: 0.29856014251708984  GigaBytes

torch.Size([90941, 40])
----------------------------------------after rst (rst = self.fc_self(h_self) + h_neigh)
 Nvidia-smi: 1.4920654296875 GB
    Memory Allocated: 0.2822995185852051  GigaBytes
Max Memory Allocated: 0.29856014251708984  GigaBytes

----------------------------------------end of model layers  after x = self.layers[-1](blocks[-1], x)
 Nvidia-smi: 1.4920654296875 GB
    Memory Allocated: 0.21781349182128906  GigaBytes
Max Memory Allocated: 0.29856014251708984  GigaBytes

torch.Size([90941, 40])
----------------------------------------- after batch_pred = model(blocks, batch_inputs) 
 Nvidia-smi: 1.4920654296875 GB
    Memory Allocated: 0.23136520385742188  GigaBytes
Max Memory Allocated: 0.29856014251708984  GigaBytes

-----------------------------------------after loss calculation
 Nvidia-smi: 1.4920654296875 GB
    Memory Allocated: 0.2449178695678711  GigaBytes
Max Memory Allocated: 0.29856014251708984  GigaBytes

-----------------------------------------after loss backward
 Nvidia-smi: 1.5799560546875 GB
    Memory Allocated: 0.06853294372558594  GigaBytes
Max Memory Allocated: 0.3437962532043457  GigaBytes

-----------------------------------------after optimizer step
 Nvidia-smi: 1.5799560546875 GB
    Memory Allocated: 0.06873226165771484  GigaBytes
Max Memory Allocated: 0.3437962532043457  GigaBytes

-----------------------------------------after optimizer zero grad
 Nvidia-smi: 1.5799560546875 GB
    Memory Allocated: 0.06873226165771484  GigaBytes
Max Memory Allocated: 0.3437962532043457  GigaBytes

times | data loading | block to device | model prediction | loss calculation | loss backward |  optimizer step |
      |0.023600101470947266 |0.3445436954498291 |0.4751267433166504 |0.0003948211669921875 |0.006315946578979492 |0.002682209014892578 |
----------------------------------------------------------pseudo_mini_loss sum 3.725252866744995
Total (block generation + training)time/epoch 0.8648505210876465
Training time/epoch 0.8569595813751221
Training time without block to device /epoch 0.512415885925293
Training time without total dataloading part /epoch 0.48451972007751465
load block tensor time/epoch 0.023600101470947266
block to device time/epoch 0.3445436954498291
input features size transfer per epoch 1.341104507446289e-07
blocks size to device per epoch 8.940696716308594e-08
 Run 0| Epoch 0 |
Number of nodes for computation during this epoch:  106817
Number of first layer input nodes during this epoch:  106817
Number of first layer output nodes during this epoch:  90941
GraphSAGE(
  (layers): ModuleList(
    (0): SAGEConv(
      (fc_pool): Linear(in_features=128, out_features=128, bias=True)
      (fc_self): Linear(in_features=128, out_features=40, bias=False)
      (fc_neigh): Linear(in_features=128, out_features=40, bias=False)
    )
  )
  (dropout): Dropout(p=0.5, inplace=False)
)
total model parameters size  26752
trainable parameters
layers.0.fc_pool.weight, torch.Size([128, 128])
layers.0.fc_pool.bias, torch.Size([128])
layers.0.fc_self.weight, torch.Size([40, 128])
layers.0.fc_neigh.weight, torch.Size([40, 128])
----------------------------------------
un-trainable parameters
