main start at this time 1658524890.0294123
-----------------------------------------before load data 
 Nvidia-smi: 0.1717529296875 GB
    Memory Allocated: 0.0  GigaBytes
Max Memory Allocated: 0.0  GigaBytes

ogbn-arxiv
# Nodes: 169343
# Edges: 2315598
# Train: 90941
# Val: 29799
# Test: 48603
# Classes: 40

----------------------------------------start of run function 
 Nvidia-smi: 0.1717529296875 GB
    Memory Allocated: 0.0  GigaBytes
Max Memory Allocated: 0.0  GigaBytes

in feats:  128
----------------------------------------before model to device 
 Nvidia-smi: 0.1717529296875 GB
    Memory Allocated: 0.0  GigaBytes
Max Memory Allocated: 0.0  GigaBytes

----------------------------------------after model to device
 Nvidia-smi: 1.0174560546875 GB
    Memory Allocated: 9.965896606445312e-05  GigaBytes
Max Memory Allocated: 9.965896606445312e-05  GigaBytes

----------------------------------------before generate dataloader block 
 Nvidia-smi: 1.0174560546875 GB
    Memory Allocated: 9.965896606445312e-05  GigaBytes
Max Memory Allocated: 9.965896606445312e-05  GigaBytes

-----------------------------------------after block dataloader generation 
 Nvidia-smi: 1.0174560546875 GB
    Memory Allocated: 9.965896606445312e-05  GigaBytes
Max Memory Allocated: 9.965896606445312e-05  GigaBytes

connection checking time:  0
block generation total time  0
average batch blocks generation time:  0
block dataloader generation time/epoch 0.02976059913635254
pseudo mini batch 0 input nodes size: 155826
----------------------------------------before load block subtensor 
 Nvidia-smi: 1.0174560546875 GB
    Memory Allocated: 9.965896606445312e-05  GigaBytes
Max Memory Allocated: 9.965896606445312e-05  GigaBytes

----------------------------------------before batch input features to device
 Nvidia-smi: 1.0174560546875 GB
    Memory Allocated: 9.965896606445312e-05  GigaBytes
Max Memory Allocated: 9.965896606445312e-05  GigaBytes

----------------------------------------after batch input features to device
 Nvidia-smi: 1.0936279296875 GB
    Memory Allocated: 0.07440328598022461  GigaBytes
Max Memory Allocated: 0.07440328598022461  GigaBytes

----------------------------------------after  batch labels to device
 Nvidia-smi: 1.0936279296875 GB
    Memory Allocated: 0.07508087158203125  GigaBytes
Max Memory Allocated: 0.07508087158203125  GigaBytes

----------------------------------------after load block subtensor  
 Nvidia-smi: 1.0936279296875 GB
    Memory Allocated: 0.07508087158203125  GigaBytes
Max Memory Allocated: 0.07508087158203125  GigaBytes

----------------------------------------after blocks to device 
 Nvidia-smi: 1.1776123046875 GB
    Memory Allocated: 0.0809316635131836  GigaBytes
Max Memory Allocated: 0.0809316635131836  GigaBytes

----------------------------------------before batch_pred = model(blocks, batch_inputs) 
 Nvidia-smi: 1.1776123046875 GB
    Memory Allocated: 0.0809316635131836  GigaBytes
Max Memory Allocated: 0.0809316635131836  GigaBytes

----------------input nodes number: 155826
----------------output nodes number: 90941
----------------edges number: 785260
----------------------------------------start pool aggregator-------
 Nvidia-smi: 1.1776123046875 GB
    Memory Allocated: 0.08347749710083008  GigaBytes
Max Memory Allocated: 0.08640289306640625  GigaBytes

----------------------------------------self.fc_pool(feat_src)
 Nvidia-smi: 1.2557373046875 GB
    Memory Allocated: 0.15778112411499023  GigaBytes
Max Memory Allocated: 0.15778112411499023  GigaBytes

----------------------------------------F.relu(tmp)
 Nvidia-smi: 1.3319091796875 GB
    Memory Allocated: 0.2320847511291504  GigaBytes
Max Memory Allocated: 0.2320847511291504  GigaBytes

----------------------------------------graph.srcdata['h'] = tmp2
 Nvidia-smi: 1.3319091796875 GB
    Memory Allocated: 0.2320847511291504  GigaBytes
Max Memory Allocated: 0.2320847511291504  GigaBytes

----------------------------------------graph.update_all(msg_fn, fn.max('m', 'neigh'))
 Nvidia-smi: 1.5955810546875 GB
    Memory Allocated: 0.3358440399169922  GigaBytes
Max Memory Allocated: 0.3792080879211426  GigaBytes

----------------------------------------h_neigh = self.fc_neigh(graph.dstdata['neigh'])
 Nvidia-smi: 1.5955810546875 GB
    Memory Allocated: 0.349395751953125  GigaBytes
Max Memory Allocated: 0.3792080879211426  GigaBytes

h_self size  torch.Size([90941, 128])
----------------------------------------before rst
 Nvidia-smi: 1.5955810546875 GB
    Memory Allocated: 0.349395751953125  GigaBytes
Max Memory Allocated: 0.3792080879211426  GigaBytes

torch.Size([90941, 40])
----------------------------------------after rst (rst = self.fc_self(h_self) + h_neigh)
 Nvidia-smi: 1.5955810546875 GB
    Memory Allocated: 0.3629474639892578  GigaBytes
Max Memory Allocated: 0.3792080879211426  GigaBytes

----------------------------------------end of model layers  after x = self.layers[-1](blocks[-1], x)
 Nvidia-smi: 1.5955810546875 GB
    Memory Allocated: 0.27509212493896484  GigaBytes
Max Memory Allocated: 0.3792080879211426  GigaBytes

torch.Size([90941, 40])
----------------------------------------- after batch_pred = model(blocks, batch_inputs) 
 Nvidia-smi: 1.5955810546875 GB
    Memory Allocated: 0.28864383697509766  GigaBytes
Max Memory Allocated: 0.3792080879211426  GigaBytes

-----------------------------------------after loss calculation
 Nvidia-smi: 1.5955810546875 GB
    Memory Allocated: 0.3021965026855469  GigaBytes
Max Memory Allocated: 0.3792080879211426  GigaBytes

-----------------------------------------after loss backward
 Nvidia-smi: 1.6834716796875 GB
    Memory Allocated: 0.10331964492797852  GigaBytes
Max Memory Allocated: 0.4253215789794922  GigaBytes

-----------------------------------------after optimizer step
 Nvidia-smi: 1.6854248046875 GB
    Memory Allocated: 0.10351896286010742  GigaBytes
Max Memory Allocated: 0.4253215789794922  GigaBytes

-----------------------------------------after optimizer zero grad
 Nvidia-smi: 1.6854248046875 GB
    Memory Allocated: 0.10351896286010742  GigaBytes
Max Memory Allocated: 0.4253215789794922  GigaBytes

times | data loading | block to device | model prediction | loss calculation | loss backward |  optimizer step |
      |0.03328967094421387 |0.342024564743042 |0.46999168395996094 |0.0003478527069091797 |0.006640195846557617 |0.0030832290649414062 |
----------------------------------------------------------pseudo_mini_loss sum 3.775235891342163
Total (block generation + training)time/epoch 0.8896596431732178
Training time/epoch 0.8595335483551025
Training time without block to device /epoch 0.5175089836120605
Training time without total dataloading part /epoch 0.48006296157836914
load block tensor time/epoch 0.03328967094421387
block to device time/epoch 0.342024564743042
input features size transfer per epoch 1.341104507446289e-07
blocks size to device per epoch 8.940696716308594e-08
 Run 0| Epoch 0 |
Number of nodes for computation during this epoch:  155826
Number of first layer input nodes during this epoch:  155826
Number of first layer output nodes during this epoch:  90941
GraphSAGE(
  (layers): ModuleList(
    (0): SAGEConv(
      (fc_pool): Linear(in_features=128, out_features=128, bias=True)
      (fc_self): Linear(in_features=128, out_features=40, bias=False)
      (fc_neigh): Linear(in_features=128, out_features=40, bias=False)
    )
  )
  (dropout): Dropout(p=0.5, inplace=False)
)
total model parameters size  26752
trainable parameters
layers.0.fc_pool.weight, torch.Size([128, 128])
layers.0.fc_pool.bias, torch.Size([128])
layers.0.fc_self.weight, torch.Size([40, 128])
layers.0.fc_neigh.weight, torch.Size([40, 128])
----------------------------------------
un-trainable parameters
