main start at this time 1658524790.4526582
-----------------------------------------before load data 
 Nvidia-smi: 0.1717529296875 GB
    Memory Allocated: 0.0  GigaBytes
Max Memory Allocated: 0.0  GigaBytes

ogbn-arxiv
# Nodes: 169343
# Edges: 2315598
# Train: 90941
# Val: 29799
# Test: 48603
# Classes: 40

----------------------------------------start of run function 
 Nvidia-smi: 0.1717529296875 GB
    Memory Allocated: 0.0  GigaBytes
Max Memory Allocated: 0.0  GigaBytes

in feats:  128
----------------------------------------before model to device 
 Nvidia-smi: 0.1717529296875 GB
    Memory Allocated: 0.0  GigaBytes
Max Memory Allocated: 0.0  GigaBytes

----------------------------------------after model to device
 Nvidia-smi: 1.0174560546875 GB
    Memory Allocated: 9.965896606445312e-05  GigaBytes
Max Memory Allocated: 9.965896606445312e-05  GigaBytes

----------------------------------------before generate dataloader block 
 Nvidia-smi: 1.0174560546875 GB
    Memory Allocated: 9.965896606445312e-05  GigaBytes
Max Memory Allocated: 9.965896606445312e-05  GigaBytes

-----------------------------------------after block dataloader generation 
 Nvidia-smi: 1.0174560546875 GB
    Memory Allocated: 9.965896606445312e-05  GigaBytes
Max Memory Allocated: 9.965896606445312e-05  GigaBytes

connection checking time:  0
block generation total time  0
average batch blocks generation time:  0
block dataloader generation time/epoch 0.013616800308227539
pseudo mini batch 0 input nodes size: 133768
----------------------------------------before load block subtensor 
 Nvidia-smi: 1.0174560546875 GB
    Memory Allocated: 9.965896606445312e-05  GigaBytes
Max Memory Allocated: 9.965896606445312e-05  GigaBytes

----------------------------------------before batch input features to device
 Nvidia-smi: 1.0174560546875 GB
    Memory Allocated: 9.965896606445312e-05  GigaBytes
Max Memory Allocated: 9.965896606445312e-05  GigaBytes

----------------------------------------after batch input features to device
 Nvidia-smi: 1.0819091796875 GB
    Memory Allocated: 0.06455278396606445  GigaBytes
Max Memory Allocated: 0.06455278396606445  GigaBytes

----------------------------------------after  batch labels to device
 Nvidia-smi: 1.0819091796875 GB
    Memory Allocated: 0.0652303695678711  GigaBytes
Max Memory Allocated: 0.0652303695678711  GigaBytes

----------------------------------------after load block subtensor  
 Nvidia-smi: 1.0819091796875 GB
    Memory Allocated: 0.0652303695678711  GigaBytes
Max Memory Allocated: 0.0652303695678711  GigaBytes

----------------------------------------after blocks to device 
 Nvidia-smi: 1.1658935546875 GB
    Memory Allocated: 0.0677642822265625  GigaBytes
Max Memory Allocated: 0.0677642822265625  GigaBytes

----------------------------------------before batch_pred = model(blocks, batch_inputs) 
 Nvidia-smi: 1.1658935546875 GB
    Memory Allocated: 0.0677642822265625  GigaBytes
Max Memory Allocated: 0.0677642822265625  GigaBytes

----------------input nodes number: 133768
----------------output nodes number: 90941
----------------edges number: 340001
----------------------------------------start pool aggregator-------
 Nvidia-smi: 1.1658935546875 GB
    Memory Allocated: 0.06943893432617188  GigaBytes
Max Memory Allocated: 0.07070589065551758  GigaBytes

----------------------------------------self.fc_pool(feat_src)
 Nvidia-smi: 1.2322998046875 GB
    Memory Allocated: 0.13389205932617188  GigaBytes
Max Memory Allocated: 0.13389205932617188  GigaBytes

----------------------------------------F.relu(tmp)
 Nvidia-smi: 1.2967529296875 GB
    Memory Allocated: 0.19834518432617188  GigaBytes
Max Memory Allocated: 0.19834518432617188  GigaBytes

----------------------------------------graph.srcdata['h'] = tmp2
 Nvidia-smi: 1.2967529296875 GB
    Memory Allocated: 0.19834518432617188  GigaBytes
Max Memory Allocated: 0.19834518432617188  GigaBytes

----------------------------------------graph.update_all(msg_fn, fn.max('m', 'neigh'))
 Nvidia-smi: 1.5369873046875 GB
    Memory Allocated: 0.29936933517456055  GigaBytes
Max Memory Allocated: 0.34273338317871094  GigaBytes

----------------------------------------h_neigh = self.fc_neigh(graph.dstdata['neigh'])
 Nvidia-smi: 1.5369873046875 GB
    Memory Allocated: 0.31292104721069336  GigaBytes
Max Memory Allocated: 0.34273338317871094  GigaBytes

h_self size  torch.Size([90941, 128])
----------------------------------------before rst
 Nvidia-smi: 1.5369873046875 GB
    Memory Allocated: 0.31292104721069336  GigaBytes
Max Memory Allocated: 0.34273338317871094  GigaBytes

torch.Size([90941, 40])
----------------------------------------after rst (rst = self.fc_self(h_self) + h_neigh)
 Nvidia-smi: 1.5369873046875 GB
    Memory Allocated: 0.32647275924682617  GigaBytes
Max Memory Allocated: 0.34273338317871094  GigaBytes

----------------------------------------end of model layers  after x = self.layers[-1](blocks[-1], x)
 Nvidia-smi: 1.5369873046875 GB
    Memory Allocated: 0.24846792221069336  GigaBytes
Max Memory Allocated: 0.34273338317871094  GigaBytes

torch.Size([90941, 40])
----------------------------------------- after batch_pred = model(blocks, batch_inputs) 
 Nvidia-smi: 1.5369873046875 GB
    Memory Allocated: 0.26201963424682617  GigaBytes
Max Memory Allocated: 0.34273338317871094  GigaBytes

-----------------------------------------after loss calculation
 Nvidia-smi: 1.5369873046875 GB
    Memory Allocated: 0.2755722999572754  GigaBytes
Max Memory Allocated: 0.34273338317871094  GigaBytes

-----------------------------------------after loss backward
 Nvidia-smi: 1.6248779296875 GB
    Memory Allocated: 0.08654594421386719  GigaBytes
Max Memory Allocated: 0.38884687423706055  GigaBytes

-----------------------------------------after optimizer step
 Nvidia-smi: 1.6268310546875 GB
    Memory Allocated: 0.0867452621459961  GigaBytes
Max Memory Allocated: 0.38884687423706055  GigaBytes

-----------------------------------------after optimizer zero grad
 Nvidia-smi: 1.6268310546875 GB
    Memory Allocated: 0.0867452621459961  GigaBytes
Max Memory Allocated: 0.38884687423706055  GigaBytes

times | data loading | block to device | model prediction | loss calculation | loss backward |  optimizer step |
      |0.0222470760345459 |0.34484243392944336 |0.47708821296691895 |0.0004031658172607422 |0.00632786750793457 |0.0030629634857177734 |
----------------------------------------------------------pseudo_mini_loss sum 3.7524962425231934
Total (block generation + training)time/epoch 0.87233567237854
Training time/epoch 0.8582174777984619
Training time without block to device /epoch 0.5133750438690186
Training time without total dataloading part /epoch 0.48688220977783203
load block tensor time/epoch 0.0222470760345459
block to device time/epoch 0.34484243392944336
input features size transfer per epoch 1.341104507446289e-07
blocks size to device per epoch 8.940696716308594e-08
 Run 0| Epoch 0 |
Number of nodes for computation during this epoch:  133768
Number of first layer input nodes during this epoch:  133768
Number of first layer output nodes during this epoch:  90941
GraphSAGE(
  (layers): ModuleList(
    (0): SAGEConv(
      (fc_pool): Linear(in_features=128, out_features=128, bias=True)
      (fc_self): Linear(in_features=128, out_features=40, bias=False)
      (fc_neigh): Linear(in_features=128, out_features=40, bias=False)
    )
  )
  (dropout): Dropout(p=0.5, inplace=False)
)
total model parameters size  26752
trainable parameters
layers.0.fc_pool.weight, torch.Size([128, 128])
layers.0.fc_pool.bias, torch.Size([128])
layers.0.fc_self.weight, torch.Size([40, 128])
layers.0.fc_neigh.weight, torch.Size([40, 128])
----------------------------------------
un-trainable parameters
