main start at this time 1658524765.345176
-----------------------------------------before load data 
 Nvidia-smi: 0.1717529296875 GB
    Memory Allocated: 0.0  GigaBytes
Max Memory Allocated: 0.0  GigaBytes

ogbn-arxiv
# Nodes: 169343
# Edges: 2315598
# Train: 90941
# Val: 29799
# Test: 48603
# Classes: 40

----------------------------------------start of run function 
 Nvidia-smi: 0.1717529296875 GB
    Memory Allocated: 0.0  GigaBytes
Max Memory Allocated: 0.0  GigaBytes

in feats:  128
----------------------------------------before model to device 
 Nvidia-smi: 0.1717529296875 GB
    Memory Allocated: 0.0  GigaBytes
Max Memory Allocated: 0.0  GigaBytes

----------------------------------------after model to device
 Nvidia-smi: 1.0174560546875 GB
    Memory Allocated: 9.965896606445312e-05  GigaBytes
Max Memory Allocated: 9.965896606445312e-05  GigaBytes

----------------------------------------before generate dataloader block 
 Nvidia-smi: 1.0174560546875 GB
    Memory Allocated: 9.965896606445312e-05  GigaBytes
Max Memory Allocated: 9.965896606445312e-05  GigaBytes

-----------------------------------------after block dataloader generation 
 Nvidia-smi: 1.0174560546875 GB
    Memory Allocated: 9.965896606445312e-05  GigaBytes
Max Memory Allocated: 9.965896606445312e-05  GigaBytes

connection checking time:  0
block generation total time  0
average batch blocks generation time:  0
block dataloader generation time/epoch 0.007959842681884766
pseudo mini batch 0 input nodes size: 116933
----------------------------------------before load block subtensor 
 Nvidia-smi: 1.0174560546875 GB
    Memory Allocated: 9.965896606445312e-05  GigaBytes
Max Memory Allocated: 9.965896606445312e-05  GigaBytes

----------------------------------------before batch input features to device
 Nvidia-smi: 1.0174560546875 GB
    Memory Allocated: 9.965896606445312e-05  GigaBytes
Max Memory Allocated: 9.965896606445312e-05  GigaBytes

----------------------------------------after batch input features to device
 Nvidia-smi: 1.0740966796875 GB
    Memory Allocated: 0.05674028396606445  GigaBytes
Max Memory Allocated: 0.05674028396606445  GigaBytes

----------------------------------------after  batch labels to device
 Nvidia-smi: 1.0740966796875 GB
    Memory Allocated: 0.057417869567871094  GigaBytes
Max Memory Allocated: 0.057417869567871094  GigaBytes

----------------------------------------after load block subtensor  
 Nvidia-smi: 1.0740966796875 GB
    Memory Allocated: 0.057417869567871094  GigaBytes
Max Memory Allocated: 0.057417869567871094  GigaBytes

----------------------------------------after blocks to device 
 Nvidia-smi: 1.1405029296875 GB
    Memory Allocated: 0.058673858642578125  GigaBytes
Max Memory Allocated: 0.058673858642578125  GigaBytes

----------------------------------------before batch_pred = model(blocks, batch_inputs) 
 Nvidia-smi: 1.1405029296875 GB
    Memory Allocated: 0.058673858642578125  GigaBytes
Max Memory Allocated: 0.058673858642578125  GigaBytes

----------------input nodes number: 116933
----------------output nodes number: 90941
----------------edges number: 168454
----------------------------------------start pool aggregator-------
 Nvidia-smi: 1.1424560546875 GB
    Memory Allocated: 0.06022310256958008  GigaBytes
Max Memory Allocated: 0.060851097106933594  GigaBytes

----------------------------------------self.fc_pool(feat_src)
 Nvidia-smi: 1.2010498046875 GB
    Memory Allocated: 0.11686372756958008  GigaBytes
Max Memory Allocated: 0.11686372756958008  GigaBytes

----------------------------------------F.relu(tmp)
 Nvidia-smi: 1.2576904296875 GB
    Memory Allocated: 0.17350435256958008  GigaBytes
Max Memory Allocated: 0.17350435256958008  GigaBytes

----------------------------------------graph.srcdata['h'] = tmp2
 Nvidia-smi: 1.2576904296875 GB
    Memory Allocated: 0.17350435256958008  GigaBytes
Max Memory Allocated: 0.17350435256958008  GigaBytes

----------------------------------------graph.update_all(msg_fn, fn.max('m', 'neigh'))
 Nvidia-smi: 1.5096435546875 GB
    Memory Allocated: 0.2735462188720703  GigaBytes
Max Memory Allocated: 0.3169102668762207  GigaBytes

----------------------------------------h_neigh = self.fc_neigh(graph.dstdata['neigh'])
 Nvidia-smi: 1.5096435546875 GB
    Memory Allocated: 0.2870979309082031  GigaBytes
Max Memory Allocated: 0.3169102668762207  GigaBytes

h_self size  torch.Size([90941, 128])
----------------------------------------before rst
 Nvidia-smi: 1.5096435546875 GB
    Memory Allocated: 0.2870979309082031  GigaBytes
Max Memory Allocated: 0.3169102668762207  GigaBytes

torch.Size([90941, 40])
----------------------------------------after rst (rst = self.fc_self(h_self) + h_neigh)
 Nvidia-smi: 1.5096435546875 GB
    Memory Allocated: 0.30064964294433594  GigaBytes
Max Memory Allocated: 0.3169102668762207  GigaBytes

----------------------------------------end of model layers  after x = self.layers[-1](blocks[-1], x)
 Nvidia-smi: 1.5096435546875 GB
    Memory Allocated: 0.23045730590820312  GigaBytes
Max Memory Allocated: 0.3169102668762207  GigaBytes

torch.Size([90941, 40])
----------------------------------------- after batch_pred = model(blocks, batch_inputs) 
 Nvidia-smi: 1.5096435546875 GB
    Memory Allocated: 0.24400901794433594  GigaBytes
Max Memory Allocated: 0.3169102668762207  GigaBytes

-----------------------------------------after loss calculation
 Nvidia-smi: 1.5096435546875 GB
    Memory Allocated: 0.25756168365478516  GigaBytes
Max Memory Allocated: 0.3169102668762207  GigaBytes

-----------------------------------------after loss backward
 Nvidia-smi: 1.5975341796875 GB
    Memory Allocated: 0.0754704475402832  GigaBytes
Max Memory Allocated: 0.36214637756347656  GigaBytes

-----------------------------------------after optimizer step
 Nvidia-smi: 1.5975341796875 GB
    Memory Allocated: 0.07566976547241211  GigaBytes
Max Memory Allocated: 0.36214637756347656  GigaBytes

-----------------------------------------after optimizer zero grad
 Nvidia-smi: 1.5975341796875 GB
    Memory Allocated: 0.07566976547241211  GigaBytes
Max Memory Allocated: 0.36214637756347656  GigaBytes

times | data loading | block to device | model prediction | loss calculation | loss backward |  optimizer step |
      |0.026462793350219727 |0.3481423854827881 |0.4662320613861084 |0.00034689903259277344 |0.006364583969116211 |0.002725839614868164 |
----------------------------------------------------------pseudo_mini_loss sum 3.7361996173858643
Total (block generation + training)time/epoch 0.8627493381500244
Training time/epoch 0.8544497489929199
Training time without block to device /epoch 0.5063073635101318
Training time without total dataloading part /epoch 0.47566938400268555
load block tensor time/epoch 0.026462793350219727
block to device time/epoch 0.3481423854827881
input features size transfer per epoch 1.341104507446289e-07
blocks size to device per epoch 8.940696716308594e-08
 Run 0| Epoch 0 |
Number of nodes for computation during this epoch:  116933
Number of first layer input nodes during this epoch:  116933
Number of first layer output nodes during this epoch:  90941
GraphSAGE(
  (layers): ModuleList(
    (0): SAGEConv(
      (fc_pool): Linear(in_features=128, out_features=128, bias=True)
      (fc_self): Linear(in_features=128, out_features=40, bias=False)
      (fc_neigh): Linear(in_features=128, out_features=40, bias=False)
    )
  )
  (dropout): Dropout(p=0.5, inplace=False)
)
total model parameters size  26752
trainable parameters
layers.0.fc_pool.weight, torch.Size([128, 128])
layers.0.fc_pool.bias, torch.Size([128])
layers.0.fc_self.weight, torch.Size([40, 128])
layers.0.fc_neigh.weight, torch.Size([40, 128])
----------------------------------------
un-trainable parameters
