main start at this time 1658958073.8688946
-----------------------------------------before load data 
 Nvidia-smi: 0.1717529296875 GB
    Memory Allocated: 0.0  GigaBytes
Max Memory Allocated: 0.0  GigaBytes

  NumNodes: 2708
  NumEdges: 10556
  NumFeats: 1433
  NumClasses: 7
  NumTrainingSamples: 140
  NumValidationSamples: 500
  NumTestSamples: 1000
Done loading data from cached files.
success----------------------------------------
140
500
2068
# Nodes: 2708
# Edges: 10556
# Train: 140
# Val: 500
# Test: 2068
# Classes: 7

----------------------------------------start of run function 
 Nvidia-smi: 0.1717529296875 GB
    Memory Allocated: 0.0  GigaBytes
Max Memory Allocated: 0.0  GigaBytes

in feats:  1433
----------------------------------------before model to device 
 Nvidia-smi: 0.1717529296875 GB
    Memory Allocated: 0.0  GigaBytes
Max Memory Allocated: 0.0  GigaBytes

----------------------------------------after model to device
 Nvidia-smi: 1.0369873046875 GB
    Memory Allocated: 0.007730960845947266  GigaBytes
Max Memory Allocated: 0.007730960845947266  GigaBytes

----------------------------------------before generate dataloader block 
 Nvidia-smi: 1.0369873046875 GB
    Memory Allocated: 0.007730960845947266  GigaBytes
Max Memory Allocated: 0.007730960845947266  GigaBytes

-----------------------------------------after block dataloader generation 
 Nvidia-smi: 1.0369873046875 GB
    Memory Allocated: 0.007730960845947266  GigaBytes
Max Memory Allocated: 0.007730960845947266  GigaBytes

connection checking time:  0
block generation total time  0
average batch blocks generation time:  0
block dataloader generation time/epoch 0.0029850006103515625
pseudo mini batch 0 input nodes size: 486
----------------------------------------before load block subtensor 
 Nvidia-smi: 1.0369873046875 GB
    Memory Allocated: 0.007730960845947266  GigaBytes
Max Memory Allocated: 0.007730960845947266  GigaBytes

----------------------------------------before batch input features to device
 Nvidia-smi: 1.0369873046875 GB
    Memory Allocated: 0.007730960845947266  GigaBytes
Max Memory Allocated: 0.007730960845947266  GigaBytes

----------------------------------------after batch input features to device
 Nvidia-smi: 1.0369873046875 GB
    Memory Allocated: 0.010325431823730469  GigaBytes
Max Memory Allocated: 0.010325431823730469  GigaBytes

----------------------------------------after  batch labels to device
 Nvidia-smi: 1.0369873046875 GB
    Memory Allocated: 0.010326862335205078  GigaBytes
Max Memory Allocated: 0.010326862335205078  GigaBytes

----------------------------------------after load block subtensor  
 Nvidia-smi: 1.0369873046875 GB
    Memory Allocated: 0.010326862335205078  GigaBytes
Max Memory Allocated: 0.010326862335205078  GigaBytes

----------------------------------------after blocks to device 
 Nvidia-smi: 1.1014404296875 GB
    Memory Allocated: 0.010330677032470703  GigaBytes
Max Memory Allocated: 0.010330677032470703  GigaBytes

----------------------------------------before batch_pred = model(blocks, batch_inputs) 
 Nvidia-smi: 1.1014404296875 GB
    Memory Allocated: 0.010330677032470703  GigaBytes
Max Memory Allocated: 0.010330677032470703  GigaBytes

----------------input nodes number: 486
----------------output nodes number: 140
----------------edges number: 424
----------------------------------------start pool aggregator-------
 Nvidia-smi: 1.1014404296875 GB
    Memory Allocated: 0.010335922241210938  GigaBytes
Max Memory Allocated: 0.01033782958984375  GigaBytes

----------------------------------------self.fc_pool(feat_src)
 Nvidia-smi: 1.1033935546875 GB
    Memory Allocated: 0.01293039321899414  GigaBytes
Max Memory Allocated: 0.01293039321899414  GigaBytes

----------------------------------------F.relu(tmp)
 Nvidia-smi: 1.1033935546875 GB
    Memory Allocated: 0.015524864196777344  GigaBytes
Max Memory Allocated: 0.015524864196777344  GigaBytes

----------------------------------------graph.srcdata['h'] = tmp2
 Nvidia-smi: 1.1033935546875 GB
    Memory Allocated: 0.015524864196777344  GigaBytes
Max Memory Allocated: 0.015524864196777344  GigaBytes

----------------------------------------graph.update_all(msg_fn, fn.max('m', 'neigh'))
 Nvidia-smi: 1.2049560546875 GB
    Memory Allocated: 0.0172119140625  GigaBytes
Max Memory Allocated: 0.0179595947265625  GigaBytes

----------------------------------------h_neigh = self.fc_neigh(graph.dstdata['neigh'])
 Nvidia-smi: 1.2049560546875 GB
    Memory Allocated: 0.017215728759765625  GigaBytes
Max Memory Allocated: 0.0179595947265625  GigaBytes

h_self size  torch.Size([140, 1433])
----------------------------------------before rst
 Nvidia-smi: 1.2049560546875 GB
    Memory Allocated: 0.017215728759765625  GigaBytes
Max Memory Allocated: 0.0179595947265625  GigaBytes

torch.Size([140, 7])
----------------------------------------after rst (rst = self.fc_self(h_self) + h_neigh)
 Nvidia-smi: 1.2049560546875 GB
    Memory Allocated: 0.01721954345703125  GigaBytes
Max Memory Allocated: 0.0179595947265625  GigaBytes

----------------------------------------end of model layers  after x = self.layers[-1](blocks[-1], x)
 Nvidia-smi: 1.2049560546875 GB
    Memory Allocated: 0.014621257781982422  GigaBytes
Max Memory Allocated: 0.0179595947265625  GigaBytes

torch.Size([140, 7])
----------------------------------------- after batch_pred = model(blocks, batch_inputs) 
 Nvidia-smi: 1.2049560546875 GB
    Memory Allocated: 0.014625072479248047  GigaBytes
Max Memory Allocated: 0.0179595947265625  GigaBytes

-----------------------------------------after loss calculation
 Nvidia-smi: 1.2049560546875 GB
    Memory Allocated: 0.014629840850830078  GigaBytes
Max Memory Allocated: 0.0179595947265625  GigaBytes

-----------------------------------------after loss backward
 Nvidia-smi: 1.2244873046875 GB
    Memory Allocated: 0.018076419830322266  GigaBytes
Max Memory Allocated: 0.02067089080810547  GigaBytes

-----------------------------------------after optimizer step
 Nvidia-smi: 1.2440185546875 GB
    Memory Allocated: 0.0335383415222168  GigaBytes
Max Memory Allocated: 0.048838138580322266  GigaBytes

-----------------------------------------after optimizer zero grad
 Nvidia-smi: 1.2440185546875 GB
    Memory Allocated: 0.0335383415222168  GigaBytes
Max Memory Allocated: 0.048838138580322266  GigaBytes

times | data loading | block to device | model prediction | loss calculation | loss backward |  optimizer step |
      |0.004049539566040039 |0.34372401237487793 |0.47074151039123535 |0.0004057884216308594 |0.004110097885131836 |0.0031478404998779297 |
----------------------------------------------------------pseudo_mini_loss sum 1.9445680379867554
Total (block generation + training)time/epoch 0.8337359428405762
Training time/epoch 0.830310583114624
Training time without block to device /epoch 0.4865865707397461
Training time without total dataloading part /epoch 0.478405237197876
load block tensor time/epoch 0.004049539566040039
block to device time/epoch 0.34372401237487793
input features size transfer per epoch 1.341104507446289e-07
blocks size to device per epoch 8.940696716308594e-08
 Run 0| Epoch 0 |
Number of nodes for computation during this epoch:  486
Number of first layer input nodes during this epoch:  486
Number of first layer output nodes during this epoch:  140
GraphSAGE(
  (layers): ModuleList(
    (0): SAGEConv(
      (fc_pool): Linear(in_features=1433, out_features=1433, bias=True)
      (fc_self): Linear(in_features=1433, out_features=7, bias=False)
      (fc_neigh): Linear(in_features=1433, out_features=7, bias=False)
    )
  )
  (dropout): Dropout(p=0.5, inplace=False)
)
total model parameters size  2074984
trainable parameters
layers.0.fc_pool.weight, torch.Size([1433, 1433])
layers.0.fc_pool.bias, torch.Size([1433])
layers.0.fc_self.weight, torch.Size([7, 1433])
layers.0.fc_neigh.weight, torch.Size([7, 1433])
----------------------------------------
un-trainable parameters
