main start at this time 1658958065.9589984
-----------------------------------------before load data 
 Nvidia-smi: 0.1717529296875 GB
    Memory Allocated: 0.0  GigaBytes
Max Memory Allocated: 0.0  GigaBytes

  NumNodes: 2708
  NumEdges: 10556
  NumFeats: 1433
  NumClasses: 7
  NumTrainingSamples: 140
  NumValidationSamples: 500
  NumTestSamples: 1000
Done loading data from cached files.
success----------------------------------------
140
500
2068
# Nodes: 2708
# Edges: 10556
# Train: 140
# Val: 500
# Test: 2068
# Classes: 7

----------------------------------------start of run function 
 Nvidia-smi: 0.1717529296875 GB
    Memory Allocated: 0.0  GigaBytes
Max Memory Allocated: 0.0  GigaBytes

in feats:  1433
----------------------------------------before model to device 
 Nvidia-smi: 0.1717529296875 GB
    Memory Allocated: 0.0  GigaBytes
Max Memory Allocated: 0.0  GigaBytes

----------------------------------------after model to device
 Nvidia-smi: 1.0369873046875 GB
    Memory Allocated: 0.007730960845947266  GigaBytes
Max Memory Allocated: 0.007730960845947266  GigaBytes

----------------------------------------before generate dataloader block 
 Nvidia-smi: 1.0369873046875 GB
    Memory Allocated: 0.007730960845947266  GigaBytes
Max Memory Allocated: 0.007730960845947266  GigaBytes

-----------------------------------------after block dataloader generation 
 Nvidia-smi: 1.0369873046875 GB
    Memory Allocated: 0.007730960845947266  GigaBytes
Max Memory Allocated: 0.007730960845947266  GigaBytes

connection checking time:  0
block generation total time  0
average batch blocks generation time:  0
block dataloader generation time/epoch 0.0024170875549316406
pseudo mini batch 0 input nodes size: 433
----------------------------------------before load block subtensor 
 Nvidia-smi: 1.0369873046875 GB
    Memory Allocated: 0.007730960845947266  GigaBytes
Max Memory Allocated: 0.007730960845947266  GigaBytes

----------------------------------------before batch input features to device
 Nvidia-smi: 1.0369873046875 GB
    Memory Allocated: 0.007730960845947266  GigaBytes
Max Memory Allocated: 0.007730960845947266  GigaBytes

----------------------------------------after batch input features to device
 Nvidia-smi: 1.0369873046875 GB
    Memory Allocated: 0.010042667388916016  GigaBytes
Max Memory Allocated: 0.010042667388916016  GigaBytes

----------------------------------------after  batch labels to device
 Nvidia-smi: 1.0369873046875 GB
    Memory Allocated: 0.010044097900390625  GigaBytes
Max Memory Allocated: 0.010044097900390625  GigaBytes

----------------------------------------after load block subtensor  
 Nvidia-smi: 1.0369873046875 GB
    Memory Allocated: 0.010044097900390625  GigaBytes
Max Memory Allocated: 0.010044097900390625  GigaBytes

----------------------------------------after blocks to device 
 Nvidia-smi: 1.1014404296875 GB
    Memory Allocated: 0.010046958923339844  GigaBytes
Max Memory Allocated: 0.010046958923339844  GigaBytes

----------------------------------------before batch_pred = model(blocks, batch_inputs) 
 Nvidia-smi: 1.1014404296875 GB
    Memory Allocated: 0.010046958923339844  GigaBytes
Max Memory Allocated: 0.010046958923339844  GigaBytes

----------------input nodes number: 433
----------------output nodes number: 140
----------------edges number: 355
----------------------------------------start pool aggregator-------
 Nvidia-smi: 1.1014404296875 GB
    Memory Allocated: 0.010051727294921875  GigaBytes
Max Memory Allocated: 0.010053157806396484  GigaBytes

----------------------------------------self.fc_pool(feat_src)
 Nvidia-smi: 1.1033935546875 GB
    Memory Allocated: 0.012363433837890625  GigaBytes
Max Memory Allocated: 0.012363433837890625  GigaBytes

----------------------------------------F.relu(tmp)
 Nvidia-smi: 1.1033935546875 GB
    Memory Allocated: 0.014675140380859375  GigaBytes
Max Memory Allocated: 0.014675140380859375  GigaBytes

----------------------------------------graph.srcdata['h'] = tmp2
 Nvidia-smi: 1.1033935546875 GB
    Memory Allocated: 0.014675140380859375  GigaBytes
Max Memory Allocated: 0.014675140380859375  GigaBytes

----------------------------------------graph.update_all(msg_fn, fn.max('m', 'neigh'))
 Nvidia-smi: 1.2049560546875 GB
    Memory Allocated: 0.016361236572265625  GigaBytes
Max Memory Allocated: 0.017108917236328125  GigaBytes

----------------------------------------h_neigh = self.fc_neigh(graph.dstdata['neigh'])
 Nvidia-smi: 1.2049560546875 GB
    Memory Allocated: 0.01636505126953125  GigaBytes
Max Memory Allocated: 0.017108917236328125  GigaBytes

h_self size  torch.Size([140, 1433])
----------------------------------------before rst
 Nvidia-smi: 1.2049560546875 GB
    Memory Allocated: 0.01636505126953125  GigaBytes
Max Memory Allocated: 0.017108917236328125  GigaBytes

torch.Size([140, 7])
----------------------------------------after rst (rst = self.fc_self(h_self) + h_neigh)
 Nvidia-smi: 1.2049560546875 GB
    Memory Allocated: 0.016368865966796875  GigaBytes
Max Memory Allocated: 0.017108917236328125  GigaBytes

----------------------------------------end of model layers  after x = self.layers[-1](blocks[-1], x)
 Nvidia-smi: 1.2049560546875 GB
    Memory Allocated: 0.0140533447265625  GigaBytes
Max Memory Allocated: 0.017108917236328125  GigaBytes

torch.Size([140, 7])
----------------------------------------- after batch_pred = model(blocks, batch_inputs) 
 Nvidia-smi: 1.2049560546875 GB
    Memory Allocated: 0.014057159423828125  GigaBytes
Max Memory Allocated: 0.017108917236328125  GigaBytes

-----------------------------------------after loss calculation
 Nvidia-smi: 1.2049560546875 GB
    Memory Allocated: 0.014061927795410156  GigaBytes
Max Memory Allocated: 0.017108917236328125  GigaBytes

-----------------------------------------after loss backward
 Nvidia-smi: 1.2244873046875 GB
    Memory Allocated: 0.017791271209716797  GigaBytes
Max Memory Allocated: 0.020102977752685547  GigaBytes

-----------------------------------------after optimizer step
 Nvidia-smi: 1.2440185546875 GB
    Memory Allocated: 0.03325319290161133  GigaBytes
Max Memory Allocated: 0.0485529899597168  GigaBytes

-----------------------------------------after optimizer zero grad
 Nvidia-smi: 1.2440185546875 GB
    Memory Allocated: 0.03325319290161133  GigaBytes
Max Memory Allocated: 0.0485529899597168  GigaBytes

times | data loading | block to device | model prediction | loss calculation | loss backward |  optimizer step |
      |0.005166530609130859 |0.34456586837768555 |0.4729580879211426 |0.00033664703369140625 |0.004213094711303711 |0.0032014846801757812 |
----------------------------------------------------------pseudo_mini_loss sum 1.9448060989379883
Total (block generation + training)time/epoch 0.8373944759368896
Training time/epoch 0.8346219062805176
Training time without block to device /epoch 0.49005603790283203
Training time without total dataloading part /epoch 0.4807093143463135
load block tensor time/epoch 0.005166530609130859
block to device time/epoch 0.34456586837768555
input features size transfer per epoch 1.341104507446289e-07
blocks size to device per epoch 8.940696716308594e-08
 Run 0| Epoch 0 |
Number of nodes for computation during this epoch:  433
Number of first layer input nodes during this epoch:  433
Number of first layer output nodes during this epoch:  140
GraphSAGE(
  (layers): ModuleList(
    (0): SAGEConv(
      (fc_pool): Linear(in_features=1433, out_features=1433, bias=True)
      (fc_self): Linear(in_features=1433, out_features=7, bias=False)
      (fc_neigh): Linear(in_features=1433, out_features=7, bias=False)
    )
  )
  (dropout): Dropout(p=0.5, inplace=False)
)
total model parameters size  2074984
trainable parameters
layers.0.fc_pool.weight, torch.Size([1433, 1433])
layers.0.fc_pool.bias, torch.Size([1433])
layers.0.fc_self.weight, torch.Size([7, 1433])
layers.0.fc_neigh.weight, torch.Size([7, 1433])
----------------------------------------
un-trainable parameters
