main start at this time 1660252032.9590166
-----------------------------------------before load data 
 Nvidia-smi: 6.2322998046875 GB
    Memory Allocated: 0.0  GigaBytes
Max Memory Allocated: 0.0  GigaBytes

#nodes: 2449029
#edges: 123718024
#classes: 47
success----------------------------------------
196571
39255
2164782
# Nodes: 2400608
# Edges: 123718024
# Train: 196571
# Val: 39255
# Test: 2164782
# Classes: 47

----------------------------------------start of run function 
 Nvidia-smi: 6.2322998046875 GB
    Memory Allocated: 0.0  GigaBytes
Max Memory Allocated: 0.0  GigaBytes

in feats:  100
----------------------------------------before model to device 
 Nvidia-smi: 6.2322998046875 GB
    Memory Allocated: 0.0  GigaBytes
Max Memory Allocated: 0.0  GigaBytes

----------------------------------------after model to device
 Nvidia-smi: 7.0780029296875 GB
    Memory Allocated: 0.0002803802490234375  GigaBytes
Max Memory Allocated: 0.0002803802490234375  GigaBytes

----------------------------------------before batch input features to device
 Nvidia-smi: 7.0780029296875 GB
    Memory Allocated: 0.0002803802490234375  GigaBytes
Max Memory Allocated: 0.0002803802490234375  GigaBytes

----------------------------------------after batch input features to device
 Nvidia-smi: 7.5291748046875 GB
    Memory Allocated: 0.45023107528686523  GigaBytes
Max Memory Allocated: 0.45023107528686523  GigaBytes

<class 'torch.Tensor'>
----------------------------------------after  batch labels to device
 Nvidia-smi: 7.5291748046875 GB
    Memory Allocated: 0.45041418075561523  GigaBytes
Max Memory Allocated: 0.45041418075561523  GigaBytes

first layer input nodes number: 1207826
first layer output nodes number: 406044
edges number: 4010778
torch.Size([1207826, 100])
torch.Size([406044, 256])
torch.Size([24571, 47])
----------------------------------------before batch input features to device
 Nvidia-smi: 10.3690185546875 GB
    Memory Allocated: 0.45555830001831055  GigaBytes
Max Memory Allocated: 2.34304141998291  GigaBytes

----------------------------------------after batch input features to device
 Nvidia-smi: 10.8201904296875 GB
    Memory Allocated: 0.9067301750183105  GigaBytes
Max Memory Allocated: 2.34304141998291  GigaBytes

<class 'torch.Tensor'>
----------------------------------------after  batch labels to device
 Nvidia-smi: 10.8201904296875 GB
    Memory Allocated: 0.9069132804870605  GigaBytes
Max Memory Allocated: 2.34304141998291  GigaBytes

first layer input nodes number: 1208788
first layer output nodes number: 405657
edges number: 4006397
torch.Size([1208788, 100])
torch.Size([405657, 256])
torch.Size([24571, 47])
----------------------------------------before batch input features to device
 Nvidia-smi: 10.8201904296875 GB
    Memory Allocated: 0.45677947998046875  GigaBytes
Max Memory Allocated: 2.34304141998291  GigaBytes

----------------------------------------after batch input features to device
 Nvidia-smi: 10.8201904296875 GB
    Memory Allocated: 0.9053606986999512  GigaBytes
Max Memory Allocated: 2.34304141998291  GigaBytes

<class 'torch.Tensor'>
----------------------------------------after  batch labels to device
 Nvidia-smi: 10.8201904296875 GB
    Memory Allocated: 0.9055438041687012  GigaBytes
Max Memory Allocated: 2.34304141998291  GigaBytes

first layer input nodes number: 1204151
first layer output nodes number: 405646
edges number: 4006024
torch.Size([1204151, 100])
torch.Size([405646, 256])
torch.Size([24571, 47])
----------------------------------------before batch input features to device
 Nvidia-smi: 10.8201904296875 GB
    Memory Allocated: 0.45418882369995117  GigaBytes
Max Memory Allocated: 2.34304141998291  GigaBytes

----------------------------------------after batch input features to device
 Nvidia-smi: 10.8201904296875 GB
    Memory Allocated: 0.9053606986999512  GigaBytes
Max Memory Allocated: 2.34304141998291  GigaBytes

<class 'torch.Tensor'>
----------------------------------------after  batch labels to device
 Nvidia-smi: 10.8201904296875 GB
    Memory Allocated: 0.9055438041687012  GigaBytes
Max Memory Allocated: 2.34304141998291  GigaBytes

first layer input nodes number: 1209244
first layer output nodes number: 405352
edges number: 4004286
torch.Size([1209244, 100])
torch.Size([405352, 256])
torch.Size([24571, 47])
----------------------------------------before batch input features to device
 Nvidia-smi: 10.8201904296875 GB
    Memory Allocated: 0.45677947998046875  GigaBytes
Max Memory Allocated: 2.34304141998291  GigaBytes

----------------------------------------after batch input features to device
 Nvidia-smi: 10.8201904296875 GB
    Memory Allocated: 0.9079513549804688  GigaBytes
Max Memory Allocated: 2.34304141998291  GigaBytes

<class 'torch.Tensor'>
----------------------------------------after  batch labels to device
 Nvidia-smi: 10.8201904296875 GB
    Memory Allocated: 0.9081344604492188  GigaBytes
Max Memory Allocated: 2.34304141998291  GigaBytes

first layer input nodes number: 1209578
first layer output nodes number: 406588
edges number: 4015479
torch.Size([1209578, 100])
torch.Size([406588, 256])
torch.Size([24571, 47])
----------------------------------------before batch input features to device
 Nvidia-smi: 10.8201904296875 GB
    Memory Allocated: 0.45677947998046875  GigaBytes
Max Memory Allocated: 2.3518919944763184  GigaBytes

----------------------------------------after batch input features to device
 Nvidia-smi: 10.8201904296875 GB
    Memory Allocated: 0.9060750007629395  GigaBytes
Max Memory Allocated: 2.3518919944763184  GigaBytes

<class 'torch.Tensor'>
----------------------------------------after  batch labels to device
 Nvidia-smi: 10.8201904296875 GB
    Memory Allocated: 0.9062581062316895  GigaBytes
Max Memory Allocated: 2.3518919944763184  GigaBytes

first layer input nodes number: 1206068
first layer output nodes number: 405556
edges number: 4007593
torch.Size([1206068, 100])
torch.Size([405556, 256])
torch.Size([24571, 47])
----------------------------------------before batch input features to device
 Nvidia-smi: 10.8201904296875 GB
    Memory Allocated: 0.45490312576293945  GigaBytes
Max Memory Allocated: 2.3518919944763184  GigaBytes

----------------------------------------after batch input features to device
 Nvidia-smi: 10.8201904296875 GB
    Memory Allocated: 0.9048829078674316  GigaBytes
Max Memory Allocated: 2.3518919944763184  GigaBytes

<class 'torch.Tensor'>
----------------------------------------after  batch labels to device
 Nvidia-smi: 10.8201904296875 GB
    Memory Allocated: 0.9050660133361816  GigaBytes
Max Memory Allocated: 2.3518919944763184  GigaBytes

first layer input nodes number: 1207905
first layer output nodes number: 404953
edges number: 3999685
torch.Size([1207905, 100])
torch.Size([404953, 256])
torch.Size([24571, 47])
----------------------------------------before batch input features to device
 Nvidia-smi: 10.8201904296875 GB
    Memory Allocated: 0.45558738708496094  GigaBytes
Max Memory Allocated: 2.3518919944763184  GigaBytes

----------------------------------------after batch input features to device
 Nvidia-smi: 10.8201904296875 GB
    Memory Allocated: 0.9051694869995117  GigaBytes
Max Memory Allocated: 2.3518919944763184  GigaBytes

<class 'torch.Tensor'>
----------------------------------------after  batch labels to device
 Nvidia-smi: 10.8201904296875 GB
    Memory Allocated: 0.9053525924682617  GigaBytes
Max Memory Allocated: 2.3518919944763184  GigaBytes

first layer input nodes number: 1206837
first layer output nodes number: 405397
edges number: 4002762
torch.Size([1206837, 100])
torch.Size([405397, 256])
torch.Size([24571, 47])
----------------------------------------before batch input features to device
 Nvidia-smi: 10.8201904296875 GB
    Memory Allocated: 0.45518970489501953  GigaBytes
Max Memory Allocated: 2.3518919944763184  GigaBytes

----------------------------------------after batch input features to device
 Nvidia-smi: 10.8201904296875 GB
    Memory Allocated: 0.4554557800292969  GigaBytes
Max Memory Allocated: 2.3518919944763184  GigaBytes

<class 'torch.Tensor'>
----------------------------------------after  batch labels to device
 Nvidia-smi: 10.8201904296875 GB
    Memory Allocated: 0.4554562568664551  GigaBytes
Max Memory Allocated: 2.3518919944763184  GigaBytes

first layer input nodes number: 714
first layer output nodes number: 78
edges number: 772
torch.Size([714, 100])
torch.Size([78, 256])
torch.Size([3, 47])
----------------------------------------before batch input features to device
 Nvidia-smi: 10.8201904296875 GB
    Memory Allocated: 0.0013895034790039062  GigaBytes
Max Memory Allocated: 2.3518919944763184  GigaBytes

----------------------------------------after batch input features to device
 Nvidia-smi: 10.8201904296875 GB
    Memory Allocated: 0.45017051696777344  GigaBytes
Max Memory Allocated: 2.3518919944763184  GigaBytes

<class 'torch.Tensor'>
----------------------------------------after  batch labels to device
 Nvidia-smi: 10.8201904296875 GB
    Memory Allocated: 0.45035362243652344  GigaBytes
Max Memory Allocated: 2.3518919944763184  GigaBytes

first layer input nodes number: 1204687
first layer output nodes number: 405329
edges number: 4004117
torch.Size([1204687, 100])
torch.Size([405329, 256])
torch.Size([24571, 47])
----------------------------------------before batch input features to device
 Nvidia-smi: 10.8201904296875 GB
    Memory Allocated: 0.4543886184692383  GigaBytes
Max Memory Allocated: 2.3518919944763184  GigaBytes

----------------------------------------after batch input features to device
 Nvidia-smi: 10.8201904296875 GB
    Memory Allocated: 0.9055604934692383  GigaBytes
Max Memory Allocated: 2.3518919944763184  GigaBytes

<class 'torch.Tensor'>
----------------------------------------after  batch labels to device
 Nvidia-smi: 10.8201904296875 GB
    Memory Allocated: 0.9057435989379883  GigaBytes
Max Memory Allocated: 2.3518919944763184  GigaBytes

first layer input nodes number: 1209159
first layer output nodes number: 405613
edges number: 4004848
torch.Size([1209159, 100])
torch.Size([405613, 256])
torch.Size([24571, 47])
----------------------------------------before batch input features to device
 Nvidia-smi: 10.8201904296875 GB
    Memory Allocated: 0.45677947998046875  GigaBytes
Max Memory Allocated: 2.3518919944763184  GigaBytes

----------------------------------------after batch input features to device
 Nvidia-smi: 10.8201904296875 GB
    Memory Allocated: 0.9065680503845215  GigaBytes
Max Memory Allocated: 2.3518919944763184  GigaBytes

<class 'torch.Tensor'>
----------------------------------------after  batch labels to device
 Nvidia-smi: 10.8201904296875 GB
    Memory Allocated: 0.9067511558532715  GigaBytes
Max Memory Allocated: 2.3518919944763184  GigaBytes

first layer input nodes number: 1207392
first layer output nodes number: 405966
edges number: 4008956
torch.Size([1207392, 100])
torch.Size([405966, 256])
torch.Size([24571, 47])
----------------------------------------before batch input features to device
 Nvidia-smi: 10.8201904296875 GB
    Memory Allocated: 0.4553961753845215  GigaBytes
Max Memory Allocated: 2.3518919944763184  GigaBytes

----------------------------------------after batch input features to device
 Nvidia-smi: 10.8201904296875 GB
    Memory Allocated: 0.9065680503845215  GigaBytes
Max Memory Allocated: 2.3518919944763184  GigaBytes

<class 'torch.Tensor'>
----------------------------------------after  batch labels to device
 Nvidia-smi: 10.8201904296875 GB
    Memory Allocated: 0.9067511558532715  GigaBytes
Max Memory Allocated: 2.3518919944763184  GigaBytes

first layer input nodes number: 1210393
first layer output nodes number: 405616
edges number: 4006817
torch.Size([1210393, 100])
torch.Size([405616, 256])
torch.Size([24571, 47])
----------------------------------------before batch input features to device
 Nvidia-smi: 10.8201904296875 GB
    Memory Allocated: 0.45677947998046875  GigaBytes
Max Memory Allocated: 2.3518919944763184  GigaBytes

----------------------------------------after batch input features to device
 Nvidia-smi: 10.8201904296875 GB
    Memory Allocated: 0.9064102172851562  GigaBytes
Max Memory Allocated: 2.3518919944763184  GigaBytes

<class 'torch.Tensor'>
----------------------------------------after  batch labels to device
 Nvidia-smi: 10.8201904296875 GB
    Memory Allocated: 0.9065933227539062  GigaBytes
Max Memory Allocated: 2.3518919944763184  GigaBytes

first layer input nodes number: 1206968
first layer output nodes number: 404819
edges number: 3997884
torch.Size([1206968, 100])
torch.Size([404819, 256])
torch.Size([24571, 47])
----------------------------------------before batch input features to device
 Nvidia-smi: 10.8201904296875 GB
    Memory Allocated: 0.45523834228515625  GigaBytes
Max Memory Allocated: 2.3518919944763184  GigaBytes

----------------------------------------after batch input features to device
 Nvidia-smi: 10.8201904296875 GB
    Memory Allocated: 0.9046969413757324  GigaBytes
Max Memory Allocated: 2.3518919944763184  GigaBytes

<class 'torch.Tensor'>
----------------------------------------after  batch labels to device
 Nvidia-smi: 10.8201904296875 GB
    Memory Allocated: 0.9048800468444824  GigaBytes
Max Memory Allocated: 2.3518919944763184  GigaBytes

first layer input nodes number: 1206505
first layer output nodes number: 405709
edges number: 4006581
torch.Size([1206505, 100])
torch.Size([405709, 256])
torch.Size([24571, 47])
----------------------------------------before batch input features to device
 Nvidia-smi: 10.8201904296875 GB
    Memory Allocated: 0.4550662040710449  GigaBytes
Max Memory Allocated: 2.3518919944763184  GigaBytes

----------------------------------------after batch input features to device
 Nvidia-smi: 10.8201904296875 GB
    Memory Allocated: 0.9052314758300781  GigaBytes
Max Memory Allocated: 2.3518919944763184  GigaBytes

<class 'torch.Tensor'>
----------------------------------------after  batch labels to device
 Nvidia-smi: 10.8201904296875 GB
    Memory Allocated: 0.9054145812988281  GigaBytes
Max Memory Allocated: 2.3518919944763184  GigaBytes

first layer input nodes number: 1208402
first layer output nodes number: 405539
edges number: 4005333
torch.Size([1208402, 100])
torch.Size([405539, 256])
torch.Size([24571, 47])
----------------------------------------before batch input features to device
 Nvidia-smi: 10.8201904296875 GB
    Memory Allocated: 0.45577287673950195  GigaBytes
Max Memory Allocated: 2.3518919944763184  GigaBytes

----------------------------------------after batch input features to device
 Nvidia-smi: 10.8201904296875 GB
    Memory Allocated: 0.906944751739502  GigaBytes
Max Memory Allocated: 2.3518919944763184  GigaBytes

<class 'torch.Tensor'>
----------------------------------------after  batch labels to device
 Nvidia-smi: 10.8201904296875 GB
    Memory Allocated: 0.907127857208252  GigaBytes
Max Memory Allocated: 2.3518919944763184  GigaBytes

first layer input nodes number: 1209896
first layer output nodes number: 406732
edges number: 4017717
torch.Size([1209896, 100])
torch.Size([406732, 256])
torch.Size([24571, 47])
----------------------------------------before batch input features to device
 Nvidia-smi: 10.8201904296875 GB
    Memory Allocated: 0.45677947998046875  GigaBytes
Max Memory Allocated: 2.3520078659057617  GigaBytes

----------------------------------------after batch input features to device
 Nvidia-smi: 10.8201904296875 GB
    Memory Allocated: 0.4570488929748535  GigaBytes
Max Memory Allocated: 2.3520078659057617  GigaBytes

<class 'torch.Tensor'>
----------------------------------------after  batch labels to device
 Nvidia-smi: 10.8201904296875 GB
    Memory Allocated: 0.4570493698120117  GigaBytes
Max Memory Allocated: 2.3520078659057617  GigaBytes

first layer input nodes number: 723
first layer output nodes number: 78
edges number: 775
torch.Size([723, 100])
torch.Size([78, 256])
torch.Size([3, 47])
----------------------------------------before batch input features to device
 Nvidia-smi: 10.8201904296875 GB
    Memory Allocated: 0.0013928413391113281  GigaBytes
Max Memory Allocated: 2.3520078659057617  GigaBytes

----------------------------------------after batch input features to device
 Nvidia-smi: 10.8201904296875 GB
    Memory Allocated: 0.4506540298461914  GigaBytes
Max Memory Allocated: 2.3520078659057617  GigaBytes

<class 'torch.Tensor'>
----------------------------------------after  batch labels to device
 Nvidia-smi: 10.8201904296875 GB
    Memory Allocated: 0.4508371353149414  GigaBytes
Max Memory Allocated: 2.3520078659057617  GigaBytes

first layer input nodes number: 1205976
first layer output nodes number: 404657
edges number: 3995961
torch.Size([1205976, 100])
torch.Size([404657, 256])
torch.Size([24571, 47])
----------------------------------------before batch input features to device
 Nvidia-smi: 10.8201904296875 GB
    Memory Allocated: 0.45486879348754883  GigaBytes
Max Memory Allocated: 2.3520078659057617  GigaBytes

----------------------------------------after batch input features to device
 Nvidia-smi: 10.8201904296875 GB
    Memory Allocated: 0.9031367301940918  GigaBytes
Max Memory Allocated: 2.3520078659057617  GigaBytes

<class 'torch.Tensor'>
----------------------------------------after  batch labels to device
 Nvidia-smi: 10.8201904296875 GB
    Memory Allocated: 0.9033198356628418  GigaBytes
Max Memory Allocated: 2.3520078659057617  GigaBytes

first layer input nodes number: 1203309
first layer output nodes number: 404155
edges number: 3991347
torch.Size([1203309, 100])
torch.Size([404155, 256])
torch.Size([24571, 47])
----------------------------------------before batch input features to device
 Nvidia-smi: 10.8201904296875 GB
    Memory Allocated: 0.4538755416870117  GigaBytes
Max Memory Allocated: 2.3520078659057617  GigaBytes

----------------------------------------after batch input features to device
 Nvidia-smi: 10.8201904296875 GB
    Memory Allocated: 0.9050474166870117  GigaBytes
Max Memory Allocated: 2.3520078659057617  GigaBytes

<class 'torch.Tensor'>
----------------------------------------after  batch labels to device
 Nvidia-smi: 10.8201904296875 GB
    Memory Allocated: 0.9052305221557617  GigaBytes
Max Memory Allocated: 2.3520078659057617  GigaBytes

first layer input nodes number: 1209985
first layer output nodes number: 406348
edges number: 4012850
torch.Size([1209985, 100])
torch.Size([406348, 256])
torch.Size([24571, 47])
----------------------------------------before batch input features to device
 Nvidia-smi: 10.8201904296875 GB
    Memory Allocated: 0.45677947998046875  GigaBytes
Max Memory Allocated: 2.3520078659057617  GigaBytes

----------------------------------------after batch input features to device
 Nvidia-smi: 10.8201904296875 GB
    Memory Allocated: 0.9065766334533691  GigaBytes
Max Memory Allocated: 2.3520078659057617  GigaBytes

<class 'torch.Tensor'>
----------------------------------------after  batch labels to device
 Nvidia-smi: 10.8201904296875 GB
    Memory Allocated: 0.9067597389221191  GigaBytes
Max Memory Allocated: 2.3520078659057617  GigaBytes

first layer input nodes number: 1207414
first layer output nodes number: 405632
edges number: 4006202
torch.Size([1207414, 100])
torch.Size([405632, 256])
torch.Size([24571, 47])
----------------------------------------before batch input features to device
 Nvidia-smi: 10.8201904296875 GB
    Memory Allocated: 0.45540475845336914  GigaBytes
Max Memory Allocated: 2.3520078659057617  GigaBytes

----------------------------------------after batch input features to device
 Nvidia-smi: 10.8201904296875 GB
    Memory Allocated: 0.9065766334533691  GigaBytes
Max Memory Allocated: 2.3520078659057617  GigaBytes

<class 'torch.Tensor'>
----------------------------------------after  batch labels to device
 Nvidia-smi: 10.8201904296875 GB
    Memory Allocated: 0.9067597389221191  GigaBytes
Max Memory Allocated: 2.3520078659057617  GigaBytes

first layer input nodes number: 1208515
first layer output nodes number: 406456
edges number: 4014323
torch.Size([1208515, 100])
torch.Size([406456, 256])
torch.Size([24571, 47])
----------------------------------------before batch input features to device
 Nvidia-smi: 10.8201904296875 GB
    Memory Allocated: 0.45677947998046875  GigaBytes
Max Memory Allocated: 2.3520078659057617  GigaBytes

----------------------------------------after batch input features to device
 Nvidia-smi: 10.8201904296875 GB
    Memory Allocated: 0.9079513549804688  GigaBytes
Max Memory Allocated: 2.3520078659057617  GigaBytes

<class 'torch.Tensor'>
----------------------------------------after  batch labels to device
 Nvidia-smi: 10.8201904296875 GB
    Memory Allocated: 0.9081344604492188  GigaBytes
Max Memory Allocated: 2.3520078659057617  GigaBytes

first layer input nodes number: 1209139
first layer output nodes number: 405374
edges number: 4003644
torch.Size([1209139, 100])
torch.Size([405374, 256])
torch.Size([24571, 47])
----------------------------------------before batch input features to device
 Nvidia-smi: 10.8201904296875 GB
    Memory Allocated: 0.45677947998046875  GigaBytes
Max Memory Allocated: 2.3520078659057617  GigaBytes

----------------------------------------after batch input features to device
 Nvidia-smi: 10.8201904296875 GB
    Memory Allocated: 0.9067869186401367  GigaBytes
Max Memory Allocated: 2.3520078659057617  GigaBytes

<class 'torch.Tensor'>
----------------------------------------after  batch labels to device
 Nvidia-smi: 10.8201904296875 GB
    Memory Allocated: 0.9069700241088867  GigaBytes
Max Memory Allocated: 2.3520078659057617  GigaBytes

first layer input nodes number: 1207979
first layer output nodes number: 404899
edges number: 4000631
torch.Size([1207979, 100])
torch.Size([404899, 256])
torch.Size([24571, 47])
----------------------------------------before batch input features to device
 Nvidia-smi: 10.8201904296875 GB
    Memory Allocated: 0.45594024658203125  GigaBytes
Max Memory Allocated: 2.3520078659057617  GigaBytes

----------------------------------------after batch input features to device
 Nvidia-smi: 11.2733154296875 GB
    Memory Allocated: 0.9072270393371582  GigaBytes
Max Memory Allocated: 2.3520078659057617  GigaBytes

<class 'torch.Tensor'>
----------------------------------------after  batch labels to device
 Nvidia-smi: 11.2733154296875 GB
    Memory Allocated: 0.9074101448059082  GigaBytes
Max Memory Allocated: 2.3520078659057617  GigaBytes

first layer input nodes number: 1211413
first layer output nodes number: 406862
edges number: 4016771
torch.Size([1211413, 100])
torch.Size([406862, 256])
torch.Size([24571, 47])
----------------------------------------before batch input features to device
 Nvidia-smi: 11.2733154296875 GB
    Memory Allocated: 0.4568943977355957  GigaBytes
Max Memory Allocated: 2.3523597717285156  GigaBytes

----------------------------------------after batch input features to device
 Nvidia-smi: 11.2733154296875 GB
    Memory Allocated: 0.4571671485900879  GigaBytes
Max Memory Allocated: 2.3523597717285156  GigaBytes

<class 'torch.Tensor'>
----------------------------------------after  batch labels to device
 Nvidia-smi: 11.2733154296875 GB
    Memory Allocated: 0.4571676254272461  GigaBytes
Max Memory Allocated: 2.3523597717285156  GigaBytes

first layer input nodes number: 732
first layer output nodes number: 78
edges number: 777
torch.Size([732, 100])
torch.Size([78, 256])
torch.Size([3, 47])
* Pure training time/epoch 1.581061840057373
Training time/epoch 6.585938215255737
----------------------------------------before batch input features to device
 Nvidia-smi: 11.2733154296875 GB
    Memory Allocated: 0.00139617919921875  GigaBytes
Max Memory Allocated: 2.3523597717285156  GigaBytes

----------------------------------------after batch input features to device
 Nvidia-smi: 11.2733154296875 GB
    Memory Allocated: 0.4508662223815918  GigaBytes
Max Memory Allocated: 2.3523597717285156  GigaBytes

<class 'torch.Tensor'>
----------------------------------------after  batch labels to device
 Nvidia-smi: 11.2733154296875 GB
    Memory Allocated: 0.4510493278503418  GigaBytes
Max Memory Allocated: 2.3523597717285156  GigaBytes

first layer input nodes number: 1206536
first layer output nodes number: 405514
edges number: 4004874
torch.Size([1206536, 100])
torch.Size([405514, 256])
torch.Size([24571, 47])
----------------------------------------before batch input features to device
 Nvidia-smi: 11.2733154296875 GB
    Memory Allocated: 0.4550776481628418  GigaBytes
Max Memory Allocated: 2.3523597717285156  GigaBytes

----------------------------------------after batch input features to device
 Nvidia-smi: 11.2733154296875 GB
    Memory Allocated: 0.905177116394043  GigaBytes
Max Memory Allocated: 2.3523597717285156  GigaBytes

<class 'torch.Tensor'>
----------------------------------------after  batch labels to device
 Nvidia-smi: 11.2733154296875 GB
    Memory Allocated: 0.905360221862793  GigaBytes
Max Memory Allocated: 2.3523597717285156  GigaBytes

first layer input nodes number: 1208226
first layer output nodes number: 405043
edges number: 3999866
torch.Size([1208226, 100])
torch.Size([405043, 256])
torch.Size([24571, 47])
----------------------------------------before batch input features to device
 Nvidia-smi: 11.2733154296875 GB
    Memory Allocated: 0.4557070732116699  GigaBytes
Max Memory Allocated: 2.3523597717285156  GigaBytes

----------------------------------------after batch input features to device
 Nvidia-smi: 11.2733154296875 GB
    Memory Allocated: 0.9051551818847656  GigaBytes
Max Memory Allocated: 2.3523597717285156  GigaBytes

<class 'torch.Tensor'>
----------------------------------------after  batch labels to device
 Nvidia-smi: 11.2733154296875 GB
    Memory Allocated: 0.9053382873535156  GigaBytes
Max Memory Allocated: 2.3523597717285156  GigaBytes

first layer input nodes number: 1206478
first layer output nodes number: 405975
edges number: 4009604
torch.Size([1206478, 100])
torch.Size([405975, 256])
torch.Size([24571, 47])
----------------------------------------before batch input features to device
 Nvidia-smi: 11.2733154296875 GB
    Memory Allocated: 0.45505571365356445  GigaBytes
Max Memory Allocated: 2.3523597717285156  GigaBytes

----------------------------------------after batch input features to device
 Nvidia-smi: 11.2733154296875 GB
    Memory Allocated: 0.9062275886535645  GigaBytes
Max Memory Allocated: 2.3523597717285156  GigaBytes

<class 'torch.Tensor'>
----------------------------------------after  batch labels to device
 Nvidia-smi: 11.2733154296875 GB
    Memory Allocated: 0.9064106941223145  GigaBytes
Max Memory Allocated: 2.3523597717285156  GigaBytes

first layer input nodes number: 1209802
first layer output nodes number: 406143
edges number: 4009928
torch.Size([1209802, 100])
torch.Size([406143, 256])
torch.Size([24571, 47])
----------------------------------------before batch input features to device
 Nvidia-smi: 11.2733154296875 GB
    Memory Allocated: 0.45677947998046875  GigaBytes
Max Memory Allocated: 2.3523597717285156  GigaBytes

----------------------------------------after batch input features to device
 Nvidia-smi: 11.2733154296875 GB
    Memory Allocated: 0.9079513549804688  GigaBytes
Max Memory Allocated: 2.3523597717285156  GigaBytes

<class 'torch.Tensor'>
----------------------------------------after  batch labels to device
 Nvidia-smi: 11.2733154296875 GB
    Memory Allocated: 0.9081344604492188  GigaBytes
Max Memory Allocated: 2.3523597717285156  GigaBytes

first layer input nodes number: 1209797
first layer output nodes number: 406674
edges number: 4015759
torch.Size([1209797, 100])
torch.Size([406674, 256])
torch.Size([24571, 47])
----------------------------------------before batch input features to device
 Nvidia-smi: 11.2733154296875 GB
    Memory Allocated: 0.45677947998046875  GigaBytes
Max Memory Allocated: 2.3523597717285156  GigaBytes

----------------------------------------after batch input features to device
 Nvidia-smi: 11.2733154296875 GB
    Memory Allocated: 0.906501293182373  GigaBytes
Max Memory Allocated: 2.3523597717285156  GigaBytes

<class 'torch.Tensor'>
----------------------------------------after  batch labels to device
 Nvidia-smi: 11.2733154296875 GB
    Memory Allocated: 0.906684398651123  GigaBytes
Max Memory Allocated: 2.3523597717285156  GigaBytes

first layer input nodes number: 1207212
first layer output nodes number: 405510
edges number: 4005385
torch.Size([1207212, 100])
torch.Size([405510, 256])
torch.Size([24571, 47])
----------------------------------------before batch input features to device
 Nvidia-smi: 11.2733154296875 GB
    Memory Allocated: 0.45532941818237305  GigaBytes
Max Memory Allocated: 2.3523597717285156  GigaBytes

----------------------------------------after batch input features to device
 Nvidia-smi: 11.2733154296875 GB
    Memory Allocated: 0.9070496559143066  GigaBytes
Max Memory Allocated: 2.3523597717285156  GigaBytes

<class 'torch.Tensor'>
----------------------------------------after  batch labels to device
 Nvidia-smi: 11.2733154296875 GB
    Memory Allocated: 0.9072327613830566  GigaBytes
Max Memory Allocated: 2.3523597717285156  GigaBytes

first layer input nodes number: 1212577
first layer output nodes number: 406705
edges number: 4016767
torch.Size([1212577, 100])
torch.Size([406705, 256])
torch.Size([24571, 47])
----------------------------------------before batch input features to device
 Nvidia-smi: 11.2733154296875 GB
    Memory Allocated: 0.45732784271240234  GigaBytes
Max Memory Allocated: 2.3525519371032715  GigaBytes

----------------------------------------after batch input features to device
 Nvidia-smi: 11.2733154296875 GB
    Memory Allocated: 0.9065408706665039  GigaBytes
Max Memory Allocated: 2.3525519371032715  GigaBytes

<class 'torch.Tensor'>
----------------------------------------after  batch labels to device
 Nvidia-smi: 11.2733154296875 GB
    Memory Allocated: 0.9067239761352539  GigaBytes
Max Memory Allocated: 2.3525519371032715  GigaBytes

first layer input nodes number: 1205846
first layer output nodes number: 404728
edges number: 3997966
torch.Size([1205846, 100])
torch.Size([404728, 256])
torch.Size([24571, 47])
----------------------------------------before batch input features to device
 Nvidia-smi: 11.2733154296875 GB
    Memory Allocated: 0.4548206329345703  GigaBytes
Max Memory Allocated: 2.3525519371032715  GigaBytes

----------------------------------------after batch input features to device
 Nvidia-smi: 11.2733154296875 GB
    Memory Allocated: 0.45506811141967773  GigaBytes
Max Memory Allocated: 2.3525519371032715  GigaBytes

<class 'torch.Tensor'>
----------------------------------------after  batch labels to device
 Nvidia-smi: 11.2733154296875 GB
    Memory Allocated: 0.45506858825683594  GigaBytes
Max Memory Allocated: 2.3525519371032715  GigaBytes

first layer input nodes number: 664
first layer output nodes number: 72
edges number: 700
torch.Size([664, 100])
torch.Size([72, 256])
torch.Size([3, 47])
* Pure training time/epoch 1.6146106719970703
Training time/epoch 6.158048868179321
----------------------------------------before batch input features to device
 Nvidia-smi: 11.2733154296875 GB
    Memory Allocated: 0.0013709068298339844  GigaBytes
Max Memory Allocated: 2.3525519371032715  GigaBytes

----------------------------------------after batch input features to device
 Nvidia-smi: 11.2733154296875 GB
    Memory Allocated: 0.452542781829834  GigaBytes
Max Memory Allocated: 2.3525519371032715  GigaBytes

<class 'torch.Tensor'>
----------------------------------------after  batch labels to device
 Nvidia-smi: 11.2733154296875 GB
    Memory Allocated: 0.452725887298584  GigaBytes
Max Memory Allocated: 2.3525519371032715  GigaBytes

first layer input nodes number: 1209052
first layer output nodes number: 406054
edges number: 4009401
torch.Size([1209052, 100])
torch.Size([406054, 256])
torch.Size([24571, 47])
----------------------------------------before batch input features to device
 Nvidia-smi: 11.2733154296875 GB
    Memory Allocated: 0.45677947998046875  GigaBytes
Max Memory Allocated: 2.3525519371032715  GigaBytes

----------------------------------------after batch input features to device
 Nvidia-smi: 11.2733154296875 GB
    Memory Allocated: 0.9079513549804688  GigaBytes
Max Memory Allocated: 2.3525519371032715  GigaBytes

<class 'torch.Tensor'>
----------------------------------------after  batch labels to device
 Nvidia-smi: 11.2733154296875 GB
    Memory Allocated: 0.9081344604492188  GigaBytes
Max Memory Allocated: 2.3525519371032715  GigaBytes

first layer input nodes number: 1210694
first layer output nodes number: 406197
edges number: 4011221
torch.Size([1210694, 100])
torch.Size([406197, 256])
torch.Size([24571, 47])
----------------------------------------before batch input features to device
 Nvidia-smi: 11.2733154296875 GB
    Memory Allocated: 0.45677947998046875  GigaBytes
Max Memory Allocated: 2.3525519371032715  GigaBytes

----------------------------------------after batch input features to device
 Nvidia-smi: 11.2733154296875 GB
    Memory Allocated: 0.9079513549804688  GigaBytes
Max Memory Allocated: 2.3525519371032715  GigaBytes

<class 'torch.Tensor'>
----------------------------------------after  batch labels to device
 Nvidia-smi: 11.2733154296875 GB
    Memory Allocated: 0.9081344604492188  GigaBytes
Max Memory Allocated: 2.3525519371032715  GigaBytes

first layer input nodes number: 1208959
first layer output nodes number: 406389
edges number: 4013440
torch.Size([1208959, 100])
torch.Size([406389, 256])
torch.Size([24571, 47])
----------------------------------------before batch input features to device
 Nvidia-smi: 11.2733154296875 GB
    Memory Allocated: 0.45677947998046875  GigaBytes
Max Memory Allocated: 2.3525519371032715  GigaBytes

----------------------------------------after batch input features to device
 Nvidia-smi: 11.2733154296875 GB
    Memory Allocated: 0.906343936920166  GigaBytes
Max Memory Allocated: 2.3525519371032715  GigaBytes

<class 'torch.Tensor'>
----------------------------------------after  batch labels to device
 Nvidia-smi: 11.2733154296875 GB
    Memory Allocated: 0.906527042388916  GigaBytes
Max Memory Allocated: 2.3525519371032715  GigaBytes

first layer input nodes number: 1206790
first layer output nodes number: 406119
edges number: 4010667
torch.Size([1206790, 100])
torch.Size([406119, 256])
torch.Size([24571, 47])
----------------------------------------before batch input features to device
 Nvidia-smi: 11.2733154296875 GB
    Memory Allocated: 0.455172061920166  GigaBytes
Max Memory Allocated: 2.3525519371032715  GigaBytes

----------------------------------------after batch input features to device
 Nvidia-smi: 11.2733154296875 GB
    Memory Allocated: 0.9040694236755371  GigaBytes
Max Memory Allocated: 2.3525519371032715  GigaBytes

<class 'torch.Tensor'>
----------------------------------------after  batch labels to device
 Nvidia-smi: 11.2733154296875 GB
    Memory Allocated: 0.9042525291442871  GigaBytes
Max Memory Allocated: 2.3525519371032715  GigaBytes

first layer input nodes number: 1204999
first layer output nodes number: 404635
edges number: 3995566
torch.Size([1204999, 100])
torch.Size([404635, 256])
torch.Size([24571, 47])
----------------------------------------before batch input features to device
 Nvidia-smi: 11.2733154296875 GB
    Memory Allocated: 0.45450496673583984  GigaBytes
Max Memory Allocated: 2.3525519371032715  GigaBytes

----------------------------------------after batch input features to device
 Nvidia-smi: 11.2733154296875 GB
    Memory Allocated: 0.9056768417358398  GigaBytes
Max Memory Allocated: 2.3525519371032715  GigaBytes

<class 'torch.Tensor'>
----------------------------------------after  batch labels to device
 Nvidia-smi: 11.2733154296875 GB
    Memory Allocated: 0.9058599472045898  GigaBytes
Max Memory Allocated: 2.3525519371032715  GigaBytes

first layer input nodes number: 1210748
first layer output nodes number: 405888
edges number: 4008664
torch.Size([1210748, 100])
torch.Size([405888, 256])
torch.Size([24571, 47])
----------------------------------------before batch input features to device
 Nvidia-smi: 11.2733154296875 GB
    Memory Allocated: 0.45677947998046875  GigaBytes
Max Memory Allocated: 2.3525519371032715  GigaBytes

----------------------------------------after batch input features to device
 Nvidia-smi: 11.2733154296875 GB
    Memory Allocated: 0.9066791534423828  GigaBytes
Max Memory Allocated: 2.3525519371032715  GigaBytes

<class 'torch.Tensor'>
----------------------------------------after  batch labels to device
 Nvidia-smi: 11.2733154296875 GB
    Memory Allocated: 0.9068622589111328  GigaBytes
Max Memory Allocated: 2.3525519371032715  GigaBytes

first layer input nodes number: 1207689
first layer output nodes number: 406791
edges number: 4018942
torch.Size([1207689, 100])
torch.Size([406791, 256])
torch.Size([24571, 47])
----------------------------------------before batch input features to device
 Nvidia-smi: 11.2733154296875 GB
    Memory Allocated: 0.4555072784423828  GigaBytes
Max Memory Allocated: 2.3525519371032715  GigaBytes

----------------------------------------after batch input features to device
 Nvidia-smi: 11.2733154296875 GB
    Memory Allocated: 0.9046082496643066  GigaBytes
Max Memory Allocated: 2.3525519371032715  GigaBytes

<class 'torch.Tensor'>
----------------------------------------after  batch labels to device
 Nvidia-smi: 11.2733154296875 GB
    Memory Allocated: 0.9047913551330566  GigaBytes
Max Memory Allocated: 2.3525519371032715  GigaBytes

first layer input nodes number: 1205545
first layer output nodes number: 404395
edges number: 3993496
torch.Size([1205545, 100])
torch.Size([404395, 256])
torch.Size([24571, 47])
----------------------------------------before batch input features to device
 Nvidia-smi: 11.2733154296875 GB
    Memory Allocated: 0.4550600051879883  GigaBytes
Max Memory Allocated: 2.3525519371032715  GigaBytes

----------------------------------------after batch input features to device
 Nvidia-smi: 11.2733154296875 GB
    Memory Allocated: 0.45532941818237305  GigaBytes
Max Memory Allocated: 2.3525519371032715  GigaBytes

<class 'torch.Tensor'>
----------------------------------------after  batch labels to device
 Nvidia-smi: 11.2733154296875 GB
    Memory Allocated: 0.45532989501953125  GigaBytes
Max Memory Allocated: 2.3525519371032715  GigaBytes

first layer input nodes number: 723
first layer output nodes number: 78
edges number: 780
torch.Size([723, 100])
torch.Size([78, 256])
torch.Size([3, 47])
* Pure training time/epoch 1.7579331398010254
Training time/epoch 6.225138187408447
mean Pure training time/epoch 1.651201883951823
mean dataloder + train time/epoch 6.323041756947835
