main start at this time 1658956565.9659033
-----------------------------------------before load data 
 Nvidia-smi: 0.1717529296875 GB
    Memory Allocated: 0.0  GigaBytes
Max Memory Allocated: 0.0  GigaBytes

success----------------------------------------
153431
23831
55703
# Nodes: 232965
# Edges: 114615892
# Train: 153431
# Val: 23831
# Test: 55703
# Classes: 41

#nodes: 232965
#edges: 114615892
#classes: 41
----------------------------------------start of run function 
 Nvidia-smi: 0.1717529296875 GB
    Memory Allocated: 0.0  GigaBytes
Max Memory Allocated: 0.0  GigaBytes

in feats:  602
----------------------------------------before model to device 
 Nvidia-smi: 0.1717529296875 GB
    Memory Allocated: 0.0  GigaBytes
Max Memory Allocated: 0.0  GigaBytes

----------------------------------------after model to device
 Nvidia-smi: 1.0369873046875 GB
    Memory Allocated: 0.0015368461608886719  GigaBytes
Max Memory Allocated: 0.0015368461608886719  GigaBytes

----------------------------------------before generate dataloader block 
 Nvidia-smi: 1.0369873046875 GB
    Memory Allocated: 0.0015368461608886719  GigaBytes
Max Memory Allocated: 0.0015368461608886719  GigaBytes

-----------------------------------------after block dataloader generation 
 Nvidia-smi: 1.0369873046875 GB
    Memory Allocated: 0.0015368461608886719  GigaBytes
Max Memory Allocated: 0.0015368461608886719  GigaBytes

connection checking time:  0
block generation total time  0
average batch blocks generation time:  0
block dataloader generation time/epoch 1.5011730194091797
pseudo mini batch 0 input nodes size: 229647
----------------------------------------before load block subtensor 
 Nvidia-smi: 1.0369873046875 GB
    Memory Allocated: 0.0015368461608886719  GigaBytes
Max Memory Allocated: 0.0015368461608886719  GigaBytes

----------------------------------------before batch input features to device
 Nvidia-smi: 1.0369873046875 GB
    Memory Allocated: 0.0015368461608886719  GigaBytes
Max Memory Allocated: 0.0015368461608886719  GigaBytes

----------------------------------------after batch input features to device
 Nvidia-smi: 1.5526123046875 GB
    Memory Allocated: 0.5171618461608887  GigaBytes
Max Memory Allocated: 0.5171618461608887  GigaBytes

----------------------------------------after  batch labels to device
 Nvidia-smi: 1.5526123046875 GB
    Memory Allocated: 0.5183053016662598  GigaBytes
Max Memory Allocated: 0.5183053016662598  GigaBytes

----------------------------------------after load block subtensor  
 Nvidia-smi: 1.5526123046875 GB
    Memory Allocated: 0.5183053016662598  GigaBytes
Max Memory Allocated: 0.5183053016662598  GigaBytes

----------------------------------------after blocks to device 
 Nvidia-smi: 1.8787841796875 GB
    Memory Allocated: 0.7800240516662598  GigaBytes
Max Memory Allocated: 0.7800240516662598  GigaBytes

----------------------------------------before batch_pred = model(blocks, batch_inputs) 
 Nvidia-smi: 1.8787841796875 GB
    Memory Allocated: 0.7800240516662598  GigaBytes
Max Memory Allocated: 0.7800240516662598  GigaBytes

----------------input nodes number: 229647
----------------output nodes number: 153431
----------------edges number: 35111477
----------------------------------------start pool aggregator-------
 Nvidia-smi: 2.0096435546875 GB
    Memory Allocated: 0.7828788757324219  GigaBytes
Max Memory Allocated: 0.9137382507324219  GigaBytes

----------------------------------------self.fc_pool(feat_src)
 Nvidia-smi: 2.5272216796875 GB
    Memory Allocated: 1.2985038757324219  GigaBytes
Max Memory Allocated: 1.2985038757324219  GigaBytes

----------------------------------------F.relu(tmp)
 Nvidia-smi: 3.0428466796875 GB
    Memory Allocated: 1.8141288757324219  GigaBytes
Max Memory Allocated: 1.8141288757324219  GigaBytes

----------------------------------------graph.srcdata['h'] = tmp2
 Nvidia-smi: 3.0428466796875 GB
    Memory Allocated: 1.8141288757324219  GigaBytes
Max Memory Allocated: 1.8141288757324219  GigaBytes

----------------------------------------graph.update_all(msg_fn, fn.max('m', 'neigh'))
 Nvidia-smi: 5.3592529296875 GB
    Memory Allocated: 2.850618839263916  GigaBytes
Max Memory Allocated: 3.4183216094970703  GigaBytes

----------------------------------------h_neigh = self.fc_neigh(graph.dstdata['neigh'])
 Nvidia-smi: 5.3592529296875 GB
    Memory Allocated: 2.874053478240967  GigaBytes
Max Memory Allocated: 3.4183216094970703  GigaBytes

h_self size  torch.Size([153431, 602])
----------------------------------------before rst
 Nvidia-smi: 5.3592529296875 GB
    Memory Allocated: 2.874053478240967  GigaBytes
Max Memory Allocated: 3.4183216094970703  GigaBytes

torch.Size([153431, 41])
----------------------------------------after rst (rst = self.fc_self(h_self) + h_neigh)
 Nvidia-smi: 5.3592529296875 GB
    Memory Allocated: 2.8974881172180176  GigaBytes
Max Memory Allocated: 3.4183216094970703  GigaBytes

----------------------------------------end of model layers  after x = self.layers[-1](blocks[-1], x)
 Nvidia-smi: 5.3592529296875 GB
    Memory Allocated: 2.358428478240967  GigaBytes
Max Memory Allocated: 3.4183216094970703  GigaBytes

torch.Size([153431, 41])
----------------------------------------- after batch_pred = model(blocks, batch_inputs) 
 Nvidia-smi: 5.3592529296875 GB
    Memory Allocated: 2.3818631172180176  GigaBytes
Max Memory Allocated: 3.4183216094970703  GigaBytes

-----------------------------------------after loss calculation
 Nvidia-smi: 5.3592529296875 GB
    Memory Allocated: 2.4052987098693848  GigaBytes
Max Memory Allocated: 3.4183216094970703  GigaBytes

-----------------------------------------after loss backward
 Nvidia-smi: 6.0487060546875 GB
    Memory Allocated: 1.0701417922973633  GigaBytes
Max Memory Allocated: 3.4763927459716797  GigaBytes

-----------------------------------------after optimizer step
 Nvidia-smi: 6.0487060546875 GB
    Memory Allocated: 1.0732154846191406  GigaBytes
Max Memory Allocated: 3.4763927459716797  GigaBytes

-----------------------------------------after optimizer zero grad
 Nvidia-smi: 6.0487060546875 GB
    Memory Allocated: 1.0732154846191406  GigaBytes
Max Memory Allocated: 3.4763927459716797  GigaBytes

times | data loading | block to device | model prediction | loss calculation | loss backward |  optimizer step |
      |0.1850574016571045 |0.5625178813934326 |0.48722004890441895 |0.0003864765167236328 |0.2400655746459961 |0.003069639205932617 |
----------------------------------------------------------pseudo_mini_loss sum 23.047821044921875
Total (block generation + training)time/epoch 3.0468552112579346
Training time/epoch 1.5452227592468262
Training time without block to device /epoch 0.9827048778533936
Training time without total dataloading part /epoch 0.7307417392730713
load block tensor time/epoch 0.1850574016571045
block to device time/epoch 0.5625178813934326
input features size transfer per epoch 1.341104507446289e-07
blocks size to device per epoch 8.940696716308594e-08
 Run 0| Epoch 0 |
Number of nodes for computation during this epoch:  229647
Number of first layer input nodes during this epoch:  229647
Number of first layer output nodes during this epoch:  153431
GraphSAGE(
  (layers): ModuleList(
    (0): SAGEConv(
      (fc_pool): Linear(in_features=602, out_features=602, bias=True)
      (fc_self): Linear(in_features=602, out_features=41, bias=False)
      (fc_neigh): Linear(in_features=602, out_features=41, bias=False)
    )
  )
  (dropout): Dropout(p=0.5, inplace=False)
)
total model parameters size  412370
trainable parameters
layers.0.fc_pool.weight, torch.Size([602, 602])
layers.0.fc_pool.bias, torch.Size([602])
layers.0.fc_self.weight, torch.Size([41, 602])
layers.0.fc_neigh.weight, torch.Size([41, 602])
----------------------------------------
un-trainable parameters
