main start at this time 1658956597.030878
-----------------------------------------before load data 
 Nvidia-smi: 0.1717529296875 GB
    Memory Allocated: 0.0  GigaBytes
Max Memory Allocated: 0.0  GigaBytes

success----------------------------------------
153431
23831
55703
# Nodes: 232965
# Edges: 114615892
# Train: 153431
# Val: 23831
# Test: 55703
# Classes: 41

#nodes: 232965
#edges: 114615892
#classes: 41
----------------------------------------start of run function 
 Nvidia-smi: 0.1717529296875 GB
    Memory Allocated: 0.0  GigaBytes
Max Memory Allocated: 0.0  GigaBytes

in feats:  602
----------------------------------------before model to device 
 Nvidia-smi: 0.1717529296875 GB
    Memory Allocated: 0.0  GigaBytes
Max Memory Allocated: 0.0  GigaBytes

----------------------------------------after model to device
 Nvidia-smi: 1.0369873046875 GB
    Memory Allocated: 0.0015368461608886719  GigaBytes
Max Memory Allocated: 0.0015368461608886719  GigaBytes

----------------------------------------before generate dataloader block 
 Nvidia-smi: 1.0369873046875 GB
    Memory Allocated: 0.0015368461608886719  GigaBytes
Max Memory Allocated: 0.0015368461608886719  GigaBytes

-----------------------------------------after block dataloader generation 
 Nvidia-smi: 1.0369873046875 GB
    Memory Allocated: 0.0015368461608886719  GigaBytes
Max Memory Allocated: 0.0015368461608886719  GigaBytes

connection checking time:  0
block generation total time  0
average batch blocks generation time:  0
block dataloader generation time/epoch 2.1987178325653076
pseudo mini batch 0 input nodes size: 230111
----------------------------------------before load block subtensor 
 Nvidia-smi: 1.0369873046875 GB
    Memory Allocated: 0.0015368461608886719  GigaBytes
Max Memory Allocated: 0.0015368461608886719  GigaBytes

----------------------------------------before batch input features to device
 Nvidia-smi: 1.0369873046875 GB
    Memory Allocated: 0.0015368461608886719  GigaBytes
Max Memory Allocated: 0.0015368461608886719  GigaBytes

----------------------------------------after batch input features to device
 Nvidia-smi: 1.5545654296875 GB
    Memory Allocated: 0.5175895690917969  GigaBytes
Max Memory Allocated: 0.5175895690917969  GigaBytes

----------------------------------------after  batch labels to device
 Nvidia-smi: 1.5545654296875 GB
    Memory Allocated: 0.5191149711608887  GigaBytes
Max Memory Allocated: 0.5191149711608887  GigaBytes

----------------------------------------after load block subtensor  
 Nvidia-smi: 1.5545654296875 GB
    Memory Allocated: 0.5191149711608887  GigaBytes
Max Memory Allocated: 0.5191149711608887  GigaBytes

----------------------------------------after blocks to device 
 Nvidia-smi: 1.9979248046875 GB
    Memory Allocated: 0.8980212211608887  GigaBytes
Max Memory Allocated: 0.8980212211608887  GigaBytes

----------------------------------------before batch_pred = model(blocks, batch_inputs) 
 Nvidia-smi: 1.9979248046875 GB
    Memory Allocated: 0.8980212211608887  GigaBytes
Max Memory Allocated: 0.8980212211608887  GigaBytes

----------------input nodes number: 230111
----------------output nodes number: 153431
----------------edges number: 50693460
----------------------------------------start pool aggregator-------
 Nvidia-smi: 2.1873779296875 GB
    Memory Allocated: 0.9008793830871582  GigaBytes
Max Memory Allocated: 1.0903325080871582  GigaBytes

----------------------------------------self.fc_pool(feat_src)
 Nvidia-smi: 2.7069091796875 GB
    Memory Allocated: 1.4169321060180664  GigaBytes
Max Memory Allocated: 1.4169321060180664  GigaBytes

----------------------------------------F.relu(tmp)
 Nvidia-smi: 3.2244873046875 GB
    Memory Allocated: 1.9329848289489746  GigaBytes
Max Memory Allocated: 1.9329848289489746  GigaBytes

----------------------------------------graph.srcdata['h'] = tmp2
 Nvidia-smi: 3.2244873046875 GB
    Memory Allocated: 1.9329848289489746  GigaBytes
Max Memory Allocated: 1.9329848289489746  GigaBytes

----------------------------------------graph.update_all(msg_fn, fn.max('m', 'neigh'))
 Nvidia-smi: 5.7205810546875 GB
    Memory Allocated: 3.0866622924804688  GigaBytes
Max Memory Allocated: 3.944913387298584  GigaBytes

----------------------------------------h_neigh = self.fc_neigh(graph.dstdata['neigh'])
 Nvidia-smi: 5.7205810546875 GB
    Memory Allocated: 3.1100969314575195  GigaBytes
Max Memory Allocated: 3.944913387298584  GigaBytes

h_self size  torch.Size([153431, 602])
----------------------------------------before rst
 Nvidia-smi: 5.7205810546875 GB
    Memory Allocated: 3.1100969314575195  GigaBytes
Max Memory Allocated: 3.944913387298584  GigaBytes

torch.Size([153431, 41])
----------------------------------------after rst (rst = self.fc_self(h_self) + h_neigh)
 Nvidia-smi: 5.7205810546875 GB
    Memory Allocated: 3.1335315704345703  GigaBytes
Max Memory Allocated: 3.944913387298584  GigaBytes

----------------------------------------end of model layers  after x = self.layers[-1](blocks[-1], x)
 Nvidia-smi: 5.7205810546875 GB
    Memory Allocated: 2.5940442085266113  GigaBytes
Max Memory Allocated: 3.944913387298584  GigaBytes

torch.Size([153431, 41])
----------------------------------------- after batch_pred = model(blocks, batch_inputs) 
 Nvidia-smi: 5.7205810546875 GB
    Memory Allocated: 2.617478847503662  GigaBytes
Max Memory Allocated: 3.944913387298584  GigaBytes

-----------------------------------------after loss calculation
 Nvidia-smi: 5.7205810546875 GB
    Memory Allocated: 2.6409144401550293  GigaBytes
Max Memory Allocated: 3.944913387298584  GigaBytes

-----------------------------------------after loss backward
 Nvidia-smi: 6.4100341796875 GB
    Memory Allocated: 1.3053297996520996  GigaBytes
Max Memory Allocated: 3.944913387298584  GigaBytes

-----------------------------------------after optimizer step
 Nvidia-smi: 6.4100341796875 GB
    Memory Allocated: 1.308403491973877  GigaBytes
Max Memory Allocated: 3.944913387298584  GigaBytes

-----------------------------------------after optimizer zero grad
 Nvidia-smi: 6.4100341796875 GB
    Memory Allocated: 1.308403491973877  GigaBytes
Max Memory Allocated: 3.944913387298584  GigaBytes

times | data loading | block to device | model prediction | loss calculation | loss backward |  optimizer step |
      |0.1863698959350586 |0.6727457046508789 |0.49523329734802246 |0.00043654441833496094 |0.33064842224121094 |0.0031015872955322266 |
----------------------------------------------------------pseudo_mini_loss sum 24.128759384155273
Total (block generation + training)time/epoch 3.953000068664551
Training time/epoch 1.7538402080535889
Training time without block to device /epoch 1.08109450340271
Training time without total dataloading part /epoch 0.8294198513031006
load block tensor time/epoch 0.1863698959350586
block to device time/epoch 0.6727457046508789
input features size transfer per epoch 1.341104507446289e-07
blocks size to device per epoch 8.940696716308594e-08
 Run 0| Epoch 0 |
Number of nodes for computation during this epoch:  230111
Number of first layer input nodes during this epoch:  230111
Number of first layer output nodes during this epoch:  153431
GraphSAGE(
  (layers): ModuleList(
    (0): SAGEConv(
      (fc_pool): Linear(in_features=602, out_features=602, bias=True)
      (fc_self): Linear(in_features=602, out_features=41, bias=False)
      (fc_neigh): Linear(in_features=602, out_features=41, bias=False)
    )
  )
  (dropout): Dropout(p=0.5, inplace=False)
)
total model parameters size  412370
trainable parameters
layers.0.fc_pool.weight, torch.Size([602, 602])
layers.0.fc_pool.bias, torch.Size([602])
layers.0.fc_self.weight, torch.Size([41, 602])
layers.0.fc_neigh.weight, torch.Size([41, 602])
----------------------------------------
un-trainable parameters
